>>> Finetune: vitb16 @ 714 -- already done
>>> Finetuned ML: vitb16 @ 714
Device: cuda

============================================================
[brand_tag | vitb16 @ 714 | finetuned -> ML]
============================================================
  Loading finetuned checkpoint from /root/iris/src/01-dinov3/checkpoints/brand_tag/vitb16_714_finetune_best.pt ...
`torch_dtype` is deprecated! Use `dtype` instead!
Loading weights:   0%|          | 0/211 [00:00<?, ?it/s]Loading weights: 100%|██████████| 211/211 [00:00<00:00, 12720.61it/s]
[brand_tag/train] 9759 labeled rows, 9169 with images
  Authentic (0): 8881  |  Not-authentic (1): 288  |  Ratio: 30.8:1
  Extracting finetuned features at 714x714 ...
Traceback (most recent call last):
  File "/root/iris/src/01-dinov3/train_with_svm_xgb_lgbm_catboost_with_unfrozen_trained_dino.py", line 283, in <module>
    main()
  File "/root/iris/src/01-dinov3/train_with_svm_xgb_lgbm_catboost_with_unfrozen_trained_dino.py", line 278, in main
    run(args.region, args.model, args.resolution, args.classifiers,
  File "/root/iris/src/01-dinov3/train_with_svm_xgb_lgbm_catboost_with_unfrozen_trained_dino.py", line 179, in run
    features, labels_t, uuids = extract_finetuned_features(model, dataloader, device)
                                ^^^^^^^^^^^^^^^^^^^^^^^^^^^^^^^^^^^^^^^^^^^^^^^^^^^^^
  File "/root/.venv/lib/python3.12/site-packages/torch/utils/_contextlib.py", line 124, in decorate_context
    return func(*args, **kwargs)
           ^^^^^^^^^^^^^^^^^^^^^
  File "/root/iris/src/01-dinov3/train_with_svm_xgb_lgbm_catboost_with_unfrozen_trained_dino.py", line 57, in extract_finetuned_features
    outputs = model.backbone(pixel_values=pixel_values)
              ^^^^^^^^^^^^^^^^^^^^^^^^^^^^^^^^^^^^^^^^^
  File "/root/.venv/lib/python3.12/site-packages/torch/nn/modules/module.py", line 1776, in _wrapped_call_impl
    return self._call_impl(*args, **kwargs)
           ^^^^^^^^^^^^^^^^^^^^^^^^^^^^^^^^
  File "/root/.venv/lib/python3.12/site-packages/torch/nn/modules/module.py", line 1787, in _call_impl
    return forward_call(*args, **kwargs)
           ^^^^^^^^^^^^^^^^^^^^^^^^^^^^^
  File "/root/.venv/lib/python3.12/site-packages/transformers/utils/generic.py", line 917, in wrapper
    output = func(self, *args, **kwargs)
             ^^^^^^^^^^^^^^^^^^^^^^^^^^^
  File "/root/.venv/lib/python3.12/site-packages/transformers/utils/output_capturing.py", line 253, in wrapper
    outputs = func(self, *args, **kwargs)
              ^^^^^^^^^^^^^^^^^^^^^^^^^^^
  File "/root/.venv/lib/python3.12/site-packages/transformers/models/dinov3_vit/modeling_dinov3_vit.py", line 508, in forward
    hidden_states = layer_module(
                    ^^^^^^^^^^^^^
  File "/root/.venv/lib/python3.12/site-packages/transformers/modeling_layers.py", line 93, in __call__
    return super().__call__(*args, **kwargs)
           ^^^^^^^^^^^^^^^^^^^^^^^^^^^^^^^^^
  File "/root/.venv/lib/python3.12/site-packages/torch/nn/modules/module.py", line 1776, in _wrapped_call_impl
    return self._call_impl(*args, **kwargs)
           ^^^^^^^^^^^^^^^^^^^^^^^^^^^^^^^^
  File "/root/.venv/lib/python3.12/site-packages/torch/nn/modules/module.py", line 1787, in _call_impl
    return forward_call(*args, **kwargs)
           ^^^^^^^^^^^^^^^^^^^^^^^^^^^^^
  File "/root/.venv/lib/python3.12/site-packages/transformers/models/dinov3_vit/modeling_dinov3_vit.py", line 426, in forward
    hidden_states = self.mlp(hidden_states)
                    ^^^^^^^^^^^^^^^^^^^^^^^
  File "/root/.venv/lib/python3.12/site-packages/torch/nn/modules/module.py", line 1776, in _wrapped_call_impl
    return self._call_impl(*args, **kwargs)
           ^^^^^^^^^^^^^^^^^^^^^^^^^^^^^^^^
  File "/root/.venv/lib/python3.12/site-packages/torch/nn/modules/module.py", line 1787, in _call_impl
    return forward_call(*args, **kwargs)
           ^^^^^^^^^^^^^^^^^^^^^^^^^^^^^
  File "/root/.venv/lib/python3.12/site-packages/transformers/models/dinov3_vit/modeling_dinov3_vit.py", line 368, in forward
    return self.down_proj(self.act_fn(self.up_proj(x)))
                          ^^^^^^^^^^^^^^^^^^^^^^^^^^^^
  File "/root/.venv/lib/python3.12/site-packages/torch/nn/modules/module.py", line 1776, in _wrapped_call_impl
    return self._call_impl(*args, **kwargs)
           ^^^^^^^^^^^^^^^^^^^^^^^^^^^^^^^^
  File "/root/.venv/lib/python3.12/site-packages/torch/nn/modules/module.py", line 1787, in _call_impl
    return forward_call(*args, **kwargs)
           ^^^^^^^^^^^^^^^^^^^^^^^^^^^^^
  File "/root/.venv/lib/python3.12/site-packages/transformers/activations.py", line 89, in forward
    return self.act(input)
           ^^^^^^^^^^^^^^^
torch.OutOfMemoryError: CUDA out of memory. Tried to allocate 364.00 MiB. GPU 0 has a total capacity of 94.97 GiB of which 333.06 MiB is free. Process 649029 has 3.07 GiB memory in use. Process 649031 has 2.21 GiB memory in use. Process 649027 has 2.00 GiB memory in use. Process 649023 has 948.00 MiB memory in use. Process 649025 has 84.39 GiB memory in use. Including non-PyTorch memory, this process has 2.00 GiB memory in use. Of the allocated memory 1.04 GiB is allocated by PyTorch, and 321.56 MiB is reserved by PyTorch but unallocated. If reserved but unallocated memory is large try setting PYTORCH_ALLOC_CONF=expandable_segments:True to avoid fragmentation.  See documentation for Memory Management  (https://pytorch.org/docs/stable/notes/cuda.html#environment-variables)
