>>> GPU classifiers: XGBoost sweep
Device: cuda

============================================================
[brand_tag | convnext_base @ 518 | xgb]
============================================================
[brand_tag/train] 9759 labeled rows, 9169 with images
  Authentic (0): 8881  |  Not-authentic (1): 288  |  Ratio: 30.8:1
  Loaded val split from /root/iris/src/01-dinov3/val_splits/brand_tag_split.json  (train=7335, val=1834)
  Train: 7335 (230 pos) | Val: 1834 (58 pos)
/root/.venv/lib/python3.12/site-packages/xgboost/core.py:751: UserWarning: [22:54:37] WARNING: /__w/xgboost/xgboost/src/common/error_msg.cc:62: Falling back to prediction using DMatrix due to mismatched devices. This might lead to higher memory usage and slower performance. XGBoost is running on: cuda:0, while the input data is on: cpu.
Potential solutions:
- Use a data structure that matches the device ordinal in the booster.
- Set the device for booster before call to inplace_predict.

This warning will only be shown once.

  return func(**kwargs)
  [XGB     ] fit=1.5s | AUC-ROC=0.7407 AUC-PR=0.3085 TPR@2%FPR=0.3103

============================================================
[brand_tag | convnext_base @ 714 | xgb]
============================================================
[brand_tag/train] 9759 labeled rows, 9169 with images
  Authentic (0): 8881  |  Not-authentic (1): 288  |  Ratio: 30.8:1
  Loaded val split from /root/iris/src/01-dinov3/val_splits/brand_tag_split.json  (train=7335, val=1834)
  Train: 7335 (230 pos) | Val: 1834 (58 pos)
  [XGB     ] fit=1.3s | AUC-ROC=0.7361 AUC-PR=0.3672 TPR@2%FPR=0.3621

============================================================
[brand_tag | convnext_large @ 518 | xgb]
============================================================
[brand_tag/train] 9759 labeled rows, 9169 with images
  Authentic (0): 8881  |  Not-authentic (1): 288  |  Ratio: 30.8:1
  Loaded val split from /root/iris/src/01-dinov3/val_splits/brand_tag_split.json  (train=7335, val=1834)
  Train: 7335 (230 pos) | Val: 1834 (58 pos)
  [XGB     ] fit=1.6s | AUC-ROC=0.7230 AUC-PR=0.2753 TPR@2%FPR=0.2931

============================================================
[brand_tag | convnext_large @ 714 | xgb]
============================================================
[brand_tag/train] 9759 labeled rows, 9169 with images
  Authentic (0): 8881  |  Not-authentic (1): 288  |  Ratio: 30.8:1
  Loaded val split from /root/iris/src/01-dinov3/val_splits/brand_tag_split.json  (train=7335, val=1834)
  Train: 7335 (230 pos) | Val: 1834 (58 pos)
  [XGB     ] fit=1.6s | AUC-ROC=0.7063 AUC-PR=0.2929 TPR@2%FPR=0.2931

============================================================
[brand_tag | convnext_small @ 518 | xgb]
============================================================
[brand_tag/train] 9759 labeled rows, 9169 with images
  Authentic (0): 8881  |  Not-authentic (1): 288  |  Ratio: 30.8:1
  Loaded val split from /root/iris/src/01-dinov3/val_splits/brand_tag_split.json  (train=7335, val=1834)
  Train: 7335 (230 pos) | Val: 1834 (58 pos)
  [XGB     ] fit=1.1s | AUC-ROC=0.7675 AUC-PR=0.3369 TPR@2%FPR=0.3276

============================================================
[brand_tag | convnext_small @ 714 | xgb]
============================================================
[brand_tag/train] 9759 labeled rows, 9169 with images
  Authentic (0): 8881  |  Not-authentic (1): 288  |  Ratio: 30.8:1
  Loaded val split from /root/iris/src/01-dinov3/val_splits/brand_tag_split.json  (train=7335, val=1834)
  Train: 7335 (230 pos) | Val: 1834 (58 pos)
  [XGB     ] fit=1.1s | AUC-ROC=0.7659 AUC-PR=0.3140 TPR@2%FPR=0.3103

============================================================
[brand_tag | convnext_tiny @ 518 | xgb]
============================================================
[brand_tag/train] 9759 labeled rows, 9169 with images
  Authentic (0): 8881  |  Not-authentic (1): 288  |  Ratio: 30.8:1
  Loaded val split from /root/iris/src/01-dinov3/val_splits/brand_tag_split.json  (train=7335, val=1834)
  Train: 7335 (230 pos) | Val: 1834 (58 pos)
  [XGB     ] fit=1.1s | AUC-ROC=0.7367 AUC-PR=0.3034 TPR@2%FPR=0.3103

============================================================
[brand_tag | convnext_tiny @ 714 | xgb]
============================================================
[brand_tag/train] 9759 labeled rows, 9169 with images
  Authentic (0): 8881  |  Not-authentic (1): 288  |  Ratio: 30.8:1
  Loaded val split from /root/iris/src/01-dinov3/val_splits/brand_tag_split.json  (train=7335, val=1834)
  Train: 7335 (230 pos) | Val: 1834 (58 pos)
  [XGB     ] fit=1.1s | AUC-ROC=0.7507 AUC-PR=0.3023 TPR@2%FPR=0.2759

============================================================
[brand_tag | vitb16 @ 518 | xgb]
============================================================
[brand_tag/train] 9759 labeled rows, 9169 with images
  Authentic (0): 8881  |  Not-authentic (1): 288  |  Ratio: 30.8:1
  Loaded val split from /root/iris/src/01-dinov3/val_splits/brand_tag_split.json  (train=7335, val=1834)
  Train: 7335 (230 pos) | Val: 1834 (58 pos)
  [XGB     ] fit=1.1s | AUC-ROC=0.7439 AUC-PR=0.2913 TPR@2%FPR=0.2759

============================================================
[brand_tag | vitb16 @ 714 | xgb]
============================================================
[brand_tag/train] 9759 labeled rows, 9169 with images
  Authentic (0): 8881  |  Not-authentic (1): 288  |  Ratio: 30.8:1
  Loaded val split from /root/iris/src/01-dinov3/val_splits/brand_tag_split.json  (train=7335, val=1834)
  Train: 7335 (230 pos) | Val: 1834 (58 pos)
  [XGB     ] fit=1.1s | AUC-ROC=0.7403 AUC-PR=0.2927 TPR@2%FPR=0.2931

============================================================
[brand_tag | vitl16 @ 518 | xgb]
============================================================
[brand_tag/train] 9759 labeled rows, 9169 with images
  Authentic (0): 8881  |  Not-authentic (1): 288  |  Ratio: 30.8:1
  Loaded val split from /root/iris/src/01-dinov3/val_splits/brand_tag_split.json  (train=7335, val=1834)
  Train: 7335 (230 pos) | Val: 1834 (58 pos)
  [XGB     ] fit=1.3s | AUC-ROC=0.7503 AUC-PR=0.3385 TPR@2%FPR=0.3448

============================================================
[brand_tag | vitl16 @ 714 | xgb]
============================================================
[brand_tag/train] 9759 labeled rows, 9169 with images
  Authentic (0): 8881  |  Not-authentic (1): 288  |  Ratio: 30.8:1
  Loaded val split from /root/iris/src/01-dinov3/val_splits/brand_tag_split.json  (train=7335, val=1834)
  Train: 7335 (230 pos) | Val: 1834 (58 pos)
  [XGB     ] fit=1.3s | AUC-ROC=0.7295 AUC-PR=0.3181 TPR@2%FPR=0.3276

============================================================
[brand_tag | vits16 @ 518 | xgb]
============================================================
[brand_tag/train] 9759 labeled rows, 9169 with images
  Authentic (0): 8881  |  Not-authentic (1): 288  |  Ratio: 30.8:1
  Loaded val split from /root/iris/src/01-dinov3/val_splits/brand_tag_split.json  (train=7335, val=1834)
  Train: 7335 (230 pos) | Val: 1834 (58 pos)
  [XGB     ] fit=0.8s | AUC-ROC=0.7743 AUC-PR=0.2785 TPR@2%FPR=0.2759

============================================================
[brand_tag | vits16 @ 714 | xgb]
============================================================
[brand_tag/train] 9759 labeled rows, 9169 with images
  Authentic (0): 8881  |  Not-authentic (1): 288  |  Ratio: 30.8:1
  Loaded val split from /root/iris/src/01-dinov3/val_splits/brand_tag_split.json  (train=7335, val=1834)
  Train: 7335 (230 pos) | Val: 1834 (58 pos)
  [XGB     ] fit=0.9s | AUC-ROC=0.7726 AUC-PR=0.3145 TPR@2%FPR=0.2931

============================================================
SWEEP SUMMARY (AUC-ROC) — brand_tag
============================================================
  convnext_base_518             xgb=0.7407
  convnext_base_714             xgb=0.7361
  convnext_large_518            xgb=0.7230
  convnext_large_714            xgb=0.7063
  convnext_small_518            xgb=0.7675
  convnext_small_714            xgb=0.7659
  convnext_tiny_518             xgb=0.7367
  convnext_tiny_714             xgb=0.7507
  vitb16_518                    xgb=0.7439
  vitb16_714                    xgb=0.7403
  vitl16_518                    xgb=0.7503
  vitl16_714                    xgb=0.7295
  vits16_518                    xgb=0.7743
  vits16_714                    xgb=0.7726
>>> GPU classifiers: CatBoost sweep
Device: cuda

============================================================
[brand_tag | convnext_base @ 518 | catboost]
============================================================
[brand_tag/train] 9759 labeled rows, 9169 with images
  Authentic (0): 8881  |  Not-authentic (1): 288  |  Ratio: 30.8:1
  Loaded val split from /root/iris/src/01-dinov3/val_splits/brand_tag_split.json  (train=7335, val=1834)
  Train: 7335 (230 pos) | Val: 1834 (58 pos)
Default metric period is 5 because AUC is/are not implemented for GPU
  [CATBOOST] fit=3.3s | AUC-ROC=0.7384 AUC-PR=0.2624 TPR@2%FPR=0.2241

============================================================
[brand_tag | convnext_base @ 714 | catboost]
============================================================
[brand_tag/train] 9759 labeled rows, 9169 with images
  Authentic (0): 8881  |  Not-authentic (1): 288  |  Ratio: 30.8:1
  Loaded val split from /root/iris/src/01-dinov3/val_splits/brand_tag_split.json  (train=7335, val=1834)
  Train: 7335 (230 pos) | Val: 1834 (58 pos)
Default metric period is 5 because AUC is/are not implemented for GPU
  [CATBOOST] fit=2.5s | AUC-ROC=0.7532 AUC-PR=0.2211 TPR@2%FPR=0.2241

============================================================
[brand_tag | convnext_large @ 518 | catboost]
============================================================
[brand_tag/train] 9759 labeled rows, 9169 with images
  Authentic (0): 8881  |  Not-authentic (1): 288  |  Ratio: 30.8:1
  Loaded val split from /root/iris/src/01-dinov3/val_splits/brand_tag_split.json  (train=7335, val=1834)
  Train: 7335 (230 pos) | Val: 1834 (58 pos)
Default metric period is 5 because AUC is/are not implemented for GPU
  [CATBOOST] fit=3.2s | AUC-ROC=0.7509 AUC-PR=0.2040 TPR@2%FPR=0.2414

============================================================
[brand_tag | convnext_large @ 714 | catboost]
============================================================
[brand_tag/train] 9759 labeled rows, 9169 with images
  Authentic (0): 8881  |  Not-authentic (1): 288  |  Ratio: 30.8:1
  Loaded val split from /root/iris/src/01-dinov3/val_splits/brand_tag_split.json  (train=7335, val=1834)
  Train: 7335 (230 pos) | Val: 1834 (58 pos)
Default metric period is 5 because AUC is/are not implemented for GPU
  [CATBOOST] fit=3.3s | AUC-ROC=0.7324 AUC-PR=0.2880 TPR@2%FPR=0.2931

============================================================
[brand_tag | convnext_small @ 518 | catboost]
============================================================
[brand_tag/train] 9759 labeled rows, 9169 with images
  Authentic (0): 8881  |  Not-authentic (1): 288  |  Ratio: 30.8:1
  Loaded val split from /root/iris/src/01-dinov3/val_splits/brand_tag_split.json  (train=7335, val=1834)
  Train: 7335 (230 pos) | Val: 1834 (58 pos)
Default metric period is 5 because AUC is/are not implemented for GPU
  [CATBOOST] fit=4.5s | AUC-ROC=0.7411 AUC-PR=0.2535 TPR@2%FPR=0.2759

============================================================
[brand_tag | convnext_small @ 714 | catboost]
============================================================
[brand_tag/train] 9759 labeled rows, 9169 with images
  Authentic (0): 8881  |  Not-authentic (1): 288  |  Ratio: 30.8:1
  Loaded val split from /root/iris/src/01-dinov3/val_splits/brand_tag_split.json  (train=7335, val=1834)
  Train: 7335 (230 pos) | Val: 1834 (58 pos)
Default metric period is 5 because AUC is/are not implemented for GPU
  [CATBOOST] fit=5.1s | AUC-ROC=0.7767 AUC-PR=0.3122 TPR@2%FPR=0.3103

============================================================
[brand_tag | convnext_tiny @ 518 | catboost]
============================================================
[brand_tag/train] 9759 labeled rows, 9169 with images
  Authentic (0): 8881  |  Not-authentic (1): 288  |  Ratio: 30.8:1
  Loaded val split from /root/iris/src/01-dinov3/val_splits/brand_tag_split.json  (train=7335, val=1834)
  Train: 7335 (230 pos) | Val: 1834 (58 pos)
Default metric period is 5 because AUC is/are not implemented for GPU
  [CATBOOST] fit=2.7s | AUC-ROC=0.7490 AUC-PR=0.3030 TPR@2%FPR=0.3103

============================================================
[brand_tag | convnext_tiny @ 714 | catboost]
============================================================
[brand_tag/train] 9759 labeled rows, 9169 with images
  Authentic (0): 8881  |  Not-authentic (1): 288  |  Ratio: 30.8:1
  Loaded val split from /root/iris/src/01-dinov3/val_splits/brand_tag_split.json  (train=7335, val=1834)
  Train: 7335 (230 pos) | Val: 1834 (58 pos)
Default metric period is 5 because AUC is/are not implemented for GPU
  [CATBOOST] fit=4.9s | AUC-ROC=0.7405 AUC-PR=0.2902 TPR@2%FPR=0.2586

============================================================
[brand_tag | vitb16 @ 518 | catboost]
============================================================
[brand_tag/train] 9759 labeled rows, 9169 with images
  Authentic (0): 8881  |  Not-authentic (1): 288  |  Ratio: 30.8:1
  Loaded val split from /root/iris/src/01-dinov3/val_splits/brand_tag_split.json  (train=7335, val=1834)
  Train: 7335 (230 pos) | Val: 1834 (58 pos)
Default metric period is 5 because AUC is/are not implemented for GPU
  [CATBOOST] fit=7.8s | AUC-ROC=0.7843 AUC-PR=0.2754 TPR@2%FPR=0.2759

============================================================
[brand_tag | vitb16 @ 714 | catboost]
============================================================
[brand_tag/train] 9759 labeled rows, 9169 with images
  Authentic (0): 8881  |  Not-authentic (1): 288  |  Ratio: 30.8:1
  Loaded val split from /root/iris/src/01-dinov3/val_splits/brand_tag_split.json  (train=7335, val=1834)
  Train: 7335 (230 pos) | Val: 1834 (58 pos)
Default metric period is 5 because AUC is/are not implemented for GPU
  [CATBOOST] fit=6.7s | AUC-ROC=0.7569 AUC-PR=0.2619 TPR@2%FPR=0.2414

============================================================
[brand_tag | vitl16 @ 518 | catboost]
============================================================
[brand_tag/train] 9759 labeled rows, 9169 with images
  Authentic (0): 8881  |  Not-authentic (1): 288  |  Ratio: 30.8:1
  Loaded val split from /root/iris/src/01-dinov3/val_splits/brand_tag_split.json  (train=7335, val=1834)
  Train: 7335 (230 pos) | Val: 1834 (58 pos)
Default metric period is 5 because AUC is/are not implemented for GPU
  [CATBOOST] fit=10.4s | AUC-ROC=0.7614 AUC-PR=0.2162 TPR@2%FPR=0.2759

============================================================
[brand_tag | vitl16 @ 714 | catboost]
============================================================
[brand_tag/train] 9759 labeled rows, 9169 with images
  Authentic (0): 8881  |  Not-authentic (1): 288  |  Ratio: 30.8:1
  Loaded val split from /root/iris/src/01-dinov3/val_splits/brand_tag_split.json  (train=7335, val=1834)
  Train: 7335 (230 pos) | Val: 1834 (58 pos)
Default metric period is 5 because AUC is/are not implemented for GPU
  [CATBOOST] fit=10.5s | AUC-ROC=0.7100 AUC-PR=0.2255 TPR@2%FPR=0.2414

============================================================
[brand_tag | vits16 @ 518 | catboost]
============================================================
[brand_tag/train] 9759 labeled rows, 9169 with images
  Authentic (0): 8881  |  Not-authentic (1): 288  |  Ratio: 30.8:1
  Loaded val split from /root/iris/src/01-dinov3/val_splits/brand_tag_split.json  (train=7335, val=1834)
  Train: 7335 (230 pos) | Val: 1834 (58 pos)
Default metric period is 5 because AUC is/are not implemented for GPU
  [CATBOOST] fit=2.8s | AUC-ROC=0.7337 AUC-PR=0.2273 TPR@2%FPR=0.2069

============================================================
[brand_tag | vits16 @ 714 | catboost]
============================================================
[brand_tag/train] 9759 labeled rows, 9169 with images
  Authentic (0): 8881  |  Not-authentic (1): 288  |  Ratio: 30.8:1
  Loaded val split from /root/iris/src/01-dinov3/val_splits/brand_tag_split.json  (train=7335, val=1834)
  Train: 7335 (230 pos) | Val: 1834 (58 pos)
Default metric period is 5 because AUC is/are not implemented for GPU
  [CATBOOST] fit=6.9s | AUC-ROC=0.7548 AUC-PR=0.2640 TPR@2%FPR=0.2414

============================================================
SWEEP SUMMARY (AUC-ROC) — brand_tag
============================================================
  convnext_base_518             catboost=0.7384
  convnext_base_714             catboost=0.7532
  convnext_large_518            catboost=0.7509
  convnext_large_714            catboost=0.7324
  convnext_small_518            catboost=0.7411
  convnext_small_714            catboost=0.7767
  convnext_tiny_518             catboost=0.7490
  convnext_tiny_714             catboost=0.7405
  vitb16_518                    catboost=0.7843
  vitb16_714                    catboost=0.7569
  vitl16_518                    catboost=0.7614
  vitl16_714                    catboost=0.7100
  vits16_518                    catboost=0.7337
  vits16_714                    catboost=0.7548
>>> GPU classifiers: LightGBM sweep
Device: cuda

============================================================
[brand_tag | convnext_base @ 518 | lgbm]
============================================================
[brand_tag/train] 9759 labeled rows, 9169 with images
  Authentic (0): 8881  |  Not-authentic (1): 288  |  Ratio: 30.8:1
  Loaded val split from /root/iris/src/01-dinov3/val_splits/brand_tag_split.json  (train=7335, val=1834)
  Train: 7335 (230 pos) | Val: 1834 (58 pos)
/root/.venv/lib/python3.12/site-packages/sklearn/utils/validation.py:2691: UserWarning: X does not have valid feature names, but LGBMClassifier was fitted with feature names
  warnings.warn(
  [LGBM    ] fit=1621.9s | AUC-ROC=0.7418 AUC-PR=0.3093 TPR@2%FPR=0.2759

============================================================
[brand_tag | convnext_base @ 714 | lgbm]
============================================================
[brand_tag/train] 9759 labeled rows, 9169 with images
  Authentic (0): 8881  |  Not-authentic (1): 288  |  Ratio: 30.8:1
  Loaded val split from /root/iris/src/01-dinov3/val_splits/brand_tag_split.json  (train=7335, val=1834)
  Train: 7335 (230 pos) | Val: 1834 (58 pos)
/root/.venv/lib/python3.12/site-packages/sklearn/utils/validation.py:2691: UserWarning: X does not have valid feature names, but LGBMClassifier was fitted with feature names
  warnings.warn(
  [LGBM    ] fit=1757.3s | AUC-ROC=0.7400 AUC-PR=0.3337 TPR@2%FPR=0.3621

============================================================
[brand_tag | convnext_large @ 518 | lgbm]
============================================================
[brand_tag/train] 9759 labeled rows, 9169 with images
  Authentic (0): 8881  |  Not-authentic (1): 288  |  Ratio: 30.8:1
  Loaded val split from /root/iris/src/01-dinov3/val_splits/brand_tag_split.json  (train=7335, val=1834)
  Train: 7335 (230 pos) | Val: 1834 (58 pos)
/root/.venv/lib/python3.12/site-packages/sklearn/utils/validation.py:2691: UserWarning: X does not have valid feature names, but LGBMClassifier was fitted with feature names
  warnings.warn(
  [LGBM    ] fit=1689.4s | AUC-ROC=0.7056 AUC-PR=0.2618 TPR@2%FPR=0.2241

============================================================
[brand_tag | convnext_large @ 714 | lgbm]
============================================================
[brand_tag/train] 9759 labeled rows, 9169 with images
  Authentic (0): 8881  |  Not-authentic (1): 288  |  Ratio: 30.8:1
  Loaded val split from /root/iris/src/01-dinov3/val_splits/brand_tag_split.json  (train=7335, val=1834)
  Train: 7335 (230 pos) | Val: 1834 (58 pos)
/root/.venv/lib/python3.12/site-packages/sklearn/utils/validation.py:2691: UserWarning: X does not have valid feature names, but LGBMClassifier was fitted with feature names
  warnings.warn(
  [LGBM    ] fit=1735.1s | AUC-ROC=0.7196 AUC-PR=0.2846 TPR@2%FPR=0.2759

============================================================
[brand_tag | convnext_small @ 518 | lgbm]
============================================================
[brand_tag/train] 9759 labeled rows, 9169 with images
  Authentic (0): 8881  |  Not-authentic (1): 288  |  Ratio: 30.8:1
  Loaded val split from /root/iris/src/01-dinov3/val_splits/brand_tag_split.json  (train=7335, val=1834)
  Train: 7335 (230 pos) | Val: 1834 (58 pos)
/root/.venv/lib/python3.12/site-packages/sklearn/utils/validation.py:2691: UserWarning: X does not have valid feature names, but LGBMClassifier was fitted with feature names
  warnings.warn(
  [LGBM    ] fit=1722.3s | AUC-ROC=0.7159 AUC-PR=0.3268 TPR@2%FPR=0.3276

============================================================
[brand_tag | convnext_small @ 714 | lgbm]
============================================================
[brand_tag/train] 9759 labeled rows, 9169 with images
  Authentic (0): 8881  |  Not-authentic (1): 288  |  Ratio: 30.8:1
  Loaded val split from /root/iris/src/01-dinov3/val_splits/brand_tag_split.json  (train=7335, val=1834)
  Train: 7335 (230 pos) | Val: 1834 (58 pos)
/root/.venv/lib/python3.12/site-packages/sklearn/utils/validation.py:2691: UserWarning: X does not have valid feature names, but LGBMClassifier was fitted with feature names
  warnings.warn(
  [LGBM    ] fit=1746.3s | AUC-ROC=0.7611 AUC-PR=0.3103 TPR@2%FPR=0.2931

============================================================
[brand_tag | convnext_tiny @ 518 | lgbm]
============================================================
[brand_tag/train] 9759 labeled rows, 9169 with images
  Authentic (0): 8881  |  Not-authentic (1): 288  |  Ratio: 30.8:1
  Loaded val split from /root/iris/src/01-dinov3/val_splits/brand_tag_split.json  (train=7335, val=1834)
  Train: 7335 (230 pos) | Val: 1834 (58 pos)
/root/.venv/lib/python3.12/site-packages/sklearn/utils/validation.py:2691: UserWarning: X does not have valid feature names, but LGBMClassifier was fitted with feature names
  warnings.warn(
  [LGBM    ] fit=1733.1s | AUC-ROC=0.7390 AUC-PR=0.3155 TPR@2%FPR=0.2931

============================================================
[brand_tag | convnext_tiny @ 714 | lgbm]
============================================================
[brand_tag/train] 9759 labeled rows, 9169 with images
  Authentic (0): 8881  |  Not-authentic (1): 288  |  Ratio: 30.8:1
  Loaded val split from /root/iris/src/01-dinov3/val_splits/brand_tag_split.json  (train=7335, val=1834)
  Train: 7335 (230 pos) | Val: 1834 (58 pos)
/root/.venv/lib/python3.12/site-packages/sklearn/utils/validation.py:2691: UserWarning: X does not have valid feature names, but LGBMClassifier was fitted with feature names
  warnings.warn(
  [LGBM    ] fit=1725.0s | AUC-ROC=0.7531 AUC-PR=0.3107 TPR@2%FPR=0.3103

============================================================
[brand_tag | vitb16 @ 518 | lgbm]
============================================================
[brand_tag/train] 9759 labeled rows, 9169 with images
  Authentic (0): 8881  |  Not-authentic (1): 288  |  Ratio: 30.8:1
  Loaded val split from /root/iris/src/01-dinov3/val_splits/brand_tag_split.json  (train=7335, val=1834)
  Train: 7335 (230 pos) | Val: 1834 (58 pos)
/root/.venv/lib/python3.12/site-packages/sklearn/utils/validation.py:2691: UserWarning: X does not have valid feature names, but LGBMClassifier was fitted with feature names
  warnings.warn(
  [LGBM    ] fit=1754.0s | AUC-ROC=0.7727 AUC-PR=0.3157 TPR@2%FPR=0.2759

============================================================
[brand_tag | vitb16 @ 714 | lgbm]
============================================================
[brand_tag/train] 9759 labeled rows, 9169 with images
  Authentic (0): 8881  |  Not-authentic (1): 288  |  Ratio: 30.8:1
  Loaded val split from /root/iris/src/01-dinov3/val_splits/brand_tag_split.json  (train=7335, val=1834)
  Train: 7335 (230 pos) | Val: 1834 (58 pos)
/root/.venv/lib/python3.12/site-packages/sklearn/utils/validation.py:2691: UserWarning: X does not have valid feature names, but LGBMClassifier was fitted with feature names
  warnings.warn(
  [LGBM    ] fit=1800.2s | AUC-ROC=0.7560 AUC-PR=0.2788 TPR@2%FPR=0.2414

============================================================
[brand_tag | vitl16 @ 518 | lgbm]
============================================================
[brand_tag/train] 9759 labeled rows, 9169 with images
  Authentic (0): 8881  |  Not-authentic (1): 288  |  Ratio: 30.8:1
  Loaded val split from /root/iris/src/01-dinov3/val_splits/brand_tag_split.json  (train=7335, val=1834)
  Train: 7335 (230 pos) | Val: 1834 (58 pos)
/root/.venv/lib/python3.12/site-packages/sklearn/utils/validation.py:2691: UserWarning: X does not have valid feature names, but LGBMClassifier was fitted with feature names
  warnings.warn(
  [LGBM    ] fit=1845.0s | AUC-ROC=0.7692 AUC-PR=0.3346 TPR@2%FPR=0.3621

============================================================
[brand_tag | vitl16 @ 714 | lgbm]
============================================================
[brand_tag/train] 9759 labeled rows, 9169 with images
  Authentic (0): 8881  |  Not-authentic (1): 288  |  Ratio: 30.8:1
  Loaded val split from /root/iris/src/01-dinov3/val_splits/brand_tag_split.json  (train=7335, val=1834)
  Train: 7335 (230 pos) | Val: 1834 (58 pos)
/root/.venv/lib/python3.12/site-packages/sklearn/utils/validation.py:2691: UserWarning: X does not have valid feature names, but LGBMClassifier was fitted with feature names
  warnings.warn(
  [LGBM    ] fit=1719.3s | AUC-ROC=0.7141 AUC-PR=0.3098 TPR@2%FPR=0.2931

============================================================
[brand_tag | vits16 @ 518 | lgbm]
============================================================
[brand_tag/train] 9759 labeled rows, 9169 with images
  Authentic (0): 8881  |  Not-authentic (1): 288  |  Ratio: 30.8:1
  Loaded val split from /root/iris/src/01-dinov3/val_splits/brand_tag_split.json  (train=7335, val=1834)
  Train: 7335 (230 pos) | Val: 1834 (58 pos)
/root/.venv/lib/python3.12/site-packages/sklearn/utils/validation.py:2691: UserWarning: X does not have valid feature names, but LGBMClassifier was fitted with feature names
  warnings.warn(
  [LGBM    ] fit=1485.8s | AUC-ROC=0.7553 AUC-PR=0.2559 TPR@2%FPR=0.2069

============================================================
[brand_tag | vits16 @ 714 | lgbm]
============================================================
[brand_tag/train] 9759 labeled rows, 9169 with images
  Authentic (0): 8881  |  Not-authentic (1): 288  |  Ratio: 30.8:1
  Loaded val split from /root/iris/src/01-dinov3/val_splits/brand_tag_split.json  (train=7335, val=1834)
  Train: 7335 (230 pos) | Val: 1834 (58 pos)
/root/.venv/lib/python3.12/site-packages/sklearn/utils/validation.py:2691: UserWarning: X does not have valid feature names, but LGBMClassifier was fitted with feature names
  warnings.warn(
  [LGBM    ] fit=1382.2s | AUC-ROC=0.7333 AUC-PR=0.2651 TPR@2%FPR=0.2414

============================================================
SWEEP SUMMARY (AUC-ROC) — brand_tag
============================================================
  convnext_base_518             lgbm=0.7418
  convnext_base_714             lgbm=0.7400
  convnext_large_518            lgbm=0.7056
  convnext_large_714            lgbm=0.7196
  convnext_small_518            lgbm=0.7159
  convnext_small_714            lgbm=0.7611
  convnext_tiny_518             lgbm=0.7390
  convnext_tiny_714             lgbm=0.7531
  vitb16_518                    lgbm=0.7727
  vitb16_714                    lgbm=0.7560
  vitl16_518                    lgbm=0.7692
  vitl16_714                    lgbm=0.7141
  vits16_518                    lgbm=0.7553
  vits16_714                    lgbm=0.7333
>>> Finetune: vitb16 @ 518 -- already done
>>> Finetune: vitb16 @ 714 -- already done
>>> Finetune: vitl16 @ 518 -- already done
>>> Finetune: vitl16 @ 714

============================================================
[brand_tag | vitl16 @ 714 | finetune]
============================================================
[brand_tag/train] 9759 labeled rows, 9169 with images
  Authentic (0): 8881  |  Not-authentic (1): 288  |  Ratio: 30.8:1
  Loaded val split from /root/iris/src/01-dinov3/val_splits/brand_tag_split.json  (train=7335, val=1834)
  Train: 7335 (230 pos) | Val: 1834 (58 pos)
  pos_weight: 30.9
`torch_dtype` is deprecated! Use `dtype` instead!
Loading weights:   0%|          | 0/415 [00:00<?, ?it/s]Loading weights: 100%|██████████| 415/415 [00:00<00:00, 31072.25it/s]

  Epoch   1/30 (frozen, 148.3s) | loss=2.0428/2.4553 | AUC-ROC=0.7160  AUC-PR=0.1000  TPR@2%=0.1207 << BEST
  FPR target   Actual FPR   TPR        Threshold 
  --------------------------------------------
  0.5%         0.0045       0.0172     0.9890    
  1%           0.0096       0.0517     0.9869    
  2%           0.0203       0.1207     0.9845    
  5%           0.0495       0.1897     0.9806    
  10%          0.1002       0.2759     0.9749    

  Epoch   2/30 (frozen, 154.8s) | loss=1.7392/2.7374 | AUC-ROC=0.7251  AUC-PR=0.0809  TPR@2%=0.0690
  FPR target   Actual FPR   TPR        Threshold 
  --------------------------------------------
  0.5%         0.0034       0.0172     0.9963    
  1%           0.0096       0.0345     0.9950    
  2%           0.0203       0.0690     0.9937    
  5%           0.0490       0.1897     0.9911    
  10%          0.1002       0.3276     0.9880    

  Epoch   3/30 (frozen, 135.3s) | loss=1.6516/2.2644 | AUC-ROC=0.7234  AUC-PR=0.0851  TPR@2%=0.0862
  FPR target   Actual FPR   TPR        Threshold 
  --------------------------------------------
  0.5%         0.0034       0.0172     0.9961    
  1%           0.0101       0.0517     0.9937    
  2%           0.0203       0.0862     0.9920    
  5%           0.0501       0.2069     0.9866    
  10%          0.0985       0.3448     0.9805    

  Epoch   4/30 (frozen, 70.9s) | loss=1.5929/2.4561 | AUC-ROC=0.7281  AUC-PR=0.0834  TPR@2%=0.1207 << BEST
  FPR target   Actual FPR   TPR        Threshold 
  --------------------------------------------
  0.5%         0.0045       0.0172     0.9977    
  1%           0.0101       0.0345     0.9954    
  2%           0.0191       0.1207     0.9940    
  5%           0.0501       0.1897     0.9894    
  10%          0.0997       0.3276     0.9855    

  Epoch   5/30 (frozen, 74.8s) | loss=1.4967/2.1291 | AUC-ROC=0.7363  AUC-PR=0.0865  TPR@2%=0.1552 << BEST
  FPR target   Actual FPR   TPR        Threshold 
  --------------------------------------------
  0.5%         0.0056       0.0172     0.9960    
  1%           0.0107       0.0172     0.9930    
  2%           0.0203       0.1552     0.9901    
  5%           0.0495       0.1724     0.9848    
  10%          0.0997       0.3103     0.9774    

  >> Unfreezing backbone at epoch 6

  Epoch   6/30 (unfrozen, 254.9s) | loss=1.1720/1.4827 | AUC-ROC=0.8293  AUC-PR=0.3151  TPR@2%=0.3621 << BEST
  FPR target   Actual FPR   TPR        Threshold 
  --------------------------------------------
  0.5%         0.0051       0.2414     0.9978    
  1%           0.0107       0.3103     0.9966    
  2%           0.0186       0.3621     0.9939    
  5%           0.0507       0.4655     0.9806    
  10%          0.1008       0.5517     0.9463    

  Epoch   7/30 (unfrozen, 250.6s) | loss=0.4352/2.3556 | AUC-ROC=0.8357  AUC-PR=0.2969  TPR@2%=0.3103
  FPR target   Actual FPR   TPR        Threshold 
  --------------------------------------------
  0.5%         0.0062       0.2241     0.9906    
  1%           0.0113       0.2586     0.9774    
  2%           0.0253       0.3103     0.9024    
  5%           0.0501       0.4483     0.6799    
  10%          0.1025       0.5690     0.2668    

  Epoch   8/30 (unfrozen, 248.0s) | loss=0.2308/3.2907 | AUC-ROC=0.8254  AUC-PR=0.3725  TPR@2%=0.3448
  FPR target   Actual FPR   TPR        Threshold 
  --------------------------------------------
  0.5%         0.0045       0.2759     0.9892    
  1%           0.0090       0.3103     0.9626    
  2%           0.0197       0.3448     0.8721    
  5%           0.0490       0.5000     0.4289    
  10%          0.1002       0.6207     0.0742    

  Epoch   9/30 (unfrozen, 252.9s) | loss=0.2756/3.2657 | AUC-ROC=0.8150  AUC-PR=0.3916  TPR@2%=0.3793 << BEST
  FPR target   Actual FPR   TPR        Threshold 
  --------------------------------------------
  0.5%         0.0062       0.2931     0.9564    
  1%           0.0068       0.3276     0.9507    
  2%           0.0203       0.3793     0.8359    
  5%           0.0529       0.4828     0.3732    
  10%          0.0974       0.6034     0.1003    

  Epoch  10/30 (unfrozen, 241.4s) | loss=0.1064/5.1481 | AUC-ROC=0.8203  AUC-PR=0.4311  TPR@2%=0.4138 << BEST
  FPR target   Actual FPR   TPR        Threshold 
  --------------------------------------------
  0.5%         0.0045       0.3276     0.6934    
  1%           0.0096       0.3448     0.4502    
  2%           0.0248       0.4138     0.0937    
  5%           0.0501       0.4828     0.0184    
  10%          0.0991       0.6379     0.0027    

  Epoch  11/30 (unfrozen, 249.7s) | loss=0.0784/5.8971 | AUC-ROC=0.8123  AUC-PR=0.3963  TPR@2%=0.3793
  FPR target   Actual FPR   TPR        Threshold 
  --------------------------------------------
  0.5%         0.0034       0.3103     0.9058    
  1%           0.0096       0.3276     0.7248    
  2%           0.0220       0.3793     0.1722    
  5%           0.0490       0.5172     0.0174    
  10%          0.1047       0.5862     0.0017    

  Epoch  12/30 (unfrozen, 251.4s) | loss=0.1375/4.6701 | AUC-ROC=0.8380  AUC-PR=0.4309  TPR@2%=0.4655 << BEST
  FPR target   Actual FPR   TPR        Threshold 
  --------------------------------------------
  0.5%         0.0045       0.2931     0.9755    
  1%           0.0096       0.3793     0.8537    
  2%           0.0191       0.4655     0.4606    
  5%           0.0479       0.5172     0.0627    
  10%          0.0974       0.6379     0.0055    

  Epoch  13/30 (unfrozen, 239.9s) | loss=0.1599/3.8108 | AUC-ROC=0.8390  AUC-PR=0.4185  TPR@2%=0.4483
  FPR target   Actual FPR   TPR        Threshold 
  --------------------------------------------
  0.5%         0.0045       0.2241     0.9795    
  1%           0.0073       0.3448     0.9364    
  2%           0.0180       0.4483     0.7092    
  5%           0.0501       0.5862     0.1158    
  10%          0.1002       0.6034     0.0198    

  Epoch  14/30 (unfrozen, 240.5s) | loss=0.0154/5.4110 | AUC-ROC=0.8600  AUC-PR=0.4570  TPR@2%=0.5000 << BEST
  FPR target   Actual FPR   TPR        Threshold 
  --------------------------------------------
  0.5%         0.0051       0.2931     0.9610    
  1%           0.0090       0.3793     0.6067    
  2%           0.0197       0.5000     0.0853    
  5%           0.0535       0.5690     0.0053    
  10%          0.1002       0.6724     0.0005    

  Epoch  15/30 (unfrozen, 239.8s) | loss=0.0035/7.1605 | AUC-ROC=0.8271  AUC-PR=0.4481  TPR@2%=0.4828
  FPR target   Actual FPR   TPR        Threshold 
  --------------------------------------------
  0.5%         0.0034       0.3103     0.9625    
  1%           0.0107       0.4138     0.1913    
  2%           0.0225       0.4828     0.0134    
  5%           0.0484       0.5000     0.0016    
  10%          0.1008       0.6379     0.0001    

  Epoch  16/30 (unfrozen, 240.2s) | loss=0.1313/4.6876 | AUC-ROC=0.7982  AUC-PR=0.3400  TPR@2%=0.3103
  FPR target   Actual FPR   TPR        Threshold 
  --------------------------------------------
  0.5%         0.0051       0.2586     0.9995    
  1%           0.0090       0.2931     0.9968    
  2%           0.0191       0.3103     0.9740    
  5%           0.0484       0.4310     0.4776    
  10%          0.0940       0.5345     0.1019    

  Epoch  17/30 (unfrozen, 239.7s) | loss=0.0407/5.7040 | AUC-ROC=0.8510  AUC-PR=0.4271  TPR@2%=0.4138
  FPR target   Actual FPR   TPR        Threshold 
  --------------------------------------------
  0.5%         0.0045       0.2931     0.9091    
  1%           0.0090       0.3793     0.6001    
  2%           0.0146       0.4138     0.3449    
  5%           0.0501       0.5000     0.0110    
  10%          0.1002       0.6034     0.0010    

  Epoch  18/30 (unfrozen, 239.6s) | loss=0.0056/7.6780 | AUC-ROC=0.8487  AUC-PR=0.4257  TPR@2%=0.4138
  FPR target   Actual FPR   TPR        Threshold 
  --------------------------------------------
  0.5%         0.0028       0.3276     0.2922    
  1%           0.0079       0.3448     0.1071    
  2%           0.0214       0.4138     0.0140    
  5%           0.0507       0.5000     0.0006    
  10%          0.1002       0.5517     0.0000    

  Epoch  19/30 (unfrozen, 240.3s) | loss=0.0016/6.1107 | AUC-ROC=0.8636  AUC-PR=0.4804  TPR@2%=0.4655
  FPR target   Actual FPR   TPR        Threshold 
  --------------------------------------------
  0.5%         0.0045       0.3966     0.7822    
  1%           0.0084       0.4138     0.4465    
  2%           0.0169       0.4655     0.1311    
  5%           0.0501       0.5345     0.0041    
  10%          0.1002       0.7069     0.0002    

  Epoch  20/30 (unfrozen, 240.5s) | loss=0.0173/7.0399 | AUC-ROC=0.8207  AUC-PR=0.3649  TPR@2%=0.3966
  FPR target   Actual FPR   TPR        Threshold 
  --------------------------------------------
  0.5%         0.0017       0.2586     0.9995    
  1%           0.0096       0.3103     0.8864    
  2%           0.0197       0.3966     0.3926    
  5%           0.0518       0.4828     0.0079    
  10%          0.1008       0.5517     0.0004    

  Epoch  21/30 (unfrozen, 240.0s) | loss=0.0021/8.8959 | AUC-ROC=0.8216  AUC-PR=0.3855  TPR@2%=0.3621
  FPR target   Actual FPR   TPR        Threshold 
  --------------------------------------------
  0.5%         0.0051       0.2759     0.7125    
  1%           0.0101       0.3448     0.4019    
  2%           0.0191       0.3621     0.0455    
  5%           0.0490       0.4828     0.0006    
  10%          0.0997       0.5000     0.0000    

  Early stopping at epoch 21 (patience=7)

  Best TPR@2%FPR: 0.5000  (AUC-ROC: 0.8600)
  Checkpoint: /root/iris/src/01-dinov3/checkpoints/brand_tag/vitl16_714_finetune_best.pt

  --- Best checkpoint metrics ---
  AUC-ROC: 0.8600205809257534
  AUC-PR:  0.4569579876947408
  Target FPR   Actual FPR   TPR        Threshold 
  --------------------------------------------
  0.5%         0.0051       0.2931     0.9610    
  1%           0.0090       0.3793     0.6067    
  2%           0.0197       0.5000     0.0853    
  5%           0.0535       0.5690     0.0053    
  10%          0.1002       0.6724     0.0005    
  Youden best: threshold=0.0003  TPR=0.7069  FPR=0.1222

>>> Finetuned ML: vitb16 @ 518
Device: cuda

============================================================
[brand_tag | vitb16 @ 518 | finetuned -> ML]
============================================================
  Loading finetuned checkpoint from /root/iris/src/01-dinov3/checkpoints/brand_tag/vitb16_518_finetune_best.pt ...
`torch_dtype` is deprecated! Use `dtype` instead!
Loading weights:   0%|          | 0/211 [00:00<?, ?it/s]Loading weights: 100%|██████████| 211/211 [00:00<00:00, 17459.03it/s]
[brand_tag/train] 9759 labeled rows, 9169 with images
  Authentic (0): 8881  |  Not-authentic (1): 288  |  Ratio: 30.8:1
  Extracting finetuned features at 518x518 ...
    Batch 1/574
    Batch 20/574
    Batch 40/574
    Batch 60/574
    Batch 80/574
    Batch 100/574
    Batch 120/574
    Batch 140/574
    Batch 160/574
    Batch 180/574
    Batch 200/574
    Batch 220/574
    Batch 240/574
    Batch 260/574
    Batch 280/574
    Batch 300/574
    Batch 320/574
    Batch 340/574
    Batch 360/574
    Batch 380/574
    Batch 400/574
    Batch 420/574
    Batch 440/574
    Batch 460/574
    Batch 480/574
    Batch 500/574
    Batch 520/574
    Batch 540/574
    Batch 560/574
  Done: torch.Size([9169, 768]) in 56.4s
[brand_tag/train] 9759 labeled rows, 9169 with images
  Authentic (0): 8881  |  Not-authentic (1): 288  |  Ratio: 30.8:1
  Loaded val split from /root/iris/src/01-dinov3/val_splits/brand_tag_split.json  (train=7335, val=1834)
  Train: 7335 (230 pos) | Val: 1834 (58 pos)
/root/.venv/lib/python3.12/site-packages/xgboost/core.py:751: UserWarning: [07:44:22] WARNING: /__w/xgboost/xgboost/src/common/error_msg.cc:62: Falling back to prediction using DMatrix due to mismatched devices. This might lead to higher memory usage and slower performance. XGBoost is running on: cuda:0, while the input data is on: cpu.
Potential solutions:
- Use a data structure that matches the device ordinal in the booster.
- Set the device for booster before call to inplace_predict.

This warning will only be shown once.

  return func(**kwargs)
  [XGB     ] fit=1.2s | AUC-ROC=0.8165 AUC-PR=0.3087 TPR@2%FPR=0.2414
  [SVM     ] fit=9.1s | AUC-ROC=0.8271 AUC-PR=0.3325 TPR@2%FPR=0.2759
Default metric period is 5 because AUC is/are not implemented for GPU
  [CATBOOST] fit=2.5s | AUC-ROC=0.8277 AUC-PR=0.2331 TPR@2%FPR=0.2241
/root/.venv/lib/python3.12/site-packages/sklearn/utils/validation.py:2691: UserWarning: X does not have valid feature names, but LGBMClassifier was fitted with feature names
  warnings.warn(
  [LGBM    ] fit=377.0s | AUC-ROC=0.8188 AUC-PR=0.3128 TPR@2%FPR=0.2759
>>> Finetuned ML: vitb16 @ 714
Device: cuda

============================================================
[brand_tag | vitb16 @ 714 | finetuned -> ML]
============================================================
  Loading finetuned checkpoint from /root/iris/src/01-dinov3/checkpoints/brand_tag/vitb16_714_finetune_best.pt ...
`torch_dtype` is deprecated! Use `dtype` instead!
Loading weights:   0%|          | 0/211 [00:00<?, ?it/s]Loading weights: 100%|██████████| 211/211 [00:00<00:00, 15071.49it/s]
[brand_tag/train] 9759 labeled rows, 9169 with images
  Authentic (0): 8881  |  Not-authentic (1): 288  |  Ratio: 30.8:1
  Extracting finetuned features at 714x714 ...
    Batch 1/574
    Batch 20/574
    Batch 40/574
    Batch 60/574
    Batch 80/574
    Batch 100/574
    Batch 120/574
    Batch 140/574
    Batch 160/574
    Batch 180/574
    Batch 200/574
    Batch 220/574
    Batch 240/574
    Batch 260/574
    Batch 280/574
    Batch 300/574
    Batch 320/574
    Batch 340/574
    Batch 360/574
    Batch 380/574
    Batch 400/574
    Batch 420/574
    Batch 440/574
    Batch 460/574
    Batch 480/574
    Batch 500/574
    Batch 520/574
    Batch 540/574
    Batch 560/574
  Done: torch.Size([9169, 768]) in 106.5s
[brand_tag/train] 9759 labeled rows, 9169 with images
  Authentic (0): 8881  |  Not-authentic (1): 288  |  Ratio: 30.8:1
  Loaded val split from /root/iris/src/01-dinov3/val_splits/brand_tag_split.json  (train=7335, val=1834)
  Train: 7335 (230 pos) | Val: 1834 (58 pos)
/root/.venv/lib/python3.12/site-packages/xgboost/core.py:751: UserWarning: [07:53:58] WARNING: /__w/xgboost/xgboost/src/common/error_msg.cc:62: Falling back to prediction using DMatrix due to mismatched devices. This might lead to higher memory usage and slower performance. XGBoost is running on: cuda:0, while the input data is on: cpu.
Potential solutions:
- Use a data structure that matches the device ordinal in the booster.
- Set the device for booster before call to inplace_predict.

This warning will only be shown once.

  return func(**kwargs)
  [XGB     ] fit=1.2s | AUC-ROC=0.7403 AUC-PR=0.2927 TPR@2%FPR=0.2931
  [SVM     ] fit=13.9s | AUC-ROC=0.7442 AUC-PR=0.3280 TPR@2%FPR=0.3276
Default metric period is 5 because AUC is/are not implemented for GPU
  [CATBOOST] fit=2.3s | AUC-ROC=0.7569 AUC-PR=0.2619 TPR@2%FPR=0.2414
/root/.venv/lib/python3.12/site-packages/sklearn/utils/validation.py:2691: UserWarning: X does not have valid feature names, but LGBMClassifier was fitted with feature names
  warnings.warn(
  [LGBM    ] fit=341.0s | AUC-ROC=0.7560 AUC-PR=0.2787 TPR@2%FPR=0.2414
>>> Finetuned ML: vitl16 @ 518
Device: cuda

============================================================
[brand_tag | vitl16 @ 518 | finetuned -> ML]
============================================================
  Loading finetuned checkpoint from /root/iris/src/01-dinov3/checkpoints/brand_tag/vitl16_518_finetune_best.pt ...
`torch_dtype` is deprecated! Use `dtype` instead!
Loading weights:   0%|          | 0/415 [00:00<?, ?it/s]Loading weights: 100%|██████████| 415/415 [00:00<00:00, 17381.85it/s]
[brand_tag/train] 9759 labeled rows, 9169 with images
  Authentic (0): 8881  |  Not-authentic (1): 288  |  Ratio: 30.8:1
  Extracting finetuned features at 518x518 ...
    Batch 1/574
    Batch 20/574
    Batch 40/574
    Batch 60/574
    Batch 80/574
    Batch 100/574
    Batch 120/574
    Batch 140/574
    Batch 160/574
    Batch 180/574
    Batch 200/574
    Batch 220/574
    Batch 240/574
    Batch 260/574
    Batch 280/574
    Batch 300/574
    Batch 320/574
    Batch 340/574
    Batch 360/574
    Batch 380/574
    Batch 400/574
    Batch 420/574
    Batch 440/574
    Batch 460/574
    Batch 480/574
    Batch 500/574
    Batch 520/574
    Batch 540/574
    Batch 560/574
  Done: torch.Size([9169, 1024]) in 140.9s
[brand_tag/train] 9759 labeled rows, 9169 with images
  Authentic (0): 8881  |  Not-authentic (1): 288  |  Ratio: 30.8:1
  Loaded val split from /root/iris/src/01-dinov3/val_splits/brand_tag_split.json  (train=7335, val=1834)
  Train: 7335 (230 pos) | Val: 1834 (58 pos)
/root/.venv/lib/python3.12/site-packages/xgboost/core.py:751: UserWarning: [08:03:31] WARNING: /__w/xgboost/xgboost/src/common/error_msg.cc:62: Falling back to prediction using DMatrix due to mismatched devices. This might lead to higher memory usage and slower performance. XGBoost is running on: cuda:0, while the input data is on: cpu.
Potential solutions:
- Use a data structure that matches the device ordinal in the booster.
- Set the device for booster before call to inplace_predict.

This warning will only be shown once.

  return func(**kwargs)
  [XGB     ] fit=1.1s | AUC-ROC=0.8239 AUC-PR=0.4801 TPR@2%FPR=0.5172
  [SVM     ] fit=4.3s | AUC-ROC=0.8315 AUC-PR=0.4267 TPR@2%FPR=0.4310
Default metric period is 5 because AUC is/are not implemented for GPU
  [CATBOOST] fit=2.7s | AUC-ROC=0.8130 AUC-PR=0.4389 TPR@2%FPR=0.4828
/root/.venv/lib/python3.12/site-packages/sklearn/utils/validation.py:2691: UserWarning: X does not have valid feature names, but LGBMClassifier was fitted with feature names
  warnings.warn(
  [LGBM    ] fit=287.1s | AUC-ROC=0.8355 AUC-PR=0.4744 TPR@2%FPR=0.5000
>>> Finetuned ML: vitl16 @ 714
Device: cuda

============================================================
[brand_tag | vitl16 @ 714 | finetuned -> ML]
============================================================
  Loading finetuned checkpoint from /root/iris/src/01-dinov3/checkpoints/brand_tag/vitl16_714_finetune_best.pt ...
`torch_dtype` is deprecated! Use `dtype` instead!
Loading weights:   0%|          | 0/415 [00:00<?, ?it/s]Loading weights: 100%|██████████| 415/415 [00:00<00:00, 16192.27it/s]
[brand_tag/train] 9759 labeled rows, 9169 with images
  Authentic (0): 8881  |  Not-authentic (1): 288  |  Ratio: 30.8:1
  Extracting finetuned features at 714x714 ...
    Batch 1/574
    Batch 20/574
    Batch 40/574
    Batch 60/574
    Batch 80/574
    Batch 100/574
    Batch 120/574
    Batch 140/574
    Batch 160/574
    Batch 180/574
    Batch 200/574
    Batch 220/574
    Batch 240/574
    Batch 260/574
    Batch 280/574
    Batch 300/574
    Batch 320/574
    Batch 340/574
    Batch 360/574
    Batch 380/574
    Batch 400/574
    Batch 420/574
    Batch 440/574
    Batch 460/574
    Batch 480/574
    Batch 500/574
    Batch 520/574
    Batch 540/574
    Batch 560/574
  Done: torch.Size([9169, 1024]) in 311.9s
[brand_tag/train] 9759 labeled rows, 9169 with images
  Authentic (0): 8881  |  Not-authentic (1): 288  |  Ratio: 30.8:1
  Loaded val split from /root/iris/src/01-dinov3/val_splits/brand_tag_split.json  (train=7335, val=1834)
  Train: 7335 (230 pos) | Val: 1834 (58 pos)
/root/.venv/lib/python3.12/site-packages/xgboost/core.py:751: UserWarning: [08:14:51] WARNING: /__w/xgboost/xgboost/src/common/error_msg.cc:62: Falling back to prediction using DMatrix due to mismatched devices. This might lead to higher memory usage and slower performance. XGBoost is running on: cuda:0, while the input data is on: cpu.
Potential solutions:
- Use a data structure that matches the device ordinal in the booster.
- Set the device for booster before call to inplace_predict.

This warning will only be shown once.

  return func(**kwargs)
  [XGB     ] fit=1.1s | AUC-ROC=0.8302 AUC-PR=0.3771 TPR@2%FPR=0.3621
  [SVM     ] fit=4.6s | AUC-ROC=0.8048 AUC-PR=0.4345 TPR@2%FPR=0.4310
Default metric period is 5 because AUC is/are not implemented for GPU
  [CATBOOST] fit=2.5s | AUC-ROC=0.8126 AUC-PR=0.3735 TPR@2%FPR=0.3621
/root/.venv/lib/python3.12/site-packages/sklearn/utils/validation.py:2691: UserWarning: X does not have valid feature names, but LGBMClassifier was fitted with feature names
  warnings.warn(
  [LGBM    ] fit=310.7s | AUC-ROC=0.8001 AUC-PR=0.3784 TPR@2%FPR=0.3793
>>> GPU JOBS DONE: brand_tag  Sun Mar 22 08:20:10 UTC 2026
