Device: cuda

============================================================
[brand_tag | convnext_base @ 518 | svm]
============================================================
[brand_tag/train] 9759 labeled rows, 9169 with images
  Authentic (0): 8881  |  Not-authentic (1): 288  |  Ratio: 30.8:1
  Loaded val split from /root/iris/src/01-dinov3/val_splits/brand_tag_split.json  (train=7335, val=1834)
  Train: 7335 (230 pos) | Val: 1834 (58 pos)
  [SVM     ] fit=21.5s | AUC-ROC=0.7737 AUC-PR=0.3445 TPR@2%FPR=0.3793

============================================================
[brand_tag | convnext_base @ 714 | svm]
============================================================
[brand_tag/train] 9759 labeled rows, 9169 with images
  Authentic (0): 8881  |  Not-authentic (1): 288  |  Ratio: 30.8:1
  Loaded val split from /root/iris/src/01-dinov3/val_splits/brand_tag_split.json  (train=7335, val=1834)
  Train: 7335 (230 pos) | Val: 1834 (58 pos)
  [SVM     ] fit=20.5s | AUC-ROC=0.7868 AUC-PR=0.3867 TPR@2%FPR=0.4138

============================================================
[brand_tag | convnext_large @ 518 | svm]
============================================================
[brand_tag/train] 9759 labeled rows, 9169 with images
  Authentic (0): 8881  |  Not-authentic (1): 288  |  Ratio: 30.8:1
  Loaded val split from /root/iris/src/01-dinov3/val_splits/brand_tag_split.json  (train=7335, val=1834)
  Train: 7335 (230 pos) | Val: 1834 (58 pos)
  [SVM     ] fit=36.7s | AUC-ROC=0.7845 AUC-PR=0.3519 TPR@2%FPR=0.3793

============================================================
[brand_tag | convnext_large @ 714 | svm]
============================================================
[brand_tag/train] 9759 labeled rows, 9169 with images
  Authentic (0): 8881  |  Not-authentic (1): 288  |  Ratio: 30.8:1
  Loaded val split from /root/iris/src/01-dinov3/val_splits/brand_tag_split.json  (train=7335, val=1834)
  Train: 7335 (230 pos) | Val: 1834 (58 pos)
  [SVM     ] fit=34.9s | AUC-ROC=0.7487 AUC-PR=0.3128 TPR@2%FPR=0.3103

============================================================
[brand_tag | convnext_small @ 518 | svm]
============================================================
[brand_tag/train] 9759 labeled rows, 9169 with images
  Authentic (0): 8881  |  Not-authentic (1): 288  |  Ratio: 30.8:1
  Loaded val split from /root/iris/src/01-dinov3/val_splits/brand_tag_split.json  (train=7335, val=1834)
  Train: 7335 (230 pos) | Val: 1834 (58 pos)
  [SVM     ] fit=14.9s | AUC-ROC=0.7739 AUC-PR=0.3283 TPR@2%FPR=0.2931

============================================================
[brand_tag | convnext_small @ 714 | svm]
============================================================
[brand_tag/train] 9759 labeled rows, 9169 with images
  Authentic (0): 8881  |  Not-authentic (1): 288  |  Ratio: 30.8:1
  Loaded val split from /root/iris/src/01-dinov3/val_splits/brand_tag_split.json  (train=7335, val=1834)
  Train: 7335 (230 pos) | Val: 1834 (58 pos)
  [SVM     ] fit=16.2s | AUC-ROC=0.7746 AUC-PR=0.3547 TPR@2%FPR=0.3448

============================================================
[brand_tag | convnext_tiny @ 518 | svm]
============================================================
[brand_tag/train] 9759 labeled rows, 9169 with images
  Authentic (0): 8881  |  Not-authentic (1): 288  |  Ratio: 30.8:1
  Loaded val split from /root/iris/src/01-dinov3/val_splits/brand_tag_split.json  (train=7335, val=1834)
  Train: 7335 (230 pos) | Val: 1834 (58 pos)
  [SVM     ] fit=14.2s | AUC-ROC=0.7707 AUC-PR=0.3824 TPR@2%FPR=0.3793

============================================================
[brand_tag | convnext_tiny @ 714 | svm]
============================================================
[brand_tag/train] 9759 labeled rows, 9169 with images
  Authentic (0): 8881  |  Not-authentic (1): 288  |  Ratio: 30.8:1
  Loaded val split from /root/iris/src/01-dinov3/val_splits/brand_tag_split.json  (train=7335, val=1834)
  Train: 7335 (230 pos) | Val: 1834 (58 pos)
  [SVM     ] fit=14.3s | AUC-ROC=0.7640 AUC-PR=0.3666 TPR@2%FPR=0.3793

============================================================
[brand_tag | vitb16 @ 518 | svm]
============================================================
[brand_tag/train] 9759 labeled rows, 9169 with images
  Authentic (0): 8881  |  Not-authentic (1): 288  |  Ratio: 30.8:1
  Loaded val split from /root/iris/src/01-dinov3/val_splits/brand_tag_split.json  (train=7335, val=1834)
  Train: 7335 (230 pos) | Val: 1834 (58 pos)
  [SVM     ] fit=16.9s | AUC-ROC=0.7749 AUC-PR=0.3222 TPR@2%FPR=0.2931

============================================================
[brand_tag | vitb16 @ 714 | svm]
============================================================
[brand_tag/train] 9759 labeled rows, 9169 with images
  Authentic (0): 8881  |  Not-authentic (1): 288  |  Ratio: 30.8:1
  Loaded val split from /root/iris/src/01-dinov3/val_splits/brand_tag_split.json  (train=7335, val=1834)
  Train: 7335 (230 pos) | Val: 1834 (58 pos)
  [SVM     ] fit=14.6s | AUC-ROC=0.7442 AUC-PR=0.3280 TPR@2%FPR=0.3276

============================================================
[brand_tag | vitl16 @ 518 | svm]
============================================================
[brand_tag/train] 9759 labeled rows, 9169 with images
  Authentic (0): 8881  |  Not-authentic (1): 288  |  Ratio: 30.8:1
  Loaded val split from /root/iris/src/01-dinov3/val_splits/brand_tag_split.json  (train=7335, val=1834)
  Train: 7335 (230 pos) | Val: 1834 (58 pos)
  [SVM     ] fit=18.8s | AUC-ROC=0.8100 AUC-PR=0.3565 TPR@2%FPR=0.3621

============================================================
[brand_tag | vitl16 @ 714 | svm]
============================================================
[brand_tag/train] 9759 labeled rows, 9169 with images
  Authentic (0): 8881  |  Not-authentic (1): 288  |  Ratio: 30.8:1
  Loaded val split from /root/iris/src/01-dinov3/val_splits/brand_tag_split.json  (train=7335, val=1834)
  Train: 7335 (230 pos) | Val: 1834 (58 pos)
  [SVM     ] fit=21.0s | AUC-ROC=0.7827 AUC-PR=0.3744 TPR@2%FPR=0.3793

============================================================
[brand_tag | vits16 @ 518 | svm]
============================================================
[brand_tag/train] 9759 labeled rows, 9169 with images
  Authentic (0): 8881  |  Not-authentic (1): 288  |  Ratio: 30.8:1
  Loaded val split from /root/iris/src/01-dinov3/val_splits/brand_tag_split.json  (train=7335, val=1834)
  Train: 7335 (230 pos) | Val: 1834 (58 pos)
  [SVM     ] fit=8.8s | AUC-ROC=0.7818 AUC-PR=0.3190 TPR@2%FPR=0.3276

============================================================
[brand_tag | vits16 @ 714 | svm]
============================================================
[brand_tag/train] 9759 labeled rows, 9169 with images
  Authentic (0): 8881  |  Not-authentic (1): 288  |  Ratio: 30.8:1
  Loaded val split from /root/iris/src/01-dinov3/val_splits/brand_tag_split.json  (train=7335, val=1834)
  Train: 7335 (230 pos) | Val: 1834 (58 pos)
  [SVM     ] fit=7.6s | AUC-ROC=0.7751 AUC-PR=0.2972 TPR@2%FPR=0.2759

============================================================
SWEEP SUMMARY (AUC-ROC) — brand_tag
============================================================
  convnext_base_518             svm=0.7737
  convnext_base_714             svm=0.7868
  convnext_large_518            svm=0.7845
  convnext_large_714            svm=0.7487
  convnext_small_518            svm=0.7739
  convnext_small_714            svm=0.7746
  convnext_tiny_518             svm=0.7707
  convnext_tiny_714             svm=0.7640
  vitb16_518                    svm=0.7749
  vitb16_714                    svm=0.7442
  vitl16_518                    svm=0.8100
  vitl16_714                    svm=0.7827
  vits16_518                    svm=0.7818
  vits16_714                    svm=0.7751
>>> SVM DONE: brand_tag  Sat Mar 21 23:07:18 UTC 2026
