Device: cuda

============================================================
[care_label | convnext_base @ 518 | svm]
============================================================
[care_label/train] 9759 labeled rows, 7294 with images
  Authentic (0): 7054  |  Not-authentic (1): 240  |  Ratio: 29.4:1
  Loaded val split from /root/iris/src/01-dinov3/val_splits/care_label_split.json  (train=5835, val=1459)
  Train: 5835 (192 pos) | Val: 1459 (48 pos)
  [SVM     ] fit=11.8s | AUC-ROC=0.7028 AUC-PR=0.1696 TPR@2%FPR=0.1458

============================================================
[care_label | convnext_base @ 714 | svm]
============================================================
[care_label/train] 9759 labeled rows, 7294 with images
  Authentic (0): 7054  |  Not-authentic (1): 240  |  Ratio: 29.4:1
  Loaded val split from /root/iris/src/01-dinov3/val_splits/care_label_split.json  (train=5835, val=1459)
  Train: 5835 (192 pos) | Val: 1459 (48 pos)
  [SVM     ] fit=11.7s | AUC-ROC=0.7255 AUC-PR=0.1831 TPR@2%FPR=0.1875

============================================================
[care_label | convnext_large @ 518 | svm]
============================================================
[care_label/train] 9759 labeled rows, 7294 with images
  Authentic (0): 7054  |  Not-authentic (1): 240  |  Ratio: 29.4:1
  Loaded val split from /root/iris/src/01-dinov3/val_splits/care_label_split.json  (train=5835, val=1459)
  Train: 5835 (192 pos) | Val: 1459 (48 pos)
  [SVM     ] fit=17.7s | AUC-ROC=0.7366 AUC-PR=0.1285 TPR@2%FPR=0.1667

============================================================
[care_label | convnext_large @ 714 | svm]
============================================================
[care_label/train] 9759 labeled rows, 7294 with images
  Authentic (0): 7054  |  Not-authentic (1): 240  |  Ratio: 29.4:1
  Loaded val split from /root/iris/src/01-dinov3/val_splits/care_label_split.json  (train=5835, val=1459)
  Train: 5835 (192 pos) | Val: 1459 (48 pos)
  [SVM     ] fit=19.8s | AUC-ROC=0.7387 AUC-PR=0.1630 TPR@2%FPR=0.1667

============================================================
[care_label | convnext_small @ 518 | svm]
============================================================
[care_label/train] 9759 labeled rows, 7294 with images
  Authentic (0): 7054  |  Not-authentic (1): 240  |  Ratio: 29.4:1
  Loaded val split from /root/iris/src/01-dinov3/val_splits/care_label_split.json  (train=5835, val=1459)
  Train: 5835 (192 pos) | Val: 1459 (48 pos)
  [SVM     ] fit=7.9s | AUC-ROC=0.7004 AUC-PR=0.1684 TPR@2%FPR=0.1875

============================================================
[care_label | convnext_small @ 714 | svm]
============================================================
[care_label/train] 9759 labeled rows, 7294 with images
  Authentic (0): 7054  |  Not-authentic (1): 240  |  Ratio: 29.4:1
  Loaded val split from /root/iris/src/01-dinov3/val_splits/care_label_split.json  (train=5835, val=1459)
  Train: 5835 (192 pos) | Val: 1459 (48 pos)
  [SVM     ] fit=8.3s | AUC-ROC=0.6955 AUC-PR=0.1613 TPR@2%FPR=0.1667

============================================================
[care_label | convnext_tiny @ 518 | svm]
============================================================
[care_label/train] 9759 labeled rows, 7294 with images
  Authentic (0): 7054  |  Not-authentic (1): 240  |  Ratio: 29.4:1
  Loaded val split from /root/iris/src/01-dinov3/val_splits/care_label_split.json  (train=5835, val=1459)
  Train: 5835 (192 pos) | Val: 1459 (48 pos)
  [SVM     ] fit=7.2s | AUC-ROC=0.7029 AUC-PR=0.1913 TPR@2%FPR=0.1875

============================================================
[care_label | convnext_tiny @ 714 | svm]
============================================================
[care_label/train] 9759 labeled rows, 7294 with images
  Authentic (0): 7054  |  Not-authentic (1): 240  |  Ratio: 29.4:1
  Loaded val split from /root/iris/src/01-dinov3/val_splits/care_label_split.json  (train=5835, val=1459)
  Train: 5835 (192 pos) | Val: 1459 (48 pos)
  [SVM     ] fit=8.4s | AUC-ROC=0.7115 AUC-PR=0.1689 TPR@2%FPR=0.1667

============================================================
[care_label | vitb16 @ 518 | svm]
============================================================
[care_label/train] 9759 labeled rows, 7294 with images
  Authentic (0): 7054  |  Not-authentic (1): 240  |  Ratio: 29.4:1
  Loaded val split from /root/iris/src/01-dinov3/val_splits/care_label_split.json  (train=5835, val=1459)
  Train: 5835 (192 pos) | Val: 1459 (48 pos)
  [SVM     ] fit=7.8s | AUC-ROC=0.8495 AUC-PR=0.3165 TPR@2%FPR=0.2708

============================================================
[care_label | vitb16 @ 714 | svm]
============================================================
[care_label/train] 9759 labeled rows, 7294 with images
  Authentic (0): 7054  |  Not-authentic (1): 240  |  Ratio: 29.4:1
  Loaded val split from /root/iris/src/01-dinov3/val_splits/care_label_split.json  (train=5835, val=1459)
  Train: 5835 (192 pos) | Val: 1459 (48 pos)
  [SVM     ] fit=7.8s | AUC-ROC=0.8064 AUC-PR=0.2850 TPR@2%FPR=0.2500

============================================================
[care_label | vitl16 @ 518 | svm]
============================================================
[care_label/train] 9759 labeled rows, 7294 with images
  Authentic (0): 7054  |  Not-authentic (1): 240  |  Ratio: 29.4:1
  Loaded val split from /root/iris/src/01-dinov3/val_splits/care_label_split.json  (train=5835, val=1459)
  Train: 5835 (192 pos) | Val: 1459 (48 pos)
  [SVM     ] fit=10.8s | AUC-ROC=0.7554 AUC-PR=0.2216 TPR@2%FPR=0.2083

============================================================
[care_label | vitl16 @ 714 | svm]
============================================================
[care_label/train] 9759 labeled rows, 7294 with images
  Authentic (0): 7054  |  Not-authentic (1): 240  |  Ratio: 29.4:1
  Loaded val split from /root/iris/src/01-dinov3/val_splits/care_label_split.json  (train=5835, val=1459)
  Train: 5835 (192 pos) | Val: 1459 (48 pos)
  [SVM     ] fit=11.1s | AUC-ROC=0.8377 AUC-PR=0.2883 TPR@2%FPR=0.2708

============================================================
[care_label | vits16 @ 518 | svm]
============================================================
[care_label/train] 9759 labeled rows, 7294 with images
  Authentic (0): 7054  |  Not-authentic (1): 240  |  Ratio: 29.4:1
  Loaded val split from /root/iris/src/01-dinov3/val_splits/care_label_split.json  (train=5835, val=1459)
  Train: 5835 (192 pos) | Val: 1459 (48 pos)
  [SVM     ] fit=4.6s | AUC-ROC=0.8487 AUC-PR=0.3122 TPR@2%FPR=0.2500

============================================================
[care_label | vits16 @ 714 | svm]
============================================================
[care_label/train] 9759 labeled rows, 7294 with images
  Authentic (0): 7054  |  Not-authentic (1): 240  |  Ratio: 29.4:1
  Loaded val split from /root/iris/src/01-dinov3/val_splits/care_label_split.json  (train=5835, val=1459)
  Train: 5835 (192 pos) | Val: 1459 (48 pos)
  [SVM     ] fit=4.2s | AUC-ROC=0.8063 AUC-PR=0.2690 TPR@2%FPR=0.2292

============================================================
SWEEP SUMMARY (AUC-ROC) — care_label
============================================================
  convnext_base_518             svm=0.7028
  convnext_base_714             svm=0.7255
  convnext_large_518            svm=0.7366
  convnext_large_714            svm=0.7387
  convnext_small_518            svm=0.7004
  convnext_small_714            svm=0.6955
  convnext_tiny_518             svm=0.7029
  convnext_tiny_714             svm=0.7115
  vitb16_518                    svm=0.8495
  vitb16_714                    svm=0.8064
  vitl16_518                    svm=0.7554
  vitl16_714                    svm=0.8377
  vits16_518                    svm=0.8487
  vits16_714                    svm=0.8063
>>> SVM DONE: care_label  Sat Mar 21 23:03:26 UTC 2026
