>>> GPU classifiers: XGBoost sweep
Device: cuda

============================================================
[care_label | convnext_base @ 518 | xgb]
============================================================
[care_label/train] 9759 labeled rows, 7294 with images
  Authentic (0): 7054  |  Not-authentic (1): 240  |  Ratio: 29.4:1
  Loaded val split from /root/iris/src/01-dinov3/val_splits/care_label_split.json  (train=5835, val=1459)
  Train: 5835 (192 pos) | Val: 1459 (48 pos)
/root/.venv/lib/python3.12/site-packages/xgboost/core.py:751: UserWarning: [22:54:31] WARNING: /__w/xgboost/xgboost/src/common/error_msg.cc:62: Falling back to prediction using DMatrix due to mismatched devices. This might lead to higher memory usage and slower performance. XGBoost is running on: cuda:0, while the input data is on: cpu.
Potential solutions:
- Use a data structure that matches the device ordinal in the booster.
- Set the device for booster before call to inplace_predict.

This warning will only be shown once.

  return func(**kwargs)
  [XGB     ] fit=1.4s | AUC-ROC=0.6822 AUC-PR=0.1504 TPR@2%FPR=0.1458

============================================================
[care_label | convnext_base @ 714 | xgb]
============================================================
[care_label/train] 9759 labeled rows, 7294 with images
  Authentic (0): 7054  |  Not-authentic (1): 240  |  Ratio: 29.4:1
  Loaded val split from /root/iris/src/01-dinov3/val_splits/care_label_split.json  (train=5835, val=1459)
  Train: 5835 (192 pos) | Val: 1459 (48 pos)
  [XGB     ] fit=1.2s | AUC-ROC=0.7074 AUC-PR=0.1756 TPR@2%FPR=0.1875

============================================================
[care_label | convnext_large @ 518 | xgb]
============================================================
[care_label/train] 9759 labeled rows, 7294 with images
  Authentic (0): 7054  |  Not-authentic (1): 240  |  Ratio: 29.4:1
  Loaded val split from /root/iris/src/01-dinov3/val_splits/care_label_split.json  (train=5835, val=1459)
  Train: 5835 (192 pos) | Val: 1459 (48 pos)
  [XGB     ] fit=1.6s | AUC-ROC=0.7547 AUC-PR=0.1721 TPR@2%FPR=0.1667

============================================================
[care_label | convnext_large @ 714 | xgb]
============================================================
[care_label/train] 9759 labeled rows, 7294 with images
  Authentic (0): 7054  |  Not-authentic (1): 240  |  Ratio: 29.4:1
  Loaded val split from /root/iris/src/01-dinov3/val_splits/care_label_split.json  (train=5835, val=1459)
  Train: 5835 (192 pos) | Val: 1459 (48 pos)
  [XGB     ] fit=1.7s | AUC-ROC=0.7268 AUC-PR=0.1636 TPR@2%FPR=0.1667

============================================================
[care_label | convnext_small @ 518 | xgb]
============================================================
[care_label/train] 9759 labeled rows, 7294 with images
  Authentic (0): 7054  |  Not-authentic (1): 240  |  Ratio: 29.4:1
  Loaded val split from /root/iris/src/01-dinov3/val_splits/care_label_split.json  (train=5835, val=1459)
  Train: 5835 (192 pos) | Val: 1459 (48 pos)
  [XGB     ] fit=1.1s | AUC-ROC=0.7114 AUC-PR=0.1903 TPR@2%FPR=0.2083

============================================================
[care_label | convnext_small @ 714 | xgb]
============================================================
[care_label/train] 9759 labeled rows, 7294 with images
  Authentic (0): 7054  |  Not-authentic (1): 240  |  Ratio: 29.4:1
  Loaded val split from /root/iris/src/01-dinov3/val_splits/care_label_split.json  (train=5835, val=1459)
  Train: 5835 (192 pos) | Val: 1459 (48 pos)
  [XGB     ] fit=1.1s | AUC-ROC=0.6992 AUC-PR=0.1585 TPR@2%FPR=0.2083

============================================================
[care_label | convnext_tiny @ 518 | xgb]
============================================================
[care_label/train] 9759 labeled rows, 7294 with images
  Authentic (0): 7054  |  Not-authentic (1): 240  |  Ratio: 29.4:1
  Loaded val split from /root/iris/src/01-dinov3/val_splits/care_label_split.json  (train=5835, val=1459)
  Train: 5835 (192 pos) | Val: 1459 (48 pos)
  [XGB     ] fit=1.1s | AUC-ROC=0.7155 AUC-PR=0.1354 TPR@2%FPR=0.1458

============================================================
[care_label | convnext_tiny @ 714 | xgb]
============================================================
[care_label/train] 9759 labeled rows, 7294 with images
  Authentic (0): 7054  |  Not-authentic (1): 240  |  Ratio: 29.4:1
  Loaded val split from /root/iris/src/01-dinov3/val_splits/care_label_split.json  (train=5835, val=1459)
  Train: 5835 (192 pos) | Val: 1459 (48 pos)
  [XGB     ] fit=1.3s | AUC-ROC=0.7253 AUC-PR=0.1614 TPR@2%FPR=0.1458

============================================================
[care_label | vitb16 @ 518 | xgb]
============================================================
[care_label/train] 9759 labeled rows, 7294 with images
  Authentic (0): 7054  |  Not-authentic (1): 240  |  Ratio: 29.4:1
  Loaded val split from /root/iris/src/01-dinov3/val_splits/care_label_split.json  (train=5835, val=1459)
  Train: 5835 (192 pos) | Val: 1459 (48 pos)
  [XGB     ] fit=1.1s | AUC-ROC=0.8121 AUC-PR=0.2325 TPR@2%FPR=0.2500

============================================================
[care_label | vitb16 @ 714 | xgb]
============================================================
[care_label/train] 9759 labeled rows, 7294 with images
  Authentic (0): 7054  |  Not-authentic (1): 240  |  Ratio: 29.4:1
  Loaded val split from /root/iris/src/01-dinov3/val_splits/care_label_split.json  (train=5835, val=1459)
  Train: 5835 (192 pos) | Val: 1459 (48 pos)
  [XGB     ] fit=1.0s | AUC-ROC=0.7832 AUC-PR=0.2318 TPR@2%FPR=0.2292

============================================================
[care_label | vitl16 @ 518 | xgb]
============================================================
[care_label/train] 9759 labeled rows, 7294 with images
  Authentic (0): 7054  |  Not-authentic (1): 240  |  Ratio: 29.4:1
  Loaded val split from /root/iris/src/01-dinov3/val_splits/care_label_split.json  (train=5835, val=1459)
  Train: 5835 (192 pos) | Val: 1459 (48 pos)
  [XGB     ] fit=1.2s | AUC-ROC=0.7340 AUC-PR=0.2226 TPR@2%FPR=0.2083

============================================================
[care_label | vitl16 @ 714 | xgb]
============================================================
[care_label/train] 9759 labeled rows, 7294 with images
  Authentic (0): 7054  |  Not-authentic (1): 240  |  Ratio: 29.4:1
  Loaded val split from /root/iris/src/01-dinov3/val_splits/care_label_split.json  (train=5835, val=1459)
  Train: 5835 (192 pos) | Val: 1459 (48 pos)
  [XGB     ] fit=1.2s | AUC-ROC=0.8081 AUC-PR=0.2427 TPR@2%FPR=0.2708

============================================================
[care_label | vits16 @ 518 | xgb]
============================================================
[care_label/train] 9759 labeled rows, 7294 with images
  Authentic (0): 7054  |  Not-authentic (1): 240  |  Ratio: 29.4:1
  Loaded val split from /root/iris/src/01-dinov3/val_splits/care_label_split.json  (train=5835, val=1459)
  Train: 5835 (192 pos) | Val: 1459 (48 pos)
  [XGB     ] fit=0.8s | AUC-ROC=0.7763 AUC-PR=0.2133 TPR@2%FPR=0.2292

============================================================
[care_label | vits16 @ 714 | xgb]
============================================================
[care_label/train] 9759 labeled rows, 7294 with images
  Authentic (0): 7054  |  Not-authentic (1): 240  |  Ratio: 29.4:1
  Loaded val split from /root/iris/src/01-dinov3/val_splits/care_label_split.json  (train=5835, val=1459)
  Train: 5835 (192 pos) | Val: 1459 (48 pos)
  [XGB     ] fit=0.9s | AUC-ROC=0.7800 AUC-PR=0.2028 TPR@2%FPR=0.1875

============================================================
SWEEP SUMMARY (AUC-ROC) — care_label
============================================================
  convnext_base_518             xgb=0.6822
  convnext_base_714             xgb=0.7074
  convnext_large_518            xgb=0.7547
  convnext_large_714            xgb=0.7268
  convnext_small_518            xgb=0.7114
  convnext_small_714            xgb=0.6992
  convnext_tiny_518             xgb=0.7155
  convnext_tiny_714             xgb=0.7253
  vitb16_518                    xgb=0.8121
  vitb16_714                    xgb=0.7832
  vitl16_518                    xgb=0.7340
  vitl16_714                    xgb=0.8081
  vits16_518                    xgb=0.7763
  vits16_714                    xgb=0.7800
>>> GPU classifiers: CatBoost sweep
Device: cuda

============================================================
[care_label | convnext_base @ 518 | catboost]
============================================================
[care_label/train] 9759 labeled rows, 7294 with images
  Authentic (0): 7054  |  Not-authentic (1): 240  |  Ratio: 29.4:1
  Loaded val split from /root/iris/src/01-dinov3/val_splits/care_label_split.json  (train=5835, val=1459)
  Train: 5835 (192 pos) | Val: 1459 (48 pos)
Default metric period is 5 because AUC is/are not implemented for GPU
  [CATBOOST] fit=2.8s | AUC-ROC=0.6580 AUC-PR=0.1506 TPR@2%FPR=0.1667

============================================================
[care_label | convnext_base @ 714 | catboost]
============================================================
[care_label/train] 9759 labeled rows, 7294 with images
  Authentic (0): 7054  |  Not-authentic (1): 240  |  Ratio: 29.4:1
  Loaded val split from /root/iris/src/01-dinov3/val_splits/care_label_split.json  (train=5835, val=1459)
  Train: 5835 (192 pos) | Val: 1459 (48 pos)
Default metric period is 5 because AUC is/are not implemented for GPU
  [CATBOOST] fit=2.8s | AUC-ROC=0.7221 AUC-PR=0.1539 TPR@2%FPR=0.1458

============================================================
[care_label | convnext_large @ 518 | catboost]
============================================================
[care_label/train] 9759 labeled rows, 7294 with images
  Authentic (0): 7054  |  Not-authentic (1): 240  |  Ratio: 29.4:1
  Loaded val split from /root/iris/src/01-dinov3/val_splits/care_label_split.json  (train=5835, val=1459)
  Train: 5835 (192 pos) | Val: 1459 (48 pos)
Default metric period is 5 because AUC is/are not implemented for GPU
  [CATBOOST] fit=3.3s | AUC-ROC=0.7576 AUC-PR=0.1294 TPR@2%FPR=0.1042

============================================================
[care_label | convnext_large @ 714 | catboost]
============================================================
[care_label/train] 9759 labeled rows, 7294 with images
  Authentic (0): 7054  |  Not-authentic (1): 240  |  Ratio: 29.4:1
  Loaded val split from /root/iris/src/01-dinov3/val_splits/care_label_split.json  (train=5835, val=1459)
  Train: 5835 (192 pos) | Val: 1459 (48 pos)
Default metric period is 5 because AUC is/are not implemented for GPU
  [CATBOOST] fit=3.3s | AUC-ROC=0.7336 AUC-PR=0.1824 TPR@2%FPR=0.1875

============================================================
[care_label | convnext_small @ 518 | catboost]
============================================================
[care_label/train] 9759 labeled rows, 7294 with images
  Authentic (0): 7054  |  Not-authentic (1): 240  |  Ratio: 29.4:1
  Loaded val split from /root/iris/src/01-dinov3/val_splits/care_label_split.json  (train=5835, val=1459)
  Train: 5835 (192 pos) | Val: 1459 (48 pos)
Default metric period is 5 because AUC is/are not implemented for GPU
  [CATBOOST] fit=2.1s | AUC-ROC=0.7125 AUC-PR=0.1628 TPR@2%FPR=0.1458

============================================================
[care_label | convnext_small @ 714 | catboost]
============================================================
[care_label/train] 9759 labeled rows, 7294 with images
  Authentic (0): 7054  |  Not-authentic (1): 240  |  Ratio: 29.4:1
  Loaded val split from /root/iris/src/01-dinov3/val_splits/care_label_split.json  (train=5835, val=1459)
  Train: 5835 (192 pos) | Val: 1459 (48 pos)
Default metric period is 5 because AUC is/are not implemented for GPU
  [CATBOOST] fit=2.2s | AUC-ROC=0.7034 AUC-PR=0.1812 TPR@2%FPR=0.2083

============================================================
[care_label | convnext_tiny @ 518 | catboost]
============================================================
[care_label/train] 9759 labeled rows, 7294 with images
  Authentic (0): 7054  |  Not-authentic (1): 240  |  Ratio: 29.4:1
  Loaded val split from /root/iris/src/01-dinov3/val_splits/care_label_split.json  (train=5835, val=1459)
  Train: 5835 (192 pos) | Val: 1459 (48 pos)
Default metric period is 5 because AUC is/are not implemented for GPU
  [CATBOOST] fit=2.1s | AUC-ROC=0.7712 AUC-PR=0.1781 TPR@2%FPR=0.1875

============================================================
[care_label | convnext_tiny @ 714 | catboost]
============================================================
[care_label/train] 9759 labeled rows, 7294 with images
  Authentic (0): 7054  |  Not-authentic (1): 240  |  Ratio: 29.4:1
  Loaded val split from /root/iris/src/01-dinov3/val_splits/care_label_split.json  (train=5835, val=1459)
  Train: 5835 (192 pos) | Val: 1459 (48 pos)
Default metric period is 5 because AUC is/are not implemented for GPU
  [CATBOOST] fit=2.2s | AUC-ROC=0.7113 AUC-PR=0.1398 TPR@2%FPR=0.1042

============================================================
[care_label | vitb16 @ 518 | catboost]
============================================================
[care_label/train] 9759 labeled rows, 7294 with images
  Authentic (0): 7054  |  Not-authentic (1): 240  |  Ratio: 29.4:1
  Loaded val split from /root/iris/src/01-dinov3/val_splits/care_label_split.json  (train=5835, val=1459)
  Train: 5835 (192 pos) | Val: 1459 (48 pos)
Default metric period is 5 because AUC is/are not implemented for GPU
  [CATBOOST] fit=4.9s | AUC-ROC=0.7556 AUC-PR=0.2637 TPR@2%FPR=0.2708

============================================================
[care_label | vitb16 @ 714 | catboost]
============================================================
[care_label/train] 9759 labeled rows, 7294 with images
  Authentic (0): 7054  |  Not-authentic (1): 240  |  Ratio: 29.4:1
  Loaded val split from /root/iris/src/01-dinov3/val_splits/care_label_split.json  (train=5835, val=1459)
  Train: 5835 (192 pos) | Val: 1459 (48 pos)
Default metric period is 5 because AUC is/are not implemented for GPU
  [CATBOOST] fit=3.2s | AUC-ROC=0.7112 AUC-PR=0.1938 TPR@2%FPR=0.1875

============================================================
[care_label | vitl16 @ 518 | catboost]
============================================================
[care_label/train] 9759 labeled rows, 7294 with images
  Authentic (0): 7054  |  Not-authentic (1): 240  |  Ratio: 29.4:1
  Loaded val split from /root/iris/src/01-dinov3/val_splits/care_label_split.json  (train=5835, val=1459)
  Train: 5835 (192 pos) | Val: 1459 (48 pos)
Default metric period is 5 because AUC is/are not implemented for GPU
  [CATBOOST] fit=6.4s | AUC-ROC=0.7119 AUC-PR=0.1282 TPR@2%FPR=0.1250

============================================================
[care_label | vitl16 @ 714 | catboost]
============================================================
[care_label/train] 9759 labeled rows, 7294 with images
  Authentic (0): 7054  |  Not-authentic (1): 240  |  Ratio: 29.4:1
  Loaded val split from /root/iris/src/01-dinov3/val_splits/care_label_split.json  (train=5835, val=1459)
  Train: 5835 (192 pos) | Val: 1459 (48 pos)
Default metric period is 5 because AUC is/are not implemented for GPU
  [CATBOOST] fit=3.4s | AUC-ROC=0.7629 AUC-PR=0.2748 TPR@2%FPR=0.3125

============================================================
[care_label | vits16 @ 518 | catboost]
============================================================
[care_label/train] 9759 labeled rows, 7294 with images
  Authentic (0): 7054  |  Not-authentic (1): 240  |  Ratio: 29.4:1
  Loaded val split from /root/iris/src/01-dinov3/val_splits/care_label_split.json  (train=5835, val=1459)
  Train: 5835 (192 pos) | Val: 1459 (48 pos)
Default metric period is 5 because AUC is/are not implemented for GPU
  [CATBOOST] fit=4.9s | AUC-ROC=0.7314 AUC-PR=0.1857 TPR@2%FPR=0.1875

============================================================
[care_label | vits16 @ 714 | catboost]
============================================================
[care_label/train] 9759 labeled rows, 7294 with images
  Authentic (0): 7054  |  Not-authentic (1): 240  |  Ratio: 29.4:1
  Loaded val split from /root/iris/src/01-dinov3/val_splits/care_label_split.json  (train=5835, val=1459)
  Train: 5835 (192 pos) | Val: 1459 (48 pos)
Default metric period is 5 because AUC is/are not implemented for GPU
  [CATBOOST] fit=3.3s | AUC-ROC=0.7576 AUC-PR=0.2187 TPR@2%FPR=0.1875

============================================================
SWEEP SUMMARY (AUC-ROC) — care_label
============================================================
  convnext_base_518             catboost=0.6580
  convnext_base_714             catboost=0.7221
  convnext_large_518            catboost=0.7576
  convnext_large_714            catboost=0.7336
  convnext_small_518            catboost=0.7125
  convnext_small_714            catboost=0.7034
  convnext_tiny_518             catboost=0.7712
  convnext_tiny_714             catboost=0.7113
  vitb16_518                    catboost=0.7556
  vitb16_714                    catboost=0.7112
  vitl16_518                    catboost=0.7119
  vitl16_714                    catboost=0.7629
  vits16_518                    catboost=0.7314
  vits16_714                    catboost=0.7576
>>> GPU classifiers: LightGBM sweep
Device: cuda

============================================================
[care_label | convnext_base @ 518 | lgbm]
============================================================
[care_label/train] 9759 labeled rows, 7294 with images
  Authentic (0): 7054  |  Not-authentic (1): 240  |  Ratio: 29.4:1
  Loaded val split from /root/iris/src/01-dinov3/val_splits/care_label_split.json  (train=5835, val=1459)
  Train: 5835 (192 pos) | Val: 1459 (48 pos)
/root/.venv/lib/python3.12/site-packages/sklearn/utils/validation.py:2691: UserWarning: X does not have valid feature names, but LGBMClassifier was fitted with feature names
  warnings.warn(
  [LGBM    ] fit=1232.0s | AUC-ROC=0.6931 AUC-PR=0.1535 TPR@2%FPR=0.1250

============================================================
[care_label | convnext_base @ 714 | lgbm]
============================================================
[care_label/train] 9759 labeled rows, 7294 with images
  Authentic (0): 7054  |  Not-authentic (1): 240  |  Ratio: 29.4:1
  Loaded val split from /root/iris/src/01-dinov3/val_splits/care_label_split.json  (train=5835, val=1459)
  Train: 5835 (192 pos) | Val: 1459 (48 pos)
/root/.venv/lib/python3.12/site-packages/sklearn/utils/validation.py:2691: UserWarning: X does not have valid feature names, but LGBMClassifier was fitted with feature names
  warnings.warn(
  [LGBM    ] fit=1747.9s | AUC-ROC=0.7259 AUC-PR=0.1402 TPR@2%FPR=0.1250

============================================================
[care_label | convnext_large @ 518 | lgbm]
============================================================
[care_label/train] 9759 labeled rows, 7294 with images
  Authentic (0): 7054  |  Not-authentic (1): 240  |  Ratio: 29.4:1
  Loaded val split from /root/iris/src/01-dinov3/val_splits/care_label_split.json  (train=5835, val=1459)
  Train: 5835 (192 pos) | Val: 1459 (48 pos)
/root/.venv/lib/python3.12/site-packages/sklearn/utils/validation.py:2691: UserWarning: X does not have valid feature names, but LGBMClassifier was fitted with feature names
  warnings.warn(
  [LGBM    ] fit=1759.6s | AUC-ROC=0.7677 AUC-PR=0.1584 TPR@2%FPR=0.1667

============================================================
[care_label | convnext_large @ 714 | lgbm]
============================================================
[care_label/train] 9759 labeled rows, 7294 with images
  Authentic (0): 7054  |  Not-authentic (1): 240  |  Ratio: 29.4:1
  Loaded val split from /root/iris/src/01-dinov3/val_splits/care_label_split.json  (train=5835, val=1459)
  Train: 5835 (192 pos) | Val: 1459 (48 pos)
/root/.venv/lib/python3.12/site-packages/sklearn/utils/validation.py:2691: UserWarning: X does not have valid feature names, but LGBMClassifier was fitted with feature names
  warnings.warn(
  [LGBM    ] fit=1745.4s | AUC-ROC=0.7241 AUC-PR=0.1843 TPR@2%FPR=0.1667

============================================================
[care_label | convnext_small @ 518 | lgbm]
============================================================
[care_label/train] 9759 labeled rows, 7294 with images
  Authentic (0): 7054  |  Not-authentic (1): 240  |  Ratio: 29.4:1
  Loaded val split from /root/iris/src/01-dinov3/val_splits/care_label_split.json  (train=5835, val=1459)
  Train: 5835 (192 pos) | Val: 1459 (48 pos)
/root/.venv/lib/python3.12/site-packages/sklearn/utils/validation.py:2691: UserWarning: X does not have valid feature names, but LGBMClassifier was fitted with feature names
  warnings.warn(
  [LGBM    ] fit=1742.9s | AUC-ROC=0.7181 AUC-PR=0.1904 TPR@2%FPR=0.1458

============================================================
[care_label | convnext_small @ 714 | lgbm]
============================================================
[care_label/train] 9759 labeled rows, 7294 with images
  Authentic (0): 7054  |  Not-authentic (1): 240  |  Ratio: 29.4:1
  Loaded val split from /root/iris/src/01-dinov3/val_splits/care_label_split.json  (train=5835, val=1459)
  Train: 5835 (192 pos) | Val: 1459 (48 pos)
/root/.venv/lib/python3.12/site-packages/sklearn/utils/validation.py:2691: UserWarning: X does not have valid feature names, but LGBMClassifier was fitted with feature names
  warnings.warn(
  [LGBM    ] fit=1717.2s | AUC-ROC=0.7068 AUC-PR=0.2042 TPR@2%FPR=0.2292

============================================================
[care_label | convnext_tiny @ 518 | lgbm]
============================================================
[care_label/train] 9759 labeled rows, 7294 with images
  Authentic (0): 7054  |  Not-authentic (1): 240  |  Ratio: 29.4:1
  Loaded val split from /root/iris/src/01-dinov3/val_splits/care_label_split.json  (train=5835, val=1459)
  Train: 5835 (192 pos) | Val: 1459 (48 pos)
/root/.venv/lib/python3.12/site-packages/sklearn/utils/validation.py:2691: UserWarning: X does not have valid feature names, but LGBMClassifier was fitted with feature names
  warnings.warn(
  [LGBM    ] fit=1769.7s | AUC-ROC=0.7514 AUC-PR=0.1599 TPR@2%FPR=0.1458

============================================================
[care_label | convnext_tiny @ 714 | lgbm]
============================================================
[care_label/train] 9759 labeled rows, 7294 with images
  Authentic (0): 7054  |  Not-authentic (1): 240  |  Ratio: 29.4:1
  Loaded val split from /root/iris/src/01-dinov3/val_splits/care_label_split.json  (train=5835, val=1459)
  Train: 5835 (192 pos) | Val: 1459 (48 pos)
/root/.venv/lib/python3.12/site-packages/sklearn/utils/validation.py:2691: UserWarning: X does not have valid feature names, but LGBMClassifier was fitted with feature names
  warnings.warn(
  [LGBM    ] fit=1692.8s | AUC-ROC=0.7120 AUC-PR=0.1771 TPR@2%FPR=0.1667

============================================================
[care_label | vitb16 @ 518 | lgbm]
============================================================
[care_label/train] 9759 labeled rows, 7294 with images
  Authentic (0): 7054  |  Not-authentic (1): 240  |  Ratio: 29.4:1
  Loaded val split from /root/iris/src/01-dinov3/val_splits/care_label_split.json  (train=5835, val=1459)
  Train: 5835 (192 pos) | Val: 1459 (48 pos)
/root/.venv/lib/python3.12/site-packages/sklearn/utils/validation.py:2691: UserWarning: X does not have valid feature names, but LGBMClassifier was fitted with feature names
  warnings.warn(
  [LGBM    ] fit=1794.3s | AUC-ROC=0.7913 AUC-PR=0.1956 TPR@2%FPR=0.2292

============================================================
[care_label | vitb16 @ 714 | lgbm]
============================================================
[care_label/train] 9759 labeled rows, 7294 with images
  Authentic (0): 7054  |  Not-authentic (1): 240  |  Ratio: 29.4:1
  Loaded val split from /root/iris/src/01-dinov3/val_splits/care_label_split.json  (train=5835, val=1459)
  Train: 5835 (192 pos) | Val: 1459 (48 pos)
/root/.venv/lib/python3.12/site-packages/sklearn/utils/validation.py:2691: UserWarning: X does not have valid feature names, but LGBMClassifier was fitted with feature names
  warnings.warn(
  [LGBM    ] fit=1751.1s | AUC-ROC=0.7886 AUC-PR=0.2537 TPR@2%FPR=0.2708

============================================================
[care_label | vitl16 @ 518 | lgbm]
============================================================
[care_label/train] 9759 labeled rows, 7294 with images
  Authentic (0): 7054  |  Not-authentic (1): 240  |  Ratio: 29.4:1
  Loaded val split from /root/iris/src/01-dinov3/val_splits/care_label_split.json  (train=5835, val=1459)
  Train: 5835 (192 pos) | Val: 1459 (48 pos)
/root/.venv/lib/python3.12/site-packages/sklearn/utils/validation.py:2691: UserWarning: X does not have valid feature names, but LGBMClassifier was fitted with feature names
  warnings.warn(
  [LGBM    ] fit=1742.0s | AUC-ROC=0.7153 AUC-PR=0.1903 TPR@2%FPR=0.1875

============================================================
[care_label | vitl16 @ 714 | lgbm]
============================================================
[care_label/train] 9759 labeled rows, 7294 with images
  Authentic (0): 7054  |  Not-authentic (1): 240  |  Ratio: 29.4:1
  Loaded val split from /root/iris/src/01-dinov3/val_splits/care_label_split.json  (train=5835, val=1459)
  Train: 5835 (192 pos) | Val: 1459 (48 pos)
/root/.venv/lib/python3.12/site-packages/sklearn/utils/validation.py:2691: UserWarning: X does not have valid feature names, but LGBMClassifier was fitted with feature names
  warnings.warn(
  [LGBM    ] fit=1717.5s | AUC-ROC=0.8107 AUC-PR=0.1983 TPR@2%FPR=0.2500

============================================================
[care_label | vits16 @ 518 | lgbm]
============================================================
[care_label/train] 9759 labeled rows, 7294 with images
  Authentic (0): 7054  |  Not-authentic (1): 240  |  Ratio: 29.4:1
  Loaded val split from /root/iris/src/01-dinov3/val_splits/care_label_split.json  (train=5835, val=1459)
  Train: 5835 (192 pos) | Val: 1459 (48 pos)
/root/.venv/lib/python3.12/site-packages/sklearn/utils/validation.py:2691: UserWarning: X does not have valid feature names, but LGBMClassifier was fitted with feature names
  warnings.warn(
  [LGBM    ] fit=1501.9s | AUC-ROC=0.7500 AUC-PR=0.2149 TPR@2%FPR=0.2083

============================================================
[care_label | vits16 @ 714 | lgbm]
============================================================
[care_label/train] 9759 labeled rows, 7294 with images
  Authentic (0): 7054  |  Not-authentic (1): 240  |  Ratio: 29.4:1
  Loaded val split from /root/iris/src/01-dinov3/val_splits/care_label_split.json  (train=5835, val=1459)
  Train: 5835 (192 pos) | Val: 1459 (48 pos)
/root/.venv/lib/python3.12/site-packages/sklearn/utils/validation.py:2691: UserWarning: X does not have valid feature names, but LGBMClassifier was fitted with feature names
  warnings.warn(
  [LGBM    ] fit=1438.2s | AUC-ROC=0.7816 AUC-PR=0.2321 TPR@2%FPR=0.2292

============================================================
SWEEP SUMMARY (AUC-ROC) — care_label
============================================================
  convnext_base_518             lgbm=0.6931
  convnext_base_714             lgbm=0.7259
  convnext_large_518            lgbm=0.7677
  convnext_large_714            lgbm=0.7241
  convnext_small_518            lgbm=0.7181
  convnext_small_714            lgbm=0.7068
  convnext_tiny_518             lgbm=0.7514
  convnext_tiny_714             lgbm=0.7120
  vitb16_518                    lgbm=0.7913
  vitb16_714                    lgbm=0.7886
  vitl16_518                    lgbm=0.7153
  vitl16_714                    lgbm=0.8107
  vits16_518                    lgbm=0.7500
  vits16_714                    lgbm=0.7816
>>> Finetune: vitb16 @ 518 -- already done
>>> Finetune: vitb16 @ 714 -- already done
>>> Finetune: vitl16 @ 518 -- already done
>>> Finetune: vitl16 @ 714 -- already done
>>> Finetuned ML: vitb16 @ 518
Device: cuda

============================================================
[care_label | vitb16 @ 518 | finetuned -> ML]
============================================================
  Loading finetuned checkpoint from /root/iris/src/01-dinov3/checkpoints/care_label/vitb16_518_finetune_best.pt ...
`torch_dtype` is deprecated! Use `dtype` instead!
Loading weights:   0%|          | 0/211 [00:00<?, ?it/s]Loading weights: 100%|██████████| 211/211 [00:00<00:00, 15492.31it/s]
[care_label/train] 9759 labeled rows, 7294 with images
  Authentic (0): 7054  |  Not-authentic (1): 240  |  Ratio: 29.4:1
  Extracting finetuned features at 518x518 ...
    Batch 1/456
    Batch 20/456
    Batch 40/456
    Batch 60/456
    Batch 80/456
    Batch 100/456
    Batch 120/456
    Batch 140/456
    Batch 160/456
    Batch 180/456
    Batch 200/456
    Batch 220/456
    Batch 240/456
    Batch 260/456
    Batch 280/456
    Batch 300/456
    Batch 320/456
    Batch 340/456
    Batch 360/456
    Batch 380/456
    Batch 400/456
    Batch 420/456
    Batch 440/456
  Done: torch.Size([7294, 768]) in 59.3s
[care_label/train] 9759 labeled rows, 7294 with images
  Authentic (0): 7054  |  Not-authentic (1): 240  |  Ratio: 29.4:1
  Loaded val split from /root/iris/src/01-dinov3/val_splits/care_label_split.json  (train=5835, val=1459)
  Train: 5835 (192 pos) | Val: 1459 (48 pos)
/root/.venv/lib/python3.12/site-packages/xgboost/core.py:751: UserWarning: [06:08:15] WARNING: /__w/xgboost/xgboost/src/common/error_msg.cc:62: Falling back to prediction using DMatrix due to mismatched devices. This might lead to higher memory usage and slower performance. XGBoost is running on: cuda:0, while the input data is on: cpu.
Potential solutions:
- Use a data structure that matches the device ordinal in the booster.
- Set the device for booster before call to inplace_predict.

This warning will only be shown once.

  return func(**kwargs)
  [XGB     ] fit=3.9s | AUC-ROC=0.8121 AUC-PR=0.2325 TPR@2%FPR=0.2500
  [SVM     ] fit=29.0s | AUC-ROC=0.8495 AUC-PR=0.3165 TPR@2%FPR=0.2708
Default metric period is 5 because AUC is/are not implemented for GPU
  [CATBOOST] fit=15.1s | AUC-ROC=0.7556 AUC-PR=0.2637 TPR@2%FPR=0.2708
/root/.venv/lib/python3.12/site-packages/sklearn/utils/validation.py:2691: UserWarning: X does not have valid feature names, but LGBMClassifier was fitted with feature names
  warnings.warn(
  [LGBM    ] fit=1195.6s | AUC-ROC=0.7913 AUC-PR=0.1956 TPR@2%FPR=0.2292
>>> Finetuned ML: vitb16 @ 714
Device: cuda

============================================================
[care_label | vitb16 @ 714 | finetuned -> ML]
============================================================
  Loading finetuned checkpoint from /root/iris/src/01-dinov3/checkpoints/care_label/vitb16_714_finetune_best.pt ...
`torch_dtype` is deprecated! Use `dtype` instead!
Loading weights:   0%|          | 0/211 [00:00<?, ?it/s]Loading weights: 100%|██████████| 211/211 [00:00<00:00, 16275.53it/s]
[care_label/train] 9759 labeled rows, 7294 with images
  Authentic (0): 7054  |  Not-authentic (1): 240  |  Ratio: 29.4:1
  Extracting finetuned features at 714x714 ...
    Batch 1/456
    Batch 20/456
    Batch 40/456
    Batch 60/456
    Batch 80/456
    Batch 100/456
    Batch 120/456
    Batch 140/456
    Batch 160/456
    Batch 180/456
    Batch 200/456
    Batch 220/456
    Batch 240/456
    Batch 260/456
    Batch 280/456
    Batch 300/456
    Batch 320/456
    Batch 340/456
    Batch 360/456
    Batch 380/456
    Batch 400/456
    Batch 420/456
    Batch 440/456
  Done: torch.Size([7294, 768]) in 85.0s
[care_label/train] 9759 labeled rows, 7294 with images
  Authentic (0): 7054  |  Not-authentic (1): 240  |  Ratio: 29.4:1
  Loaded val split from /root/iris/src/01-dinov3/val_splits/care_label_split.json  (train=5835, val=1459)
  Train: 5835 (192 pos) | Val: 1459 (48 pos)
/root/.venv/lib/python3.12/site-packages/xgboost/core.py:751: UserWarning: [06:31:22] WARNING: /__w/xgboost/xgboost/src/common/error_msg.cc:62: Falling back to prediction using DMatrix due to mismatched devices. This might lead to higher memory usage and slower performance. XGBoost is running on: cuda:0, while the input data is on: cpu.
Potential solutions:
- Use a data structure that matches the device ordinal in the booster.
- Set the device for booster before call to inplace_predict.

This warning will only be shown once.

  return func(**kwargs)
  [XGB     ] fit=1.4s | AUC-ROC=0.7832 AUC-PR=0.2318 TPR@2%FPR=0.2292
  [SVM     ] fit=9.1s | AUC-ROC=0.8064 AUC-PR=0.2850 TPR@2%FPR=0.2500
Default metric period is 5 because AUC is/are not implemented for GPU
  [CATBOOST] fit=2.3s | AUC-ROC=0.7112 AUC-PR=0.1938 TPR@2%FPR=0.1875
/root/.venv/lib/python3.12/site-packages/sklearn/utils/validation.py:2691: UserWarning: X does not have valid feature names, but LGBMClassifier was fitted with feature names
  warnings.warn(
  [LGBM    ] fit=494.1s | AUC-ROC=0.7839 AUC-PR=0.2226 TPR@2%FPR=0.2500
>>> Finetuned ML: vitl16 @ 518
Device: cuda

============================================================
[care_label | vitl16 @ 518 | finetuned -> ML]
============================================================
  Loading finetuned checkpoint from /root/iris/src/01-dinov3/checkpoints/care_label/vitl16_518_finetune_best.pt ...
`torch_dtype` is deprecated! Use `dtype` instead!
Loading weights:   0%|          | 0/415 [00:00<?, ?it/s]Loading weights: 100%|██████████| 415/415 [00:00<00:00, 16300.99it/s]
[care_label/train] 9759 labeled rows, 7294 with images
  Authentic (0): 7054  |  Not-authentic (1): 240  |  Ratio: 29.4:1
  Extracting finetuned features at 518x518 ...
    Batch 1/456
    Batch 20/456
    Batch 40/456
    Batch 60/456
    Batch 80/456
    Batch 100/456
    Batch 120/456
    Batch 140/456
    Batch 160/456
    Batch 180/456
    Batch 200/456
    Batch 220/456
    Batch 240/456
    Batch 260/456
    Batch 280/456
    Batch 300/456
    Batch 320/456
    Batch 340/456
    Batch 360/456
    Batch 380/456
    Batch 400/456
    Batch 420/456
    Batch 440/456
  Done: torch.Size([7294, 1024]) in 112.3s
[care_label/train] 9759 labeled rows, 7294 with images
  Authentic (0): 7054  |  Not-authentic (1): 240  |  Ratio: 29.4:1
  Loaded val split from /root/iris/src/01-dinov3/val_splits/care_label_split.json  (train=5835, val=1459)
  Train: 5835 (192 pos) | Val: 1459 (48 pos)
/root/.venv/lib/python3.12/site-packages/xgboost/core.py:751: UserWarning: [06:42:42] WARNING: /__w/xgboost/xgboost/src/common/error_msg.cc:62: Falling back to prediction using DMatrix due to mismatched devices. This might lead to higher memory usage and slower performance. XGBoost is running on: cuda:0, while the input data is on: cpu.
Potential solutions:
- Use a data structure that matches the device ordinal in the booster.
- Set the device for booster before call to inplace_predict.

This warning will only be shown once.

  return func(**kwargs)
  [XGB     ] fit=1.3s | AUC-ROC=0.8313 AUC-PR=0.3220 TPR@2%FPR=0.2917
  [SVM     ] fit=3.6s | AUC-ROC=0.8388 AUC-PR=0.3586 TPR@2%FPR=0.3958
Default metric period is 5 because AUC is/are not implemented for GPU
  [CATBOOST] fit=2.6s | AUC-ROC=0.8455 AUC-PR=0.3227 TPR@2%FPR=0.3333
/root/.venv/lib/python3.12/site-packages/sklearn/utils/validation.py:2691: UserWarning: X does not have valid feature names, but LGBMClassifier was fitted with feature names
  warnings.warn(
  [LGBM    ] fit=449.0s | AUC-ROC=0.8127 AUC-PR=0.3172 TPR@2%FPR=0.2917
>>> Finetuned ML: vitl16 @ 714
Device: cuda

============================================================
[care_label | vitl16 @ 714 | finetuned -> ML]
============================================================
  Loading finetuned checkpoint from /root/iris/src/01-dinov3/checkpoints/care_label/vitl16_714_finetune_best.pt ...
`torch_dtype` is deprecated! Use `dtype` instead!
Loading weights:   0%|          | 0/415 [00:00<?, ?it/s]Loading weights: 100%|██████████| 415/415 [00:00<00:00, 16233.19it/s]
[care_label/train] 9759 labeled rows, 7294 with images
  Authentic (0): 7054  |  Not-authentic (1): 240  |  Ratio: 29.4:1
  Extracting finetuned features at 714x714 ...
    Batch 1/456
    Batch 20/456
    Batch 40/456
    Batch 60/456
    Batch 80/456
    Batch 100/456
    Batch 120/456
    Batch 140/456
    Batch 160/456
    Batch 180/456
    Batch 200/456
    Batch 220/456
    Batch 240/456
    Batch 260/456
    Batch 280/456
    Batch 300/456
    Batch 320/456
    Batch 340/456
    Batch 360/456
    Batch 380/456
    Batch 400/456
    Batch 420/456
    Batch 440/456
  Done: torch.Size([7294, 1024]) in 248.3s
[care_label/train] 9759 labeled rows, 7294 with images
  Authentic (0): 7054  |  Not-authentic (1): 240  |  Ratio: 29.4:1
  Loaded val split from /root/iris/src/01-dinov3/val_splits/care_label_split.json  (train=5835, val=1459)
  Train: 5835 (192 pos) | Val: 1459 (48 pos)
/root/.venv/lib/python3.12/site-packages/xgboost/core.py:751: UserWarning: [06:55:34] WARNING: /__w/xgboost/xgboost/src/common/error_msg.cc:62: Falling back to prediction using DMatrix due to mismatched devices. This might lead to higher memory usage and slower performance. XGBoost is running on: cuda:0, while the input data is on: cpu.
Potential solutions:
- Use a data structure that matches the device ordinal in the booster.
- Set the device for booster before call to inplace_predict.

This warning will only be shown once.

  return func(**kwargs)
  [XGB     ] fit=1.2s | AUC-ROC=0.8428 AUC-PR=0.4006 TPR@2%FPR=0.4583
  [SVM     ] fit=3.8s | AUC-ROC=0.8495 AUC-PR=0.4478 TPR@2%FPR=0.4792
Default metric period is 5 because AUC is/are not implemented for GPU
  [CATBOOST] fit=2.8s | AUC-ROC=0.8433 AUC-PR=0.3804 TPR@2%FPR=0.4792
/root/.venv/lib/python3.12/site-packages/sklearn/utils/validation.py:2691: UserWarning: X does not have valid feature names, but LGBMClassifier was fitted with feature names
  warnings.warn(
  [LGBM    ] fit=445.1s | AUC-ROC=0.8518 AUC-PR=0.3872 TPR@2%FPR=0.3958
>>> GPU JOBS DONE: care_label  Sun Mar 22 07:03:07 UTC 2026
