>>> Finetune: vitl16 @ 518 -- already done
>>> Finetuned ML: vitl16 @ 518
Device: cuda

============================================================
[care_label | vitl16 @ 518 | finetuned -> ML]
============================================================
  Loading finetuned checkpoint from /root/iris/src/01-dinov3/checkpoints/care_label/vitl16_518_finetune_best.pt ...
`torch_dtype` is deprecated! Use `dtype` instead!
Loading weights:   0%|          | 0/415 [00:00<?, ?it/s]Loading weights: 100%|██████████| 415/415 [00:00<00:00, 5776.09it/s]
[care_label/train] 9759 labeled rows, 7294 with images
  Authentic (0): 7054  |  Not-authentic (1): 240  |  Ratio: 29.4:1
  Extracting finetuned features at 518x518 ...
Traceback (most recent call last):
  File "/root/iris/src/01-dinov3/train_with_svm_xgb_lgbm_catboost_with_unfrozen_trained_dino.py", line 283, in <module>
    main()
  File "/root/iris/src/01-dinov3/train_with_svm_xgb_lgbm_catboost_with_unfrozen_trained_dino.py", line 278, in main
    run(args.region, args.model, args.resolution, args.classifiers,
  File "/root/iris/src/01-dinov3/train_with_svm_xgb_lgbm_catboost_with_unfrozen_trained_dino.py", line 179, in run
    features, labels_t, uuids = extract_finetuned_features(model, dataloader, device)
                                ^^^^^^^^^^^^^^^^^^^^^^^^^^^^^^^^^^^^^^^^^^^^^^^^^^^^^
  File "/root/.venv/lib/python3.12/site-packages/torch/utils/_contextlib.py", line 124, in decorate_context
    return func(*args, **kwargs)
           ^^^^^^^^^^^^^^^^^^^^^
  File "/root/iris/src/01-dinov3/train_with_svm_xgb_lgbm_catboost_with_unfrozen_trained_dino.py", line 57, in extract_finetuned_features
    outputs = model.backbone(pixel_values=pixel_values)
              ^^^^^^^^^^^^^^^^^^^^^^^^^^^^^^^^^^^^^^^^^
  File "/root/.venv/lib/python3.12/site-packages/torch/nn/modules/module.py", line 1776, in _wrapped_call_impl
    return self._call_impl(*args, **kwargs)
           ^^^^^^^^^^^^^^^^^^^^^^^^^^^^^^^^
  File "/root/.venv/lib/python3.12/site-packages/torch/nn/modules/module.py", line 1787, in _call_impl
    return forward_call(*args, **kwargs)
           ^^^^^^^^^^^^^^^^^^^^^^^^^^^^^
  File "/root/.venv/lib/python3.12/site-packages/transformers/utils/generic.py", line 917, in wrapper
    output = func(self, *args, **kwargs)
             ^^^^^^^^^^^^^^^^^^^^^^^^^^^
  File "/root/.venv/lib/python3.12/site-packages/transformers/utils/output_capturing.py", line 253, in wrapper
    outputs = func(self, *args, **kwargs)
              ^^^^^^^^^^^^^^^^^^^^^^^^^^^
  File "/root/.venv/lib/python3.12/site-packages/transformers/models/dinov3_vit/modeling_dinov3_vit.py", line 508, in forward
    hidden_states = layer_module(
                    ^^^^^^^^^^^^^
  File "/root/.venv/lib/python3.12/site-packages/transformers/modeling_layers.py", line 93, in __call__
    return super().__call__(*args, **kwargs)
           ^^^^^^^^^^^^^^^^^^^^^^^^^^^^^^^^^
  File "/root/.venv/lib/python3.12/site-packages/torch/nn/modules/module.py", line 1776, in _wrapped_call_impl
    return self._call_impl(*args, **kwargs)
           ^^^^^^^^^^^^^^^^^^^^^^^^^^^^^^^^
  File "/root/.venv/lib/python3.12/site-packages/torch/nn/modules/module.py", line 1787, in _call_impl
    return forward_call(*args, **kwargs)
           ^^^^^^^^^^^^^^^^^^^^^^^^^^^^^
  File "/root/.venv/lib/python3.12/site-packages/transformers/models/dinov3_vit/modeling_dinov3_vit.py", line 415, in forward
    hidden_states, _ = self.attention(
                       ^^^^^^^^^^^^^^^
  File "/root/.venv/lib/python3.12/site-packages/torch/nn/modules/module.py", line 1776, in _wrapped_call_impl
    return self._call_impl(*args, **kwargs)
           ^^^^^^^^^^^^^^^^^^^^^^^^^^^^^^^^
  File "/root/.venv/lib/python3.12/site-packages/torch/nn/modules/module.py", line 1787, in _call_impl
    return forward_call(*args, **kwargs)
           ^^^^^^^^^^^^^^^^^^^^^^^^^^^^^
  File "/root/.venv/lib/python3.12/site-packages/transformers/models/dinov3_vit/modeling_dinov3_vit.py", line 296, in forward
    query_states, key_states = apply_rotary_pos_emb(query_states, key_states, cos, sin)
                               ^^^^^^^^^^^^^^^^^^^^^^^^^^^^^^^^^^^^^^^^^^^^^^^^^^^^^^^^
  File "/root/.venv/lib/python3.12/site-packages/transformers/models/dinov3_vit/modeling_dinov3_vit.py", line 244, in apply_rotary_pos_emb
    q_patches = (q_patches * cos) + (rotate_half(q_patches) * sin)
                 ~~~~~~~~~~^~~~~
torch.OutOfMemoryError: CUDA out of memory. Tried to allocate 64.00 MiB. GPU 0 has a total capacity of 94.97 GiB of which 32.88 MiB is free. Process 648998 has 2.00 GiB memory in use. Process 649001 has 3.96 GiB memory in use. Including non-PyTorch memory, this process has 2.16 GiB memory in use. Process 648996 has 85.30 GiB memory in use. Process 648999 has 932.00 MiB memory in use. Process 648997 has 576.00 MiB memory in use. Of the allocated memory 1.50 GiB is allocated by PyTorch, and 13.45 MiB is reserved by PyTorch but unallocated. If reserved but unallocated memory is large try setting PYTORCH_ALLOC_CONF=expandable_segments:True to avoid fragmentation.  See documentation for Memory Management  (https://pytorch.org/docs/stable/notes/cuda.html#environment-variables)
