Device: cuda

============================================================
[care_label | convnext_base @ 518 | xgb]
============================================================
[care_label/train] 9759 labeled rows, 7294 with images
  Authentic (0): 7054  |  Not-authentic (1): 240  |  Ratio: 29.4:1
  Loaded val split from /root/iris/src/01-dinov3/val_splits/care_label_split.json  (train=5835, val=1459)
  Train: 5835 (192 pos) | Val: 1459 (48 pos)
Traceback (most recent call last):
  File "/root/iris/src/01-dinov3/train_svm_xgb_lgbm_catboost.py", line 253, in <module>
    main()
  File "/root/iris/src/01-dinov3/train_svm_xgb_lgbm_catboost.py", line 228, in main
    all_results[name] = run_one(region, mk, res, args.classifiers, device)
                        ^^^^^^^^^^^^^^^^^^^^^^^^^^^^^^^^^^^^^^^^^^^^^^^^^^
  File "/root/iris/src/01-dinov3/train_svm_xgb_lgbm_catboost.py", line 154, in run_one
    clf, y_score, fit_time = train_xgb(X_train, y_train, X_val, y_val, device)
                             ^^^^^^^^^^^^^^^^^^^^^^^^^^^^^^^^^^^^^^^^^^^^^^^^^
  File "/root/iris/src/01-dinov3/train_svm_xgb_lgbm_catboost.py", line 68, in train_xgb
    clf.fit(X_train, y_train, eval_set=[(X_val, y_val)], verbose=False)
  File "/root/.venv/lib/python3.12/site-packages/xgboost/core.py", line 751, in inner_f
    return func(**kwargs)
           ^^^^^^^^^^^^^^
  File "/root/.venv/lib/python3.12/site-packages/xgboost/sklearn.py", line 1806, in fit
    self._Booster = train(
                    ^^^^^^
  File "/root/.venv/lib/python3.12/site-packages/xgboost/core.py", line 751, in inner_f
    return func(**kwargs)
           ^^^^^^^^^^^^^^
  File "/root/.venv/lib/python3.12/site-packages/xgboost/training.py", line 200, in train
    bst.update(dtrain, iteration=i, fobj=obj)
  File "/root/.venv/lib/python3.12/site-packages/xgboost/core.py", line 2390, in update
    _check_call(
  File "/root/.venv/lib/python3.12/site-packages/xgboost/core.py", line 324, in _check_call
    raise XGBoostError(py_str(_LIB.XGBGetLastError()))
xgboost.core.XGBoostError: [22:53:21] /__w/xgboost/xgboost/src/common/device_vector.cu:23: Memory allocation error on worker 0: [22:53:21] /__w/xgboost/xgboost/src/common/common.cu:16: /__w/xgboost/xgboost/src/common/device_vector.cuh: 367: cudaErrorMemoryAllocation: out of memory
Stack trace:
  [bt] (0) /root/.venv/lib/python3.12/site-packages/xgboost/lib/libxgboost.so(+0x2c1a8c) [0x761f4c2c1a8c]
  [bt] (1) /root/.venv/lib/python3.12/site-packages/xgboost/lib/libxgboost.so(+0xb7ba8e) [0x761f4cb7ba8e]
  [bt] (2) /root/.venv/lib/python3.12/site-packages/xgboost/lib/libxgboost.so(+0xbdfe08) [0x761f4cbdfe08]
  [bt] (3) /root/.venv/lib/python3.12/site-packages/xgboost/lib/libxgboost.so(+0xbe910b) [0x761f4cbe910b]
  [bt] (4) /root/.venv/lib/python3.12/site-packages/xgboost/lib/libxgboost.so(+0x709d60) [0x761f4c709d60]
  [bt] (5) /root/.venv/lib/python3.12/site-packages/xgboost/lib/libxgboost.so(+0x727667) [0x761f4c727667]
  [bt] (6) /root/.venv/lib/python3.12/site-packages/xgboost/lib/libxgboost.so(+0x72cfd7) [0x761f4c72cfd7]
  [bt] (7) /root/.venv/lib/python3.12/site-packages/xgboost/lib/libxgboost.so(XGBoosterUpdateOneIter+0x77) [0x761f4c1cc637]
  [bt] (8) /lib/x86_64-linux-gnu/libffi.so.8(+0x7b16) [0x762750cfbb16]


- Free memory: 1.64935GB
- Requested memory: 4B

Stack trace:
  [bt] (0) /root/.venv/lib/python3.12/site-packages/xgboost/lib/libxgboost.so(+0x2c1a8c) [0x761f4c2c1a8c]
  [bt] (1) /root/.venv/lib/python3.12/site-packages/xgboost/lib/libxgboost.so(+0xb7cd33) [0x761f4cb7cd33]
  [bt] (2) /root/.venv/lib/python3.12/site-packages/xgboost/lib/libxgboost.so(+0xbe011f) [0x761f4cbe011f]
  [bt] (3) /root/.venv/lib/python3.12/site-packages/xgboost/lib/libxgboost.so(+0xbe910b) [0x761f4cbe910b]
  [bt] (4) /root/.venv/lib/python3.12/site-packages/xgboost/lib/libxgboost.so(+0x709d60) [0x761f4c709d60]
  [bt] (5) /root/.venv/lib/python3.12/site-packages/xgboost/lib/libxgboost.so(+0x727667) [0x761f4c727667]
  [bt] (6) /root/.venv/lib/python3.12/site-packages/xgboost/lib/libxgboost.so(+0x72cfd7) [0x761f4c72cfd7]
  [bt] (7) /root/.venv/lib/python3.12/site-packages/xgboost/lib/libxgboost.so(XGBoosterUpdateOneIter+0x77) [0x761f4c1cc637]
  [bt] (8) /lib/x86_64-linux-gnu/libffi.so.8(+0x7b16) [0x762750cfbb16]


