Device: cuda

============================================================
[front | convnext_base @ 518 | svm]
============================================================
[front/train] 9759 labeled rows, 9627 with images
  Authentic (0): 9321  |  Not-authentic (1): 306  |  Ratio: 30.5:1
  Loaded val split from /root/iris/src/01-dinov3/val_splits/front_split.json  (train=7701, val=1926)
  Train: 7701 (245 pos) | Val: 1926 (61 pos)
  [SVM     ] fit=18.0s | AUC-ROC=0.7349 AUC-PR=0.2133 TPR@2%FPR=0.2787

============================================================
[front | convnext_base @ 714 | svm]
============================================================
[front/train] 9759 labeled rows, 9627 with images
  Authentic (0): 9321  |  Not-authentic (1): 306  |  Ratio: 30.5:1
  Loaded val split from /root/iris/src/01-dinov3/val_splits/front_split.json  (train=7701, val=1926)
  Train: 7701 (245 pos) | Val: 1926 (61 pos)
  [SVM     ] fit=17.6s | AUC-ROC=0.7520 AUC-PR=0.2472 TPR@2%FPR=0.3279

============================================================
[front | convnext_large @ 518 | svm]
============================================================
[front/train] 9759 labeled rows, 9627 with images
  Authentic (0): 9321  |  Not-authentic (1): 306  |  Ratio: 30.5:1
  Loaded val split from /root/iris/src/01-dinov3/val_splits/front_split.json  (train=7701, val=1926)
  Train: 7701 (245 pos) | Val: 1926 (61 pos)
  [SVM     ] fit=28.3s | AUC-ROC=0.7386 AUC-PR=0.2289 TPR@2%FPR=0.2787

============================================================
[front | convnext_large @ 714 | svm]
============================================================
[front/train] 9759 labeled rows, 9627 with images
  Authentic (0): 9321  |  Not-authentic (1): 306  |  Ratio: 30.5:1
  Loaded val split from /root/iris/src/01-dinov3/val_splits/front_split.json  (train=7701, val=1926)
  Train: 7701 (245 pos) | Val: 1926 (61 pos)
  [SVM     ] fit=26.2s | AUC-ROC=0.7317 AUC-PR=0.2395 TPR@2%FPR=0.3115

============================================================
[front | convnext_small @ 518 | svm]
============================================================
[front/train] 9759 labeled rows, 9627 with images
  Authentic (0): 9321  |  Not-authentic (1): 306  |  Ratio: 30.5:1
  Loaded val split from /root/iris/src/01-dinov3/val_splits/front_split.json  (train=7701, val=1926)
  Train: 7701 (245 pos) | Val: 1926 (61 pos)
  [SVM     ] fit=13.1s | AUC-ROC=0.7414 AUC-PR=0.2456 TPR@2%FPR=0.2951

============================================================
[front | convnext_small @ 714 | svm]
============================================================
[front/train] 9759 labeled rows, 9627 with images
  Authentic (0): 9321  |  Not-authentic (1): 306  |  Ratio: 30.5:1
  Loaded val split from /root/iris/src/01-dinov3/val_splits/front_split.json  (train=7701, val=1926)
  Train: 7701 (245 pos) | Val: 1926 (61 pos)
  [SVM     ] fit=13.5s | AUC-ROC=0.7424 AUC-PR=0.2463 TPR@2%FPR=0.3279

============================================================
[front | convnext_tiny @ 518 | svm]
============================================================
[front/train] 9759 labeled rows, 9627 with images
  Authentic (0): 9321  |  Not-authentic (1): 306  |  Ratio: 30.5:1
  Loaded val split from /root/iris/src/01-dinov3/val_splits/front_split.json  (train=7701, val=1926)
  Train: 7701 (245 pos) | Val: 1926 (61 pos)
  [SVM     ] fit=16.7s | AUC-ROC=0.7209 AUC-PR=0.2940 TPR@2%FPR=0.2951

============================================================
[front | convnext_tiny @ 714 | svm]
============================================================
[front/train] 9759 labeled rows, 9627 with images
  Authentic (0): 9321  |  Not-authentic (1): 306  |  Ratio: 30.5:1
  Loaded val split from /root/iris/src/01-dinov3/val_splits/front_split.json  (train=7701, val=1926)
  Train: 7701 (245 pos) | Val: 1926 (61 pos)
  [SVM     ] fit=17.5s | AUC-ROC=0.7187 AUC-PR=0.2801 TPR@2%FPR=0.3279

============================================================
[front | vitb16 @ 518 | svm]
============================================================
[front/train] 9759 labeled rows, 9627 with images
  Authentic (0): 9321  |  Not-authentic (1): 306  |  Ratio: 30.5:1
  Loaded val split from /root/iris/src/01-dinov3/val_splits/front_split.json  (train=7701, val=1926)
  Train: 7701 (245 pos) | Val: 1926 (61 pos)
  [SVM     ] fit=12.7s | AUC-ROC=0.7521 AUC-PR=0.2747 TPR@2%FPR=0.3115

============================================================
[front | vitb16 @ 714 | svm]
============================================================
[front/train] 9759 labeled rows, 9627 with images
  Authentic (0): 9321  |  Not-authentic (1): 306  |  Ratio: 30.5:1
  Loaded val split from /root/iris/src/01-dinov3/val_splits/front_split.json  (train=7701, val=1926)
  Train: 7701 (245 pos) | Val: 1926 (61 pos)
  [SVM     ] fit=13.8s | AUC-ROC=0.7331 AUC-PR=0.2510 TPR@2%FPR=0.2951

============================================================
[front | vitl16 @ 518 | svm]
============================================================
[front/train] 9759 labeled rows, 9627 with images
  Authentic (0): 9321  |  Not-authentic (1): 306  |  Ratio: 30.5:1
  Loaded val split from /root/iris/src/01-dinov3/val_splits/front_split.json  (train=7701, val=1926)
  Train: 7701 (245 pos) | Val: 1926 (61 pos)
  [SVM     ] fit=17.3s | AUC-ROC=0.7482 AUC-PR=0.2702 TPR@2%FPR=0.2787

============================================================
[front | vitl16 @ 714 | svm]
============================================================
[front/train] 9759 labeled rows, 9627 with images
  Authentic (0): 9321  |  Not-authentic (1): 306  |  Ratio: 30.5:1
  Loaded val split from /root/iris/src/01-dinov3/val_splits/front_split.json  (train=7701, val=1926)
  Train: 7701 (245 pos) | Val: 1926 (61 pos)
  [SVM     ] fit=18.9s | AUC-ROC=0.7451 AUC-PR=0.2698 TPR@2%FPR=0.3115

============================================================
[front | vits16 @ 518 | svm]
============================================================
[front/train] 9759 labeled rows, 9627 with images
  Authentic (0): 9321  |  Not-authentic (1): 306  |  Ratio: 30.5:1
  Loaded val split from /root/iris/src/01-dinov3/val_splits/front_split.json  (train=7701, val=1926)
  Train: 7701 (245 pos) | Val: 1926 (61 pos)
  [SVM     ] fit=6.9s | AUC-ROC=0.7112 AUC-PR=0.2451 TPR@2%FPR=0.2623

============================================================
[front | vits16 @ 714 | svm]
============================================================
[front/train] 9759 labeled rows, 9627 with images
  Authentic (0): 9321  |  Not-authentic (1): 306  |  Ratio: 30.5:1
  Loaded val split from /root/iris/src/01-dinov3/val_splits/front_split.json  (train=7701, val=1926)
  Train: 7701 (245 pos) | Val: 1926 (61 pos)
  [SVM     ] fit=6.8s | AUC-ROC=0.7144 AUC-PR=0.2615 TPR@2%FPR=0.2787

============================================================
SWEEP SUMMARY (AUC-ROC) — front
============================================================
  convnext_base_518             svm=0.7349
  convnext_base_714             svm=0.7520
  convnext_large_518            svm=0.7386
  convnext_large_714            svm=0.7317
  convnext_small_518            svm=0.7414
  convnext_small_714            svm=0.7424
  convnext_tiny_518             svm=0.7209
  convnext_tiny_714             svm=0.7187
  vitb16_518                    svm=0.7521
  vitb16_714                    svm=0.7331
  vitl16_518                    svm=0.7482
  vitl16_714                    svm=0.7451
  vits16_518                    svm=0.7112
  vits16_714                    svm=0.7144
>>> SVM DONE: front  Sat Mar 21 23:07:10 UTC 2026
