>>> GPU classifiers: XGBoost sweep
Device: cuda

============================================================
[front_exterior_logo | convnext_base @ 518 | xgb]
============================================================
[front_exterior_logo/train] 9759 labeled rows, 5005 with images
  Authentic (0): 4858  |  Not-authentic (1): 147  |  Ratio: 33.0:1
  Loaded val split from /root/iris/src/01-dinov3/val_splits/front_exterior_logo_split.json  (train=4004, val=1001)
  Train: 4004 (118 pos) | Val: 1001 (29 pos)
/root/.venv/lib/python3.12/site-packages/xgboost/core.py:751: UserWarning: [22:54:24] WARNING: /__w/xgboost/xgboost/src/common/error_msg.cc:62: Falling back to prediction using DMatrix due to mismatched devices. This might lead to higher memory usage and slower performance. XGBoost is running on: cuda:0, while the input data is on: cpu.
Potential solutions:
- Use a data structure that matches the device ordinal in the booster.
- Set the device for booster before call to inplace_predict.

This warning will only be shown once.

  return func(**kwargs)
  [XGB     ] fit=1.5s | AUC-ROC=0.7604 AUC-PR=0.3101 TPR@2%FPR=0.3448

============================================================
[front_exterior_logo | convnext_base @ 714 | xgb]
============================================================
[front_exterior_logo/train] 9759 labeled rows, 5005 with images
  Authentic (0): 4858  |  Not-authentic (1): 147  |  Ratio: 33.0:1
  Loaded val split from /root/iris/src/01-dinov3/val_splits/front_exterior_logo_split.json  (train=4004, val=1001)
  Train: 4004 (118 pos) | Val: 1001 (29 pos)
  [XGB     ] fit=1.2s | AUC-ROC=0.8064 AUC-PR=0.2900 TPR@2%FPR=0.3793

============================================================
[front_exterior_logo | convnext_large @ 518 | xgb]
============================================================
[front_exterior_logo/train] 9759 labeled rows, 5005 with images
  Authentic (0): 4858  |  Not-authentic (1): 147  |  Ratio: 33.0:1
  Loaded val split from /root/iris/src/01-dinov3/val_splits/front_exterior_logo_split.json  (train=4004, val=1001)
  Train: 4004 (118 pos) | Val: 1001 (29 pos)
  [XGB     ] fit=1.4s | AUC-ROC=0.7570 AUC-PR=0.2991 TPR@2%FPR=0.4138

============================================================
[front_exterior_logo | convnext_large @ 714 | xgb]
============================================================
[front_exterior_logo/train] 9759 labeled rows, 5005 with images
  Authentic (0): 4858  |  Not-authentic (1): 147  |  Ratio: 33.0:1
  Loaded val split from /root/iris/src/01-dinov3/val_splits/front_exterior_logo_split.json  (train=4004, val=1001)
  Train: 4004 (118 pos) | Val: 1001 (29 pos)
  [XGB     ] fit=1.4s | AUC-ROC=0.7797 AUC-PR=0.2792 TPR@2%FPR=0.3793

============================================================
[front_exterior_logo | convnext_small @ 518 | xgb]
============================================================
[front_exterior_logo/train] 9759 labeled rows, 5005 with images
  Authentic (0): 4858  |  Not-authentic (1): 147  |  Ratio: 33.0:1
  Loaded val split from /root/iris/src/01-dinov3/val_splits/front_exterior_logo_split.json  (train=4004, val=1001)
  Train: 4004 (118 pos) | Val: 1001 (29 pos)
  [XGB     ] fit=1.0s | AUC-ROC=0.7387 AUC-PR=0.3487 TPR@2%FPR=0.4138

============================================================
[front_exterior_logo | convnext_small @ 714 | xgb]
============================================================
[front_exterior_logo/train] 9759 labeled rows, 5005 with images
  Authentic (0): 4858  |  Not-authentic (1): 147  |  Ratio: 33.0:1
  Loaded val split from /root/iris/src/01-dinov3/val_splits/front_exterior_logo_split.json  (train=4004, val=1001)
  Train: 4004 (118 pos) | Val: 1001 (29 pos)
  [XGB     ] fit=1.1s | AUC-ROC=0.7498 AUC-PR=0.3329 TPR@2%FPR=0.4483

============================================================
[front_exterior_logo | convnext_tiny @ 518 | xgb]
============================================================
[front_exterior_logo/train] 9759 labeled rows, 5005 with images
  Authentic (0): 4858  |  Not-authentic (1): 147  |  Ratio: 33.0:1
  Loaded val split from /root/iris/src/01-dinov3/val_splits/front_exterior_logo_split.json  (train=4004, val=1001)
  Train: 4004 (118 pos) | Val: 1001 (29 pos)
  [XGB     ] fit=1.0s | AUC-ROC=0.7844 AUC-PR=0.3663 TPR@2%FPR=0.4483

============================================================
[front_exterior_logo | convnext_tiny @ 714 | xgb]
============================================================
[front_exterior_logo/train] 9759 labeled rows, 5005 with images
  Authentic (0): 4858  |  Not-authentic (1): 147  |  Ratio: 33.0:1
  Loaded val split from /root/iris/src/01-dinov3/val_splits/front_exterior_logo_split.json  (train=4004, val=1001)
  Train: 4004 (118 pos) | Val: 1001 (29 pos)
  [XGB     ] fit=1.0s | AUC-ROC=0.8104 AUC-PR=0.3809 TPR@2%FPR=0.4828

============================================================
[front_exterior_logo | vitb16 @ 518 | xgb]
============================================================
[front_exterior_logo/train] 9759 labeled rows, 5005 with images
  Authentic (0): 4858  |  Not-authentic (1): 147  |  Ratio: 33.0:1
  Loaded val split from /root/iris/src/01-dinov3/val_splits/front_exterior_logo_split.json  (train=4004, val=1001)
  Train: 4004 (118 pos) | Val: 1001 (29 pos)
  [XGB     ] fit=1.0s | AUC-ROC=0.7520 AUC-PR=0.3958 TPR@2%FPR=0.4483

============================================================
[front_exterior_logo | vitb16 @ 714 | xgb]
============================================================
[front_exterior_logo/train] 9759 labeled rows, 5005 with images
  Authentic (0): 4858  |  Not-authentic (1): 147  |  Ratio: 33.0:1
  Loaded val split from /root/iris/src/01-dinov3/val_splits/front_exterior_logo_split.json  (train=4004, val=1001)
  Train: 4004 (118 pos) | Val: 1001 (29 pos)
  [XGB     ] fit=1.0s | AUC-ROC=0.7267 AUC-PR=0.3235 TPR@2%FPR=0.3793

============================================================
[front_exterior_logo | vitl16 @ 518 | xgb]
============================================================
[front_exterior_logo/train] 9759 labeled rows, 5005 with images
  Authentic (0): 4858  |  Not-authentic (1): 147  |  Ratio: 33.0:1
  Loaded val split from /root/iris/src/01-dinov3/val_splits/front_exterior_logo_split.json  (train=4004, val=1001)
  Train: 4004 (118 pos) | Val: 1001 (29 pos)
  [XGB     ] fit=1.4s | AUC-ROC=0.7900 AUC-PR=0.3389 TPR@2%FPR=0.3793

============================================================
[front_exterior_logo | vitl16 @ 714 | xgb]
============================================================
[front_exterior_logo/train] 9759 labeled rows, 5005 with images
  Authentic (0): 4858  |  Not-authentic (1): 147  |  Ratio: 33.0:1
  Loaded val split from /root/iris/src/01-dinov3/val_splits/front_exterior_logo_split.json  (train=4004, val=1001)
  Train: 4004 (118 pos) | Val: 1001 (29 pos)
  [XGB     ] fit=1.1s | AUC-ROC=0.7725 AUC-PR=0.3721 TPR@2%FPR=0.4138

============================================================
[front_exterior_logo | vits16 @ 518 | xgb]
============================================================
[front_exterior_logo/train] 9759 labeled rows, 5005 with images
  Authentic (0): 4858  |  Not-authentic (1): 147  |  Ratio: 33.0:1
  Loaded val split from /root/iris/src/01-dinov3/val_splits/front_exterior_logo_split.json  (train=4004, val=1001)
  Train: 4004 (118 pos) | Val: 1001 (29 pos)
  [XGB     ] fit=0.8s | AUC-ROC=0.7509 AUC-PR=0.2915 TPR@2%FPR=0.3448

============================================================
[front_exterior_logo | vits16 @ 714 | xgb]
============================================================
[front_exterior_logo/train] 9759 labeled rows, 5005 with images
  Authentic (0): 4858  |  Not-authentic (1): 147  |  Ratio: 33.0:1
  Loaded val split from /root/iris/src/01-dinov3/val_splits/front_exterior_logo_split.json  (train=4004, val=1001)
  Train: 4004 (118 pos) | Val: 1001 (29 pos)
  [XGB     ] fit=0.8s | AUC-ROC=0.7230 AUC-PR=0.2248 TPR@2%FPR=0.2759

============================================================
SWEEP SUMMARY (AUC-ROC) — front_exterior_logo
============================================================
  convnext_base_518             xgb=0.7604
  convnext_base_714             xgb=0.8064
  convnext_large_518            xgb=0.7570
  convnext_large_714            xgb=0.7797
  convnext_small_518            xgb=0.7387
  convnext_small_714            xgb=0.7498
  convnext_tiny_518             xgb=0.7844
  convnext_tiny_714             xgb=0.8104
  vitb16_518                    xgb=0.7520
  vitb16_714                    xgb=0.7267
  vitl16_518                    xgb=0.7900
  vitl16_714                    xgb=0.7725
  vits16_518                    xgb=0.7509
  vits16_714                    xgb=0.7230
>>> GPU classifiers: CatBoost sweep
Device: cuda

============================================================
[front_exterior_logo | convnext_base @ 518 | catboost]
============================================================
[front_exterior_logo/train] 9759 labeled rows, 5005 with images
  Authentic (0): 4858  |  Not-authentic (1): 147  |  Ratio: 33.0:1
  Loaded val split from /root/iris/src/01-dinov3/val_splits/front_exterior_logo_split.json  (train=4004, val=1001)
  Train: 4004 (118 pos) | Val: 1001 (29 pos)
Default metric period is 5 because AUC is/are not implemented for GPU
  [CATBOOST] fit=2.3s | AUC-ROC=0.7825 AUC-PR=0.3020 TPR@2%FPR=0.3448

============================================================
[front_exterior_logo | convnext_base @ 714 | catboost]
============================================================
[front_exterior_logo/train] 9759 labeled rows, 5005 with images
  Authentic (0): 4858  |  Not-authentic (1): 147  |  Ratio: 33.0:1
  Loaded val split from /root/iris/src/01-dinov3/val_splits/front_exterior_logo_split.json  (train=4004, val=1001)
  Train: 4004 (118 pos) | Val: 1001 (29 pos)
Default metric period is 5 because AUC is/are not implemented for GPU
  [CATBOOST] fit=2.2s | AUC-ROC=0.7966 AUC-PR=0.2880 TPR@2%FPR=0.3103

============================================================
[front_exterior_logo | convnext_large @ 518 | catboost]
============================================================
[front_exterior_logo/train] 9759 labeled rows, 5005 with images
  Authentic (0): 4858  |  Not-authentic (1): 147  |  Ratio: 33.0:1
  Loaded val split from /root/iris/src/01-dinov3/val_splits/front_exterior_logo_split.json  (train=4004, val=1001)
  Train: 4004 (118 pos) | Val: 1001 (29 pos)
Default metric period is 5 because AUC is/are not implemented for GPU
  [CATBOOST] fit=2.7s | AUC-ROC=0.7745 AUC-PR=0.2958 TPR@2%FPR=0.4138

============================================================
[front_exterior_logo | convnext_large @ 714 | catboost]
============================================================
[front_exterior_logo/train] 9759 labeled rows, 5005 with images
  Authentic (0): 4858  |  Not-authentic (1): 147  |  Ratio: 33.0:1
  Loaded val split from /root/iris/src/01-dinov3/val_splits/front_exterior_logo_split.json  (train=4004, val=1001)
  Train: 4004 (118 pos) | Val: 1001 (29 pos)
Default metric period is 5 because AUC is/are not implemented for GPU
  [CATBOOST] fit=2.9s | AUC-ROC=0.7912 AUC-PR=0.3102 TPR@2%FPR=0.3793

============================================================
[front_exterior_logo | convnext_small @ 518 | catboost]
============================================================
[front_exterior_logo/train] 9759 labeled rows, 5005 with images
  Authentic (0): 4858  |  Not-authentic (1): 147  |  Ratio: 33.0:1
  Loaded val split from /root/iris/src/01-dinov3/val_splits/front_exterior_logo_split.json  (train=4004, val=1001)
  Train: 4004 (118 pos) | Val: 1001 (29 pos)
Default metric period is 5 because AUC is/are not implemented for GPU
  [CATBOOST] fit=2.0s | AUC-ROC=0.7488 AUC-PR=0.1204 TPR@2%FPR=0.1724

============================================================
[front_exterior_logo | convnext_small @ 714 | catboost]
============================================================
[front_exterior_logo/train] 9759 labeled rows, 5005 with images
  Authentic (0): 4858  |  Not-authentic (1): 147  |  Ratio: 33.0:1
  Loaded val split from /root/iris/src/01-dinov3/val_splits/front_exterior_logo_split.json  (train=4004, val=1001)
  Train: 4004 (118 pos) | Val: 1001 (29 pos)
Default metric period is 5 because AUC is/are not implemented for GPU
  [CATBOOST] fit=1.9s | AUC-ROC=0.7443 AUC-PR=0.2989 TPR@2%FPR=0.4138

============================================================
[front_exterior_logo | convnext_tiny @ 518 | catboost]
============================================================
[front_exterior_logo/train] 9759 labeled rows, 5005 with images
  Authentic (0): 4858  |  Not-authentic (1): 147  |  Ratio: 33.0:1
  Loaded val split from /root/iris/src/01-dinov3/val_splits/front_exterior_logo_split.json  (train=4004, val=1001)
  Train: 4004 (118 pos) | Val: 1001 (29 pos)
Default metric period is 5 because AUC is/are not implemented for GPU
  [CATBOOST] fit=1.9s | AUC-ROC=0.8017 AUC-PR=0.2627 TPR@2%FPR=0.2759

============================================================
[front_exterior_logo | convnext_tiny @ 714 | catboost]
============================================================
[front_exterior_logo/train] 9759 labeled rows, 5005 with images
  Authentic (0): 4858  |  Not-authentic (1): 147  |  Ratio: 33.0:1
  Loaded val split from /root/iris/src/01-dinov3/val_splits/front_exterior_logo_split.json  (train=4004, val=1001)
  Train: 4004 (118 pos) | Val: 1001 (29 pos)
Default metric period is 5 because AUC is/are not implemented for GPU
  [CATBOOST] fit=2.0s | AUC-ROC=0.8151 AUC-PR=0.3848 TPR@2%FPR=0.3793

============================================================
[front_exterior_logo | vitb16 @ 518 | catboost]
============================================================
[front_exterior_logo/train] 9759 labeled rows, 5005 with images
  Authentic (0): 4858  |  Not-authentic (1): 147  |  Ratio: 33.0:1
  Loaded val split from /root/iris/src/01-dinov3/val_splits/front_exterior_logo_split.json  (train=4004, val=1001)
  Train: 4004 (118 pos) | Val: 1001 (29 pos)
Default metric period is 5 because AUC is/are not implemented for GPU
  [CATBOOST] fit=2.0s | AUC-ROC=0.7717 AUC-PR=0.2336 TPR@2%FPR=0.3103

============================================================
[front_exterior_logo | vitb16 @ 714 | catboost]
============================================================
[front_exterior_logo/train] 9759 labeled rows, 5005 with images
  Authentic (0): 4858  |  Not-authentic (1): 147  |  Ratio: 33.0:1
  Loaded val split from /root/iris/src/01-dinov3/val_splits/front_exterior_logo_split.json  (train=4004, val=1001)
  Train: 4004 (118 pos) | Val: 1001 (29 pos)
Default metric period is 5 because AUC is/are not implemented for GPU
  [CATBOOST] fit=2.0s | AUC-ROC=0.7620 AUC-PR=0.2290 TPR@2%FPR=0.2414

============================================================
[front_exterior_logo | vitl16 @ 518 | catboost]
============================================================
[front_exterior_logo/train] 9759 labeled rows, 5005 with images
  Authentic (0): 4858  |  Not-authentic (1): 147  |  Ratio: 33.0:1
  Loaded val split from /root/iris/src/01-dinov3/val_splits/front_exterior_logo_split.json  (train=4004, val=1001)
  Train: 4004 (118 pos) | Val: 1001 (29 pos)
Default metric period is 5 because AUC is/are not implemented for GPU
  [CATBOOST] fit=2.3s | AUC-ROC=0.7903 AUC-PR=0.3501 TPR@2%FPR=0.3793

============================================================
[front_exterior_logo | vitl16 @ 714 | catboost]
============================================================
[front_exterior_logo/train] 9759 labeled rows, 5005 with images
  Authentic (0): 4858  |  Not-authentic (1): 147  |  Ratio: 33.0:1
  Loaded val split from /root/iris/src/01-dinov3/val_splits/front_exterior_logo_split.json  (train=4004, val=1001)
  Train: 4004 (118 pos) | Val: 1001 (29 pos)
Default metric period is 5 because AUC is/are not implemented for GPU
  [CATBOOST] fit=2.2s | AUC-ROC=0.7833 AUC-PR=0.3125 TPR@2%FPR=0.4138

============================================================
[front_exterior_logo | vits16 @ 518 | catboost]
============================================================
[front_exterior_logo/train] 9759 labeled rows, 5005 with images
  Authentic (0): 4858  |  Not-authentic (1): 147  |  Ratio: 33.0:1
  Loaded val split from /root/iris/src/01-dinov3/val_splits/front_exterior_logo_split.json  (train=4004, val=1001)
  Train: 4004 (118 pos) | Val: 1001 (29 pos)
Default metric period is 5 because AUC is/are not implemented for GPU
  [CATBOOST] fit=1.4s | AUC-ROC=0.7574 AUC-PR=0.3060 TPR@2%FPR=0.3793

============================================================
[front_exterior_logo | vits16 @ 714 | catboost]
============================================================
[front_exterior_logo/train] 9759 labeled rows, 5005 with images
  Authentic (0): 4858  |  Not-authentic (1): 147  |  Ratio: 33.0:1
  Loaded val split from /root/iris/src/01-dinov3/val_splits/front_exterior_logo_split.json  (train=4004, val=1001)
  Train: 4004 (118 pos) | Val: 1001 (29 pos)
Default metric period is 5 because AUC is/are not implemented for GPU
  [CATBOOST] fit=1.5s | AUC-ROC=0.7605 AUC-PR=0.2974 TPR@2%FPR=0.3793

============================================================
SWEEP SUMMARY (AUC-ROC) — front_exterior_logo
============================================================
  convnext_base_518             catboost=0.7825
  convnext_base_714             catboost=0.7966
  convnext_large_518            catboost=0.7745
  convnext_large_714            catboost=0.7912
  convnext_small_518            catboost=0.7488
  convnext_small_714            catboost=0.7443
  convnext_tiny_518             catboost=0.8017
  convnext_tiny_714             catboost=0.8151
  vitb16_518                    catboost=0.7717
  vitb16_714                    catboost=0.7620
  vitl16_518                    catboost=0.7903
  vitl16_714                    catboost=0.7833
  vits16_518                    catboost=0.7574
  vits16_714                    catboost=0.7605
>>> GPU classifiers: LightGBM sweep
Device: cuda

============================================================
[front_exterior_logo | convnext_base @ 518 | lgbm]
============================================================
[front_exterior_logo/train] 9759 labeled rows, 5005 with images
  Authentic (0): 4858  |  Not-authentic (1): 147  |  Ratio: 33.0:1
  Loaded val split from /root/iris/src/01-dinov3/val_splits/front_exterior_logo_split.json  (train=4004, val=1001)
  Train: 4004 (118 pos) | Val: 1001 (29 pos)
/root/.venv/lib/python3.12/site-packages/sklearn/utils/validation.py:2691: UserWarning: X does not have valid feature names, but LGBMClassifier was fitted with feature names
  warnings.warn(
  [LGBM    ] fit=559.2s | AUC-ROC=0.7692 AUC-PR=0.3373 TPR@2%FPR=0.4138

============================================================
[front_exterior_logo | convnext_base @ 714 | lgbm]
============================================================
[front_exterior_logo/train] 9759 labeled rows, 5005 with images
  Authentic (0): 4858  |  Not-authentic (1): 147  |  Ratio: 33.0:1
  Loaded val split from /root/iris/src/01-dinov3/val_splits/front_exterior_logo_split.json  (train=4004, val=1001)
  Train: 4004 (118 pos) | Val: 1001 (29 pos)
/root/.venv/lib/python3.12/site-packages/sklearn/utils/validation.py:2691: UserWarning: X does not have valid feature names, but LGBMClassifier was fitted with feature names
  warnings.warn(
  [LGBM    ] fit=1305.6s | AUC-ROC=0.8081 AUC-PR=0.3177 TPR@2%FPR=0.3793

============================================================
[front_exterior_logo | convnext_large @ 518 | lgbm]
============================================================
[front_exterior_logo/train] 9759 labeled rows, 5005 with images
  Authentic (0): 4858  |  Not-authentic (1): 147  |  Ratio: 33.0:1
  Loaded val split from /root/iris/src/01-dinov3/val_splits/front_exterior_logo_split.json  (train=4004, val=1001)
  Train: 4004 (118 pos) | Val: 1001 (29 pos)
/root/.venv/lib/python3.12/site-packages/sklearn/utils/validation.py:2691: UserWarning: X does not have valid feature names, but LGBMClassifier was fitted with feature names
  warnings.warn(
  [LGBM    ] fit=1509.2s | AUC-ROC=0.7546 AUC-PR=0.2952 TPR@2%FPR=0.3793

============================================================
[front_exterior_logo | convnext_large @ 714 | lgbm]
============================================================
[front_exterior_logo/train] 9759 labeled rows, 5005 with images
  Authentic (0): 4858  |  Not-authentic (1): 147  |  Ratio: 33.0:1
  Loaded val split from /root/iris/src/01-dinov3/val_splits/front_exterior_logo_split.json  (train=4004, val=1001)
  Train: 4004 (118 pos) | Val: 1001 (29 pos)
/root/.venv/lib/python3.12/site-packages/sklearn/utils/validation.py:2691: UserWarning: X does not have valid feature names, but LGBMClassifier was fitted with feature names
  warnings.warn(
  [LGBM    ] fit=1596.2s | AUC-ROC=0.7569 AUC-PR=0.3373 TPR@2%FPR=0.4138

============================================================
[front_exterior_logo | convnext_small @ 518 | lgbm]
============================================================
[front_exterior_logo/train] 9759 labeled rows, 5005 with images
  Authentic (0): 4858  |  Not-authentic (1): 147  |  Ratio: 33.0:1
  Loaded val split from /root/iris/src/01-dinov3/val_splits/front_exterior_logo_split.json  (train=4004, val=1001)
  Train: 4004 (118 pos) | Val: 1001 (29 pos)
/root/.venv/lib/python3.12/site-packages/sklearn/utils/validation.py:2691: UserWarning: X does not have valid feature names, but LGBMClassifier was fitted with feature names
  warnings.warn(
  [LGBM    ] fit=1538.9s | AUC-ROC=0.6711 AUC-PR=0.3863 TPR@2%FPR=0.4138

============================================================
[front_exterior_logo | convnext_small @ 714 | lgbm]
============================================================
[front_exterior_logo/train] 9759 labeled rows, 5005 with images
  Authentic (0): 4858  |  Not-authentic (1): 147  |  Ratio: 33.0:1
  Loaded val split from /root/iris/src/01-dinov3/val_splits/front_exterior_logo_split.json  (train=4004, val=1001)
  Train: 4004 (118 pos) | Val: 1001 (29 pos)
/root/.venv/lib/python3.12/site-packages/sklearn/utils/validation.py:2691: UserWarning: X does not have valid feature names, but LGBMClassifier was fitted with feature names
  warnings.warn(
  [LGBM    ] fit=1537.7s | AUC-ROC=0.7671 AUC-PR=0.2874 TPR@2%FPR=0.3793

============================================================
[front_exterior_logo | convnext_tiny @ 518 | lgbm]
============================================================
[front_exterior_logo/train] 9759 labeled rows, 5005 with images
  Authentic (0): 4858  |  Not-authentic (1): 147  |  Ratio: 33.0:1
  Loaded val split from /root/iris/src/01-dinov3/val_splits/front_exterior_logo_split.json  (train=4004, val=1001)
  Train: 4004 (118 pos) | Val: 1001 (29 pos)
/root/.venv/lib/python3.12/site-packages/sklearn/utils/validation.py:2691: UserWarning: X does not have valid feature names, but LGBMClassifier was fitted with feature names
  warnings.warn(
  [LGBM    ] fit=1648.4s | AUC-ROC=0.8197 AUC-PR=0.3804 TPR@2%FPR=0.4138

============================================================
[front_exterior_logo | convnext_tiny @ 714 | lgbm]
============================================================
[front_exterior_logo/train] 9759 labeled rows, 5005 with images
  Authentic (0): 4858  |  Not-authentic (1): 147  |  Ratio: 33.0:1
  Loaded val split from /root/iris/src/01-dinov3/val_splits/front_exterior_logo_split.json  (train=4004, val=1001)
  Train: 4004 (118 pos) | Val: 1001 (29 pos)
/root/.venv/lib/python3.12/site-packages/sklearn/utils/validation.py:2691: UserWarning: X does not have valid feature names, but LGBMClassifier was fitted with feature names
  warnings.warn(
  [LGBM    ] fit=1577.2s | AUC-ROC=0.7801 AUC-PR=0.3525 TPR@2%FPR=0.4138

============================================================
[front_exterior_logo | vitb16 @ 518 | lgbm]
============================================================
[front_exterior_logo/train] 9759 labeled rows, 5005 with images
  Authentic (0): 4858  |  Not-authentic (1): 147  |  Ratio: 33.0:1
  Loaded val split from /root/iris/src/01-dinov3/val_splits/front_exterior_logo_split.json  (train=4004, val=1001)
  Train: 4004 (118 pos) | Val: 1001 (29 pos)
/root/.venv/lib/python3.12/site-packages/sklearn/utils/validation.py:2691: UserWarning: X does not have valid feature names, but LGBMClassifier was fitted with feature names
  warnings.warn(
  [LGBM    ] fit=1630.4s | AUC-ROC=0.7167 AUC-PR=0.3673 TPR@2%FPR=0.4138

============================================================
[front_exterior_logo | vitb16 @ 714 | lgbm]
============================================================
[front_exterior_logo/train] 9759 labeled rows, 5005 with images
  Authentic (0): 4858  |  Not-authentic (1): 147  |  Ratio: 33.0:1
  Loaded val split from /root/iris/src/01-dinov3/val_splits/front_exterior_logo_split.json  (train=4004, val=1001)
  Train: 4004 (118 pos) | Val: 1001 (29 pos)
/root/.venv/lib/python3.12/site-packages/sklearn/utils/validation.py:2691: UserWarning: X does not have valid feature names, but LGBMClassifier was fitted with feature names
  warnings.warn(
  [LGBM    ] fit=1559.5s | AUC-ROC=0.7339 AUC-PR=0.2879 TPR@2%FPR=0.3793

============================================================
[front_exterior_logo | vitl16 @ 518 | lgbm]
============================================================
[front_exterior_logo/train] 9759 labeled rows, 5005 with images
  Authentic (0): 4858  |  Not-authentic (1): 147  |  Ratio: 33.0:1
  Loaded val split from /root/iris/src/01-dinov3/val_splits/front_exterior_logo_split.json  (train=4004, val=1001)
  Train: 4004 (118 pos) | Val: 1001 (29 pos)
/root/.venv/lib/python3.12/site-packages/sklearn/utils/validation.py:2691: UserWarning: X does not have valid feature names, but LGBMClassifier was fitted with feature names
  warnings.warn(
  [LGBM    ] fit=1567.8s | AUC-ROC=0.7749 AUC-PR=0.3311 TPR@2%FPR=0.3793

============================================================
[front_exterior_logo | vitl16 @ 714 | lgbm]
============================================================
[front_exterior_logo/train] 9759 labeled rows, 5005 with images
  Authentic (0): 4858  |  Not-authentic (1): 147  |  Ratio: 33.0:1
  Loaded val split from /root/iris/src/01-dinov3/val_splits/front_exterior_logo_split.json  (train=4004, val=1001)
  Train: 4004 (118 pos) | Val: 1001 (29 pos)
/root/.venv/lib/python3.12/site-packages/sklearn/utils/validation.py:2691: UserWarning: X does not have valid feature names, but LGBMClassifier was fitted with feature names
  warnings.warn(
  [LGBM    ] fit=1559.6s | AUC-ROC=0.7579 AUC-PR=0.3545 TPR@2%FPR=0.4138

============================================================
[front_exterior_logo | vits16 @ 518 | lgbm]
============================================================
[front_exterior_logo/train] 9759 labeled rows, 5005 with images
  Authentic (0): 4858  |  Not-authentic (1): 147  |  Ratio: 33.0:1
  Loaded val split from /root/iris/src/01-dinov3/val_splits/front_exterior_logo_split.json  (train=4004, val=1001)
  Train: 4004 (118 pos) | Val: 1001 (29 pos)
/root/.venv/lib/python3.12/site-packages/sklearn/utils/validation.py:2691: UserWarning: X does not have valid feature names, but LGBMClassifier was fitted with feature names
  warnings.warn(
  [LGBM    ] fit=1451.8s | AUC-ROC=0.7109 AUC-PR=0.3040 TPR@2%FPR=0.3448

============================================================
[front_exterior_logo | vits16 @ 714 | lgbm]
============================================================
[front_exterior_logo/train] 9759 labeled rows, 5005 with images
  Authentic (0): 4858  |  Not-authentic (1): 147  |  Ratio: 33.0:1
  Loaded val split from /root/iris/src/01-dinov3/val_splits/front_exterior_logo_split.json  (train=4004, val=1001)
  Train: 4004 (118 pos) | Val: 1001 (29 pos)
/root/.venv/lib/python3.12/site-packages/sklearn/utils/validation.py:2691: UserWarning: X does not have valid feature names, but LGBMClassifier was fitted with feature names
  warnings.warn(
  [LGBM    ] fit=1405.4s | AUC-ROC=0.7386 AUC-PR=0.2913 TPR@2%FPR=0.3103

============================================================
SWEEP SUMMARY (AUC-ROC) — front_exterior_logo
============================================================
  convnext_base_518             lgbm=0.7692
  convnext_base_714             lgbm=0.8081
  convnext_large_518            lgbm=0.7546
  convnext_large_714            lgbm=0.7569
  convnext_small_518            lgbm=0.6711
  convnext_small_714            lgbm=0.7671
  convnext_tiny_518             lgbm=0.8197
  convnext_tiny_714             lgbm=0.7801
  vitb16_518                    lgbm=0.7167
  vitb16_714                    lgbm=0.7339
  vitl16_518                    lgbm=0.7749
  vitl16_714                    lgbm=0.7579
  vits16_518                    lgbm=0.7109
  vits16_714                    lgbm=0.7386
>>> Finetune: vitb16 @ 518 -- already done
>>> Finetune: vitb16 @ 714 -- already done
>>> Finetune: vitl16 @ 518 -- already done
>>> Finetune: vitl16 @ 714 -- already done
>>> Finetuned ML: vitb16 @ 518
Device: cuda

============================================================
[front_exterior_logo | vitb16 @ 518 | finetuned -> ML]
============================================================
  Loading finetuned checkpoint from /root/iris/src/01-dinov3/checkpoints/front_exterior_logo/vitb16_518_finetune_best.pt ...
`torch_dtype` is deprecated! Use `dtype` instead!
Loading weights:   0%|          | 0/211 [00:00<?, ?it/s]Loading weights: 100%|██████████| 211/211 [00:00<00:00, 5908.65it/s]
[front_exterior_logo/train] 9759 labeled rows, 5005 with images
  Authentic (0): 4858  |  Not-authentic (1): 147  |  Ratio: 33.0:1
  Extracting finetuned features at 518x518 ...
    Batch 1/313
    Batch 20/313
    Batch 40/313
    Batch 60/313
    Batch 80/313
    Batch 100/313
    Batch 120/313
    Batch 140/313
    Batch 160/313
    Batch 180/313
    Batch 200/313
    Batch 220/313
    Batch 240/313
    Batch 260/313
    Batch 280/313
    Batch 300/313
  Done: torch.Size([5005, 768]) in 42.3s
[front_exterior_logo/train] 9759 labeled rows, 5005 with images
  Authentic (0): 4858  |  Not-authentic (1): 147  |  Ratio: 33.0:1
  Loaded val split from /root/iris/src/01-dinov3/val_splits/front_exterior_logo_split.json  (train=4004, val=1001)
  Train: 4004 (118 pos) | Val: 1001 (29 pos)
/root/.venv/lib/python3.12/site-packages/xgboost/core.py:751: UserWarning: [05:05:23] WARNING: /__w/xgboost/xgboost/src/common/error_msg.cc:62: Falling back to prediction using DMatrix due to mismatched devices. This might lead to higher memory usage and slower performance. XGBoost is running on: cuda:0, while the input data is on: cpu.
Potential solutions:
- Use a data structure that matches the device ordinal in the booster.
- Set the device for booster before call to inplace_predict.

This warning will only be shown once.

  return func(**kwargs)
  [XGB     ] fit=3.1s | AUC-ROC=0.7482 AUC-PR=0.3307 TPR@2%FPR=0.2759
  [SVM     ] fit=3.6s | AUC-ROC=0.7697 AUC-PR=0.3496 TPR@2%FPR=0.4483
Default metric period is 5 because AUC is/are not implemented for GPU
  [CATBOOST] fit=23.1s | AUC-ROC=0.7517 AUC-PR=0.3490 TPR@2%FPR=0.3793
/root/.venv/lib/python3.12/site-packages/sklearn/utils/validation.py:2691: UserWarning: X does not have valid feature names, but LGBMClassifier was fitted with feature names
  warnings.warn(
  [LGBM    ] fit=1147.1s | AUC-ROC=0.7737 AUC-PR=0.3358 TPR@2%FPR=0.3448
>>> Finetuned ML: vitb16 @ 714
Device: cuda

============================================================
[front_exterior_logo | vitb16 @ 714 | finetuned -> ML]
============================================================
  Loading finetuned checkpoint from /root/iris/src/01-dinov3/checkpoints/front_exterior_logo/vitb16_714_finetune_best.pt ...
`torch_dtype` is deprecated! Use `dtype` instead!
Loading weights:   0%|          | 0/211 [00:00<?, ?it/s]Loading weights: 100%|██████████| 211/211 [00:00<00:00, 64466.65it/s]
[front_exterior_logo/train] 9759 labeled rows, 5005 with images
  Authentic (0): 4858  |  Not-authentic (1): 147  |  Ratio: 33.0:1
  Extracting finetuned features at 714x714 ...
    Batch 1/313
    Batch 20/313
    Batch 40/313
    Batch 60/313
    Batch 80/313
    Batch 100/313
    Batch 120/313
    Batch 140/313
    Batch 160/313
    Batch 180/313
    Batch 200/313
    Batch 220/313
    Batch 240/313
    Batch 260/313
    Batch 280/313
    Batch 300/313
  Done: torch.Size([5005, 768]) in 68.8s
[front_exterior_logo/train] 9759 labeled rows, 5005 with images
  Authentic (0): 4858  |  Not-authentic (1): 147  |  Ratio: 33.0:1
  Loaded val split from /root/iris/src/01-dinov3/val_splits/front_exterior_logo_split.json  (train=4004, val=1001)
  Train: 4004 (118 pos) | Val: 1001 (29 pos)
/root/.venv/lib/python3.12/site-packages/xgboost/core.py:751: UserWarning: [05:28:38] WARNING: /__w/xgboost/xgboost/src/common/error_msg.cc:62: Falling back to prediction using DMatrix due to mismatched devices. This might lead to higher memory usage and slower performance. XGBoost is running on: cuda:0, while the input data is on: cpu.
Potential solutions:
- Use a data structure that matches the device ordinal in the booster.
- Set the device for booster before call to inplace_predict.

This warning will only be shown once.

  return func(**kwargs)
  [XGB     ] fit=1.6s | AUC-ROC=0.7669 AUC-PR=0.3871 TPR@2%FPR=0.4483
  [SVM     ] fit=1.1s | AUC-ROC=0.8189 AUC-PR=0.3960 TPR@2%FPR=0.4483
Default metric period is 5 because AUC is/are not implemented for GPU
  [CATBOOST] fit=4.0s | AUC-ROC=0.7771 AUC-PR=0.2298 TPR@2%FPR=0.2414
/root/.venv/lib/python3.12/site-packages/sklearn/utils/validation.py:2691: UserWarning: X does not have valid feature names, but LGBMClassifier was fitted with feature names
  warnings.warn(
  [LGBM    ] fit=1096.0s | AUC-ROC=0.7627 AUC-PR=0.3783 TPR@2%FPR=0.4138
>>> Finetuned ML: vitl16 @ 518
Device: cuda

============================================================
[front_exterior_logo | vitl16 @ 518 | finetuned -> ML]
============================================================
  Loading finetuned checkpoint from /root/iris/src/01-dinov3/checkpoints/front_exterior_logo/vitl16_518_finetune_best.pt ...
`torch_dtype` is deprecated! Use `dtype` instead!
Loading weights:   0%|          | 0/415 [00:00<?, ?it/s]Loading weights: 100%|██████████| 415/415 [00:00<00:00, 17685.80it/s]
[front_exterior_logo/train] 9759 labeled rows, 5005 with images
  Authentic (0): 4858  |  Not-authentic (1): 147  |  Ratio: 33.0:1
  Extracting finetuned features at 518x518 ...
    Batch 1/313
    Batch 20/313
    Batch 40/313
    Batch 60/313
    Batch 80/313
    Batch 100/313
    Batch 120/313
    Batch 140/313
    Batch 160/313
    Batch 180/313
    Batch 200/313
    Batch 220/313
    Batch 240/313
    Batch 260/313
    Batch 280/313
    Batch 300/313
  Done: torch.Size([5005, 1024]) in 81.3s
[front_exterior_logo/train] 9759 labeled rows, 5005 with images
  Authentic (0): 4858  |  Not-authentic (1): 147  |  Ratio: 33.0:1
  Loaded val split from /root/iris/src/01-dinov3/val_splits/front_exterior_logo_split.json  (train=4004, val=1001)
  Train: 4004 (118 pos) | Val: 1001 (29 pos)
/root/.venv/lib/python3.12/site-packages/xgboost/core.py:751: UserWarning: [05:51:25] WARNING: /__w/xgboost/xgboost/src/common/error_msg.cc:62: Falling back to prediction using DMatrix due to mismatched devices. This might lead to higher memory usage and slower performance. XGBoost is running on: cuda:0, while the input data is on: cpu.
Potential solutions:
- Use a data structure that matches the device ordinal in the booster.
- Set the device for booster before call to inplace_predict.

This warning will only be shown once.

  return func(**kwargs)
  [XGB     ] fit=3.7s | AUC-ROC=0.7743 AUC-PR=0.3341 TPR@2%FPR=0.4483
  [SVM     ] fit=6.2s | AUC-ROC=0.7712 AUC-PR=0.3162 TPR@2%FPR=0.4138
Default metric period is 5 because AUC is/are not implemented for GPU
  [CATBOOST] fit=19.4s | AUC-ROC=0.7681 AUC-PR=0.2796 TPR@2%FPR=0.4138
/root/.venv/lib/python3.12/site-packages/sklearn/utils/validation.py:2691: UserWarning: X does not have valid feature names, but LGBMClassifier was fitted with feature names
  warnings.warn(
  [LGBM    ] fit=1164.2s | AUC-ROC=0.7578 AUC-PR=0.3478 TPR@2%FPR=0.4138
>>> Finetuned ML: vitl16 @ 714
Device: cuda

============================================================
[front_exterior_logo | vitl16 @ 714 | finetuned -> ML]
============================================================
  Loading finetuned checkpoint from /root/iris/src/01-dinov3/checkpoints/front_exterior_logo/vitl16_714_finetune_best.pt ...
`torch_dtype` is deprecated! Use `dtype` instead!
Loading weights:   0%|          | 0/415 [00:00<?, ?it/s]Loading weights: 100%|██████████| 415/415 [00:00<00:00, 70479.66it/s]
[front_exterior_logo/train] 9759 labeled rows, 5005 with images
  Authentic (0): 4858  |  Not-authentic (1): 147  |  Ratio: 33.0:1
  Extracting finetuned features at 714x714 ...
    Batch 1/313
    Batch 20/313
    Batch 40/313
    Batch 60/313
    Batch 80/313
    Batch 100/313
    Batch 120/313
    Batch 140/313
    Batch 160/313
    Batch 180/313
    Batch 200/313
    Batch 220/313
    Batch 240/313
    Batch 260/313
    Batch 280/313
    Batch 300/313
  Done: torch.Size([5005, 1024]) in 180.8s
[front_exterior_logo/train] 9759 labeled rows, 5005 with images
  Authentic (0): 4858  |  Not-authentic (1): 147  |  Ratio: 33.0:1
  Loaded val split from /root/iris/src/01-dinov3/val_splits/front_exterior_logo_split.json  (train=4004, val=1001)
  Train: 4004 (118 pos) | Val: 1001 (29 pos)
/root/.venv/lib/python3.12/site-packages/xgboost/core.py:751: UserWarning: [06:17:21] WARNING: /__w/xgboost/xgboost/src/common/error_msg.cc:62: Falling back to prediction using DMatrix due to mismatched devices. This might lead to higher memory usage and slower performance. XGBoost is running on: cuda:0, while the input data is on: cpu.
Potential solutions:
- Use a data structure that matches the device ordinal in the booster.
- Set the device for booster before call to inplace_predict.

This warning will only be shown once.

  return func(**kwargs)
  [XGB     ] fit=3.7s | AUC-ROC=0.7515 AUC-PR=0.3910 TPR@2%FPR=0.4828
  [SVM     ] fit=4.1s | AUC-ROC=0.7473 AUC-PR=0.3691 TPR@2%FPR=0.4483
Default metric period is 5 because AUC is/are not implemented for GPU
  [CATBOOST] fit=19.1s | AUC-ROC=0.7604 AUC-PR=0.3805 TPR@2%FPR=0.4483
/root/.venv/lib/python3.12/site-packages/sklearn/utils/validation.py:2691: UserWarning: X does not have valid feature names, but LGBMClassifier was fitted with feature names
  warnings.warn(
  [LGBM    ] fit=623.8s | AUC-ROC=0.7666 AUC-PR=0.3948 TPR@2%FPR=0.4828
>>> GPU JOBS DONE: front_exterior_logo  Sun Mar 22 06:28:12 UTC 2026
