Device: cuda

============================================================
[front_exterior_logo | convnext_base @ 518 | svm]
============================================================
[front_exterior_logo/train] 9759 labeled rows, 5005 with images
  Authentic (0): 4858  |  Not-authentic (1): 147  |  Ratio: 33.0:1
  Loaded val split from /root/iris/src/01-dinov3/val_splits/front_exterior_logo_split.json  (train=4004, val=1001)
  Train: 4004 (118 pos) | Val: 1001 (29 pos)
  [SVM     ] fit=3.5s | AUC-ROC=0.7392 AUC-PR=0.2313 TPR@2%FPR=0.3448

============================================================
[front_exterior_logo | convnext_base @ 714 | svm]
============================================================
[front_exterior_logo/train] 9759 labeled rows, 5005 with images
  Authentic (0): 4858  |  Not-authentic (1): 147  |  Ratio: 33.0:1
  Loaded val split from /root/iris/src/01-dinov3/val_splits/front_exterior_logo_split.json  (train=4004, val=1001)
  Train: 4004 (118 pos) | Val: 1001 (29 pos)
  [SVM     ] fit=4.4s | AUC-ROC=0.7594 AUC-PR=0.2652 TPR@2%FPR=0.4138

============================================================
[front_exterior_logo | convnext_large @ 518 | svm]
============================================================
[front_exterior_logo/train] 9759 labeled rows, 5005 with images
  Authentic (0): 4858  |  Not-authentic (1): 147  |  Ratio: 33.0:1
  Loaded val split from /root/iris/src/01-dinov3/val_splits/front_exterior_logo_split.json  (train=4004, val=1001)
  Train: 4004 (118 pos) | Val: 1001 (29 pos)
  [SVM     ] fit=6.2s | AUC-ROC=0.7764 AUC-PR=0.2249 TPR@2%FPR=0.3793

============================================================
[front_exterior_logo | convnext_large @ 714 | svm]
============================================================
[front_exterior_logo/train] 9759 labeled rows, 5005 with images
  Authentic (0): 4858  |  Not-authentic (1): 147  |  Ratio: 33.0:1
  Loaded val split from /root/iris/src/01-dinov3/val_splits/front_exterior_logo_split.json  (train=4004, val=1001)
  Train: 4004 (118 pos) | Val: 1001 (29 pos)
  [SVM     ] fit=6.3s | AUC-ROC=0.7676 AUC-PR=0.2350 TPR@2%FPR=0.4138

============================================================
[front_exterior_logo | convnext_small @ 518 | svm]
============================================================
[front_exterior_logo/train] 9759 labeled rows, 5005 with images
  Authentic (0): 4858  |  Not-authentic (1): 147  |  Ratio: 33.0:1
  Loaded val split from /root/iris/src/01-dinov3/val_splits/front_exterior_logo_split.json  (train=4004, val=1001)
  Train: 4004 (118 pos) | Val: 1001 (29 pos)
  [SVM     ] fit=2.5s | AUC-ROC=0.6979 AUC-PR=0.3267 TPR@2%FPR=0.4138

============================================================
[front_exterior_logo | convnext_small @ 714 | svm]
============================================================
[front_exterior_logo/train] 9759 labeled rows, 5005 with images
  Authentic (0): 4858  |  Not-authentic (1): 147  |  Ratio: 33.0:1
  Loaded val split from /root/iris/src/01-dinov3/val_splits/front_exterior_logo_split.json  (train=4004, val=1001)
  Train: 4004 (118 pos) | Val: 1001 (29 pos)
  [SVM     ] fit=2.4s | AUC-ROC=0.7376 AUC-PR=0.2605 TPR@2%FPR=0.4483

============================================================
[front_exterior_logo | convnext_tiny @ 518 | svm]
============================================================
[front_exterior_logo/train] 9759 labeled rows, 5005 with images
  Authentic (0): 4858  |  Not-authentic (1): 147  |  Ratio: 33.0:1
  Loaded val split from /root/iris/src/01-dinov3/val_splits/front_exterior_logo_split.json  (train=4004, val=1001)
  Train: 4004 (118 pos) | Val: 1001 (29 pos)
  [SVM     ] fit=2.4s | AUC-ROC=0.7836 AUC-PR=0.3332 TPR@2%FPR=0.4483

============================================================
[front_exterior_logo | convnext_tiny @ 714 | svm]
============================================================
[front_exterior_logo/train] 9759 labeled rows, 5005 with images
  Authentic (0): 4858  |  Not-authentic (1): 147  |  Ratio: 33.0:1
  Loaded val split from /root/iris/src/01-dinov3/val_splits/front_exterior_logo_split.json  (train=4004, val=1001)
  Train: 4004 (118 pos) | Val: 1001 (29 pos)
  [SVM     ] fit=2.2s | AUC-ROC=0.8332 AUC-PR=0.3570 TPR@2%FPR=0.4483

============================================================
[front_exterior_logo | vitb16 @ 518 | svm]
============================================================
[front_exterior_logo/train] 9759 labeled rows, 5005 with images
  Authentic (0): 4858  |  Not-authentic (1): 147  |  Ratio: 33.0:1
  Loaded val split from /root/iris/src/01-dinov3/val_splits/front_exterior_logo_split.json  (train=4004, val=1001)
  Train: 4004 (118 pos) | Val: 1001 (29 pos)
  [SVM     ] fit=2.2s | AUC-ROC=0.6826 AUC-PR=0.3170 TPR@2%FPR=0.4483

============================================================
[front_exterior_logo | vitb16 @ 714 | svm]
============================================================
[front_exterior_logo/train] 9759 labeled rows, 5005 with images
  Authentic (0): 4858  |  Not-authentic (1): 147  |  Ratio: 33.0:1
  Loaded val split from /root/iris/src/01-dinov3/val_splits/front_exterior_logo_split.json  (train=4004, val=1001)
  Train: 4004 (118 pos) | Val: 1001 (29 pos)
  [SVM     ] fit=2.4s | AUC-ROC=0.6935 AUC-PR=0.2641 TPR@2%FPR=0.4138

============================================================
[front_exterior_logo | vitl16 @ 518 | svm]
============================================================
[front_exterior_logo/train] 9759 labeled rows, 5005 with images
  Authentic (0): 4858  |  Not-authentic (1): 147  |  Ratio: 33.0:1
  Loaded val split from /root/iris/src/01-dinov3/val_splits/front_exterior_logo_split.json  (train=4004, val=1001)
  Train: 4004 (118 pos) | Val: 1001 (29 pos)
  [SVM     ] fit=3.4s | AUC-ROC=0.7463 AUC-PR=0.2466 TPR@2%FPR=0.3448

============================================================
[front_exterior_logo | vitl16 @ 714 | svm]
============================================================
[front_exterior_logo/train] 9759 labeled rows, 5005 with images
  Authentic (0): 4858  |  Not-authentic (1): 147  |  Ratio: 33.0:1
  Loaded val split from /root/iris/src/01-dinov3/val_splits/front_exterior_logo_split.json  (train=4004, val=1001)
  Train: 4004 (118 pos) | Val: 1001 (29 pos)
  [SVM     ] fit=3.4s | AUC-ROC=0.7393 AUC-PR=0.3106 TPR@2%FPR=0.3793

============================================================
[front_exterior_logo | vits16 @ 518 | svm]
============================================================
[front_exterior_logo/train] 9759 labeled rows, 5005 with images
  Authentic (0): 4858  |  Not-authentic (1): 147  |  Ratio: 33.0:1
  Loaded val split from /root/iris/src/01-dinov3/val_splits/front_exterior_logo_split.json  (train=4004, val=1001)
  Train: 4004 (118 pos) | Val: 1001 (29 pos)
  [SVM     ] fit=1.4s | AUC-ROC=0.7467 AUC-PR=0.2545 TPR@2%FPR=0.3448

============================================================
[front_exterior_logo | vits16 @ 714 | svm]
============================================================
[front_exterior_logo/train] 9759 labeled rows, 5005 with images
  Authentic (0): 4858  |  Not-authentic (1): 147  |  Ratio: 33.0:1
  Loaded val split from /root/iris/src/01-dinov3/val_splits/front_exterior_logo_split.json  (train=4004, val=1001)
  Train: 4004 (118 pos) | Val: 1001 (29 pos)
  [SVM     ] fit=1.5s | AUC-ROC=0.7490 AUC-PR=0.1985 TPR@2%FPR=0.3103

============================================================
SWEEP SUMMARY (AUC-ROC) — front_exterior_logo
============================================================
  convnext_base_518             svm=0.7392
  convnext_base_714             svm=0.7594
  convnext_large_518            svm=0.7764
  convnext_large_714            svm=0.7676
  convnext_small_518            svm=0.6979
  convnext_small_714            svm=0.7376
  convnext_tiny_518             svm=0.7836
  convnext_tiny_714             svm=0.8332
  vitb16_518                    svm=0.6826
  vitb16_714                    svm=0.6935
  vitl16_518                    svm=0.7463
  vitl16_714                    svm=0.7393
  vits16_518                    svm=0.7467
  vits16_714                    svm=0.7490
>>> SVM DONE: front_exterior_logo  Sat Mar 21 23:00:01 UTC 2026
