>>> Finetune: vitl16 @ 714 -- already done
>>> Finetuned ML: vitl16 @ 714
Device: cuda

============================================================
[front_exterior_logo | vitl16 @ 714 | finetuned -> ML]
============================================================
  Loading finetuned checkpoint from /root/iris/src/01-dinov3/checkpoints/front_exterior_logo/vitl16_714_finetune_best.pt ...
`torch_dtype` is deprecated! Use `dtype` instead!
Loading weights:   0%|          | 0/415 [00:00<?, ?it/s]Loading weights: 100%|██████████| 415/415 [00:00<00:00, 14630.88it/s]
[front_exterior_logo/train] 9759 labeled rows, 5005 with images
  Authentic (0): 4858  |  Not-authentic (1): 147  |  Ratio: 33.0:1
  Extracting finetuned features at 714x714 ...
Traceback (most recent call last):
  File "/root/iris/src/01-dinov3/train_with_svm_xgb_lgbm_catboost_with_unfrozen_trained_dino.py", line 283, in <module>
    main()
  File "/root/iris/src/01-dinov3/train_with_svm_xgb_lgbm_catboost_with_unfrozen_trained_dino.py", line 278, in main
    run(args.region, args.model, args.resolution, args.classifiers,
  File "/root/iris/src/01-dinov3/train_with_svm_xgb_lgbm_catboost_with_unfrozen_trained_dino.py", line 179, in run
    features, labels_t, uuids = extract_finetuned_features(model, dataloader, device)
                                ^^^^^^^^^^^^^^^^^^^^^^^^^^^^^^^^^^^^^^^^^^^^^^^^^^^^^
  File "/root/.venv/lib/python3.12/site-packages/torch/utils/_contextlib.py", line 124, in decorate_context
    return func(*args, **kwargs)
           ^^^^^^^^^^^^^^^^^^^^^
  File "/root/iris/src/01-dinov3/train_with_svm_xgb_lgbm_catboost_with_unfrozen_trained_dino.py", line 56, in extract_finetuned_features
    pixel_values = pixel_values.to(device, dtype=torch.float32)
                   ^^^^^^^^^^^^^^^^^^^^^^^^^^^^^^^^^^^^^^^^^^^^
torch.OutOfMemoryError: CUDA out of memory. Tried to allocate 94.00 MiB. GPU 0 has a total capacity of 94.97 GiB of which 11.75 MiB is free. Process 649020 has 2.68 GiB memory in use. Including non-PyTorch memory, this process has 1.68 GiB memory in use. Process 649013 has 650.00 MiB memory in use. Process 649019 has 2.00 GiB memory in use. Process 649021 has 2.72 GiB memory in use. Process 649015 has 84.64 GiB memory in use. Process 649017 has 574.00 MiB memory in use. Of the allocated memory 1.13 GiB is allocated by PyTorch, and 12.65 MiB is reserved by PyTorch but unallocated. If reserved but unallocated memory is large try setting PYTORCH_ALLOC_CONF=expandable_segments:True to avoid fragmentation.  See documentation for Memory Management  (https://pytorch.org/docs/stable/notes/cuda.html#environment-variables)
