>>> GPU classifiers: XGBoost sweep
Device: cuda

============================================================
[front | convnext_base @ 518 | xgb]
============================================================
[front/train] 9759 labeled rows, 9627 with images
  Authentic (0): 9321  |  Not-authentic (1): 306  |  Ratio: 30.5:1
  Loaded val split from /root/iris/src/01-dinov3/val_splits/front_split.json  (train=7701, val=1926)
  Train: 7701 (245 pos) | Val: 1926 (61 pos)
/root/.venv/lib/python3.12/site-packages/xgboost/core.py:751: UserWarning: [22:54:42] WARNING: /__w/xgboost/xgboost/src/common/error_msg.cc:62: Falling back to prediction using DMatrix due to mismatched devices. This might lead to higher memory usage and slower performance. XGBoost is running on: cuda:0, while the input data is on: cpu.
Potential solutions:
- Use a data structure that matches the device ordinal in the booster.
- Set the device for booster before call to inplace_predict.

This warning will only be shown once.

  return func(**kwargs)
  [XGB     ] fit=1.4s | AUC-ROC=0.7471 AUC-PR=0.2542 TPR@2%FPR=0.2295

============================================================
[front | convnext_base @ 714 | xgb]
============================================================
[front/train] 9759 labeled rows, 9627 with images
  Authentic (0): 9321  |  Not-authentic (1): 306  |  Ratio: 30.5:1
  Loaded val split from /root/iris/src/01-dinov3/val_splits/front_split.json  (train=7701, val=1926)
  Train: 7701 (245 pos) | Val: 1926 (61 pos)
  [XGB     ] fit=1.3s | AUC-ROC=0.7210 AUC-PR=0.2539 TPR@2%FPR=0.2787

============================================================
[front | convnext_large @ 518 | xgb]
============================================================
[front/train] 9759 labeled rows, 9627 with images
  Authentic (0): 9321  |  Not-authentic (1): 306  |  Ratio: 30.5:1
  Loaded val split from /root/iris/src/01-dinov3/val_splits/front_split.json  (train=7701, val=1926)
  Train: 7701 (245 pos) | Val: 1926 (61 pos)
  [XGB     ] fit=1.6s | AUC-ROC=0.7340 AUC-PR=0.2222 TPR@2%FPR=0.2459

============================================================
[front | convnext_large @ 714 | xgb]
============================================================
[front/train] 9759 labeled rows, 9627 with images
  Authentic (0): 9321  |  Not-authentic (1): 306  |  Ratio: 30.5:1
  Loaded val split from /root/iris/src/01-dinov3/val_splits/front_split.json  (train=7701, val=1926)
  Train: 7701 (245 pos) | Val: 1926 (61 pos)
  [XGB     ] fit=1.6s | AUC-ROC=0.7484 AUC-PR=0.2422 TPR@2%FPR=0.2787

============================================================
[front | convnext_small @ 518 | xgb]
============================================================
[front/train] 9759 labeled rows, 9627 with images
  Authentic (0): 9321  |  Not-authentic (1): 306  |  Ratio: 30.5:1
  Loaded val split from /root/iris/src/01-dinov3/val_splits/front_split.json  (train=7701, val=1926)
  Train: 7701 (245 pos) | Val: 1926 (61 pos)
  [XGB     ] fit=1.1s | AUC-ROC=0.6968 AUC-PR=0.2793 TPR@2%FPR=0.3115

============================================================
[front | convnext_small @ 714 | xgb]
============================================================
[front/train] 9759 labeled rows, 9627 with images
  Authentic (0): 9321  |  Not-authentic (1): 306  |  Ratio: 30.5:1
  Loaded val split from /root/iris/src/01-dinov3/val_splits/front_split.json  (train=7701, val=1926)
  Train: 7701 (245 pos) | Val: 1926 (61 pos)
  [XGB     ] fit=1.1s | AUC-ROC=0.7016 AUC-PR=0.2728 TPR@2%FPR=0.2787

============================================================
[front | convnext_tiny @ 518 | xgb]
============================================================
[front/train] 9759 labeled rows, 9627 with images
  Authentic (0): 9321  |  Not-authentic (1): 306  |  Ratio: 30.5:1
  Loaded val split from /root/iris/src/01-dinov3/val_splits/front_split.json  (train=7701, val=1926)
  Train: 7701 (245 pos) | Val: 1926 (61 pos)
  [XGB     ] fit=1.1s | AUC-ROC=0.7049 AUC-PR=0.2426 TPR@2%FPR=0.2623

============================================================
[front | convnext_tiny @ 714 | xgb]
============================================================
[front/train] 9759 labeled rows, 9627 with images
  Authentic (0): 9321  |  Not-authentic (1): 306  |  Ratio: 30.5:1
  Loaded val split from /root/iris/src/01-dinov3/val_splits/front_split.json  (train=7701, val=1926)
  Train: 7701 (245 pos) | Val: 1926 (61 pos)
  [XGB     ] fit=1.1s | AUC-ROC=0.7409 AUC-PR=0.2884 TPR@2%FPR=0.2951

============================================================
[front | vitb16 @ 518 | xgb]
============================================================
[front/train] 9759 labeled rows, 9627 with images
  Authentic (0): 9321  |  Not-authentic (1): 306  |  Ratio: 30.5:1
  Loaded val split from /root/iris/src/01-dinov3/val_splits/front_split.json  (train=7701, val=1926)
  Train: 7701 (245 pos) | Val: 1926 (61 pos)
  [XGB     ] fit=1.1s | AUC-ROC=0.7388 AUC-PR=0.1833 TPR@2%FPR=0.2459

============================================================
[front | vitb16 @ 714 | xgb]
============================================================
[front/train] 9759 labeled rows, 9627 with images
  Authentic (0): 9321  |  Not-authentic (1): 306  |  Ratio: 30.5:1
  Loaded val split from /root/iris/src/01-dinov3/val_splits/front_split.json  (train=7701, val=1926)
  Train: 7701 (245 pos) | Val: 1926 (61 pos)
  [XGB     ] fit=1.2s | AUC-ROC=0.7359 AUC-PR=0.2096 TPR@2%FPR=0.2295

============================================================
[front | vitl16 @ 518 | xgb]
============================================================
[front/train] 9759 labeled rows, 9627 with images
  Authentic (0): 9321  |  Not-authentic (1): 306  |  Ratio: 30.5:1
  Loaded val split from /root/iris/src/01-dinov3/val_splits/front_split.json  (train=7701, val=1926)
  Train: 7701 (245 pos) | Val: 1926 (61 pos)
  [XGB     ] fit=1.3s | AUC-ROC=0.7032 AUC-PR=0.2592 TPR@2%FPR=0.3443

============================================================
[front | vitl16 @ 714 | xgb]
============================================================
[front/train] 9759 labeled rows, 9627 with images
  Authentic (0): 9321  |  Not-authentic (1): 306  |  Ratio: 30.5:1
  Loaded val split from /root/iris/src/01-dinov3/val_splits/front_split.json  (train=7701, val=1926)
  Train: 7701 (245 pos) | Val: 1926 (61 pos)
  [XGB     ] fit=1.4s | AUC-ROC=0.7343 AUC-PR=0.2860 TPR@2%FPR=0.3443

============================================================
[front | vits16 @ 518 | xgb]
============================================================
[front/train] 9759 labeled rows, 9627 with images
  Authentic (0): 9321  |  Not-authentic (1): 306  |  Ratio: 30.5:1
  Loaded val split from /root/iris/src/01-dinov3/val_splits/front_split.json  (train=7701, val=1926)
  Train: 7701 (245 pos) | Val: 1926 (61 pos)
  [XGB     ] fit=0.8s | AUC-ROC=0.7339 AUC-PR=0.2348 TPR@2%FPR=0.2295

============================================================
[front | vits16 @ 714 | xgb]
============================================================
[front/train] 9759 labeled rows, 9627 with images
  Authentic (0): 9321  |  Not-authentic (1): 306  |  Ratio: 30.5:1
  Loaded val split from /root/iris/src/01-dinov3/val_splits/front_split.json  (train=7701, val=1926)
  Train: 7701 (245 pos) | Val: 1926 (61 pos)
  [XGB     ] fit=0.8s | AUC-ROC=0.7313 AUC-PR=0.2126 TPR@2%FPR=0.1967

============================================================
SWEEP SUMMARY (AUC-ROC) — front
============================================================
  convnext_base_518             xgb=0.7471
  convnext_base_714             xgb=0.7210
  convnext_large_518            xgb=0.7340
  convnext_large_714            xgb=0.7484
  convnext_small_518            xgb=0.6968
  convnext_small_714            xgb=0.7016
  convnext_tiny_518             xgb=0.7049
  convnext_tiny_714             xgb=0.7409
  vitb16_518                    xgb=0.7388
  vitb16_714                    xgb=0.7359
  vitl16_518                    xgb=0.7032
  vitl16_714                    xgb=0.7343
  vits16_518                    xgb=0.7339
  vits16_714                    xgb=0.7313
>>> GPU classifiers: CatBoost sweep
Device: cuda

============================================================
[front | convnext_base @ 518 | catboost]
============================================================
[front/train] 9759 labeled rows, 9627 with images
  Authentic (0): 9321  |  Not-authentic (1): 306  |  Ratio: 30.5:1
  Loaded val split from /root/iris/src/01-dinov3/val_splits/front_split.json  (train=7701, val=1926)
  Train: 7701 (245 pos) | Val: 1926 (61 pos)
Default metric period is 5 because AUC is/are not implemented for GPU
  [CATBOOST] fit=2.6s | AUC-ROC=0.7457 AUC-PR=0.2244 TPR@2%FPR=0.2295

============================================================
[front | convnext_base @ 714 | catboost]
============================================================
[front/train] 9759 labeled rows, 9627 with images
  Authentic (0): 9321  |  Not-authentic (1): 306  |  Ratio: 30.5:1
  Loaded val split from /root/iris/src/01-dinov3/val_splits/front_split.json  (train=7701, val=1926)
  Train: 7701 (245 pos) | Val: 1926 (61 pos)
Default metric period is 5 because AUC is/are not implemented for GPU
  [CATBOOST] fit=2.5s | AUC-ROC=0.7475 AUC-PR=0.1168 TPR@2%FPR=0.1639

============================================================
[front | convnext_large @ 518 | catboost]
============================================================
[front/train] 9759 labeled rows, 9627 with images
  Authentic (0): 9321  |  Not-authentic (1): 306  |  Ratio: 30.5:1
  Loaded val split from /root/iris/src/01-dinov3/val_splits/front_split.json  (train=7701, val=1926)
  Train: 7701 (245 pos) | Val: 1926 (61 pos)
Default metric period is 5 because AUC is/are not implemented for GPU
  [CATBOOST] fit=3.1s | AUC-ROC=0.7265 AUC-PR=0.1900 TPR@2%FPR=0.2295

============================================================
[front | convnext_large @ 714 | catboost]
============================================================
[front/train] 9759 labeled rows, 9627 with images
  Authentic (0): 9321  |  Not-authentic (1): 306  |  Ratio: 30.5:1
  Loaded val split from /root/iris/src/01-dinov3/val_splits/front_split.json  (train=7701, val=1926)
  Train: 7701 (245 pos) | Val: 1926 (61 pos)
Default metric period is 5 because AUC is/are not implemented for GPU
  [CATBOOST] fit=4.4s | AUC-ROC=0.7315 AUC-PR=0.2203 TPR@2%FPR=0.2459

============================================================
[front | convnext_small @ 518 | catboost]
============================================================
[front/train] 9759 labeled rows, 9627 with images
  Authentic (0): 9321  |  Not-authentic (1): 306  |  Ratio: 30.5:1
  Loaded val split from /root/iris/src/01-dinov3/val_splits/front_split.json  (train=7701, val=1926)
  Train: 7701 (245 pos) | Val: 1926 (61 pos)
Default metric period is 5 because AUC is/are not implemented for GPU
  [CATBOOST] fit=3.9s | AUC-ROC=0.7016 AUC-PR=0.1700 TPR@2%FPR=0.2459

============================================================
[front | convnext_small @ 714 | catboost]
============================================================
[front/train] 9759 labeled rows, 9627 with images
  Authentic (0): 9321  |  Not-authentic (1): 306  |  Ratio: 30.5:1
  Loaded val split from /root/iris/src/01-dinov3/val_splits/front_split.json  (train=7701, val=1926)
  Train: 7701 (245 pos) | Val: 1926 (61 pos)
Default metric period is 5 because AUC is/are not implemented for GPU
  [CATBOOST] fit=4.7s | AUC-ROC=0.7277 AUC-PR=0.1627 TPR@2%FPR=0.1967

============================================================
[front | convnext_tiny @ 518 | catboost]
============================================================
[front/train] 9759 labeled rows, 9627 with images
  Authentic (0): 9321  |  Not-authentic (1): 306  |  Ratio: 30.5:1
  Loaded val split from /root/iris/src/01-dinov3/val_splits/front_split.json  (train=7701, val=1926)
  Train: 7701 (245 pos) | Val: 1926 (61 pos)
Default metric period is 5 because AUC is/are not implemented for GPU
  [CATBOOST] fit=3.9s | AUC-ROC=0.7110 AUC-PR=0.1209 TPR@2%FPR=0.1639

============================================================
[front | convnext_tiny @ 714 | catboost]
============================================================
[front/train] 9759 labeled rows, 9627 with images
  Authentic (0): 9321  |  Not-authentic (1): 306  |  Ratio: 30.5:1
  Loaded val split from /root/iris/src/01-dinov3/val_splits/front_split.json  (train=7701, val=1926)
  Train: 7701 (245 pos) | Val: 1926 (61 pos)
Default metric period is 5 because AUC is/are not implemented for GPU
  [CATBOOST] fit=3.9s | AUC-ROC=0.7458 AUC-PR=0.2254 TPR@2%FPR=0.2787

============================================================
[front | vitb16 @ 518 | catboost]
============================================================
[front/train] 9759 labeled rows, 9627 with images
  Authentic (0): 9321  |  Not-authentic (1): 306  |  Ratio: 30.5:1
  Loaded val split from /root/iris/src/01-dinov3/val_splits/front_split.json  (train=7701, val=1926)
  Train: 7701 (245 pos) | Val: 1926 (61 pos)
Default metric period is 5 because AUC is/are not implemented for GPU
  [CATBOOST] fit=2.9s | AUC-ROC=0.7609 AUC-PR=0.2040 TPR@2%FPR=0.1967

============================================================
[front | vitb16 @ 714 | catboost]
============================================================
[front/train] 9759 labeled rows, 9627 with images
  Authentic (0): 9321  |  Not-authentic (1): 306  |  Ratio: 30.5:1
  Loaded val split from /root/iris/src/01-dinov3/val_splits/front_split.json  (train=7701, val=1926)
  Train: 7701 (245 pos) | Val: 1926 (61 pos)
Default metric period is 5 because AUC is/are not implemented for GPU
  [CATBOOST] fit=10.2s | AUC-ROC=0.7437 AUC-PR=0.2210 TPR@2%FPR=0.2459

============================================================
[front | vitl16 @ 518 | catboost]
============================================================
[front/train] 9759 labeled rows, 9627 with images
  Authentic (0): 9321  |  Not-authentic (1): 306  |  Ratio: 30.5:1
  Loaded val split from /root/iris/src/01-dinov3/val_splits/front_split.json  (train=7701, val=1926)
  Train: 7701 (245 pos) | Val: 1926 (61 pos)
Default metric period is 5 because AUC is/are not implemented for GPU
  [CATBOOST] fit=12.9s | AUC-ROC=0.7209 AUC-PR=0.2309 TPR@2%FPR=0.2131

============================================================
[front | vitl16 @ 714 | catboost]
============================================================
[front/train] 9759 labeled rows, 9627 with images
  Authentic (0): 9321  |  Not-authentic (1): 306  |  Ratio: 30.5:1
  Loaded val split from /root/iris/src/01-dinov3/val_splits/front_split.json  (train=7701, val=1926)
  Train: 7701 (245 pos) | Val: 1926 (61 pos)
Default metric period is 5 because AUC is/are not implemented for GPU
  [CATBOOST] fit=5.7s | AUC-ROC=0.7559 AUC-PR=0.2195 TPR@2%FPR=0.2787

============================================================
[front | vits16 @ 518 | catboost]
============================================================
[front/train] 9759 labeled rows, 9627 with images
  Authentic (0): 9321  |  Not-authentic (1): 306  |  Ratio: 30.5:1
  Loaded val split from /root/iris/src/01-dinov3/val_splits/front_split.json  (train=7701, val=1926)
  Train: 7701 (245 pos) | Val: 1926 (61 pos)
Default metric period is 5 because AUC is/are not implemented for GPU
  [CATBOOST] fit=11.3s | AUC-ROC=0.7023 AUC-PR=0.1663 TPR@2%FPR=0.1803

============================================================
[front | vits16 @ 714 | catboost]
============================================================
[front/train] 9759 labeled rows, 9627 with images
  Authentic (0): 9321  |  Not-authentic (1): 306  |  Ratio: 30.5:1
  Loaded val split from /root/iris/src/01-dinov3/val_splits/front_split.json  (train=7701, val=1926)
  Train: 7701 (245 pos) | Val: 1926 (61 pos)
Default metric period is 5 because AUC is/are not implemented for GPU
  [CATBOOST] fit=15.2s | AUC-ROC=0.7194 AUC-PR=0.2020 TPR@2%FPR=0.2295

============================================================
SWEEP SUMMARY (AUC-ROC) — front
============================================================
  convnext_base_518             catboost=0.7457
  convnext_base_714             catboost=0.7475
  convnext_large_518            catboost=0.7265
  convnext_large_714            catboost=0.7315
  convnext_small_518            catboost=0.7016
  convnext_small_714            catboost=0.7277
  convnext_tiny_518             catboost=0.7110
  convnext_tiny_714             catboost=0.7458
  vitb16_518                    catboost=0.7609
  vitb16_714                    catboost=0.7437
  vitl16_518                    catboost=0.7209
  vitl16_714                    catboost=0.7559
  vits16_518                    catboost=0.7023
  vits16_714                    catboost=0.7194
>>> GPU classifiers: LightGBM sweep
Device: cuda

============================================================
[front | convnext_base @ 518 | lgbm]
============================================================
[front/train] 9759 labeled rows, 9627 with images
  Authentic (0): 9321  |  Not-authentic (1): 306  |  Ratio: 30.5:1
  Loaded val split from /root/iris/src/01-dinov3/val_splits/front_split.json  (train=7701, val=1926)
  Train: 7701 (245 pos) | Val: 1926 (61 pos)
/root/.venv/lib/python3.12/site-packages/sklearn/utils/validation.py:2691: UserWarning: X does not have valid feature names, but LGBMClassifier was fitted with feature names
  warnings.warn(
  [LGBM    ] fit=1724.5s | AUC-ROC=0.7526 AUC-PR=0.2531 TPR@2%FPR=0.2787

============================================================
[front | convnext_base @ 714 | lgbm]
============================================================
[front/train] 9759 labeled rows, 9627 with images
  Authentic (0): 9321  |  Not-authentic (1): 306  |  Ratio: 30.5:1
  Loaded val split from /root/iris/src/01-dinov3/val_splits/front_split.json  (train=7701, val=1926)
  Train: 7701 (245 pos) | Val: 1926 (61 pos)
/root/.venv/lib/python3.12/site-packages/sklearn/utils/validation.py:2691: UserWarning: X does not have valid feature names, but LGBMClassifier was fitted with feature names
  warnings.warn(
  [LGBM    ] fit=1787.5s | AUC-ROC=0.7117 AUC-PR=0.2302 TPR@2%FPR=0.2951

============================================================
[front | convnext_large @ 518 | lgbm]
============================================================
[front/train] 9759 labeled rows, 9627 with images
  Authentic (0): 9321  |  Not-authentic (1): 306  |  Ratio: 30.5:1
  Loaded val split from /root/iris/src/01-dinov3/val_splits/front_split.json  (train=7701, val=1926)
  Train: 7701 (245 pos) | Val: 1926 (61 pos)
/root/.venv/lib/python3.12/site-packages/sklearn/utils/validation.py:2691: UserWarning: X does not have valid feature names, but LGBMClassifier was fitted with feature names
  warnings.warn(
  [LGBM    ] fit=1703.3s | AUC-ROC=0.7031 AUC-PR=0.2222 TPR@2%FPR=0.2295

============================================================
[front | convnext_large @ 714 | lgbm]
============================================================
[front/train] 9759 labeled rows, 9627 with images
  Authentic (0): 9321  |  Not-authentic (1): 306  |  Ratio: 30.5:1
  Loaded val split from /root/iris/src/01-dinov3/val_splits/front_split.json  (train=7701, val=1926)
  Train: 7701 (245 pos) | Val: 1926 (61 pos)
/root/.venv/lib/python3.12/site-packages/sklearn/utils/validation.py:2691: UserWarning: X does not have valid feature names, but LGBMClassifier was fitted with feature names
  warnings.warn(
  [LGBM    ] fit=1692.8s | AUC-ROC=0.7400 AUC-PR=0.2370 TPR@2%FPR=0.2623

============================================================
[front | convnext_small @ 518 | lgbm]
============================================================
[front/train] 9759 labeled rows, 9627 with images
  Authentic (0): 9321  |  Not-authentic (1): 306  |  Ratio: 30.5:1
  Loaded val split from /root/iris/src/01-dinov3/val_splits/front_split.json  (train=7701, val=1926)
  Train: 7701 (245 pos) | Val: 1926 (61 pos)
/root/.venv/lib/python3.12/site-packages/sklearn/utils/validation.py:2691: UserWarning: X does not have valid feature names, but LGBMClassifier was fitted with feature names
  warnings.warn(
  [LGBM    ] fit=1692.4s | AUC-ROC=0.7007 AUC-PR=0.2653 TPR@2%FPR=0.2951

============================================================
[front | convnext_small @ 714 | lgbm]
============================================================
[front/train] 9759 labeled rows, 9627 with images
  Authentic (0): 9321  |  Not-authentic (1): 306  |  Ratio: 30.5:1
  Loaded val split from /root/iris/src/01-dinov3/val_splits/front_split.json  (train=7701, val=1926)
  Train: 7701 (245 pos) | Val: 1926 (61 pos)
/root/.venv/lib/python3.12/site-packages/sklearn/utils/validation.py:2691: UserWarning: X does not have valid feature names, but LGBMClassifier was fitted with feature names
  warnings.warn(
  [LGBM    ] fit=1707.9s | AUC-ROC=0.7244 AUC-PR=0.2497 TPR@2%FPR=0.2951

============================================================
[front | convnext_tiny @ 518 | lgbm]
============================================================
[front/train] 9759 labeled rows, 9627 with images
  Authentic (0): 9321  |  Not-authentic (1): 306  |  Ratio: 30.5:1
  Loaded val split from /root/iris/src/01-dinov3/val_splits/front_split.json  (train=7701, val=1926)
  Train: 7701 (245 pos) | Val: 1926 (61 pos)
/root/.venv/lib/python3.12/site-packages/sklearn/utils/validation.py:2691: UserWarning: X does not have valid feature names, but LGBMClassifier was fitted with feature names
  warnings.warn(
  [LGBM    ] fit=1650.8s | AUC-ROC=0.7037 AUC-PR=0.2201 TPR@2%FPR=0.2459

============================================================
[front | convnext_tiny @ 714 | lgbm]
============================================================
[front/train] 9759 labeled rows, 9627 with images
  Authentic (0): 9321  |  Not-authentic (1): 306  |  Ratio: 30.5:1
  Loaded val split from /root/iris/src/01-dinov3/val_splits/front_split.json  (train=7701, val=1926)
  Train: 7701 (245 pos) | Val: 1926 (61 pos)
/root/.venv/lib/python3.12/site-packages/sklearn/utils/validation.py:2691: UserWarning: X does not have valid feature names, but LGBMClassifier was fitted with feature names
  warnings.warn(
  [LGBM    ] fit=1681.2s | AUC-ROC=0.7307 AUC-PR=0.2687 TPR@2%FPR=0.2623

============================================================
[front | vitb16 @ 518 | lgbm]
============================================================
[front/train] 9759 labeled rows, 9627 with images
  Authentic (0): 9321  |  Not-authentic (1): 306  |  Ratio: 30.5:1
  Loaded val split from /root/iris/src/01-dinov3/val_splits/front_split.json  (train=7701, val=1926)
  Train: 7701 (245 pos) | Val: 1926 (61 pos)
/root/.venv/lib/python3.12/site-packages/sklearn/utils/validation.py:2691: UserWarning: X does not have valid feature names, but LGBMClassifier was fitted with feature names
  warnings.warn(
  [LGBM    ] fit=1706.5s | AUC-ROC=0.7291 AUC-PR=0.2039 TPR@2%FPR=0.2623

============================================================
[front | vitb16 @ 714 | lgbm]
============================================================
[front/train] 9759 labeled rows, 9627 with images
  Authentic (0): 9321  |  Not-authentic (1): 306  |  Ratio: 30.5:1
  Loaded val split from /root/iris/src/01-dinov3/val_splits/front_split.json  (train=7701, val=1926)
  Train: 7701 (245 pos) | Val: 1926 (61 pos)
/root/.venv/lib/python3.12/site-packages/sklearn/utils/validation.py:2691: UserWarning: X does not have valid feature names, but LGBMClassifier was fitted with feature names
  warnings.warn(
  [LGBM    ] fit=1708.3s | AUC-ROC=0.7405 AUC-PR=0.2170 TPR@2%FPR=0.2295

============================================================
[front | vitl16 @ 518 | lgbm]
============================================================
[front/train] 9759 labeled rows, 9627 with images
  Authentic (0): 9321  |  Not-authentic (1): 306  |  Ratio: 30.5:1
  Loaded val split from /root/iris/src/01-dinov3/val_splits/front_split.json  (train=7701, val=1926)
  Train: 7701 (245 pos) | Val: 1926 (61 pos)
/root/.venv/lib/python3.12/site-packages/sklearn/utils/validation.py:2691: UserWarning: X does not have valid feature names, but LGBMClassifier was fitted with feature names
  warnings.warn(
  [LGBM    ] fit=1879.2s | AUC-ROC=0.7050 AUC-PR=0.2647 TPR@2%FPR=0.2951

============================================================
[front | vitl16 @ 714 | lgbm]
============================================================
[front/train] 9759 labeled rows, 9627 with images
  Authentic (0): 9321  |  Not-authentic (1): 306  |  Ratio: 30.5:1
  Loaded val split from /root/iris/src/01-dinov3/val_splits/front_split.json  (train=7701, val=1926)
  Train: 7701 (245 pos) | Val: 1926 (61 pos)
/root/.venv/lib/python3.12/site-packages/sklearn/utils/validation.py:2691: UserWarning: X does not have valid feature names, but LGBMClassifier was fitted with feature names
  warnings.warn(
  [LGBM    ] fit=1726.6s | AUC-ROC=0.7378 AUC-PR=0.2935 TPR@2%FPR=0.3279

============================================================
[front | vits16 @ 518 | lgbm]
============================================================
[front/train] 9759 labeled rows, 9627 with images
  Authentic (0): 9321  |  Not-authentic (1): 306  |  Ratio: 30.5:1
  Loaded val split from /root/iris/src/01-dinov3/val_splits/front_split.json  (train=7701, val=1926)
  Train: 7701 (245 pos) | Val: 1926 (61 pos)
/root/.venv/lib/python3.12/site-packages/sklearn/utils/validation.py:2691: UserWarning: X does not have valid feature names, but LGBMClassifier was fitted with feature names
  warnings.warn(
  [LGBM    ] fit=1475.7s | AUC-ROC=0.7185 AUC-PR=0.2271 TPR@2%FPR=0.2295

============================================================
[front | vits16 @ 714 | lgbm]
============================================================
[front/train] 9759 labeled rows, 9627 with images
  Authentic (0): 9321  |  Not-authentic (1): 306  |  Ratio: 30.5:1
  Loaded val split from /root/iris/src/01-dinov3/val_splits/front_split.json  (train=7701, val=1926)
  Train: 7701 (245 pos) | Val: 1926 (61 pos)
/root/.venv/lib/python3.12/site-packages/sklearn/utils/validation.py:2691: UserWarning: X does not have valid feature names, but LGBMClassifier was fitted with feature names
  warnings.warn(
  [LGBM    ] fit=1427.0s | AUC-ROC=0.7098 AUC-PR=0.1964 TPR@2%FPR=0.1967

============================================================
SWEEP SUMMARY (AUC-ROC) — front
============================================================
  convnext_base_518             lgbm=0.7526
  convnext_base_714             lgbm=0.7117
  convnext_large_518            lgbm=0.7031
  convnext_large_714            lgbm=0.7400
  convnext_small_518            lgbm=0.7007
  convnext_small_714            lgbm=0.7244
  convnext_tiny_518             lgbm=0.7037
  convnext_tiny_714             lgbm=0.7307
  vitb16_518                    lgbm=0.7291
  vitb16_714                    lgbm=0.7405
  vitl16_518                    lgbm=0.7050
  vitl16_714                    lgbm=0.7378
  vits16_518                    lgbm=0.7185
  vits16_714                    lgbm=0.7098
>>> Finetune: vitb16 @ 518 -- already done
>>> Finetune: vitb16 @ 714 -- already done
>>> Finetune: vitl16 @ 518 -- already done
>>> Finetune: vitl16 @ 714

============================================================
[front | vitl16 @ 714 | finetune]
============================================================
[front/train] 9759 labeled rows, 9627 with images
  Authentic (0): 9321  |  Not-authentic (1): 306  |  Ratio: 30.5:1
  Loaded val split from /root/iris/src/01-dinov3/val_splits/front_split.json  (train=7701, val=1926)
  Train: 7701 (245 pos) | Val: 1926 (61 pos)
  pos_weight: 30.4
`torch_dtype` is deprecated! Use `dtype` instead!
Loading weights:   0%|          | 0/415 [00:00<?, ?it/s]Loading weights: 100%|██████████| 415/415 [00:00<00:00, 12025.12it/s]

  Epoch   1/30 (frozen, 155.8s) | loss=1.6779/2.1380 | AUC-ROC=0.7317  AUC-PR=0.1508  TPR@2%=0.1639 << BEST
  FPR target   Actual FPR   TPR        Threshold 
  --------------------------------------------
  0.5%         0.0043       0.0656     0.9967    
  1%           0.0107       0.1148     0.9952    
  2%           0.0204       0.1639     0.9938    
  5%           0.0493       0.2131     0.9907    
  10%          0.0997       0.3934     0.9841    

  Epoch   2/30 (frozen, 153.3s) | loss=1.2291/1.9763 | AUC-ROC=0.7422  AUC-PR=0.1656  TPR@2%=0.1639 << BEST
  FPR target   Actual FPR   TPR        Threshold 
  --------------------------------------------
  0.5%         0.0059       0.0984     0.9975    
  1%           0.0097       0.1311     0.9971    
  2%           0.0198       0.1639     0.9958    
  5%           0.0483       0.2459     0.9919    
  10%          0.1003       0.4426     0.9844    

  Epoch   3/30 (frozen, 101.0s) | loss=1.0548/1.7036 | AUC-ROC=0.7439  AUC-PR=0.1605  TPR@2%=0.1967 << BEST
  FPR target   Actual FPR   TPR        Threshold 
  --------------------------------------------
  0.5%         0.0021       0.0656     0.9980    
  1%           0.0097       0.0984     0.9958    
  2%           0.0193       0.1967     0.9936    
  5%           0.0509       0.2623     0.9849    
  10%          0.1003       0.4590     0.9702    

  Epoch   4/30 (frozen, 74.0s) | loss=0.9552/1.8281 | AUC-ROC=0.7441  AUC-PR=0.1594  TPR@2%=0.1803
  FPR target   Actual FPR   TPR        Threshold 
  --------------------------------------------
  0.5%         0.0027       0.0656     0.9991    
  1%           0.0118       0.0820     0.9979    
  2%           0.0198       0.1803     0.9969    
  5%           0.0493       0.2787     0.9923    
  10%          0.0965       0.4426     0.9811    

  Epoch   5/30 (frozen, 89.0s) | loss=0.9084/1.7711 | AUC-ROC=0.7481  AUC-PR=0.1482  TPR@2%=0.1475
  FPR target   Actual FPR   TPR        Threshold 
  --------------------------------------------
  0.5%         0.0032       0.0656     0.9987    
  1%           0.0097       0.0820     0.9974    
  2%           0.0198       0.1475     0.9958    
  5%           0.0499       0.2623     0.9891    
  10%          0.0997       0.4098     0.9764    

  >> Unfreezing backbone at epoch 6

  Epoch   6/30 (unfrozen, 266.0s) | loss=0.7250/2.1592 | AUC-ROC=0.7678  AUC-PR=0.1436  TPR@2%=0.1803
  FPR target   Actual FPR   TPR        Threshold 
  --------------------------------------------
  0.5%         0.0048       0.0656     0.9999    
  1%           0.0091       0.1475     0.9997    
  2%           0.0166       0.1803     0.9992    
  5%           0.0493       0.3607     0.9920    
  10%          0.1003       0.4590     0.9449    

  Epoch   7/30 (unfrozen, 257.9s) | loss=0.6288/4.3645 | AUC-ROC=0.6577  AUC-PR=0.0665  TPR@2%=0.0164
  FPR target   Actual FPR   TPR        Threshold 
  --------------------------------------------
  0.5%         0.0000       0.0164     1.0000    
  1%           0.0123       0.0164     0.9994    
  2%           0.0188       0.0164     0.9994    
  5%           0.0499       0.0820     0.9991    
  10%          0.1008       0.1475     0.9987    

  Epoch   8/30 (unfrozen, 262.8s) | loss=0.5840/3.6674 | AUC-ROC=0.7662  AUC-PR=0.2125  TPR@2%=0.2623 << BEST
  FPR target   Actual FPR   TPR        Threshold 
  --------------------------------------------
  0.5%         0.0048       0.1311     0.9996    
  1%           0.0091       0.2295     0.9963    
  2%           0.0214       0.2623     0.9439    
  5%           0.0536       0.4098     0.6160    
  10%          0.0997       0.5082     0.1998    

  Epoch   9/30 (unfrozen, 260.6s) | loss=0.1494/3.3382 | AUC-ROC=0.7572  AUC-PR=0.1825  TPR@2%=0.2295
  FPR target   Actual FPR   TPR        Threshold 
  --------------------------------------------
  0.5%         0.0048       0.1475     1.0000    
  1%           0.0097       0.1967     1.0000    
  2%           0.0177       0.2295     1.0000    
  5%           0.0445       0.3607     0.9982    
  10%          0.1003       0.5082     0.8790    

  Epoch  10/30 (unfrozen, 253.3s) | loss=0.2904/5.1103 | AUC-ROC=0.7593  AUC-PR=0.1862  TPR@2%=0.2623
  FPR target   Actual FPR   TPR        Threshold 
  --------------------------------------------
  0.5%         0.0054       0.1148     0.9984    
  1%           0.0102       0.1967     0.9934    
  2%           0.0161       0.2623     0.9589    
  5%           0.0499       0.3934     0.3474    
  10%          0.1008       0.4918     0.0275    

  Epoch  11/30 (unfrozen, 263.9s) | loss=0.0630/6.1464 | AUC-ROC=0.7679  AUC-PR=0.2312  TPR@2%=0.2459
  FPR target   Actual FPR   TPR        Threshold 
  --------------------------------------------
  0.5%         0.0059       0.1311     0.9924    
  1%           0.0102       0.1639     0.9540    
  2%           0.0198       0.2459     0.7576    
  5%           0.0499       0.3934     0.0609    
  10%          0.0997       0.4426     0.0078    

  Epoch  12/30 (unfrozen, 257.2s) | loss=0.1111/4.6028 | AUC-ROC=0.7568  AUC-PR=0.2294  TPR@2%=0.2295
  FPR target   Actual FPR   TPR        Threshold 
  --------------------------------------------
  0.5%         0.0032       0.1475     0.9997    
  1%           0.0097       0.2131     0.9977    
  2%           0.0198       0.2295     0.9713    
  5%           0.0493       0.3607     0.6256    
  10%          0.1019       0.4918     0.1112    

  Epoch  13/30 (unfrozen, 250.8s) | loss=0.0356/7.8494 | AUC-ROC=0.7223  AUC-PR=0.2270  TPR@2%=0.2623
  FPR target   Actual FPR   TPR        Threshold 
  --------------------------------------------
  0.5%         0.0048       0.1475     0.9751    
  1%           0.0080       0.1967     0.9202    
  2%           0.0198       0.2623     0.3639    
  5%           0.0488       0.3934     0.0212    
  10%          0.0992       0.4590     0.0022    

  Epoch  14/30 (unfrozen, 251.0s) | loss=0.1010/5.0371 | AUC-ROC=0.7434  AUC-PR=0.1986  TPR@2%=0.2459
  FPR target   Actual FPR   TPR        Threshold 
  --------------------------------------------
  0.5%         0.0048       0.1311     1.0000    
  1%           0.0102       0.1803     0.9996    
  2%           0.0193       0.2459     0.9914    
  5%           0.0499       0.3770     0.6650    
  10%          0.1019       0.4918     0.1003    

  Epoch  15/30 (unfrozen, 251.1s) | loss=0.0300/7.4867 | AUC-ROC=0.7250  AUC-PR=0.2145  TPR@2%=0.2787 << BEST
  FPR target   Actual FPR   TPR        Threshold 
  --------------------------------------------
  0.5%         0.0038       0.1803     0.9966    
  1%           0.0118       0.2131     0.8780    
  2%           0.0188       0.2787     0.4989    
  5%           0.0563       0.3770     0.0141    
  10%          0.1003       0.4918     0.0016    

  Epoch  16/30 (unfrozen, 251.0s) | loss=0.0129/6.9501 | AUC-ROC=0.7122  AUC-PR=0.1745  TPR@2%=0.3115 << BEST
  FPR target   Actual FPR   TPR        Threshold 
  --------------------------------------------
  0.5%         0.0038       0.1148     1.0000    
  1%           0.0102       0.1803     0.9919    
  2%           0.0182       0.3115     0.8520    
  5%           0.0483       0.3607     0.1471    
  10%          0.1003       0.4262     0.0137    

  Epoch  17/30 (unfrozen, 251.3s) | loss=0.0209/7.2407 | AUC-ROC=0.7299  AUC-PR=0.1935  TPR@2%=0.2787
  FPR target   Actual FPR   TPR        Threshold 
  --------------------------------------------
  0.5%         0.0048       0.1311     0.9986    
  1%           0.0107       0.2131     0.9781    
  2%           0.0188       0.2787     0.6665    
  5%           0.0477       0.3115     0.0851    
  10%          0.1003       0.4262     0.0097    

  Epoch  18/30 (unfrozen, 250.6s) | loss=0.0202/8.4317 | AUC-ROC=0.7325  AUC-PR=0.2065  TPR@2%=0.2951
  FPR target   Actual FPR   TPR        Threshold 
  --------------------------------------------
  0.5%         0.0043       0.1475     0.9920    
  1%           0.0097       0.2131     0.9070    
  2%           0.0214       0.2951     0.1667    
  5%           0.0579       0.3770     0.0077    
  10%          0.1003       0.4426     0.0012    

  Epoch  19/30 (unfrozen, 251.4s) | loss=0.0132/8.4196 | AUC-ROC=0.7565  AUC-PR=0.1977  TPR@2%=0.2951
  FPR target   Actual FPR   TPR        Threshold 
  --------------------------------------------
  0.5%         0.0048       0.1148     0.9974    
  1%           0.0102       0.1967     0.9048    
  2%           0.0198       0.2951     0.2001    
  5%           0.0499       0.3607     0.0074    
  10%          0.0954       0.4754     0.0004    

  Epoch  20/30 (unfrozen, 252.0s) | loss=0.0286/7.7812 | AUC-ROC=0.7496  AUC-PR=0.1998  TPR@2%=0.2459
  FPR target   Actual FPR   TPR        Threshold 
  --------------------------------------------
  0.5%         0.0054       0.1148     0.9928    
  1%           0.0102       0.1639     0.9337    
  2%           0.0204       0.2459     0.4398    
  5%           0.0461       0.3770     0.0254    
  10%          0.1003       0.4426     0.0014    

  Epoch  21/30 (unfrozen, 253.9s) | loss=0.0055/8.6421 | AUC-ROC=0.7556  AUC-PR=0.2514  TPR@2%=0.2787
  FPR target   Actual FPR   TPR        Threshold 
  --------------------------------------------
  0.5%         0.0054       0.1803     0.9373    
  1%           0.0080       0.2131     0.8942    
  2%           0.0188       0.2787     0.2655    
  5%           0.0499       0.4098     0.0046    
  10%          0.0992       0.4426     0.0003    

  Epoch  22/30 (unfrozen, 261.2s) | loss=0.0052/8.7526 | AUC-ROC=0.7531  AUC-PR=0.2069  TPR@2%=0.2951
  FPR target   Actual FPR   TPR        Threshold 
  --------------------------------------------
  0.5%         0.0043       0.1311     0.9960    
  1%           0.0102       0.2459     0.7725    
  2%           0.0198       0.2951     0.2769    
  5%           0.0536       0.4098     0.0030    
  10%          0.0981       0.4754     0.0003    

  Epoch  23/30 (unfrozen, 253.0s) | loss=0.0021/9.3472 | AUC-ROC=0.7472  AUC-PR=0.2293  TPR@2%=0.3279 << BEST
  FPR target   Actual FPR   TPR        Threshold 
  --------------------------------------------
  0.5%         0.0048       0.1475     0.9528    
  1%           0.0102       0.2295     0.4525    
  2%           0.0209       0.3279     0.1050    
  5%           0.0477       0.4098     0.0022    
  10%          0.1003       0.4590     0.0002    

  Epoch  24/30 (unfrozen, 261.7s) | loss=0.0028/9.2825 | AUC-ROC=0.7439  AUC-PR=0.2347  TPR@2%=0.2951
  FPR target   Actual FPR   TPR        Threshold 
  --------------------------------------------
  0.5%         0.0048       0.1475     0.9538    
  1%           0.0091       0.2459     0.5882    
  2%           0.0193       0.2951     0.2101    
  5%           0.0456       0.3934     0.0030    
  10%          0.1003       0.4590     0.0002    

  Epoch  25/30 (unfrozen, 252.0s) | loss=0.0019/9.8571 | AUC-ROC=0.7427  AUC-PR=0.2398  TPR@2%=0.3279
  FPR target   Actual FPR   TPR        Threshold 
  --------------------------------------------
  0.5%         0.0048       0.1311     0.9509    
  1%           0.0091       0.2459     0.4094    
  2%           0.0177       0.3279     0.0415    
  5%           0.0472       0.4098     0.0011    
  10%          0.0960       0.4426     0.0001    

  Epoch  26/30 (unfrozen, 259.3s) | loss=0.0111/9.6049 | AUC-ROC=0.7454  AUC-PR=0.2310  TPR@2%=0.3279
  FPR target   Actual FPR   TPR        Threshold 
  --------------------------------------------
  0.5%         0.0043       0.1148     0.9699    
  1%           0.0097       0.2459     0.4666    
  2%           0.0193       0.3279     0.0591    
  5%           0.0520       0.4262     0.0010    
  10%          0.0997       0.4590     0.0001    

  Epoch  27/30 (unfrozen, 250.1s) | loss=0.0001/9.6254 | AUC-ROC=0.7450  AUC-PR=0.2373  TPR@2%=0.3279
  FPR target   Actual FPR   TPR        Threshold 
  --------------------------------------------
  0.5%         0.0048       0.1148     0.9647    
  1%           0.0107       0.2787     0.2872    
  2%           0.0204       0.3279     0.0575    
  5%           0.0488       0.4098     0.0014    
  10%          0.0992       0.4590     0.0001    

  Epoch  28/30 (unfrozen, 258.8s) | loss=0.0001/9.8181 | AUC-ROC=0.7435  AUC-PR=0.2352  TPR@2%=0.3279
  FPR target   Actual FPR   TPR        Threshold 
  --------------------------------------------
  0.5%         0.0054       0.1148     0.9514    
  1%           0.0102       0.2623     0.3425    
  2%           0.0214       0.3279     0.0321    
  5%           0.0488       0.4098     0.0012    
  10%          0.0997       0.4590     0.0001    

  Epoch  29/30 (unfrozen, 255.3s) | loss=0.0001/9.7888 | AUC-ROC=0.7447  AUC-PR=0.2372  TPR@2%=0.3279
  FPR target   Actual FPR   TPR        Threshold 
  --------------------------------------------
  0.5%         0.0054       0.1148     0.9549    
  1%           0.0102       0.2623     0.3664    
  2%           0.0204       0.3279     0.0393    
  5%           0.0509       0.4262     0.0009    
  10%          0.0992       0.4754     0.0001    

  Epoch  30/30 (unfrozen, 250.1s) | loss=0.0001/9.8095 | AUC-ROC=0.7448  AUC-PR=0.2384  TPR@2%=0.3279
  FPR target   Actual FPR   TPR        Threshold 
  --------------------------------------------
  0.5%         0.0048       0.1148     0.9577    
  1%           0.0102       0.2623     0.3676    
  2%           0.0204       0.3279     0.0392    
  5%           0.0504       0.4262     0.0010    
  10%          0.0997       0.4754     0.0001    

  Early stopping at epoch 30 (patience=7)

  Best TPR@2%FPR: 0.3279  (AUC-ROC: 0.7472)
  Checkpoint: /root/iris/src/01-dinov3/checkpoints/front/vitl16_714_finetune_best.pt

  --- Best checkpoint metrics ---
  AUC-ROC: 0.7472025666945018
  AUC-PR:  0.22926857787319166
  Target FPR   Actual FPR   TPR        Threshold 
  --------------------------------------------
  0.5%         0.0048       0.1475     0.9528    
  1%           0.0102       0.2295     0.4525    
  2%           0.0209       0.3279     0.1050    
  5%           0.0477       0.4098     0.0022    
  10%          0.1003       0.4590     0.0002    
  Youden best: threshold=0.0001  TPR=0.5246  FPR=0.1287

>>> Finetuned ML: vitb16 @ 518
Device: cuda

============================================================
[front | vitb16 @ 518 | finetuned -> ML]
============================================================
  Loading finetuned checkpoint from /root/iris/src/01-dinov3/checkpoints/front/vitb16_518_finetune_best.pt ...
`torch_dtype` is deprecated! Use `dtype` instead!
Loading weights:   0%|          | 0/211 [00:00<?, ?it/s]Loading weights: 100%|██████████| 211/211 [00:00<00:00, 14851.20it/s]
[front/train] 9759 labeled rows, 9627 with images
  Authentic (0): 9321  |  Not-authentic (1): 306  |  Ratio: 30.5:1
  Extracting finetuned features at 518x518 ...
    Batch 1/602
    Batch 20/602
    Batch 40/602
    Batch 60/602
    Batch 80/602
    Batch 100/602
    Batch 120/602
    Batch 140/602
    Batch 160/602
    Batch 180/602
    Batch 200/602
    Batch 220/602
    Batch 240/602
    Batch 260/602
    Batch 280/602
    Batch 300/602
    Batch 320/602
    Batch 340/602
    Batch 360/602
    Batch 380/602
    Batch 400/602
    Batch 420/602
    Batch 440/602
    Batch 460/602
    Batch 480/602
    Batch 500/602
    Batch 520/602
    Batch 540/602
    Batch 560/602
    Batch 580/602
    Batch 600/602
  Done: torch.Size([9627, 768]) in 59.0s
[front/train] 9759 labeled rows, 9627 with images
  Authentic (0): 9321  |  Not-authentic (1): 306  |  Ratio: 30.5:1
  Loaded val split from /root/iris/src/01-dinov3/val_splits/front_split.json  (train=7701, val=1926)
  Train: 7701 (245 pos) | Val: 1926 (61 pos)
/root/.venv/lib/python3.12/site-packages/xgboost/core.py:751: UserWarning: [08:29:36] WARNING: /__w/xgboost/xgboost/src/common/error_msg.cc:62: Falling back to prediction using DMatrix due to mismatched devices. This might lead to higher memory usage and slower performance. XGBoost is running on: cuda:0, while the input data is on: cpu.
Potential solutions:
- Use a data structure that matches the device ordinal in the booster.
- Set the device for booster before call to inplace_predict.

This warning will only be shown once.

  return func(**kwargs)
  [XGB     ] fit=0.8s | AUC-ROC=0.7274 AUC-PR=0.2591 TPR@2%FPR=0.2787
  [SVM     ] fit=4.4s | AUC-ROC=0.7348 AUC-PR=0.2656 TPR@2%FPR=0.2787
Default metric period is 5 because AUC is/are not implemented for GPU
  [CATBOOST] fit=4.0s | AUC-ROC=0.7172 AUC-PR=0.2720 TPR@2%FPR=0.2787
/root/.venv/lib/python3.12/site-packages/sklearn/utils/validation.py:2691: UserWarning: X does not have valid feature names, but LGBMClassifier was fitted with feature names
  warnings.warn(
  [LGBM    ] fit=10.6s | AUC-ROC=0.7243 AUC-PR=0.2698 TPR@2%FPR=0.2787
>>> Finetuned ML: vitb16 @ 714
Device: cuda

============================================================
[front | vitb16 @ 714 | finetuned -> ML]
============================================================
  Loading finetuned checkpoint from /root/iris/src/01-dinov3/checkpoints/front/vitb16_714_finetune_best.pt ...
`torch_dtype` is deprecated! Use `dtype` instead!
Loading weights:   0%|          | 0/211 [00:00<?, ?it/s]Loading weights: 100%|██████████| 211/211 [00:00<00:00, 18663.76it/s]
[front/train] 9759 labeled rows, 9627 with images
  Authentic (0): 9321  |  Not-authentic (1): 306  |  Ratio: 30.5:1
  Extracting finetuned features at 714x714 ...
    Batch 1/602
    Batch 20/602
    Batch 40/602
    Batch 60/602
    Batch 80/602
    Batch 100/602
    Batch 120/602
    Batch 140/602
    Batch 160/602
    Batch 180/602
    Batch 200/602
    Batch 220/602
    Batch 240/602
    Batch 260/602
    Batch 280/602
    Batch 300/602
    Batch 320/602
    Batch 340/602
    Batch 360/602
    Batch 380/602
    Batch 400/602
    Batch 420/602
    Batch 440/602
    Batch 460/602
    Batch 480/602
    Batch 500/602
    Batch 520/602
    Batch 540/602
    Batch 560/602
    Batch 580/602
    Batch 600/602
  Done: torch.Size([9627, 768]) in 111.8s
[front/train] 9759 labeled rows, 9627 with images
  Authentic (0): 9321  |  Not-authentic (1): 306  |  Ratio: 30.5:1
  Loaded val split from /root/iris/src/01-dinov3/val_splits/front_split.json  (train=7701, val=1926)
  Train: 7701 (245 pos) | Val: 1926 (61 pos)
/root/.venv/lib/python3.12/site-packages/xgboost/core.py:751: UserWarning: [08:33:03] WARNING: /__w/xgboost/xgboost/src/common/error_msg.cc:62: Falling back to prediction using DMatrix due to mismatched devices. This might lead to higher memory usage and slower performance. XGBoost is running on: cuda:0, while the input data is on: cpu.
Potential solutions:
- Use a data structure that matches the device ordinal in the booster.
- Set the device for booster before call to inplace_predict.

This warning will only be shown once.

  return func(**kwargs)
  [XGB     ] fit=1.0s | AUC-ROC=0.7359 AUC-PR=0.2096 TPR@2%FPR=0.2295
  [SVM     ] fit=12.9s | AUC-ROC=0.7331 AUC-PR=0.2510 TPR@2%FPR=0.2951
Default metric period is 5 because AUC is/are not implemented for GPU
  [CATBOOST] fit=2.3s | AUC-ROC=0.7437 AUC-PR=0.2210 TPR@2%FPR=0.2459
/root/.venv/lib/python3.12/site-packages/sklearn/utils/validation.py:2691: UserWarning: X does not have valid feature names, but LGBMClassifier was fitted with feature names
  warnings.warn(
  [LGBM    ] fit=11.8s | AUC-ROC=0.7405 AUC-PR=0.2170 TPR@2%FPR=0.2295
>>> Finetuned ML: vitl16 @ 518
Device: cuda

============================================================
[front | vitl16 @ 518 | finetuned -> ML]
============================================================
  Loading finetuned checkpoint from /root/iris/src/01-dinov3/checkpoints/front/vitl16_518_finetune_best.pt ...
`torch_dtype` is deprecated! Use `dtype` instead!
Loading weights:   0%|          | 0/415 [00:00<?, ?it/s]Loading weights: 100%|██████████| 415/415 [00:00<00:00, 16982.31it/s]
[front/train] 9759 labeled rows, 9627 with images
  Authentic (0): 9321  |  Not-authentic (1): 306  |  Ratio: 30.5:1
  Extracting finetuned features at 518x518 ...
    Batch 1/602
    Batch 20/602
    Batch 40/602
    Batch 60/602
    Batch 80/602
    Batch 100/602
    Batch 120/602
    Batch 140/602
    Batch 160/602
    Batch 180/602
    Batch 200/602
    Batch 220/602
    Batch 240/602
    Batch 260/602
    Batch 280/602
    Batch 300/602
    Batch 320/602
    Batch 340/602
    Batch 360/602
    Batch 380/602
    Batch 400/602
    Batch 420/602
    Batch 440/602
    Batch 460/602
    Batch 480/602
    Batch 500/602
    Batch 520/602
    Batch 540/602
    Batch 560/602
    Batch 580/602
    Batch 600/602
  Done: torch.Size([9627, 1024]) in 147.6s
[front/train] 9759 labeled rows, 9627 with images
  Authentic (0): 9321  |  Not-authentic (1): 306  |  Ratio: 30.5:1
  Loaded val split from /root/iris/src/01-dinov3/val_splits/front_split.json  (train=7701, val=1926)
  Train: 7701 (245 pos) | Val: 1926 (61 pos)
/root/.venv/lib/python3.12/site-packages/xgboost/core.py:751: UserWarning: [08:37:13] WARNING: /__w/xgboost/xgboost/src/common/error_msg.cc:62: Falling back to prediction using DMatrix due to mismatched devices. This might lead to higher memory usage and slower performance. XGBoost is running on: cuda:0, while the input data is on: cpu.
Potential solutions:
- Use a data structure that matches the device ordinal in the booster.
- Set the device for booster before call to inplace_predict.

This warning will only be shown once.

  return func(**kwargs)
  [XGB     ] fit=1.2s | AUC-ROC=0.7392 AUC-PR=0.2934 TPR@2%FPR=0.2951
  [SVM     ] fit=7.3s | AUC-ROC=0.7498 AUC-PR=0.2956 TPR@2%FPR=0.3115
Default metric period is 5 because AUC is/are not implemented for GPU
  [CATBOOST] fit=2.6s | AUC-ROC=0.7561 AUC-PR=0.2957 TPR@2%FPR=0.3115
/root/.venv/lib/python3.12/site-packages/sklearn/utils/validation.py:2691: UserWarning: X does not have valid feature names, but LGBMClassifier was fitted with feature names
  warnings.warn(
  [LGBM    ] fit=7.7s | AUC-ROC=0.7439 AUC-PR=0.2734 TPR@2%FPR=0.3115
>>> Finetuned ML: vitl16 @ 714
Device: cuda

============================================================
[front | vitl16 @ 714 | finetuned -> ML]
============================================================
  Loading finetuned checkpoint from /root/iris/src/01-dinov3/checkpoints/front/vitl16_714_finetune_best.pt ...
`torch_dtype` is deprecated! Use `dtype` instead!
Loading weights:   0%|          | 0/415 [00:00<?, ?it/s]Loading weights: 100%|██████████| 415/415 [00:00<00:00, 17640.63it/s]
[front/train] 9759 labeled rows, 9627 with images
  Authentic (0): 9321  |  Not-authentic (1): 306  |  Ratio: 30.5:1
  Extracting finetuned features at 714x714 ...
    Batch 1/602
    Batch 20/602
    Batch 40/602
    Batch 60/602
    Batch 80/602
    Batch 100/602
    Batch 120/602
    Batch 140/602
    Batch 160/602
    Batch 180/602
    Batch 200/602
    Batch 220/602
    Batch 240/602
    Batch 260/602
    Batch 280/602
    Batch 300/602
    Batch 320/602
    Batch 340/602
    Batch 360/602
    Batch 380/602
    Batch 400/602
    Batch 420/602
    Batch 440/602
    Batch 460/602
    Batch 480/602
    Batch 500/602
    Batch 520/602
    Batch 540/602
    Batch 560/602
    Batch 580/602
    Batch 600/602
  Done: torch.Size([9627, 1024]) in 326.7s
[front/train] 9759 labeled rows, 9627 with images
  Authentic (0): 9321  |  Not-authentic (1): 306  |  Ratio: 30.5:1
  Loaded val split from /root/iris/src/01-dinov3/val_splits/front_split.json  (train=7701, val=1926)
  Train: 7701 (245 pos) | Val: 1926 (61 pos)
/root/.venv/lib/python3.12/site-packages/xgboost/core.py:751: UserWarning: [08:44:14] WARNING: /__w/xgboost/xgboost/src/common/error_msg.cc:62: Falling back to prediction using DMatrix due to mismatched devices. This might lead to higher memory usage and slower performance. XGBoost is running on: cuda:0, while the input data is on: cpu.
Potential solutions:
- Use a data structure that matches the device ordinal in the booster.
- Set the device for booster before call to inplace_predict.

This warning will only be shown once.

  return func(**kwargs)
  [XGB     ] fit=0.9s | AUC-ROC=0.7423 AUC-PR=0.2512 TPR@2%FPR=0.2623
  [SVM     ] fit=5.5s | AUC-ROC=0.7345 AUC-PR=0.2526 TPR@2%FPR=0.3279
Default metric period is 5 because AUC is/are not implemented for GPU
  [CATBOOST] fit=2.6s | AUC-ROC=0.7564 AUC-PR=0.2239 TPR@2%FPR=0.2787
/root/.venv/lib/python3.12/site-packages/sklearn/utils/validation.py:2691: UserWarning: X does not have valid feature names, but LGBMClassifier was fitted with feature names
  warnings.warn(
  [LGBM    ] fit=7.9s | AUC-ROC=0.7310 AUC-PR=0.2589 TPR@2%FPR=0.2951
>>> GPU JOBS DONE: front  Sun Mar 22 08:44:31 UTC 2026
