>>> Phase 0: Ensuring global val split...

==============================================================================
  GLOBAL VAL SPLIT  |  stratified by: label-only (some compound strata too small)  |  seed: 42
  Unique sessions: 9759 total  |  7807 train (80%)  |  1952 val (20%)
==============================================================================
  Region                     Train    Pos    Neg    Pos%  |    Val    Pos    Neg    Pos%
  ---------------------------------------------------------------------------
  care_label                  5837    193   5644    3.3%  |   1457     47   1410    3.2%
  front                       7698    244   7454    3.2%  |   1929     62   1867    3.2%
  front_exterior_logo         4046    111   3935    2.7%  |    959     36    923    3.8%
  brand_tag                   7335    230   7105    3.1%  |   1834     58   1776    3.2%
  ---------------------------------------------------------------------------


>>> Phase 1: Frozen DINOv3 classifiers
============================================================
  1a. Precompute embeddings (vitl16 x 518,714)...
Device: cuda
GPU: NVIDIA A100-SXM4-80GB
GPU memory: 85.1 GB

============================================================
REGION: care_label
============================================================
[care_label/train] 9759 labeled rows, 7294 with images
  Authentic (0): 7054  |  Not-authentic (1): 240  |  Ratio: 29.4:1
  Will cache 2 variant(s)

  [vitl16 @ 518]
  [SKIP] vitl16_518 already cached

  [vitl16 @ 714]
  [SKIP] vitl16_714 already cached


============================================================
REGION: front
============================================================
[front/train] 9759 labeled rows, 9627 with images
  Authentic (0): 9321  |  Not-authentic (1): 306  |  Ratio: 30.5:1
  Will cache 2 variant(s)

  [vitl16 @ 518]
  [SKIP] vitl16_518 already cached

  [vitl16 @ 714]
  [SKIP] vitl16_714 already cached


============================================================
REGION: front_exterior_logo
============================================================
[front_exterior_logo/train] 9759 labeled rows, 5005 with images
  Authentic (0): 4858  |  Not-authentic (1): 147  |  Ratio: 33.0:1
  Will cache 2 variant(s)

  [vitl16 @ 518]
  [SKIP] vitl16_518 already cached

  [vitl16 @ 714]
  [SKIP] vitl16_714 already cached


============================================================
REGION: brand_tag
============================================================
[brand_tag/train] 9759 labeled rows, 9169 with images
  Authentic (0): 8881  |  Not-authentic (1): 288  |  Ratio: 30.8:1
  Will cache 2 variant(s)

  [vitl16 @ 518]
  [SKIP] vitl16_518 already cached

  [vitl16 @ 714]
  [SKIP] vitl16_714 already cached

All done.

  1b. Linear head: care_label / vitl16@518

============================================================
[care_label | vitl16 @ 518 | linear_probe]
============================================================
[care_label/train] 9759 labeled rows, 7294 with images
  Authentic (0): 7054  |  Not-authentic (1): 240  |  Ratio: 29.4:1
  Val split [care_label]: train=5837, val=1457
  Train: 5837 (193 pos) | Val: 1457 (47 pos)
  pos_weight: 29.2
  Epoch   1/50 | loss=3.9183/3.7843 | AUC=0.3866 PR=0.0247 | TPR@FPR: 0.5%=0.000 | 1%=0.000 | 2%=0.000 | 5%=0.000 | 10%=0.043 *
  Epoch   2/50 | loss=2.2781/3.7520 | AUC=0.5179 PR=0.0388 | TPR@FPR: 0.5%=0.000 | 1%=0.021 | 2%=0.021 | 5%=0.064 | 10%=0.170 *
  Epoch   3/50 | loss=2.1774/3.2069 | AUC=0.6032 PR=0.0512 | TPR@FPR: 0.5%=0.000 | 1%=0.000 | 2%=0.021 | 5%=0.064 | 10%=0.213 *
  Epoch   4/50 | loss=2.1468/3.1554 | AUC=0.6164 PR=0.0532 | TPR@FPR: 0.5%=0.000 | 1%=0.000 | 2%=0.021 | 5%=0.106 | 10%=0.213 *
  Epoch   5/50 | loss=2.1011/3.1677 | AUC=0.6199 PR=0.0529 | TPR@FPR: 0.5%=0.000 | 1%=0.000 | 2%=0.021 | 5%=0.106 | 10%=0.234 *
  Epoch   6/50 | loss=2.0726/3.1352 | AUC=0.6340 PR=0.0548 | TPR@FPR: 0.5%=0.000 | 1%=0.000 | 2%=0.021 | 5%=0.106 | 10%=0.213 *
  Epoch   7/50 | loss=2.0684/3.0432 | AUC=0.6466 PR=0.0560 | TPR@FPR: 0.5%=0.000 | 1%=0.000 | 2%=0.021 | 5%=0.106 | 10%=0.213 *
  Epoch   8/50 | loss=2.0652/3.0212 | AUC=0.6531 PR=0.0563 | TPR@FPR: 0.5%=0.000 | 1%=0.000 | 2%=0.021 | 5%=0.106 | 10%=0.234 *
  Epoch   9/50 | loss=2.0341/3.0151 | AUC=0.6617 PR=0.0576 | TPR@FPR: 0.5%=0.000 | 1%=0.000 | 2%=0.021 | 5%=0.106 | 10%=0.255 *
  Epoch  10/50 | loss=2.0046/2.9563 | AUC=0.6728 PR=0.0599 | TPR@FPR: 0.5%=0.000 | 1%=0.000 | 2%=0.021 | 5%=0.106 | 10%=0.298 *
  Epoch  11/50 | loss=1.9715/2.9680 | AUC=0.6761 PR=0.0599 | TPR@FPR: 0.5%=0.000 | 1%=0.000 | 2%=0.021 | 5%=0.106 | 10%=0.298 *
  Epoch  12/50 | loss=1.9357/2.9957 | AUC=0.6798 PR=0.0605 | TPR@FPR: 0.5%=0.000 | 1%=0.000 | 2%=0.043 | 5%=0.106 | 10%=0.298 *
  Epoch  13/50 | loss=1.9631/2.8719 | AUC=0.6873 PR=0.0614 | TPR@FPR: 0.5%=0.000 | 1%=0.000 | 2%=0.043 | 5%=0.085 | 10%=0.298 *
  Epoch  14/50 | loss=1.9439/2.8652 | AUC=0.6942 PR=0.0628 | TPR@FPR: 0.5%=0.000 | 1%=0.021 | 2%=0.021 | 5%=0.106 | 10%=0.277 *
  Epoch  15/50 | loss=1.9123/2.8703 | AUC=0.7006 PR=0.0648 | TPR@FPR: 0.5%=0.000 | 1%=0.021 | 2%=0.021 | 5%=0.106 | 10%=0.298 *
  Epoch  16/50 | loss=1.9089/2.8249 | AUC=0.7030 PR=0.0654 | TPR@FPR: 0.5%=0.000 | 1%=0.021 | 2%=0.043 | 5%=0.085 | 10%=0.298 *
  Epoch  17/50 | loss=1.9159/2.8199 | AUC=0.7066 PR=0.0663 | TPR@FPR: 0.5%=0.000 | 1%=0.021 | 2%=0.043 | 5%=0.085 | 10%=0.277 *
  Epoch  18/50 | loss=1.8725/2.7775 | AUC=0.7089 PR=0.0670 | TPR@FPR: 0.5%=0.000 | 1%=0.021 | 2%=0.043 | 5%=0.085 | 10%=0.298 *
  Epoch  19/50 | loss=1.8772/2.7723 | AUC=0.7110 PR=0.0683 | TPR@FPR: 0.5%=0.000 | 1%=0.021 | 2%=0.043 | 5%=0.085 | 10%=0.277 *
  Epoch  20/50 | loss=1.8732/2.7354 | AUC=0.7175 PR=0.0712 | TPR@FPR: 0.5%=0.000 | 1%=0.021 | 2%=0.043 | 5%=0.128 | 10%=0.319 *
  Epoch  21/50 | loss=1.8566/2.7318 | AUC=0.7179 PR=0.0709 | TPR@FPR: 0.5%=0.000 | 1%=0.021 | 2%=0.043 | 5%=0.128 | 10%=0.277 *
  Epoch  22/50 | loss=1.8386/2.7535 | AUC=0.7166 PR=0.0699 | TPR@FPR: 0.5%=0.000 | 1%=0.021 | 2%=0.043 | 5%=0.128 | 10%=0.255
  Epoch  23/50 | loss=1.8309/2.7046 | AUC=0.7230 PR=0.0730 | TPR@FPR: 0.5%=0.000 | 1%=0.021 | 2%=0.043 | 5%=0.128 | 10%=0.277 *
  Epoch  24/50 | loss=1.8046/2.6522 | AUC=0.7256 PR=0.0741 | TPR@FPR: 0.5%=0.021 | 1%=0.021 | 2%=0.043 | 5%=0.149 | 10%=0.298 *
  Epoch  25/50 | loss=1.8190/2.6747 | AUC=0.7277 PR=0.0748 | TPR@FPR: 0.5%=0.021 | 1%=0.021 | 2%=0.043 | 5%=0.149 | 10%=0.298 *
  Epoch  26/50 | loss=1.8055/2.6090 | AUC=0.7323 PR=0.0773 | TPR@FPR: 0.5%=0.021 | 1%=0.021 | 2%=0.064 | 5%=0.170 | 10%=0.340 *
  Epoch  27/50 | loss=1.7781/2.6642 | AUC=0.7288 PR=0.0753 | TPR@FPR: 0.5%=0.021 | 1%=0.021 | 2%=0.043 | 5%=0.149 | 10%=0.298
  Epoch  28/50 | loss=1.7858/2.6440 | AUC=0.7306 PR=0.0766 | TPR@FPR: 0.5%=0.021 | 1%=0.021 | 2%=0.064 | 5%=0.170 | 10%=0.298
  Epoch  29/50 | loss=1.7716/2.6386 | AUC=0.7319 PR=0.0771 | TPR@FPR: 0.5%=0.021 | 1%=0.021 | 2%=0.064 | 5%=0.149 | 10%=0.298
  Epoch  30/50 | loss=1.7804/2.6009 | AUC=0.7346 PR=0.0784 | TPR@FPR: 0.5%=0.021 | 1%=0.021 | 2%=0.064 | 5%=0.170 | 10%=0.319 *
  Epoch  31/50 | loss=1.7573/2.6274 | AUC=0.7337 PR=0.0790 | TPR@FPR: 0.5%=0.021 | 1%=0.021 | 2%=0.064 | 5%=0.149 | 10%=0.319
  Epoch  32/50 | loss=1.7744/2.5774 | AUC=0.7341 PR=0.0786 | TPR@FPR: 0.5%=0.021 | 1%=0.021 | 2%=0.064 | 5%=0.149 | 10%=0.319
  Epoch  33/50 | loss=1.7724/2.5456 | AUC=0.7368 PR=0.0799 | TPR@FPR: 0.5%=0.021 | 1%=0.021 | 2%=0.043 | 5%=0.170 | 10%=0.340 *
  Epoch  34/50 | loss=1.7449/2.5949 | AUC=0.7363 PR=0.0800 | TPR@FPR: 0.5%=0.021 | 1%=0.021 | 2%=0.064 | 5%=0.170 | 10%=0.340
  Epoch  35/50 | loss=1.7665/2.5443 | AUC=0.7381 PR=0.0810 | TPR@FPR: 0.5%=0.021 | 1%=0.021 | 2%=0.043 | 5%=0.170 | 10%=0.362 *
  Epoch  36/50 | loss=1.7433/2.5763 | AUC=0.7378 PR=0.0813 | TPR@FPR: 0.5%=0.021 | 1%=0.021 | 2%=0.064 | 5%=0.170 | 10%=0.340
  Epoch  37/50 | loss=1.7442/2.5507 | AUC=0.7389 PR=0.0817 | TPR@FPR: 0.5%=0.021 | 1%=0.021 | 2%=0.064 | 5%=0.170 | 10%=0.319 *
  Epoch  38/50 | loss=1.7413/2.5477 | AUC=0.7391 PR=0.0819 | TPR@FPR: 0.5%=0.021 | 1%=0.021 | 2%=0.064 | 5%=0.170 | 10%=0.340 *
  Epoch  39/50 | loss=1.7359/2.5477 | AUC=0.7390 PR=0.0819 | TPR@FPR: 0.5%=0.021 | 1%=0.021 | 2%=0.064 | 5%=0.170 | 10%=0.319
  Epoch  40/50 | loss=1.7440/2.5361 | AUC=0.7396 PR=0.0821 | TPR@FPR: 0.5%=0.021 | 1%=0.021 | 2%=0.064 | 5%=0.170 | 10%=0.362 *
  Epoch  41/50 | loss=1.7539/2.5350 | AUC=0.7402 PR=0.0825 | TPR@FPR: 0.5%=0.021 | 1%=0.021 | 2%=0.064 | 5%=0.170 | 10%=0.362 *
  Epoch  42/50 | loss=1.7222/2.5472 | AUC=0.7400 PR=0.0826 | TPR@FPR: 0.5%=0.021 | 1%=0.021 | 2%=0.064 | 5%=0.170 | 10%=0.362
  Epoch  43/50 | loss=1.7364/2.5532 | AUC=0.7402 PR=0.0827 | TPR@FPR: 0.5%=0.021 | 1%=0.021 | 2%=0.064 | 5%=0.170 | 10%=0.362 *
  Epoch  44/50 | loss=1.7345/2.5452 | AUC=0.7406 PR=0.0830 | TPR@FPR: 0.5%=0.021 | 1%=0.021 | 2%=0.085 | 5%=0.170 | 10%=0.362 *
  Epoch  45/50 | loss=1.7367/2.5480 | AUC=0.7407 PR=0.0831 | TPR@FPR: 0.5%=0.021 | 1%=0.021 | 2%=0.085 | 5%=0.170 | 10%=0.383 *
  Epoch  46/50 | loss=1.7279/2.5447 | AUC=0.7408 PR=0.0832 | TPR@FPR: 0.5%=0.021 | 1%=0.043 | 2%=0.085 | 5%=0.170 | 10%=0.383 *
  Epoch  47/50 | loss=1.7419/2.5432 | AUC=0.7408 PR=0.0833 | TPR@FPR: 0.5%=0.021 | 1%=0.043 | 2%=0.085 | 5%=0.170 | 10%=0.383 *
  Epoch  48/50 | loss=1.7364/2.5442 | AUC=0.7409 PR=0.0833 | TPR@FPR: 0.5%=0.021 | 1%=0.043 | 2%=0.085 | 5%=0.170 | 10%=0.383 *
  Epoch  49/50 | loss=1.7454/2.5437 | AUC=0.7409 PR=0.0833 | TPR@FPR: 0.5%=0.021 | 1%=0.043 | 2%=0.085 | 5%=0.170 | 10%=0.383
  Epoch  50/50 | loss=1.7284/2.5438 | AUC=0.7409 PR=0.0833 | TPR@FPR: 0.5%=0.021 | 1%=0.043 | 2%=0.085 | 5%=0.170 | 10%=0.383
  Best AUC-ROC: 0.7409 | Checkpoint: /root/iris/src/01-dinov3/checkpoints/care_label/vitl16_518_linear_probe_best.pt

  --- Best checkpoint metrics ---
  AUC-ROC: 0.7408631356571601
  AUC-PR:  0.08328117441094825
  Target FPR   Actual FPR   TPR        Threshold 
  --------------------------------------------
  0.5%         0.0043       0.0213     0.9930    
  1%           0.0156       0.0426     0.9906    
  2%           0.0227       0.0851     0.9889    
  5%           0.0504       0.1702     0.9846    
  10%          0.1000       0.3830     0.9791    
  Youden best: threshold=0.9695  TPR=0.6170  FPR=0.1787


  1c. ML classifiers: care_label / vitl16@518
Device: cuda

============================================================
[care_label | vitl16 @ 518 | xgb, svm, catboost, lgbm]
============================================================
[care_label/train] 9759 labeled rows, 7294 with images
  Authentic (0): 7054  |  Not-authentic (1): 240  |  Ratio: 29.4:1
  Val split [care_label]: train=5837, val=1457
  Train: 5837 (193 pos) | Val: 1457 (47 pos)
/root/.venv/lib/python3.12/site-packages/xgboost/core.py:751: UserWarning: [21:34:09] WARNING: /__w/xgboost/xgboost/src/common/error_msg.cc:62: Falling back to prediction using DMatrix due to mismatched devices. This might lead to higher memory usage and slower performance. XGBoost is running on: cuda:0, while the input data is on: cpu.
Potential solutions:
- Use a data structure that matches the device ordinal in the booster.
- Set the device for booster before call to inplace_predict.

This warning will only be shown once.

  return func(**kwargs)
  [XGB     ] fit=1.7s | AUC-ROC=0.7628 AUC-PR=0.1982 TPR@2%FPR=0.1915
  [SVM     ] fit=34.9s | AUC-ROC=0.8079 AUC-PR=0.2958 TPR@2%FPR=0.3617
Default metric period is 5 because AUC is/are not implemented for GPU
  [CATBOOST] fit=2.8s | AUC-ROC=0.7174 AUC-PR=0.2038 TPR@2%FPR=0.2553
/root/.venv/lib/python3.12/site-packages/sklearn/utils/validation.py:2691: UserWarning: X does not have valid feature names, but LGBMClassifier was fitted with feature names
  warnings.warn(
  [LGBM    ] fit=144.3s | AUC-ROC=0.7464 AUC-PR=0.1884 TPR@2%FPR=0.1702

  1b. Linear head: care_label / vitl16@714

============================================================
[care_label | vitl16 @ 714 | linear_probe]
============================================================
[care_label/train] 9759 labeled rows, 7294 with images
  Authentic (0): 7054  |  Not-authentic (1): 240  |  Ratio: 29.4:1
  Val split [care_label]: train=5837, val=1457
  Train: 5837 (193 pos) | Val: 1457 (47 pos)
  pos_weight: 29.2
  Epoch   1/50 | loss=3.9395/3.7942 | AUC=0.3848 PR=0.0251 | TPR@FPR: 0.5%=0.000 | 1%=0.000 | 2%=0.000 | 5%=0.021 | 10%=0.064 *
  Epoch   2/50 | loss=2.2823/3.7695 | AUC=0.4966 PR=0.0445 | TPR@FPR: 0.5%=0.021 | 1%=0.021 | 2%=0.064 | 5%=0.170 | 10%=0.191 *
  Epoch   3/50 | loss=2.1804/3.2170 | AUC=0.5809 PR=0.0545 | TPR@FPR: 0.5%=0.000 | 1%=0.021 | 2%=0.043 | 5%=0.149 | 10%=0.191 *
  Epoch   4/50 | loss=2.1485/3.1514 | AUC=0.5981 PR=0.0569 | TPR@FPR: 0.5%=0.000 | 1%=0.021 | 2%=0.043 | 5%=0.149 | 10%=0.213 *
  Epoch   5/50 | loss=2.1026/3.1707 | AUC=0.6027 PR=0.0570 | TPR@FPR: 0.5%=0.000 | 1%=0.021 | 2%=0.043 | 5%=0.149 | 10%=0.213 *
  Epoch   6/50 | loss=2.0723/3.1388 | AUC=0.6157 PR=0.0585 | TPR@FPR: 0.5%=0.000 | 1%=0.021 | 2%=0.043 | 5%=0.149 | 10%=0.213 *
  Epoch   7/50 | loss=2.0690/3.0464 | AUC=0.6282 PR=0.0594 | TPR@FPR: 0.5%=0.021 | 1%=0.021 | 2%=0.043 | 5%=0.149 | 10%=0.234 *
  Epoch   8/50 | loss=2.0616/3.0168 | AUC=0.6335 PR=0.0600 | TPR@FPR: 0.5%=0.021 | 1%=0.021 | 2%=0.043 | 5%=0.149 | 10%=0.234 *
  Epoch   9/50 | loss=2.0318/3.0146 | AUC=0.6397 PR=0.0606 | TPR@FPR: 0.5%=0.021 | 1%=0.021 | 2%=0.043 | 5%=0.128 | 10%=0.234 *
  Epoch  10/50 | loss=2.0005/2.9555 | AUC=0.6507 PR=0.0624 | TPR@FPR: 0.5%=0.021 | 1%=0.021 | 2%=0.043 | 5%=0.128 | 10%=0.234 *
  Epoch  11/50 | loss=1.9731/2.9680 | AUC=0.6544 PR=0.0627 | TPR@FPR: 0.5%=0.021 | 1%=0.021 | 2%=0.043 | 5%=0.149 | 10%=0.255 *
  Epoch  12/50 | loss=1.9330/2.9899 | AUC=0.6597 PR=0.0634 | TPR@FPR: 0.5%=0.021 | 1%=0.021 | 2%=0.021 | 5%=0.149 | 10%=0.277 *
  Epoch  13/50 | loss=1.9623/2.8714 | AUC=0.6670 PR=0.0649 | TPR@FPR: 0.5%=0.021 | 1%=0.021 | 2%=0.043 | 5%=0.149 | 10%=0.255 *
  Epoch  14/50 | loss=1.9426/2.8604 | AUC=0.6744 PR=0.0671 | TPR@FPR: 0.5%=0.021 | 1%=0.021 | 2%=0.043 | 5%=0.128 | 10%=0.277 *
  Epoch  15/50 | loss=1.9113/2.8702 | AUC=0.6804 PR=0.0695 | TPR@FPR: 0.5%=0.021 | 1%=0.021 | 2%=0.043 | 5%=0.149 | 10%=0.319 *
  Epoch  16/50 | loss=1.9034/2.8205 | AUC=0.6828 PR=0.0703 | TPR@FPR: 0.5%=0.021 | 1%=0.043 | 2%=0.043 | 5%=0.128 | 10%=0.319 *
  Epoch  17/50 | loss=1.9049/2.8117 | AUC=0.6853 PR=0.0729 | TPR@FPR: 0.5%=0.021 | 1%=0.043 | 2%=0.043 | 5%=0.128 | 10%=0.319 *
  Epoch  18/50 | loss=1.8679/2.7701 | AUC=0.6880 PR=0.0713 | TPR@FPR: 0.5%=0.021 | 1%=0.043 | 2%=0.043 | 5%=0.128 | 10%=0.319 *
  Epoch  19/50 | loss=1.8652/2.7627 | AUC=0.6910 PR=0.0714 | TPR@FPR: 0.5%=0.021 | 1%=0.043 | 2%=0.043 | 5%=0.128 | 10%=0.340 *
  Epoch  20/50 | loss=1.8635/2.7292 | AUC=0.6972 PR=0.0742 | TPR@FPR: 0.5%=0.021 | 1%=0.043 | 2%=0.064 | 5%=0.149 | 10%=0.362 *
  Epoch  21/50 | loss=1.8526/2.7272 | AUC=0.6983 PR=0.0738 | TPR@FPR: 0.5%=0.021 | 1%=0.043 | 2%=0.064 | 5%=0.128 | 10%=0.362 *
  Epoch  22/50 | loss=1.8349/2.7509 | AUC=0.6984 PR=0.0725 | TPR@FPR: 0.5%=0.021 | 1%=0.043 | 2%=0.064 | 5%=0.128 | 10%=0.362 *
  Epoch  23/50 | loss=1.8207/2.6923 | AUC=0.7043 PR=0.0748 | TPR@FPR: 0.5%=0.021 | 1%=0.043 | 2%=0.064 | 5%=0.128 | 10%=0.362 *
  Epoch  24/50 | loss=1.7962/2.6438 | AUC=0.7076 PR=0.0783 | TPR@FPR: 0.5%=0.021 | 1%=0.043 | 2%=0.064 | 5%=0.149 | 10%=0.383 *
  Epoch  25/50 | loss=1.8100/2.6664 | AUC=0.7099 PR=0.0806 | TPR@FPR: 0.5%=0.043 | 1%=0.043 | 2%=0.064 | 5%=0.149 | 10%=0.404 *
  Epoch  26/50 | loss=1.7971/2.6071 | AUC=0.7140 PR=0.0845 | TPR@FPR: 0.5%=0.043 | 1%=0.043 | 2%=0.064 | 5%=0.149 | 10%=0.404 *
  Epoch  27/50 | loss=1.7714/2.6577 | AUC=0.7118 PR=0.0811 | TPR@FPR: 0.5%=0.021 | 1%=0.043 | 2%=0.064 | 5%=0.149 | 10%=0.383
  Epoch  28/50 | loss=1.7811/2.6350 | AUC=0.7134 PR=0.0817 | TPR@FPR: 0.5%=0.021 | 1%=0.043 | 2%=0.064 | 5%=0.149 | 10%=0.383
  Epoch  29/50 | loss=1.7574/2.6236 | AUC=0.7145 PR=0.0820 | TPR@FPR: 0.5%=0.021 | 1%=0.043 | 2%=0.064 | 5%=0.170 | 10%=0.404 *
  Epoch  30/50 | loss=1.7716/2.5888 | AUC=0.7164 PR=0.0827 | TPR@FPR: 0.5%=0.021 | 1%=0.043 | 2%=0.064 | 5%=0.191 | 10%=0.404 *
  Epoch  31/50 | loss=1.7552/2.6204 | AUC=0.7162 PR=0.0849 | TPR@FPR: 0.5%=0.043 | 1%=0.043 | 2%=0.064 | 5%=0.149 | 10%=0.404
  Epoch  32/50 | loss=1.7590/2.5632 | AUC=0.7173 PR=0.0852 | TPR@FPR: 0.5%=0.043 | 1%=0.043 | 2%=0.064 | 5%=0.149 | 10%=0.383 *
  Epoch  33/50 | loss=1.7663/2.5393 | AUC=0.7188 PR=0.0862 | TPR@FPR: 0.5%=0.043 | 1%=0.043 | 2%=0.064 | 5%=0.149 | 10%=0.404 *
  Epoch  34/50 | loss=1.7384/2.5921 | AUC=0.7187 PR=0.0861 | TPR@FPR: 0.5%=0.043 | 1%=0.043 | 2%=0.064 | 5%=0.149 | 10%=0.404
  Epoch  35/50 | loss=1.7556/2.5410 | AUC=0.7199 PR=0.0868 | TPR@FPR: 0.5%=0.043 | 1%=0.043 | 2%=0.085 | 5%=0.149 | 10%=0.404 *
  Epoch  36/50 | loss=1.7267/2.5632 | AUC=0.7198 PR=0.0869 | TPR@FPR: 0.5%=0.043 | 1%=0.043 | 2%=0.064 | 5%=0.149 | 10%=0.404
  Epoch  37/50 | loss=1.7341/2.5322 | AUC=0.7208 PR=0.0871 | TPR@FPR: 0.5%=0.043 | 1%=0.043 | 2%=0.085 | 5%=0.149 | 10%=0.404 *
  Epoch  38/50 | loss=1.7307/2.5371 | AUC=0.7207 PR=0.0872 | TPR@FPR: 0.5%=0.043 | 1%=0.043 | 2%=0.064 | 5%=0.149 | 10%=0.404
  Epoch  39/50 | loss=1.7224/2.5382 | AUC=0.7205 PR=0.0870 | TPR@FPR: 0.5%=0.043 | 1%=0.043 | 2%=0.064 | 5%=0.149 | 10%=0.404
  Epoch  40/50 | loss=1.7254/2.5221 | AUC=0.7208 PR=0.0871 | TPR@FPR: 0.5%=0.043 | 1%=0.043 | 2%=0.064 | 5%=0.149 | 10%=0.404
  Epoch  41/50 | loss=1.7446/2.5208 | AUC=0.7212 PR=0.0873 | TPR@FPR: 0.5%=0.043 | 1%=0.043 | 2%=0.064 | 5%=0.149 | 10%=0.404 *
  Epoch  42/50 | loss=1.7015/2.5314 | AUC=0.7214 PR=0.0874 | TPR@FPR: 0.5%=0.043 | 1%=0.043 | 2%=0.064 | 5%=0.149 | 10%=0.404 *
  Epoch  43/50 | loss=1.7206/2.5364 | AUC=0.7215 PR=0.0877 | TPR@FPR: 0.5%=0.043 | 1%=0.043 | 2%=0.064 | 5%=0.170 | 10%=0.404 *
  Epoch  44/50 | loss=1.7345/2.5318 | AUC=0.7217 PR=0.0877 | TPR@FPR: 0.5%=0.043 | 1%=0.043 | 2%=0.064 | 5%=0.149 | 10%=0.404 *
  Epoch  45/50 | loss=1.7276/2.5363 | AUC=0.7218 PR=0.0878 | TPR@FPR: 0.5%=0.043 | 1%=0.043 | 2%=0.064 | 5%=0.149 | 10%=0.404 *
  Epoch  46/50 | loss=1.7105/2.5332 | AUC=0.7219 PR=0.0878 | TPR@FPR: 0.5%=0.043 | 1%=0.043 | 2%=0.064 | 5%=0.149 | 10%=0.404 *
  Epoch  47/50 | loss=1.7293/2.5322 | AUC=0.7220 PR=0.0878 | TPR@FPR: 0.5%=0.043 | 1%=0.043 | 2%=0.064 | 5%=0.149 | 10%=0.404 *
  Epoch  48/50 | loss=1.7328/2.5335 | AUC=0.7219 PR=0.0878 | TPR@FPR: 0.5%=0.043 | 1%=0.043 | 2%=0.064 | 5%=0.170 | 10%=0.404
  Epoch  49/50 | loss=1.7328/2.5332 | AUC=0.7220 PR=0.0879 | TPR@FPR: 0.5%=0.043 | 1%=0.043 | 2%=0.064 | 5%=0.170 | 10%=0.404
  Epoch  50/50 | loss=1.7137/2.5332 | AUC=0.7220 PR=0.0879 | TPR@FPR: 0.5%=0.043 | 1%=0.043 | 2%=0.064 | 5%=0.170 | 10%=0.404
  Best AUC-ROC: 0.7220 | Checkpoint: /root/iris/src/01-dinov3/checkpoints/care_label/vitl16_714_linear_probe_best.pt

  --- Best checkpoint metrics ---
  AUC-ROC: 0.7219858156028369
  AUC-PR:  0.08782894152213923
  Target FPR   Actual FPR   TPR        Threshold 
  --------------------------------------------
  0.5%         0.0064       0.0426     0.9921    
  1%           0.0064       0.0426     0.9921    
  2%           0.0227       0.0638     0.9886    
  5%           0.0475       0.1489     0.9854    
  10%          0.0943       0.4043     0.9795    
  Youden best: threshold=0.9630  TPR=0.6383  FPR=0.2362


  1c. ML classifiers: care_label / vitl16@714
Device: cuda

============================================================
[care_label | vitl16 @ 714 | xgb, svm, catboost, lgbm]
============================================================
[care_label/train] 9759 labeled rows, 7294 with images
  Authentic (0): 7054  |  Not-authentic (1): 240  |  Ratio: 29.4:1
  Val split [care_label]: train=5837, val=1457
  Train: 5837 (193 pos) | Val: 1457 (47 pos)
/root/.venv/lib/python3.12/site-packages/xgboost/core.py:751: UserWarning: [21:39:31] WARNING: /__w/xgboost/xgboost/src/common/error_msg.cc:62: Falling back to prediction using DMatrix due to mismatched devices. This might lead to higher memory usage and slower performance. XGBoost is running on: cuda:0, while the input data is on: cpu.
Potential solutions:
- Use a data structure that matches the device ordinal in the booster.
- Set the device for booster before call to inplace_predict.

This warning will only be shown once.

  return func(**kwargs)
  [XGB     ] fit=1.3s | AUC-ROC=0.7389 AUC-PR=0.2104 TPR@2%FPR=0.2553
  [SVM     ] fit=35.0s | AUC-ROC=0.8152 AUC-PR=0.2655 TPR@2%FPR=0.2553
Default metric period is 5 because AUC is/are not implemented for GPU
  [CATBOOST] fit=2.7s | AUC-ROC=0.7131 AUC-PR=0.1741 TPR@2%FPR=0.1702
/root/.venv/lib/python3.12/site-packages/sklearn/utils/validation.py:2691: UserWarning: X does not have valid feature names, but LGBMClassifier was fitted with feature names
  warnings.warn(
  [LGBM    ] fit=5.5s | AUC-ROC=0.7504 AUC-PR=0.2704 TPR@2%FPR=0.2766

  1b. Linear head: front / vitl16@518

============================================================
[front | vitl16 @ 518 | linear_probe]
============================================================
[front/train] 9759 labeled rows, 9627 with images
  Authentic (0): 9321  |  Not-authentic (1): 306  |  Ratio: 30.5:1
  Val split [front]: train=7698, val=1929
  Train: 7698 (244 pos) | Val: 1929 (62 pos)
  pos_weight: 30.5
  Epoch   1/50 | loss=3.8099/2.9355 | AUC=0.7453 PR=0.0966 | TPR@FPR: 0.5%=0.000 | 1%=0.048 | 2%=0.113 | 5%=0.323 | 10%=0.371 *
  Epoch   2/50 | loss=2.1409/2.9826 | AUC=0.7612 PR=0.1107 | TPR@FPR: 0.5%=0.016 | 1%=0.065 | 2%=0.145 | 5%=0.306 | 10%=0.371 *
  Epoch   3/50 | loss=2.0333/2.7196 | AUC=0.7778 PR=0.1425 | TPR@FPR: 0.5%=0.048 | 1%=0.113 | 2%=0.210 | 5%=0.355 | 10%=0.484 *
  Epoch   4/50 | loss=1.8932/2.6542 | AUC=0.7874 PR=0.1726 | TPR@FPR: 0.5%=0.048 | 1%=0.113 | 2%=0.258 | 5%=0.419 | 10%=0.500 *
  Epoch   5/50 | loss=1.8135/2.6545 | AUC=0.7949 PR=0.1792 | TPR@FPR: 0.5%=0.097 | 1%=0.113 | 2%=0.306 | 5%=0.371 | 10%=0.500 *
  Epoch   6/50 | loss=1.7885/2.6212 | AUC=0.8005 PR=0.1913 | TPR@FPR: 0.5%=0.113 | 1%=0.145 | 2%=0.306 | 5%=0.371 | 10%=0.500 *
  Epoch   7/50 | loss=1.7702/2.5437 | AUC=0.8068 PR=0.2104 | TPR@FPR: 0.5%=0.161 | 1%=0.194 | 2%=0.306 | 5%=0.387 | 10%=0.500 *
  Epoch   8/50 | loss=1.7210/2.5137 | AUC=0.8095 PR=0.2105 | TPR@FPR: 0.5%=0.129 | 1%=0.194 | 2%=0.306 | 5%=0.387 | 10%=0.548 *
  Epoch   9/50 | loss=1.7086/2.4411 | AUC=0.8125 PR=0.2104 | TPR@FPR: 0.5%=0.129 | 1%=0.194 | 2%=0.290 | 5%=0.403 | 10%=0.565 *
  Epoch  10/50 | loss=1.6405/2.4435 | AUC=0.8141 PR=0.2109 | TPR@FPR: 0.5%=0.097 | 1%=0.194 | 2%=0.290 | 5%=0.403 | 10%=0.565 *
  Epoch  11/50 | loss=1.6619/2.3856 | AUC=0.8155 PR=0.2155 | TPR@FPR: 0.5%=0.097 | 1%=0.194 | 2%=0.290 | 5%=0.403 | 10%=0.565 *
  Epoch  12/50 | loss=1.6075/2.3240 | AUC=0.8172 PR=0.2131 | TPR@FPR: 0.5%=0.081 | 1%=0.226 | 2%=0.290 | 5%=0.419 | 10%=0.565 *
  Epoch  13/50 | loss=1.5825/2.3265 | AUC=0.8186 PR=0.2145 | TPR@FPR: 0.5%=0.081 | 1%=0.194 | 2%=0.274 | 5%=0.403 | 10%=0.548 *
  Epoch  14/50 | loss=1.5269/2.3198 | AUC=0.8192 PR=0.2149 | TPR@FPR: 0.5%=0.081 | 1%=0.177 | 2%=0.274 | 5%=0.419 | 10%=0.565 *
  Epoch  15/50 | loss=1.5515/2.2347 | AUC=0.8213 PR=0.2221 | TPR@FPR: 0.5%=0.113 | 1%=0.177 | 2%=0.290 | 5%=0.419 | 10%=0.597 *
  Epoch  16/50 | loss=1.5179/2.2660 | AUC=0.8207 PR=0.2130 | TPR@FPR: 0.5%=0.065 | 1%=0.210 | 2%=0.290 | 5%=0.435 | 10%=0.581
  Epoch  17/50 | loss=1.4596/2.2527 | AUC=0.8212 PR=0.2129 | TPR@FPR: 0.5%=0.065 | 1%=0.177 | 2%=0.306 | 5%=0.435 | 10%=0.581
  Epoch  18/50 | loss=1.4706/2.1818 | AUC=0.8217 PR=0.2136 | TPR@FPR: 0.5%=0.097 | 1%=0.177 | 2%=0.290 | 5%=0.435 | 10%=0.581 *
  Epoch  19/50 | loss=1.4360/2.2163 | AUC=0.8204 PR=0.2107 | TPR@FPR: 0.5%=0.065 | 1%=0.161 | 2%=0.290 | 5%=0.435 | 10%=0.581
  Epoch  20/50 | loss=1.4451/2.1357 | AUC=0.8217 PR=0.2080 | TPR@FPR: 0.5%=0.065 | 1%=0.129 | 2%=0.290 | 5%=0.435 | 10%=0.597
  Epoch  21/50 | loss=1.3920/2.1645 | AUC=0.8218 PR=0.1975 | TPR@FPR: 0.5%=0.065 | 1%=0.161 | 2%=0.274 | 5%=0.452 | 10%=0.581 *
  Epoch  22/50 | loss=1.3746/2.0788 | AUC=0.8227 PR=0.2141 | TPR@FPR: 0.5%=0.065 | 1%=0.194 | 2%=0.290 | 5%=0.452 | 10%=0.597 *
  Epoch  23/50 | loss=1.3968/2.1006 | AUC=0.8229 PR=0.2021 | TPR@FPR: 0.5%=0.065 | 1%=0.145 | 2%=0.258 | 5%=0.452 | 10%=0.597 *
  Epoch  24/50 | loss=1.4035/2.0611 | AUC=0.8238 PR=0.2025 | TPR@FPR: 0.5%=0.065 | 1%=0.145 | 2%=0.258 | 5%=0.452 | 10%=0.597 *
  Epoch  25/50 | loss=1.3456/2.0768 | AUC=0.8240 PR=0.2048 | TPR@FPR: 0.5%=0.065 | 1%=0.129 | 2%=0.242 | 5%=0.452 | 10%=0.597 *
  Epoch  26/50 | loss=1.3418/2.0571 | AUC=0.8240 PR=0.2047 | TPR@FPR: 0.5%=0.081 | 1%=0.145 | 2%=0.242 | 5%=0.452 | 10%=0.597
  Epoch  27/50 | loss=1.3442/2.0341 | AUC=0.8246 PR=0.2073 | TPR@FPR: 0.5%=0.065 | 1%=0.129 | 2%=0.242 | 5%=0.468 | 10%=0.597 *
  Epoch  28/50 | loss=1.3154/2.0293 | AUC=0.8246 PR=0.2060 | TPR@FPR: 0.5%=0.081 | 1%=0.129 | 2%=0.242 | 5%=0.468 | 10%=0.597
  Epoch  29/50 | loss=1.3657/2.0314 | AUC=0.8243 PR=0.2017 | TPR@FPR: 0.5%=0.081 | 1%=0.129 | 2%=0.226 | 5%=0.468 | 10%=0.597
  Epoch  30/50 | loss=1.3174/2.0297 | AUC=0.8242 PR=0.2022 | TPR@FPR: 0.5%=0.081 | 1%=0.129 | 2%=0.226 | 5%=0.468 | 10%=0.597
  Epoch  31/50 | loss=1.3007/2.0262 | AUC=0.8248 PR=0.2053 | TPR@FPR: 0.5%=0.081 | 1%=0.129 | 2%=0.242 | 5%=0.468 | 10%=0.597 *
  Epoch  32/50 | loss=1.2621/2.0249 | AUC=0.8249 PR=0.2047 | TPR@FPR: 0.5%=0.081 | 1%=0.129 | 2%=0.242 | 5%=0.468 | 10%=0.597 *
  Epoch  33/50 | loss=1.3296/1.9755 | AUC=0.8260 PR=0.2100 | TPR@FPR: 0.5%=0.065 | 1%=0.145 | 2%=0.258 | 5%=0.468 | 10%=0.597 *
  Epoch  34/50 | loss=1.2819/1.9961 | AUC=0.8261 PR=0.2120 | TPR@FPR: 0.5%=0.065 | 1%=0.145 | 2%=0.258 | 5%=0.468 | 10%=0.597 *
  Epoch  35/50 | loss=1.2768/1.9801 | AUC=0.8261 PR=0.2127 | TPR@FPR: 0.5%=0.065 | 1%=0.129 | 2%=0.258 | 5%=0.468 | 10%=0.597 *
  Epoch  36/50 | loss=1.3145/1.9978 | AUC=0.8259 PR=0.2110 | TPR@FPR: 0.5%=0.065 | 1%=0.129 | 2%=0.258 | 5%=0.468 | 10%=0.597
  Epoch  37/50 | loss=1.2814/1.9815 | AUC=0.8266 PR=0.2108 | TPR@FPR: 0.5%=0.065 | 1%=0.129 | 2%=0.258 | 5%=0.484 | 10%=0.597 *
  Epoch  38/50 | loss=1.2894/1.9751 | AUC=0.8266 PR=0.2110 | TPR@FPR: 0.5%=0.081 | 1%=0.145 | 2%=0.242 | 5%=0.484 | 10%=0.581 *
  Epoch  39/50 | loss=1.2940/1.9807 | AUC=0.8264 PR=0.2098 | TPR@FPR: 0.5%=0.065 | 1%=0.145 | 2%=0.242 | 5%=0.484 | 10%=0.597
  Epoch  40/50 | loss=1.2881/1.9664 | AUC=0.8262 PR=0.2067 | TPR@FPR: 0.5%=0.065 | 1%=0.145 | 2%=0.258 | 5%=0.484 | 10%=0.597
  Epoch  41/50 | loss=1.2873/1.9631 | AUC=0.8260 PR=0.2057 | TPR@FPR: 0.5%=0.065 | 1%=0.161 | 2%=0.258 | 5%=0.484 | 10%=0.597
  Epoch  42/50 | loss=1.2794/1.9670 | AUC=0.8259 PR=0.2058 | TPR@FPR: 0.5%=0.065 | 1%=0.161 | 2%=0.242 | 5%=0.484 | 10%=0.597
  Epoch  43/50 | loss=1.2570/1.9684 | AUC=0.8258 PR=0.2059 | TPR@FPR: 0.5%=0.065 | 1%=0.161 | 2%=0.226 | 5%=0.484 | 10%=0.597
  Epoch  44/50 | loss=1.2404/1.9674 | AUC=0.8259 PR=0.2058 | TPR@FPR: 0.5%=0.065 | 1%=0.161 | 2%=0.242 | 5%=0.484 | 10%=0.597
  Epoch  45/50 | loss=1.2671/1.9661 | AUC=0.8260 PR=0.2061 | TPR@FPR: 0.5%=0.065 | 1%=0.161 | 2%=0.242 | 5%=0.484 | 10%=0.597
  Early stopping at epoch 45 (patience=7)
  Best AUC-ROC: 0.8266 | Checkpoint: /root/iris/src/01-dinov3/checkpoints/front/vitl16_518_linear_probe_best.pt

  --- Best checkpoint metrics ---
  AUC-ROC: 0.8265589094113378
  AUC-PR:  0.21101819109270986
  Target FPR   Actual FPR   TPR        Threshold 
  --------------------------------------------
  0.5%         0.0048       0.0806     0.9967    
  1%           0.0102       0.1452     0.9954    
  2%           0.0193       0.2419     0.9943    
  5%           0.0525       0.4839     0.9907    
  10%          0.0937       0.5806     0.9855    
  Youden best: threshold=0.9234  TPR=0.8548  FPR=0.3155


  1c. ML classifiers: front / vitl16@518
Device: cuda

============================================================
[front | vitl16 @ 518 | xgb, svm, catboost, lgbm]
============================================================
[front/train] 9759 labeled rows, 9627 with images
  Authentic (0): 9321  |  Not-authentic (1): 306  |  Ratio: 30.5:1
  Val split [front]: train=7698, val=1929
  Train: 7698 (244 pos) | Val: 1929 (62 pos)
/root/.venv/lib/python3.12/site-packages/xgboost/core.py:751: UserWarning: [21:43:09] WARNING: /__w/xgboost/xgboost/src/common/error_msg.cc:62: Falling back to prediction using DMatrix due to mismatched devices. This might lead to higher memory usage and slower performance. XGBoost is running on: cuda:0, while the input data is on: cpu.
Potential solutions:
- Use a data structure that matches the device ordinal in the booster.
- Set the device for booster before call to inplace_predict.

This warning will only be shown once.

  return func(**kwargs)
  [XGB     ] fit=1.3s | AUC-ROC=0.8422 AUC-PR=0.4059 TPR@2%FPR=0.4677
  [SVM     ] fit=54.5s | AUC-ROC=0.8451 AUC-PR=0.3394 TPR@2%FPR=0.4355
Default metric period is 5 because AUC is/are not implemented for GPU
  [CATBOOST] fit=2.6s | AUC-ROC=0.8312 AUC-PR=0.2418 TPR@2%FPR=0.2903
/root/.venv/lib/python3.12/site-packages/sklearn/utils/validation.py:2691: UserWarning: X does not have valid feature names, but LGBMClassifier was fitted with feature names
  warnings.warn(
  [LGBM    ] fit=5.3s | AUC-ROC=0.8209 AUC-PR=0.3984 TPR@2%FPR=0.4355

  1b. Linear head: front / vitl16@714

============================================================
[front | vitl16 @ 714 | linear_probe]
============================================================
[front/train] 9759 labeled rows, 9627 with images
  Authentic (0): 9321  |  Not-authentic (1): 306  |  Ratio: 30.5:1
  Val split [front]: train=7698, val=1929
  Train: 7698 (244 pos) | Val: 1929 (62 pos)
  pos_weight: 30.5
  Epoch   1/50 | loss=3.7919/2.9734 | AUC=0.7376 PR=0.0929 | TPR@FPR: 0.5%=0.016 | 1%=0.032 | 2%=0.081 | 5%=0.306 | 10%=0.339 *
  Epoch   2/50 | loss=2.1552/2.9869 | AUC=0.7548 PR=0.1199 | TPR@FPR: 0.5%=0.016 | 1%=0.048 | 2%=0.129 | 5%=0.306 | 10%=0.355 *
  Epoch   3/50 | loss=2.0305/2.7017 | AUC=0.7702 PR=0.1459 | TPR@FPR: 0.5%=0.032 | 1%=0.065 | 2%=0.177 | 5%=0.387 | 10%=0.468 *
  Epoch   4/50 | loss=1.8970/2.6414 | AUC=0.7806 PR=0.1718 | TPR@FPR: 0.5%=0.048 | 1%=0.129 | 2%=0.258 | 5%=0.403 | 10%=0.468 *
  Epoch   5/50 | loss=1.8079/2.6372 | AUC=0.7879 PR=0.1941 | TPR@FPR: 0.5%=0.113 | 1%=0.113 | 2%=0.258 | 5%=0.387 | 10%=0.484 *
  Epoch   6/50 | loss=1.7890/2.5990 | AUC=0.7935 PR=0.2061 | TPR@FPR: 0.5%=0.113 | 1%=0.145 | 2%=0.258 | 5%=0.403 | 10%=0.484 *
  Epoch   7/50 | loss=1.7582/2.5205 | AUC=0.7998 PR=0.2142 | TPR@FPR: 0.5%=0.129 | 1%=0.194 | 2%=0.258 | 5%=0.403 | 10%=0.516 *
  Epoch   8/50 | loss=1.7150/2.4961 | AUC=0.8023 PR=0.2155 | TPR@FPR: 0.5%=0.129 | 1%=0.194 | 2%=0.258 | 5%=0.419 | 10%=0.548 *
  Epoch   9/50 | loss=1.6995/2.4180 | AUC=0.8053 PR=0.2190 | TPR@FPR: 0.5%=0.145 | 1%=0.194 | 2%=0.258 | 5%=0.403 | 10%=0.548 *
  Epoch  10/50 | loss=1.6374/2.4173 | AUC=0.8067 PR=0.2258 | TPR@FPR: 0.5%=0.097 | 1%=0.210 | 2%=0.258 | 5%=0.403 | 10%=0.548 *
  Epoch  11/50 | loss=1.6514/2.3560 | AUC=0.8081 PR=0.2370 | TPR@FPR: 0.5%=0.097 | 1%=0.226 | 2%=0.274 | 5%=0.403 | 10%=0.548 *
  Epoch  12/50 | loss=1.5975/2.2938 | AUC=0.8089 PR=0.2427 | TPR@FPR: 0.5%=0.161 | 1%=0.226 | 2%=0.290 | 5%=0.419 | 10%=0.565 *
  Epoch  13/50 | loss=1.5715/2.2955 | AUC=0.8103 PR=0.2403 | TPR@FPR: 0.5%=0.097 | 1%=0.242 | 2%=0.290 | 5%=0.419 | 10%=0.548 *
  Epoch  14/50 | loss=1.5081/2.2861 | AUC=0.8108 PR=0.2417 | TPR@FPR: 0.5%=0.097 | 1%=0.226 | 2%=0.306 | 5%=0.419 | 10%=0.548 *
  Epoch  15/50 | loss=1.5372/2.2055 | AUC=0.8125 PR=0.2409 | TPR@FPR: 0.5%=0.129 | 1%=0.194 | 2%=0.323 | 5%=0.419 | 10%=0.565 *
  Epoch  16/50 | loss=1.5009/2.2313 | AUC=0.8120 PR=0.2418 | TPR@FPR: 0.5%=0.161 | 1%=0.210 | 2%=0.323 | 5%=0.435 | 10%=0.548
  Epoch  17/50 | loss=1.4455/2.2171 | AUC=0.8123 PR=0.2410 | TPR@FPR: 0.5%=0.145 | 1%=0.210 | 2%=0.339 | 5%=0.452 | 10%=0.565
  Epoch  18/50 | loss=1.4469/2.1450 | AUC=0.8128 PR=0.2431 | TPR@FPR: 0.5%=0.145 | 1%=0.194 | 2%=0.323 | 5%=0.452 | 10%=0.565 *
  Epoch  19/50 | loss=1.4201/2.1846 | AUC=0.8112 PR=0.2400 | TPR@FPR: 0.5%=0.081 | 1%=0.210 | 2%=0.323 | 5%=0.435 | 10%=0.565
  Epoch  20/50 | loss=1.4249/2.1023 | AUC=0.8125 PR=0.2396 | TPR@FPR: 0.5%=0.113 | 1%=0.210 | 2%=0.339 | 5%=0.435 | 10%=0.565
  Epoch  21/50 | loss=1.3717/2.1352 | AUC=0.8123 PR=0.2333 | TPR@FPR: 0.5%=0.081 | 1%=0.194 | 2%=0.339 | 5%=0.452 | 10%=0.565
  Epoch  22/50 | loss=1.3592/2.0499 | AUC=0.8134 PR=0.2433 | TPR@FPR: 0.5%=0.081 | 1%=0.210 | 2%=0.323 | 5%=0.452 | 10%=0.581 *
  Epoch  23/50 | loss=1.3725/2.0655 | AUC=0.8135 PR=0.2405 | TPR@FPR: 0.5%=0.081 | 1%=0.194 | 2%=0.323 | 5%=0.452 | 10%=0.565 *
  Epoch  24/50 | loss=1.3768/2.0293 | AUC=0.8138 PR=0.2405 | TPR@FPR: 0.5%=0.081 | 1%=0.194 | 2%=0.323 | 5%=0.452 | 10%=0.581 *
  Epoch  25/50 | loss=1.3278/2.0387 | AUC=0.8137 PR=0.2396 | TPR@FPR: 0.5%=0.081 | 1%=0.177 | 2%=0.323 | 5%=0.452 | 10%=0.565
  Epoch  26/50 | loss=1.3170/2.0243 | AUC=0.8137 PR=0.2358 | TPR@FPR: 0.5%=0.097 | 1%=0.161 | 2%=0.306 | 5%=0.452 | 10%=0.581
  Epoch  27/50 | loss=1.3256/2.0064 | AUC=0.8140 PR=0.2404 | TPR@FPR: 0.5%=0.081 | 1%=0.177 | 2%=0.306 | 5%=0.452 | 10%=0.581 *
  Epoch  28/50 | loss=1.2968/1.9992 | AUC=0.8139 PR=0.2367 | TPR@FPR: 0.5%=0.081 | 1%=0.161 | 2%=0.339 | 5%=0.452 | 10%=0.581
  Epoch  29/50 | loss=1.3491/1.9994 | AUC=0.8134 PR=0.2357 | TPR@FPR: 0.5%=0.081 | 1%=0.145 | 2%=0.339 | 5%=0.452 | 10%=0.581
  Epoch  30/50 | loss=1.2961/1.9960 | AUC=0.8138 PR=0.2364 | TPR@FPR: 0.5%=0.081 | 1%=0.145 | 2%=0.339 | 5%=0.452 | 10%=0.581
  Epoch  31/50 | loss=1.2745/1.9963 | AUC=0.8139 PR=0.2381 | TPR@FPR: 0.5%=0.081 | 1%=0.161 | 2%=0.339 | 5%=0.452 | 10%=0.581
  Epoch  32/50 | loss=1.2445/1.9941 | AUC=0.8143 PR=0.2379 | TPR@FPR: 0.5%=0.081 | 1%=0.145 | 2%=0.355 | 5%=0.452 | 10%=0.581 *
  Epoch  33/50 | loss=1.3037/1.9477 | AUC=0.8148 PR=0.2451 | TPR@FPR: 0.5%=0.081 | 1%=0.161 | 2%=0.355 | 5%=0.452 | 10%=0.581 *
  Epoch  34/50 | loss=1.2691/1.9670 | AUC=0.8148 PR=0.2483 | TPR@FPR: 0.5%=0.081 | 1%=0.194 | 2%=0.355 | 5%=0.452 | 10%=0.581
  Epoch  35/50 | loss=1.2612/1.9503 | AUC=0.8147 PR=0.2446 | TPR@FPR: 0.5%=0.081 | 1%=0.145 | 2%=0.355 | 5%=0.452 | 10%=0.581
  Epoch  36/50 | loss=1.2987/1.9729 | AUC=0.8147 PR=0.2462 | TPR@FPR: 0.5%=0.081 | 1%=0.177 | 2%=0.355 | 5%=0.452 | 10%=0.581
  Epoch  37/50 | loss=1.2641/1.9587 | AUC=0.8149 PR=0.2416 | TPR@FPR: 0.5%=0.081 | 1%=0.161 | 2%=0.355 | 5%=0.452 | 10%=0.581 *
  Epoch  38/50 | loss=1.2749/1.9449 | AUC=0.8149 PR=0.2411 | TPR@FPR: 0.5%=0.081 | 1%=0.145 | 2%=0.355 | 5%=0.468 | 10%=0.581 *
  Epoch  39/50 | loss=1.2808/1.9508 | AUC=0.8147 PR=0.2402 | TPR@FPR: 0.5%=0.081 | 1%=0.129 | 2%=0.355 | 5%=0.452 | 10%=0.581
  Epoch  40/50 | loss=1.2613/1.9354 | AUC=0.8147 PR=0.2400 | TPR@FPR: 0.5%=0.081 | 1%=0.145 | 2%=0.355 | 5%=0.484 | 10%=0.581
  Epoch  41/50 | loss=1.2638/1.9312 | AUC=0.8145 PR=0.2404 | TPR@FPR: 0.5%=0.081 | 1%=0.145 | 2%=0.355 | 5%=0.452 | 10%=0.581
  Epoch  42/50 | loss=1.2592/1.9371 | AUC=0.8144 PR=0.2402 | TPR@FPR: 0.5%=0.081 | 1%=0.129 | 2%=0.355 | 5%=0.468 | 10%=0.581
  Epoch  43/50 | loss=1.2360/1.9397 | AUC=0.8143 PR=0.2403 | TPR@FPR: 0.5%=0.081 | 1%=0.145 | 2%=0.355 | 5%=0.468 | 10%=0.581
  Epoch  44/50 | loss=1.2199/1.9403 | AUC=0.8143 PR=0.2401 | TPR@FPR: 0.5%=0.081 | 1%=0.145 | 2%=0.355 | 5%=0.452 | 10%=0.581
  Epoch  45/50 | loss=1.2497/1.9398 | AUC=0.8144 PR=0.2406 | TPR@FPR: 0.5%=0.081 | 1%=0.145 | 2%=0.355 | 5%=0.484 | 10%=0.597
  Early stopping at epoch 45 (patience=7)
  Best AUC-ROC: 0.8149 | Checkpoint: /root/iris/src/01-dinov3/checkpoints/front/vitl16_714_linear_probe_best.pt

  --- Best checkpoint metrics ---
  AUC-ROC: 0.8149351210325345
  AUC-PR:  0.2411225709619035
  Target FPR   Actual FPR   TPR        Threshold 
  --------------------------------------------
  0.5%         0.0032       0.0806     0.9972    
  1%           0.0096       0.1452     0.9957    
  2%           0.0204       0.3548     0.9942    
  5%           0.0530       0.4677     0.9909    
  10%          0.1082       0.5806     0.9802    
  Youden best: threshold=0.9366  TPR=0.7903  FPR=0.2678


  1c. ML classifiers: front / vitl16@714
Device: cuda

============================================================
[front | vitl16 @ 714 | xgb, svm, catboost, lgbm]
============================================================
