
============================================================
[care_label | vitl16 @ 518 | linear_probe]
============================================================
[care_label/train] 9759 labeled rows, 7294 with images
  Authentic (0): 7054  |  Not-authentic (1): 240  |  Ratio: 29.4:1
  Val split [care_label]: train=5837, val=1457
  Train: 5837 (193 pos) | Val: 1457 (47 pos)
  pos_weight: 29.2
  Epoch   1/50 | loss=3.9183/3.7843 | AUC=0.3866 PR=0.0247 | TPR@FPR: 0.5%=0.000 | 1%=0.000 | 2%=0.000 | 5%=0.000 | 10%=0.043 *
  Epoch   2/50 | loss=2.2781/3.7520 | AUC=0.5179 PR=0.0388 | TPR@FPR: 0.5%=0.000 | 1%=0.021 | 2%=0.021 | 5%=0.064 | 10%=0.170 *
  Epoch   3/50 | loss=2.1774/3.2069 | AUC=0.6032 PR=0.0512 | TPR@FPR: 0.5%=0.000 | 1%=0.000 | 2%=0.021 | 5%=0.064 | 10%=0.213 *
  Epoch   4/50 | loss=2.1468/3.1554 | AUC=0.6164 PR=0.0532 | TPR@FPR: 0.5%=0.000 | 1%=0.000 | 2%=0.021 | 5%=0.106 | 10%=0.213 *
  Epoch   5/50 | loss=2.1011/3.1677 | AUC=0.6199 PR=0.0529 | TPR@FPR: 0.5%=0.000 | 1%=0.000 | 2%=0.021 | 5%=0.106 | 10%=0.234 *
  Epoch   6/50 | loss=2.0726/3.1352 | AUC=0.6340 PR=0.0548 | TPR@FPR: 0.5%=0.000 | 1%=0.000 | 2%=0.021 | 5%=0.106 | 10%=0.213 *
  Epoch   7/50 | loss=2.0684/3.0432 | AUC=0.6466 PR=0.0560 | TPR@FPR: 0.5%=0.000 | 1%=0.000 | 2%=0.021 | 5%=0.106 | 10%=0.213 *
  Epoch   8/50 | loss=2.0652/3.0212 | AUC=0.6531 PR=0.0563 | TPR@FPR: 0.5%=0.000 | 1%=0.000 | 2%=0.021 | 5%=0.106 | 10%=0.234 *
  Epoch   9/50 | loss=2.0341/3.0151 | AUC=0.6617 PR=0.0576 | TPR@FPR: 0.5%=0.000 | 1%=0.000 | 2%=0.021 | 5%=0.106 | 10%=0.255 *
  Epoch  10/50 | loss=2.0046/2.9563 | AUC=0.6728 PR=0.0599 | TPR@FPR: 0.5%=0.000 | 1%=0.000 | 2%=0.021 | 5%=0.106 | 10%=0.298 *
  Epoch  11/50 | loss=1.9715/2.9680 | AUC=0.6761 PR=0.0599 | TPR@FPR: 0.5%=0.000 | 1%=0.000 | 2%=0.021 | 5%=0.106 | 10%=0.298 *
  Epoch  12/50 | loss=1.9357/2.9957 | AUC=0.6798 PR=0.0605 | TPR@FPR: 0.5%=0.000 | 1%=0.000 | 2%=0.043 | 5%=0.106 | 10%=0.298 *
  Epoch  13/50 | loss=1.9631/2.8719 | AUC=0.6873 PR=0.0614 | TPR@FPR: 0.5%=0.000 | 1%=0.000 | 2%=0.043 | 5%=0.085 | 10%=0.298 *
  Epoch  14/50 | loss=1.9439/2.8652 | AUC=0.6942 PR=0.0628 | TPR@FPR: 0.5%=0.000 | 1%=0.021 | 2%=0.021 | 5%=0.106 | 10%=0.277 *
  Epoch  15/50 | loss=1.9123/2.8703 | AUC=0.7006 PR=0.0648 | TPR@FPR: 0.5%=0.000 | 1%=0.021 | 2%=0.021 | 5%=0.106 | 10%=0.298 *
  Epoch  16/50 | loss=1.9089/2.8249 | AUC=0.7030 PR=0.0654 | TPR@FPR: 0.5%=0.000 | 1%=0.021 | 2%=0.043 | 5%=0.085 | 10%=0.298 *
  Epoch  17/50 | loss=1.9159/2.8199 | AUC=0.7066 PR=0.0663 | TPR@FPR: 0.5%=0.000 | 1%=0.021 | 2%=0.043 | 5%=0.085 | 10%=0.277 *
  Epoch  18/50 | loss=1.8725/2.7775 | AUC=0.7089 PR=0.0670 | TPR@FPR: 0.5%=0.000 | 1%=0.021 | 2%=0.043 | 5%=0.085 | 10%=0.298 *
  Epoch  19/50 | loss=1.8772/2.7723 | AUC=0.7110 PR=0.0683 | TPR@FPR: 0.5%=0.000 | 1%=0.021 | 2%=0.043 | 5%=0.085 | 10%=0.277 *
  Epoch  20/50 | loss=1.8732/2.7354 | AUC=0.7175 PR=0.0712 | TPR@FPR: 0.5%=0.000 | 1%=0.021 | 2%=0.043 | 5%=0.128 | 10%=0.319 *
  Epoch  21/50 | loss=1.8566/2.7318 | AUC=0.7179 PR=0.0709 | TPR@FPR: 0.5%=0.000 | 1%=0.021 | 2%=0.043 | 5%=0.128 | 10%=0.277 *
  Epoch  22/50 | loss=1.8386/2.7535 | AUC=0.7166 PR=0.0699 | TPR@FPR: 0.5%=0.000 | 1%=0.021 | 2%=0.043 | 5%=0.128 | 10%=0.255
  Epoch  23/50 | loss=1.8309/2.7046 | AUC=0.7230 PR=0.0730 | TPR@FPR: 0.5%=0.000 | 1%=0.021 | 2%=0.043 | 5%=0.128 | 10%=0.277 *
  Epoch  24/50 | loss=1.8046/2.6522 | AUC=0.7256 PR=0.0741 | TPR@FPR: 0.5%=0.021 | 1%=0.021 | 2%=0.043 | 5%=0.149 | 10%=0.298 *
  Epoch  25/50 | loss=1.8190/2.6747 | AUC=0.7277 PR=0.0748 | TPR@FPR: 0.5%=0.021 | 1%=0.021 | 2%=0.043 | 5%=0.149 | 10%=0.298 *
  Epoch  26/50 | loss=1.8055/2.6090 | AUC=0.7323 PR=0.0773 | TPR@FPR: 0.5%=0.021 | 1%=0.021 | 2%=0.064 | 5%=0.170 | 10%=0.340 *
  Epoch  27/50 | loss=1.7781/2.6642 | AUC=0.7288 PR=0.0753 | TPR@FPR: 0.5%=0.021 | 1%=0.021 | 2%=0.043 | 5%=0.149 | 10%=0.298
  Epoch  28/50 | loss=1.7858/2.6440 | AUC=0.7306 PR=0.0766 | TPR@FPR: 0.5%=0.021 | 1%=0.021 | 2%=0.064 | 5%=0.170 | 10%=0.298
  Epoch  29/50 | loss=1.7716/2.6386 | AUC=0.7319 PR=0.0771 | TPR@FPR: 0.5%=0.021 | 1%=0.021 | 2%=0.064 | 5%=0.149 | 10%=0.298
  Epoch  30/50 | loss=1.7804/2.6009 | AUC=0.7346 PR=0.0784 | TPR@FPR: 0.5%=0.021 | 1%=0.021 | 2%=0.064 | 5%=0.170 | 10%=0.319 *
  Epoch  31/50 | loss=1.7573/2.6274 | AUC=0.7337 PR=0.0790 | TPR@FPR: 0.5%=0.021 | 1%=0.021 | 2%=0.064 | 5%=0.149 | 10%=0.319
  Epoch  32/50 | loss=1.7744/2.5774 | AUC=0.7341 PR=0.0786 | TPR@FPR: 0.5%=0.021 | 1%=0.021 | 2%=0.064 | 5%=0.149 | 10%=0.319
  Epoch  33/50 | loss=1.7724/2.5456 | AUC=0.7368 PR=0.0799 | TPR@FPR: 0.5%=0.021 | 1%=0.021 | 2%=0.043 | 5%=0.170 | 10%=0.340 *
  Epoch  34/50 | loss=1.7449/2.5949 | AUC=0.7363 PR=0.0800 | TPR@FPR: 0.5%=0.021 | 1%=0.021 | 2%=0.064 | 5%=0.170 | 10%=0.340
  Epoch  35/50 | loss=1.7665/2.5443 | AUC=0.7381 PR=0.0810 | TPR@FPR: 0.5%=0.021 | 1%=0.021 | 2%=0.043 | 5%=0.170 | 10%=0.362 *
  Epoch  36/50 | loss=1.7433/2.5763 | AUC=0.7378 PR=0.0813 | TPR@FPR: 0.5%=0.021 | 1%=0.021 | 2%=0.064 | 5%=0.170 | 10%=0.340
  Epoch  37/50 | loss=1.7442/2.5507 | AUC=0.7389 PR=0.0817 | TPR@FPR: 0.5%=0.021 | 1%=0.021 | 2%=0.064 | 5%=0.170 | 10%=0.319 *
  Epoch  38/50 | loss=1.7413/2.5477 | AUC=0.7391 PR=0.0819 | TPR@FPR: 0.5%=0.021 | 1%=0.021 | 2%=0.064 | 5%=0.170 | 10%=0.340 *
  Epoch  39/50 | loss=1.7359/2.5477 | AUC=0.7390 PR=0.0819 | TPR@FPR: 0.5%=0.021 | 1%=0.021 | 2%=0.064 | 5%=0.170 | 10%=0.319
  Epoch  40/50 | loss=1.7440/2.5361 | AUC=0.7396 PR=0.0821 | TPR@FPR: 0.5%=0.021 | 1%=0.021 | 2%=0.064 | 5%=0.170 | 10%=0.362 *
  Epoch  41/50 | loss=1.7539/2.5350 | AUC=0.7402 PR=0.0825 | TPR@FPR: 0.5%=0.021 | 1%=0.021 | 2%=0.064 | 5%=0.170 | 10%=0.362 *
  Epoch  42/50 | loss=1.7222/2.5472 | AUC=0.7400 PR=0.0826 | TPR@FPR: 0.5%=0.021 | 1%=0.021 | 2%=0.064 | 5%=0.170 | 10%=0.362
  Epoch  43/50 | loss=1.7364/2.5532 | AUC=0.7402 PR=0.0827 | TPR@FPR: 0.5%=0.021 | 1%=0.021 | 2%=0.064 | 5%=0.170 | 10%=0.362 *
  Epoch  44/50 | loss=1.7345/2.5452 | AUC=0.7406 PR=0.0830 | TPR@FPR: 0.5%=0.021 | 1%=0.021 | 2%=0.085 | 5%=0.170 | 10%=0.362 *
  Epoch  45/50 | loss=1.7367/2.5480 | AUC=0.7407 PR=0.0831 | TPR@FPR: 0.5%=0.021 | 1%=0.021 | 2%=0.085 | 5%=0.170 | 10%=0.383 *
  Epoch  46/50 | loss=1.7279/2.5447 | AUC=0.7408 PR=0.0832 | TPR@FPR: 0.5%=0.021 | 1%=0.043 | 2%=0.085 | 5%=0.170 | 10%=0.383 *
  Epoch  47/50 | loss=1.7419/2.5432 | AUC=0.7408 PR=0.0833 | TPR@FPR: 0.5%=0.021 | 1%=0.043 | 2%=0.085 | 5%=0.170 | 10%=0.383 *
  Epoch  48/50 | loss=1.7364/2.5442 | AUC=0.7409 PR=0.0833 | TPR@FPR: 0.5%=0.021 | 1%=0.043 | 2%=0.085 | 5%=0.170 | 10%=0.383 *
  Epoch  49/50 | loss=1.7454/2.5437 | AUC=0.7409 PR=0.0833 | TPR@FPR: 0.5%=0.021 | 1%=0.043 | 2%=0.085 | 5%=0.170 | 10%=0.383
  Epoch  50/50 | loss=1.7284/2.5438 | AUC=0.7409 PR=0.0833 | TPR@FPR: 0.5%=0.021 | 1%=0.043 | 2%=0.085 | 5%=0.170 | 10%=0.383
  Best AUC-ROC: 0.7409 | Checkpoint: /root/iris/src/01-dinov3/checkpoints/care_label/vitl16_518_linear_probe_best.pt

  --- Best checkpoint metrics ---
  AUC-ROC: 0.7408631356571601
  AUC-PR:  0.08328117441094825
  Target FPR   Actual FPR   TPR        Threshold 
  --------------------------------------------
  0.5%         0.0043       0.0213     0.9930    
  1%           0.0156       0.0426     0.9906    
  2%           0.0227       0.0851     0.9889    
  5%           0.0504       0.1702     0.9846    
  10%          0.1000       0.3830     0.9791    
  Youden best: threshold=0.9695  TPR=0.6170  FPR=0.1787


============================================================
[care_label | vitl16 @ 714 | linear_probe]
============================================================
[care_label/train] 9759 labeled rows, 7294 with images
  Authentic (0): 7054  |  Not-authentic (1): 240  |  Ratio: 29.4:1
  Val split [care_label]: train=5837, val=1457
  Train: 5837 (193 pos) | Val: 1457 (47 pos)
  pos_weight: 29.2
  Epoch   1/50 | loss=3.9395/3.7942 | AUC=0.3848 PR=0.0251 | TPR@FPR: 0.5%=0.000 | 1%=0.000 | 2%=0.000 | 5%=0.021 | 10%=0.064 *
  Epoch   2/50 | loss=2.2823/3.7695 | AUC=0.4966 PR=0.0445 | TPR@FPR: 0.5%=0.021 | 1%=0.021 | 2%=0.064 | 5%=0.170 | 10%=0.191 *
  Epoch   3/50 | loss=2.1804/3.2170 | AUC=0.5809 PR=0.0545 | TPR@FPR: 0.5%=0.000 | 1%=0.021 | 2%=0.043 | 5%=0.149 | 10%=0.191 *
  Epoch   4/50 | loss=2.1485/3.1514 | AUC=0.5981 PR=0.0569 | TPR@FPR: 0.5%=0.000 | 1%=0.021 | 2%=0.043 | 5%=0.149 | 10%=0.213 *
  Epoch   5/50 | loss=2.1026/3.1707 | AUC=0.6027 PR=0.0570 | TPR@FPR: 0.5%=0.000 | 1%=0.021 | 2%=0.043 | 5%=0.149 | 10%=0.213 *
  Epoch   6/50 | loss=2.0723/3.1388 | AUC=0.6157 PR=0.0585 | TPR@FPR: 0.5%=0.000 | 1%=0.021 | 2%=0.043 | 5%=0.149 | 10%=0.213 *
  Epoch   7/50 | loss=2.0690/3.0464 | AUC=0.6282 PR=0.0594 | TPR@FPR: 0.5%=0.021 | 1%=0.021 | 2%=0.043 | 5%=0.149 | 10%=0.234 *
  Epoch   8/50 | loss=2.0616/3.0168 | AUC=0.6335 PR=0.0600 | TPR@FPR: 0.5%=0.021 | 1%=0.021 | 2%=0.043 | 5%=0.149 | 10%=0.234 *
  Epoch   9/50 | loss=2.0318/3.0146 | AUC=0.6397 PR=0.0606 | TPR@FPR: 0.5%=0.021 | 1%=0.021 | 2%=0.043 | 5%=0.128 | 10%=0.234 *
  Epoch  10/50 | loss=2.0005/2.9555 | AUC=0.6507 PR=0.0624 | TPR@FPR: 0.5%=0.021 | 1%=0.021 | 2%=0.043 | 5%=0.128 | 10%=0.234 *
  Epoch  11/50 | loss=1.9731/2.9680 | AUC=0.6544 PR=0.0627 | TPR@FPR: 0.5%=0.021 | 1%=0.021 | 2%=0.043 | 5%=0.149 | 10%=0.255 *
  Epoch  12/50 | loss=1.9330/2.9899 | AUC=0.6597 PR=0.0634 | TPR@FPR: 0.5%=0.021 | 1%=0.021 | 2%=0.021 | 5%=0.149 | 10%=0.277 *
  Epoch  13/50 | loss=1.9623/2.8714 | AUC=0.6670 PR=0.0649 | TPR@FPR: 0.5%=0.021 | 1%=0.021 | 2%=0.043 | 5%=0.149 | 10%=0.255 *
  Epoch  14/50 | loss=1.9426/2.8604 | AUC=0.6744 PR=0.0671 | TPR@FPR: 0.5%=0.021 | 1%=0.021 | 2%=0.043 | 5%=0.128 | 10%=0.277 *
  Epoch  15/50 | loss=1.9113/2.8702 | AUC=0.6804 PR=0.0695 | TPR@FPR: 0.5%=0.021 | 1%=0.021 | 2%=0.043 | 5%=0.149 | 10%=0.319 *
  Epoch  16/50 | loss=1.9034/2.8205 | AUC=0.6828 PR=0.0703 | TPR@FPR: 0.5%=0.021 | 1%=0.043 | 2%=0.043 | 5%=0.128 | 10%=0.319 *
  Epoch  17/50 | loss=1.9049/2.8117 | AUC=0.6853 PR=0.0729 | TPR@FPR: 0.5%=0.021 | 1%=0.043 | 2%=0.043 | 5%=0.128 | 10%=0.319 *
  Epoch  18/50 | loss=1.8679/2.7701 | AUC=0.6880 PR=0.0713 | TPR@FPR: 0.5%=0.021 | 1%=0.043 | 2%=0.043 | 5%=0.128 | 10%=0.319 *
  Epoch  19/50 | loss=1.8652/2.7627 | AUC=0.6910 PR=0.0714 | TPR@FPR: 0.5%=0.021 | 1%=0.043 | 2%=0.043 | 5%=0.128 | 10%=0.340 *
  Epoch  20/50 | loss=1.8635/2.7292 | AUC=0.6972 PR=0.0742 | TPR@FPR: 0.5%=0.021 | 1%=0.043 | 2%=0.064 | 5%=0.149 | 10%=0.362 *
  Epoch  21/50 | loss=1.8526/2.7272 | AUC=0.6983 PR=0.0738 | TPR@FPR: 0.5%=0.021 | 1%=0.043 | 2%=0.064 | 5%=0.128 | 10%=0.362 *
  Epoch  22/50 | loss=1.8349/2.7509 | AUC=0.6984 PR=0.0725 | TPR@FPR: 0.5%=0.021 | 1%=0.043 | 2%=0.064 | 5%=0.128 | 10%=0.362 *
  Epoch  23/50 | loss=1.8207/2.6923 | AUC=0.7043 PR=0.0748 | TPR@FPR: 0.5%=0.021 | 1%=0.043 | 2%=0.064 | 5%=0.128 | 10%=0.362 *
  Epoch  24/50 | loss=1.7962/2.6438 | AUC=0.7076 PR=0.0783 | TPR@FPR: 0.5%=0.021 | 1%=0.043 | 2%=0.064 | 5%=0.149 | 10%=0.383 *
  Epoch  25/50 | loss=1.8100/2.6664 | AUC=0.7099 PR=0.0806 | TPR@FPR: 0.5%=0.043 | 1%=0.043 | 2%=0.064 | 5%=0.149 | 10%=0.404 *
  Epoch  26/50 | loss=1.7971/2.6071 | AUC=0.7140 PR=0.0845 | TPR@FPR: 0.5%=0.043 | 1%=0.043 | 2%=0.064 | 5%=0.149 | 10%=0.404 *
  Epoch  27/50 | loss=1.7714/2.6577 | AUC=0.7118 PR=0.0811 | TPR@FPR: 0.5%=0.021 | 1%=0.043 | 2%=0.064 | 5%=0.149 | 10%=0.383
  Epoch  28/50 | loss=1.7811/2.6350 | AUC=0.7134 PR=0.0817 | TPR@FPR: 0.5%=0.021 | 1%=0.043 | 2%=0.064 | 5%=0.149 | 10%=0.383
  Epoch  29/50 | loss=1.7574/2.6236 | AUC=0.7145 PR=0.0820 | TPR@FPR: 0.5%=0.021 | 1%=0.043 | 2%=0.064 | 5%=0.170 | 10%=0.404 *
  Epoch  30/50 | loss=1.7716/2.5888 | AUC=0.7164 PR=0.0827 | TPR@FPR: 0.5%=0.021 | 1%=0.043 | 2%=0.064 | 5%=0.191 | 10%=0.404 *
  Epoch  31/50 | loss=1.7552/2.6204 | AUC=0.7162 PR=0.0849 | TPR@FPR: 0.5%=0.043 | 1%=0.043 | 2%=0.064 | 5%=0.149 | 10%=0.404
  Epoch  32/50 | loss=1.7590/2.5632 | AUC=0.7173 PR=0.0852 | TPR@FPR: 0.5%=0.043 | 1%=0.043 | 2%=0.064 | 5%=0.149 | 10%=0.383 *
  Epoch  33/50 | loss=1.7663/2.5393 | AUC=0.7188 PR=0.0862 | TPR@FPR: 0.5%=0.043 | 1%=0.043 | 2%=0.064 | 5%=0.149 | 10%=0.404 *
  Epoch  34/50 | loss=1.7384/2.5921 | AUC=0.7187 PR=0.0861 | TPR@FPR: 0.5%=0.043 | 1%=0.043 | 2%=0.064 | 5%=0.149 | 10%=0.404
  Epoch  35/50 | loss=1.7556/2.5410 | AUC=0.7199 PR=0.0868 | TPR@FPR: 0.5%=0.043 | 1%=0.043 | 2%=0.085 | 5%=0.149 | 10%=0.404 *
  Epoch  36/50 | loss=1.7267/2.5632 | AUC=0.7198 PR=0.0869 | TPR@FPR: 0.5%=0.043 | 1%=0.043 | 2%=0.064 | 5%=0.149 | 10%=0.404
  Epoch  37/50 | loss=1.7341/2.5322 | AUC=0.7208 PR=0.0871 | TPR@FPR: 0.5%=0.043 | 1%=0.043 | 2%=0.085 | 5%=0.149 | 10%=0.404 *
  Epoch  38/50 | loss=1.7307/2.5371 | AUC=0.7207 PR=0.0872 | TPR@FPR: 0.5%=0.043 | 1%=0.043 | 2%=0.064 | 5%=0.149 | 10%=0.404
  Epoch  39/50 | loss=1.7224/2.5382 | AUC=0.7205 PR=0.0870 | TPR@FPR: 0.5%=0.043 | 1%=0.043 | 2%=0.064 | 5%=0.149 | 10%=0.404
  Epoch  40/50 | loss=1.7254/2.5221 | AUC=0.7208 PR=0.0871 | TPR@FPR: 0.5%=0.043 | 1%=0.043 | 2%=0.064 | 5%=0.149 | 10%=0.404
  Epoch  41/50 | loss=1.7446/2.5208 | AUC=0.7212 PR=0.0873 | TPR@FPR: 0.5%=0.043 | 1%=0.043 | 2%=0.064 | 5%=0.149 | 10%=0.404 *
  Epoch  42/50 | loss=1.7015/2.5314 | AUC=0.7214 PR=0.0874 | TPR@FPR: 0.5%=0.043 | 1%=0.043 | 2%=0.064 | 5%=0.149 | 10%=0.404 *
  Epoch  43/50 | loss=1.7206/2.5364 | AUC=0.7215 PR=0.0877 | TPR@FPR: 0.5%=0.043 | 1%=0.043 | 2%=0.064 | 5%=0.170 | 10%=0.404 *
  Epoch  44/50 | loss=1.7345/2.5318 | AUC=0.7217 PR=0.0877 | TPR@FPR: 0.5%=0.043 | 1%=0.043 | 2%=0.064 | 5%=0.149 | 10%=0.404 *
  Epoch  45/50 | loss=1.7276/2.5363 | AUC=0.7218 PR=0.0878 | TPR@FPR: 0.5%=0.043 | 1%=0.043 | 2%=0.064 | 5%=0.149 | 10%=0.404 *
  Epoch  46/50 | loss=1.7105/2.5332 | AUC=0.7219 PR=0.0878 | TPR@FPR: 0.5%=0.043 | 1%=0.043 | 2%=0.064 | 5%=0.149 | 10%=0.404 *
  Epoch  47/50 | loss=1.7293/2.5322 | AUC=0.7220 PR=0.0878 | TPR@FPR: 0.5%=0.043 | 1%=0.043 | 2%=0.064 | 5%=0.149 | 10%=0.404 *
  Epoch  48/50 | loss=1.7328/2.5335 | AUC=0.7219 PR=0.0878 | TPR@FPR: 0.5%=0.043 | 1%=0.043 | 2%=0.064 | 5%=0.170 | 10%=0.404
  Epoch  49/50 | loss=1.7328/2.5332 | AUC=0.7220 PR=0.0879 | TPR@FPR: 0.5%=0.043 | 1%=0.043 | 2%=0.064 | 5%=0.170 | 10%=0.404
  Epoch  50/50 | loss=1.7137/2.5332 | AUC=0.7220 PR=0.0879 | TPR@FPR: 0.5%=0.043 | 1%=0.043 | 2%=0.064 | 5%=0.170 | 10%=0.404
  Best AUC-ROC: 0.7220 | Checkpoint: /root/iris/src/01-dinov3/checkpoints/care_label/vitl16_714_linear_probe_best.pt

  --- Best checkpoint metrics ---
  AUC-ROC: 0.7219858156028369
  AUC-PR:  0.08782894152213923
  Target FPR   Actual FPR   TPR        Threshold 
  --------------------------------------------
  0.5%         0.0064       0.0426     0.9921    
  1%           0.0064       0.0426     0.9921    
  2%           0.0227       0.0638     0.9886    
  5%           0.0475       0.1489     0.9854    
  10%          0.0943       0.4043     0.9795    
  Youden best: threshold=0.9630  TPR=0.6383  FPR=0.2362

