
============================================================
[front | vitl16 @ 518 | linear_probe]
============================================================
[front/train] 9759 labeled rows, 9627 with images
  Authentic (0): 9321  |  Not-authentic (1): 306  |  Ratio: 30.5:1
  Val split [front]: train=7698, val=1929
  Train: 7698 (244 pos) | Val: 1929 (62 pos)
  pos_weight: 30.5
  Epoch   1/50 | loss=3.8099/2.9355 | AUC=0.7453 PR=0.0966 | TPR@FPR: 0.5%=0.000 | 1%=0.048 | 2%=0.113 | 5%=0.323 | 10%=0.371 *
  Epoch   2/50 | loss=2.1409/2.9826 | AUC=0.7612 PR=0.1107 | TPR@FPR: 0.5%=0.016 | 1%=0.065 | 2%=0.145 | 5%=0.306 | 10%=0.371 *
  Epoch   3/50 | loss=2.0333/2.7196 | AUC=0.7778 PR=0.1425 | TPR@FPR: 0.5%=0.048 | 1%=0.113 | 2%=0.210 | 5%=0.355 | 10%=0.484 *
  Epoch   4/50 | loss=1.8932/2.6542 | AUC=0.7874 PR=0.1726 | TPR@FPR: 0.5%=0.048 | 1%=0.113 | 2%=0.258 | 5%=0.419 | 10%=0.500 *
  Epoch   5/50 | loss=1.8135/2.6545 | AUC=0.7949 PR=0.1792 | TPR@FPR: 0.5%=0.097 | 1%=0.113 | 2%=0.306 | 5%=0.371 | 10%=0.500 *
  Epoch   6/50 | loss=1.7885/2.6212 | AUC=0.8005 PR=0.1913 | TPR@FPR: 0.5%=0.113 | 1%=0.145 | 2%=0.306 | 5%=0.371 | 10%=0.500 *
  Epoch   7/50 | loss=1.7702/2.5437 | AUC=0.8068 PR=0.2104 | TPR@FPR: 0.5%=0.161 | 1%=0.194 | 2%=0.306 | 5%=0.387 | 10%=0.500 *
  Epoch   8/50 | loss=1.7210/2.5137 | AUC=0.8095 PR=0.2105 | TPR@FPR: 0.5%=0.129 | 1%=0.194 | 2%=0.306 | 5%=0.387 | 10%=0.548 *
  Epoch   9/50 | loss=1.7086/2.4411 | AUC=0.8125 PR=0.2104 | TPR@FPR: 0.5%=0.129 | 1%=0.194 | 2%=0.290 | 5%=0.403 | 10%=0.565 *
  Epoch  10/50 | loss=1.6405/2.4435 | AUC=0.8141 PR=0.2109 | TPR@FPR: 0.5%=0.097 | 1%=0.194 | 2%=0.290 | 5%=0.403 | 10%=0.565 *
  Epoch  11/50 | loss=1.6619/2.3856 | AUC=0.8155 PR=0.2155 | TPR@FPR: 0.5%=0.097 | 1%=0.194 | 2%=0.290 | 5%=0.403 | 10%=0.565 *
  Epoch  12/50 | loss=1.6075/2.3240 | AUC=0.8172 PR=0.2131 | TPR@FPR: 0.5%=0.081 | 1%=0.226 | 2%=0.290 | 5%=0.419 | 10%=0.565 *
  Epoch  13/50 | loss=1.5825/2.3265 | AUC=0.8186 PR=0.2145 | TPR@FPR: 0.5%=0.081 | 1%=0.194 | 2%=0.274 | 5%=0.403 | 10%=0.548 *
  Epoch  14/50 | loss=1.5269/2.3198 | AUC=0.8192 PR=0.2149 | TPR@FPR: 0.5%=0.081 | 1%=0.177 | 2%=0.274 | 5%=0.419 | 10%=0.565 *
  Epoch  15/50 | loss=1.5515/2.2347 | AUC=0.8213 PR=0.2221 | TPR@FPR: 0.5%=0.113 | 1%=0.177 | 2%=0.290 | 5%=0.419 | 10%=0.597 *
  Epoch  16/50 | loss=1.5179/2.2660 | AUC=0.8207 PR=0.2130 | TPR@FPR: 0.5%=0.065 | 1%=0.210 | 2%=0.290 | 5%=0.435 | 10%=0.581
  Epoch  17/50 | loss=1.4596/2.2527 | AUC=0.8212 PR=0.2129 | TPR@FPR: 0.5%=0.065 | 1%=0.177 | 2%=0.306 | 5%=0.435 | 10%=0.581
  Epoch  18/50 | loss=1.4706/2.1818 | AUC=0.8217 PR=0.2136 | TPR@FPR: 0.5%=0.097 | 1%=0.177 | 2%=0.290 | 5%=0.435 | 10%=0.581 *
  Epoch  19/50 | loss=1.4360/2.2163 | AUC=0.8204 PR=0.2107 | TPR@FPR: 0.5%=0.065 | 1%=0.161 | 2%=0.290 | 5%=0.435 | 10%=0.581
  Epoch  20/50 | loss=1.4451/2.1357 | AUC=0.8217 PR=0.2080 | TPR@FPR: 0.5%=0.065 | 1%=0.129 | 2%=0.290 | 5%=0.435 | 10%=0.597
  Epoch  21/50 | loss=1.3920/2.1645 | AUC=0.8218 PR=0.1975 | TPR@FPR: 0.5%=0.065 | 1%=0.161 | 2%=0.274 | 5%=0.452 | 10%=0.581 *
  Epoch  22/50 | loss=1.3746/2.0788 | AUC=0.8227 PR=0.2141 | TPR@FPR: 0.5%=0.065 | 1%=0.194 | 2%=0.290 | 5%=0.452 | 10%=0.597 *
  Epoch  23/50 | loss=1.3968/2.1006 | AUC=0.8229 PR=0.2021 | TPR@FPR: 0.5%=0.065 | 1%=0.145 | 2%=0.258 | 5%=0.452 | 10%=0.597 *
  Epoch  24/50 | loss=1.4035/2.0611 | AUC=0.8238 PR=0.2025 | TPR@FPR: 0.5%=0.065 | 1%=0.145 | 2%=0.258 | 5%=0.452 | 10%=0.597 *
  Epoch  25/50 | loss=1.3456/2.0768 | AUC=0.8240 PR=0.2048 | TPR@FPR: 0.5%=0.065 | 1%=0.129 | 2%=0.242 | 5%=0.452 | 10%=0.597 *
  Epoch  26/50 | loss=1.3418/2.0571 | AUC=0.8240 PR=0.2047 | TPR@FPR: 0.5%=0.081 | 1%=0.145 | 2%=0.242 | 5%=0.452 | 10%=0.597
  Epoch  27/50 | loss=1.3442/2.0341 | AUC=0.8246 PR=0.2073 | TPR@FPR: 0.5%=0.065 | 1%=0.129 | 2%=0.242 | 5%=0.468 | 10%=0.597 *
  Epoch  28/50 | loss=1.3154/2.0293 | AUC=0.8246 PR=0.2060 | TPR@FPR: 0.5%=0.081 | 1%=0.129 | 2%=0.242 | 5%=0.468 | 10%=0.597
  Epoch  29/50 | loss=1.3657/2.0314 | AUC=0.8243 PR=0.2017 | TPR@FPR: 0.5%=0.081 | 1%=0.129 | 2%=0.226 | 5%=0.468 | 10%=0.597
  Epoch  30/50 | loss=1.3174/2.0297 | AUC=0.8242 PR=0.2022 | TPR@FPR: 0.5%=0.081 | 1%=0.129 | 2%=0.226 | 5%=0.468 | 10%=0.597
  Epoch  31/50 | loss=1.3007/2.0262 | AUC=0.8248 PR=0.2053 | TPR@FPR: 0.5%=0.081 | 1%=0.129 | 2%=0.242 | 5%=0.468 | 10%=0.597 *
  Epoch  32/50 | loss=1.2621/2.0249 | AUC=0.8249 PR=0.2047 | TPR@FPR: 0.5%=0.081 | 1%=0.129 | 2%=0.242 | 5%=0.468 | 10%=0.597 *
  Epoch  33/50 | loss=1.3296/1.9755 | AUC=0.8260 PR=0.2100 | TPR@FPR: 0.5%=0.065 | 1%=0.145 | 2%=0.258 | 5%=0.468 | 10%=0.597 *
  Epoch  34/50 | loss=1.2819/1.9961 | AUC=0.8261 PR=0.2120 | TPR@FPR: 0.5%=0.065 | 1%=0.145 | 2%=0.258 | 5%=0.468 | 10%=0.597 *
  Epoch  35/50 | loss=1.2768/1.9801 | AUC=0.8261 PR=0.2127 | TPR@FPR: 0.5%=0.065 | 1%=0.129 | 2%=0.258 | 5%=0.468 | 10%=0.597 *
  Epoch  36/50 | loss=1.3145/1.9978 | AUC=0.8259 PR=0.2110 | TPR@FPR: 0.5%=0.065 | 1%=0.129 | 2%=0.258 | 5%=0.468 | 10%=0.597
  Epoch  37/50 | loss=1.2814/1.9815 | AUC=0.8266 PR=0.2108 | TPR@FPR: 0.5%=0.065 | 1%=0.129 | 2%=0.258 | 5%=0.484 | 10%=0.597 *
  Epoch  38/50 | loss=1.2894/1.9751 | AUC=0.8266 PR=0.2110 | TPR@FPR: 0.5%=0.081 | 1%=0.145 | 2%=0.242 | 5%=0.484 | 10%=0.581 *
  Epoch  39/50 | loss=1.2940/1.9807 | AUC=0.8264 PR=0.2098 | TPR@FPR: 0.5%=0.065 | 1%=0.145 | 2%=0.242 | 5%=0.484 | 10%=0.597
  Epoch  40/50 | loss=1.2881/1.9664 | AUC=0.8262 PR=0.2067 | TPR@FPR: 0.5%=0.065 | 1%=0.145 | 2%=0.258 | 5%=0.484 | 10%=0.597
  Epoch  41/50 | loss=1.2873/1.9631 | AUC=0.8260 PR=0.2057 | TPR@FPR: 0.5%=0.065 | 1%=0.161 | 2%=0.258 | 5%=0.484 | 10%=0.597
  Epoch  42/50 | loss=1.2794/1.9670 | AUC=0.8259 PR=0.2058 | TPR@FPR: 0.5%=0.065 | 1%=0.161 | 2%=0.242 | 5%=0.484 | 10%=0.597
  Epoch  43/50 | loss=1.2570/1.9684 | AUC=0.8258 PR=0.2059 | TPR@FPR: 0.5%=0.065 | 1%=0.161 | 2%=0.226 | 5%=0.484 | 10%=0.597
  Epoch  44/50 | loss=1.2404/1.9674 | AUC=0.8259 PR=0.2058 | TPR@FPR: 0.5%=0.065 | 1%=0.161 | 2%=0.242 | 5%=0.484 | 10%=0.597
  Epoch  45/50 | loss=1.2671/1.9661 | AUC=0.8260 PR=0.2061 | TPR@FPR: 0.5%=0.065 | 1%=0.161 | 2%=0.242 | 5%=0.484 | 10%=0.597
  Early stopping at epoch 45 (patience=7)
  Best AUC-ROC: 0.8266 | Checkpoint: /root/iris/src/01-dinov3/checkpoints/front/vitl16_518_linear_probe_best.pt

  --- Best checkpoint metrics ---
  AUC-ROC: 0.8265589094113378
  AUC-PR:  0.21101819109270986
  Target FPR   Actual FPR   TPR        Threshold 
  --------------------------------------------
  0.5%         0.0048       0.0806     0.9967    
  1%           0.0102       0.1452     0.9954    
  2%           0.0193       0.2419     0.9943    
  5%           0.0525       0.4839     0.9907    
  10%          0.0937       0.5806     0.9855    
  Youden best: threshold=0.9234  TPR=0.8548  FPR=0.3155


============================================================
[front | vitl16 @ 714 | linear_probe]
============================================================
[front/train] 9759 labeled rows, 9627 with images
  Authentic (0): 9321  |  Not-authentic (1): 306  |  Ratio: 30.5:1
  Val split [front]: train=7698, val=1929
  Train: 7698 (244 pos) | Val: 1929 (62 pos)
  pos_weight: 30.5
  Epoch   1/50 | loss=3.7919/2.9734 | AUC=0.7376 PR=0.0929 | TPR@FPR: 0.5%=0.016 | 1%=0.032 | 2%=0.081 | 5%=0.306 | 10%=0.339 *
  Epoch   2/50 | loss=2.1552/2.9869 | AUC=0.7548 PR=0.1199 | TPR@FPR: 0.5%=0.016 | 1%=0.048 | 2%=0.129 | 5%=0.306 | 10%=0.355 *
  Epoch   3/50 | loss=2.0305/2.7017 | AUC=0.7702 PR=0.1459 | TPR@FPR: 0.5%=0.032 | 1%=0.065 | 2%=0.177 | 5%=0.387 | 10%=0.468 *
  Epoch   4/50 | loss=1.8970/2.6414 | AUC=0.7806 PR=0.1718 | TPR@FPR: 0.5%=0.048 | 1%=0.129 | 2%=0.258 | 5%=0.403 | 10%=0.468 *
  Epoch   5/50 | loss=1.8079/2.6372 | AUC=0.7879 PR=0.1941 | TPR@FPR: 0.5%=0.113 | 1%=0.113 | 2%=0.258 | 5%=0.387 | 10%=0.484 *
  Epoch   6/50 | loss=1.7890/2.5990 | AUC=0.7935 PR=0.2061 | TPR@FPR: 0.5%=0.113 | 1%=0.145 | 2%=0.258 | 5%=0.403 | 10%=0.484 *
  Epoch   7/50 | loss=1.7582/2.5205 | AUC=0.7998 PR=0.2142 | TPR@FPR: 0.5%=0.129 | 1%=0.194 | 2%=0.258 | 5%=0.403 | 10%=0.516 *
  Epoch   8/50 | loss=1.7150/2.4961 | AUC=0.8023 PR=0.2155 | TPR@FPR: 0.5%=0.129 | 1%=0.194 | 2%=0.258 | 5%=0.419 | 10%=0.548 *
  Epoch   9/50 | loss=1.6995/2.4180 | AUC=0.8053 PR=0.2190 | TPR@FPR: 0.5%=0.145 | 1%=0.194 | 2%=0.258 | 5%=0.403 | 10%=0.548 *
  Epoch  10/50 | loss=1.6374/2.4173 | AUC=0.8067 PR=0.2258 | TPR@FPR: 0.5%=0.097 | 1%=0.210 | 2%=0.258 | 5%=0.403 | 10%=0.548 *
  Epoch  11/50 | loss=1.6514/2.3560 | AUC=0.8081 PR=0.2370 | TPR@FPR: 0.5%=0.097 | 1%=0.226 | 2%=0.274 | 5%=0.403 | 10%=0.548 *
  Epoch  12/50 | loss=1.5975/2.2938 | AUC=0.8089 PR=0.2427 | TPR@FPR: 0.5%=0.161 | 1%=0.226 | 2%=0.290 | 5%=0.419 | 10%=0.565 *
  Epoch  13/50 | loss=1.5715/2.2955 | AUC=0.8103 PR=0.2403 | TPR@FPR: 0.5%=0.097 | 1%=0.242 | 2%=0.290 | 5%=0.419 | 10%=0.548 *
  Epoch  14/50 | loss=1.5081/2.2861 | AUC=0.8108 PR=0.2417 | TPR@FPR: 0.5%=0.097 | 1%=0.226 | 2%=0.306 | 5%=0.419 | 10%=0.548 *
  Epoch  15/50 | loss=1.5372/2.2055 | AUC=0.8125 PR=0.2409 | TPR@FPR: 0.5%=0.129 | 1%=0.194 | 2%=0.323 | 5%=0.419 | 10%=0.565 *
  Epoch  16/50 | loss=1.5009/2.2313 | AUC=0.8120 PR=0.2418 | TPR@FPR: 0.5%=0.161 | 1%=0.210 | 2%=0.323 | 5%=0.435 | 10%=0.548
  Epoch  17/50 | loss=1.4455/2.2171 | AUC=0.8123 PR=0.2410 | TPR@FPR: 0.5%=0.145 | 1%=0.210 | 2%=0.339 | 5%=0.452 | 10%=0.565
  Epoch  18/50 | loss=1.4469/2.1450 | AUC=0.8128 PR=0.2431 | TPR@FPR: 0.5%=0.145 | 1%=0.194 | 2%=0.323 | 5%=0.452 | 10%=0.565 *
  Epoch  19/50 | loss=1.4201/2.1846 | AUC=0.8112 PR=0.2400 | TPR@FPR: 0.5%=0.081 | 1%=0.210 | 2%=0.323 | 5%=0.435 | 10%=0.565
  Epoch  20/50 | loss=1.4249/2.1023 | AUC=0.8125 PR=0.2396 | TPR@FPR: 0.5%=0.113 | 1%=0.210 | 2%=0.339 | 5%=0.435 | 10%=0.565
  Epoch  21/50 | loss=1.3717/2.1352 | AUC=0.8123 PR=0.2333 | TPR@FPR: 0.5%=0.081 | 1%=0.194 | 2%=0.339 | 5%=0.452 | 10%=0.565
  Epoch  22/50 | loss=1.3592/2.0499 | AUC=0.8134 PR=0.2433 | TPR@FPR: 0.5%=0.081 | 1%=0.210 | 2%=0.323 | 5%=0.452 | 10%=0.581 *
  Epoch  23/50 | loss=1.3725/2.0655 | AUC=0.8135 PR=0.2405 | TPR@FPR: 0.5%=0.081 | 1%=0.194 | 2%=0.323 | 5%=0.452 | 10%=0.565 *
  Epoch  24/50 | loss=1.3768/2.0293 | AUC=0.8138 PR=0.2405 | TPR@FPR: 0.5%=0.081 | 1%=0.194 | 2%=0.323 | 5%=0.452 | 10%=0.581 *
  Epoch  25/50 | loss=1.3278/2.0387 | AUC=0.8137 PR=0.2396 | TPR@FPR: 0.5%=0.081 | 1%=0.177 | 2%=0.323 | 5%=0.452 | 10%=0.565
  Epoch  26/50 | loss=1.3170/2.0243 | AUC=0.8137 PR=0.2358 | TPR@FPR: 0.5%=0.097 | 1%=0.161 | 2%=0.306 | 5%=0.452 | 10%=0.581
  Epoch  27/50 | loss=1.3256/2.0064 | AUC=0.8140 PR=0.2404 | TPR@FPR: 0.5%=0.081 | 1%=0.177 | 2%=0.306 | 5%=0.452 | 10%=0.581 *
  Epoch  28/50 | loss=1.2968/1.9992 | AUC=0.8139 PR=0.2367 | TPR@FPR: 0.5%=0.081 | 1%=0.161 | 2%=0.339 | 5%=0.452 | 10%=0.581
  Epoch  29/50 | loss=1.3491/1.9994 | AUC=0.8134 PR=0.2357 | TPR@FPR: 0.5%=0.081 | 1%=0.145 | 2%=0.339 | 5%=0.452 | 10%=0.581
  Epoch  30/50 | loss=1.2961/1.9960 | AUC=0.8138 PR=0.2364 | TPR@FPR: 0.5%=0.081 | 1%=0.145 | 2%=0.339 | 5%=0.452 | 10%=0.581
  Epoch  31/50 | loss=1.2745/1.9963 | AUC=0.8139 PR=0.2381 | TPR@FPR: 0.5%=0.081 | 1%=0.161 | 2%=0.339 | 5%=0.452 | 10%=0.581
  Epoch  32/50 | loss=1.2445/1.9941 | AUC=0.8143 PR=0.2379 | TPR@FPR: 0.5%=0.081 | 1%=0.145 | 2%=0.355 | 5%=0.452 | 10%=0.581 *
  Epoch  33/50 | loss=1.3037/1.9477 | AUC=0.8148 PR=0.2451 | TPR@FPR: 0.5%=0.081 | 1%=0.161 | 2%=0.355 | 5%=0.452 | 10%=0.581 *
  Epoch  34/50 | loss=1.2691/1.9670 | AUC=0.8148 PR=0.2483 | TPR@FPR: 0.5%=0.081 | 1%=0.194 | 2%=0.355 | 5%=0.452 | 10%=0.581
  Epoch  35/50 | loss=1.2612/1.9503 | AUC=0.8147 PR=0.2446 | TPR@FPR: 0.5%=0.081 | 1%=0.145 | 2%=0.355 | 5%=0.452 | 10%=0.581
  Epoch  36/50 | loss=1.2987/1.9729 | AUC=0.8147 PR=0.2462 | TPR@FPR: 0.5%=0.081 | 1%=0.177 | 2%=0.355 | 5%=0.452 | 10%=0.581
  Epoch  37/50 | loss=1.2641/1.9587 | AUC=0.8149 PR=0.2416 | TPR@FPR: 0.5%=0.081 | 1%=0.161 | 2%=0.355 | 5%=0.452 | 10%=0.581 *
  Epoch  38/50 | loss=1.2749/1.9449 | AUC=0.8149 PR=0.2411 | TPR@FPR: 0.5%=0.081 | 1%=0.145 | 2%=0.355 | 5%=0.468 | 10%=0.581 *
  Epoch  39/50 | loss=1.2808/1.9508 | AUC=0.8147 PR=0.2402 | TPR@FPR: 0.5%=0.081 | 1%=0.129 | 2%=0.355 | 5%=0.452 | 10%=0.581
  Epoch  40/50 | loss=1.2613/1.9354 | AUC=0.8147 PR=0.2400 | TPR@FPR: 0.5%=0.081 | 1%=0.145 | 2%=0.355 | 5%=0.484 | 10%=0.581
  Epoch  41/50 | loss=1.2638/1.9312 | AUC=0.8145 PR=0.2404 | TPR@FPR: 0.5%=0.081 | 1%=0.145 | 2%=0.355 | 5%=0.452 | 10%=0.581
  Epoch  42/50 | loss=1.2592/1.9371 | AUC=0.8144 PR=0.2402 | TPR@FPR: 0.5%=0.081 | 1%=0.129 | 2%=0.355 | 5%=0.468 | 10%=0.581
  Epoch  43/50 | loss=1.2360/1.9397 | AUC=0.8143 PR=0.2403 | TPR@FPR: 0.5%=0.081 | 1%=0.145 | 2%=0.355 | 5%=0.468 | 10%=0.581
  Epoch  44/50 | loss=1.2199/1.9403 | AUC=0.8143 PR=0.2401 | TPR@FPR: 0.5%=0.081 | 1%=0.145 | 2%=0.355 | 5%=0.452 | 10%=0.581
  Epoch  45/50 | loss=1.2497/1.9398 | AUC=0.8144 PR=0.2406 | TPR@FPR: 0.5%=0.081 | 1%=0.145 | 2%=0.355 | 5%=0.484 | 10%=0.597
  Early stopping at epoch 45 (patience=7)
  Best AUC-ROC: 0.8149 | Checkpoint: /root/iris/src/01-dinov3/checkpoints/front/vitl16_714_linear_probe_best.pt

  --- Best checkpoint metrics ---
  AUC-ROC: 0.8149351210325345
  AUC-PR:  0.2411225709619035
  Target FPR   Actual FPR   TPR        Threshold 
  --------------------------------------------
  0.5%         0.0032       0.0806     0.9972    
  1%           0.0096       0.1452     0.9957    
  2%           0.0204       0.3548     0.9942    
  5%           0.0530       0.4677     0.9909    
  10%          0.1082       0.5806     0.9802    
  Youden best: threshold=0.9366  TPR=0.7903  FPR=0.2678

