Device: cuda

============================================================
[care_label | vitl16 @ 518 | xgb, svm, catboost, lgbm]
============================================================
[care_label/train] 9759 labeled rows, 7294 with images
  Authentic (0): 7054  |  Not-authentic (1): 240  |  Ratio: 29.4:1
  Val split [care_label]: train=5837, val=1457
  Train: 5837 (193 pos) | Val: 1457 (47 pos)
/root/.venv/lib/python3.12/site-packages/xgboost/core.py:751: UserWarning: [21:34:09] WARNING: /__w/xgboost/xgboost/src/common/error_msg.cc:62: Falling back to prediction using DMatrix due to mismatched devices. This might lead to higher memory usage and slower performance. XGBoost is running on: cuda:0, while the input data is on: cpu.
Potential solutions:
- Use a data structure that matches the device ordinal in the booster.
- Set the device for booster before call to inplace_predict.

This warning will only be shown once.

  return func(**kwargs)
  [XGB     ] fit=1.7s | AUC-ROC=0.7628 AUC-PR=0.1982 TPR@2%FPR=0.1915
  [SVM     ] fit=34.9s | AUC-ROC=0.8079 AUC-PR=0.2958 TPR@2%FPR=0.3617
Default metric period is 5 because AUC is/are not implemented for GPU
  [CATBOOST] fit=2.8s | AUC-ROC=0.7174 AUC-PR=0.2038 TPR@2%FPR=0.2553
/root/.venv/lib/python3.12/site-packages/sklearn/utils/validation.py:2691: UserWarning: X does not have valid feature names, but LGBMClassifier was fitted with feature names
  warnings.warn(
  [LGBM    ] fit=144.3s | AUC-ROC=0.7464 AUC-PR=0.1884 TPR@2%FPR=0.1702
Device: cuda

============================================================
[care_label | vitl16 @ 714 | xgb, svm, catboost, lgbm]
============================================================
[care_label/train] 9759 labeled rows, 7294 with images
  Authentic (0): 7054  |  Not-authentic (1): 240  |  Ratio: 29.4:1
  Val split [care_label]: train=5837, val=1457
  Train: 5837 (193 pos) | Val: 1457 (47 pos)
/root/.venv/lib/python3.12/site-packages/xgboost/core.py:751: UserWarning: [21:39:31] WARNING: /__w/xgboost/xgboost/src/common/error_msg.cc:62: Falling back to prediction using DMatrix due to mismatched devices. This might lead to higher memory usage and slower performance. XGBoost is running on: cuda:0, while the input data is on: cpu.
Potential solutions:
- Use a data structure that matches the device ordinal in the booster.
- Set the device for booster before call to inplace_predict.

This warning will only be shown once.

  return func(**kwargs)
  [XGB     ] fit=1.3s | AUC-ROC=0.7389 AUC-PR=0.2104 TPR@2%FPR=0.2553
  [SVM     ] fit=35.0s | AUC-ROC=0.8152 AUC-PR=0.2655 TPR@2%FPR=0.2553
Default metric period is 5 because AUC is/are not implemented for GPU
  [CATBOOST] fit=2.7s | AUC-ROC=0.7131 AUC-PR=0.1741 TPR@2%FPR=0.1702
/root/.venv/lib/python3.12/site-packages/sklearn/utils/validation.py:2691: UserWarning: X does not have valid feature names, but LGBMClassifier was fitted with feature names
  warnings.warn(
  [LGBM    ] fit=5.5s | AUC-ROC=0.7504 AUC-PR=0.2704 TPR@2%FPR=0.2766
