========== FINETUNE norm: care_label  Mon Mar 30 04:41:39 UTC 2026 ==========

======================================================================
PARTIAL FINETUNE: norm
Model: vitl16 @ 714 | Region: care_label
======================================================================
[care_label/train] 9759 labeled rows, 7294 with images
  Authentic (0): 7054  |  Not-authentic (1): 240  |  Ratio: 29.4:1
  Val split [care_label]: train=5837, val=1457
  Train: 5837 (193 pos) | Val: 1457 (47 pos)
  pos_weight: 29.2
`torch_dtype` is deprecated! Use `dtype` instead!
Loading weights:   0%|          | 0/415 [00:00<?, ?it/s]Loading weights: 100%|██████████| 415/415 [00:00<00:00, 4751.55it/s]
  Strategy 'norm': will unfreeze 98,304 / 303,129,600 backbone params (0.10M / 303.1M)

  Epoch   1/30 (frozen, 412.4s) | loss=2.3387/2.9407 | AUC-ROC=0.6663  AUC-PR=0.0622  TPR@2%=0.0426 << BEST
  FPR target   Actual FPR   TPR        Threshold 
  --------------------------------------------
  0.5%         0.0050       0.0000     0.9900    
  1%           0.0106       0.0213     0.9896    
  2%           0.0199       0.0426     0.9888    
  5%           0.0504       0.1489     0.9850    
  10%          0.1014       0.2128     0.9783    
