========== FINETUNE qv_last4: care_label  Mon Mar 30 04:41:39 UTC 2026 ==========

======================================================================
PARTIAL FINETUNE: qv_last4
Model: vitl16 @ 714 | Region: care_label
======================================================================
[care_label/train] 9759 labeled rows, 7294 with images
  Authentic (0): 7054  |  Not-authentic (1): 240  |  Ratio: 29.4:1
  Val split [care_label]: train=5837, val=1457
  Train: 5837 (193 pos) | Val: 1457 (47 pos)
  pos_weight: 29.2
`torch_dtype` is deprecated! Use `dtype` instead!
Loading weights:   0%|          | 0/415 [00:00<?, ?it/s]Loading weights: 100%|██████████| 415/415 [00:00<00:00, 5281.38it/s]
  Strategy 'qv_last4': will unfreeze 8,396,800 / 303,129,600 backbone params (8.40M / 303.1M)

  Epoch   1/30 (frozen, 411.9s) | loss=2.3387/2.9407 | AUC-ROC=0.6663  AUC-PR=0.0622  TPR@2%=0.0426 << BEST
  FPR target   Actual FPR   TPR        Threshold 
  --------------------------------------------
  0.5%         0.0050       0.0000     0.9900    
  1%           0.0106       0.0213     0.9896    
  2%           0.0199       0.0426     0.9888    
  5%           0.0504       0.1489     0.9850    
  10%          0.1014       0.2128     0.9783    

  Epoch   2/30 (frozen, 401.7s) | loss=1.9097/2.6873 | AUC-ROC=0.6971  AUC-PR=0.0714  TPR@2%=0.0213
  FPR target   Actual FPR   TPR        Threshold 
  --------------------------------------------
  0.5%         0.0050       0.0000     0.9909    
  1%           0.0106       0.0000     0.9898    
  2%           0.0206       0.0213     0.9883    
  5%           0.0504       0.1277     0.9827    
  10%          0.1014       0.2979     0.9773    

  Epoch   3/30 (frozen, 410.3s) | loss=1.8052/2.3633 | AUC-ROC=0.7307  AUC-PR=0.0846  TPR@2%=0.0638 << BEST
  FPR target   Actual FPR   TPR        Threshold 
  --------------------------------------------
  0.5%         0.0078       0.0213     0.9917    
  1%           0.0099       0.0213     0.9915    
  2%           0.0163       0.0638     0.9895    
  5%           0.0504       0.1702     0.9833    
  10%          0.1007       0.3830     0.9749    

  Epoch   4/30 (frozen, 403.9s) | loss=1.7143/2.2143 | AUC-ROC=0.7331  AUC-PR=0.0882  TPR@2%=0.0638 << BEST
  FPR target   Actual FPR   TPR        Threshold 
  --------------------------------------------
  0.5%         0.0035       0.0000     0.9936    
  1%           0.0106       0.0426     0.9903    
  2%           0.0234       0.0638     0.9865    
  5%           0.0496       0.2128     0.9812    
  10%          0.1000       0.4043     0.9734    

  Epoch   5/30 (frozen, 406.5s) | loss=1.6412/2.3798 | AUC-ROC=0.7254  AUC-PR=0.0826  TPR@2%=0.0851 << BEST
  FPR target   Actual FPR   TPR        Threshold 
  --------------------------------------------
  0.5%         0.0071       0.0213     0.9954    
  1%           0.0078       0.0426     0.9953    
  2%           0.0199       0.0851     0.9930    
  5%           0.0496       0.2128     0.9888    
  10%          0.0993       0.3617     0.9837    

  >> Unfreezing 'qv_last4' components at epoch 6
  >> Actually unfrozen: 8,396,800 params (8.40M)

  Epoch   6/30 (qv_last4, 502.8s) | loss=1.3955/1.9634 | AUC-ROC=0.7417  AUC-PR=0.0929  TPR@2%=0.1277 << BEST
  FPR target   Actual FPR   TPR        Threshold 
  --------------------------------------------
  0.5%         0.0050       0.0000     0.9969    
  1%           0.0092       0.0426     0.9959    
  2%           0.0191       0.1277     0.9939    
  5%           0.0496       0.1915     0.9895    
  10%          0.1014       0.3617     0.9808    

  Epoch   7/30 (qv_last4, 505.4s) | loss=1.0494/1.9220 | AUC-ROC=0.7652  AUC-PR=0.1258  TPR@2%=0.1489 << BEST
  FPR target   Actual FPR   TPR        Threshold 
  --------------------------------------------
  0.5%         0.0050       0.0213     0.9992    
  1%           0.0099       0.1277     0.9984    
  2%           0.0206       0.1489     0.9977    
  5%           0.0475       0.2766     0.9951    
  10%          0.0979       0.4043     0.9898    

  Epoch   8/30 (qv_last4, 506.6s) | loss=0.7539/1.5425 | AUC-ROC=0.7852  AUC-PR=0.1673  TPR@2%=0.2128 << BEST
  FPR target   Actual FPR   TPR        Threshold 
  --------------------------------------------
  0.5%         0.0064       0.0851     0.9986    
  1%           0.0121       0.1915     0.9975    
  2%           0.0199       0.2128     0.9960    
  5%           0.0511       0.3830     0.9877    
  10%          0.1000       0.5106     0.9707    

  Epoch   9/30 (qv_last4, 503.7s) | loss=0.5665/1.5363 | AUC-ROC=0.7958  AUC-PR=0.2202  TPR@2%=0.3191 << BEST
  FPR target   Actual FPR   TPR        Threshold 
  --------------------------------------------
  0.5%         0.0050       0.1277     0.9964    
  1%           0.0085       0.2340     0.9945    
  2%           0.0199       0.3191     0.9841    
  5%           0.0504       0.4681     0.9501    
  10%          0.1078       0.5319     0.8434    

  Epoch  10/30 (qv_last4, 506.3s) | loss=0.4114/1.7284 | AUC-ROC=0.8014  AUC-PR=0.2093  TPR@2%=0.2766
  FPR target   Actual FPR   TPR        Threshold 
  --------------------------------------------
  0.5%         0.0050       0.1064     0.9973    
  1%           0.0092       0.2128     0.9922    
  2%           0.0199       0.2766     0.9788    
  5%           0.0525       0.4468     0.9146    
  10%          0.0936       0.5319     0.7891    

  Epoch  11/30 (qv_last4, 503.5s) | loss=0.2985/1.8995 | AUC-ROC=0.8016  AUC-PR=0.2471  TPR@2%=0.3191 << BEST
  FPR target   Actual FPR   TPR        Threshold 
  --------------------------------------------
  0.5%         0.0050       0.1277     0.9986    
  1%           0.0092       0.2553     0.9942    
  2%           0.0234       0.3191     0.9833    
  5%           0.0489       0.4468     0.9274    
  10%          0.1007       0.5319     0.7522    

  Epoch  12/30 (qv_last4, 506.2s) | loss=0.2282/2.0417 | AUC-ROC=0.8000  AUC-PR=0.2459  TPR@2%=0.3191
  FPR target   Actual FPR   TPR        Threshold 
  --------------------------------------------
  0.5%         0.0050       0.1915     0.9989    
  1%           0.0099       0.2340     0.9960    
  2%           0.0220       0.3191     0.9919    
  5%           0.0518       0.4681     0.9572    
  10%          0.0929       0.5319     0.8368    

  Epoch  13/30 (qv_last4, 502.6s) | loss=0.1859/2.3535 | AUC-ROC=0.8102  AUC-PR=0.2809  TPR@2%=0.3191 << BEST
  FPR target   Actual FPR   TPR        Threshold 
  --------------------------------------------
  0.5%         0.0050       0.1915     0.9969    
  1%           0.0092       0.2766     0.9829    
  2%           0.0227       0.3191     0.9523    
  5%           0.0511       0.4468     0.7845    
  10%          0.0993       0.5745     0.4626    

  Epoch  14/30 (qv_last4, 506.1s) | loss=0.1627/2.6386 | AUC-ROC=0.8073  AUC-PR=0.2626  TPR@2%=0.3617 << BEST
  FPR target   Actual FPR   TPR        Threshold 
  --------------------------------------------
  0.5%         0.0043       0.2128     0.9962    
  1%           0.0113       0.2766     0.9862    
  2%           0.0213       0.3617     0.9587    
  5%           0.0496       0.4468     0.7996    
  10%          0.0936       0.5745     0.4343    

  Epoch  15/30 (qv_last4, 504.1s) | loss=0.1376/2.8249 | AUC-ROC=0.8040  AUC-PR=0.3075  TPR@2%=0.3404
  FPR target   Actual FPR   TPR        Threshold 
  --------------------------------------------
  0.5%         0.0050       0.2128     0.9930    
  1%           0.0113       0.2766     0.9693    
  2%           0.0213       0.3404     0.9283    
  5%           0.0546       0.4468     0.6990    
  10%          0.1021       0.5745     0.2743    

  Epoch  16/30 (qv_last4, 504.3s) | loss=0.1165/3.1799 | AUC-ROC=0.8109  AUC-PR=0.2907  TPR@2%=0.3404
  FPR target   Actual FPR   TPR        Threshold 
  --------------------------------------------
  0.5%         0.0043       0.2340     0.9929    
  1%           0.0092       0.2979     0.9684    
  2%           0.0170       0.3404     0.9183    
  5%           0.0496       0.4681     0.5591    
  10%          0.1035       0.5532     0.1322    

  Epoch  17/30 (qv_last4, 505.3s) | loss=0.0960/3.0163 | AUC-ROC=0.8125  AUC-PR=0.2847  TPR@2%=0.3617 << BEST
  FPR target   Actual FPR   TPR        Threshold 
  --------------------------------------------
  0.5%         0.0050       0.2340     0.9954    
  1%           0.0099       0.2979     0.9729    
  2%           0.0199       0.3617     0.9275    
  5%           0.0610       0.4681     0.5474    
  10%          0.1000       0.5532     0.2074    

  Epoch  18/30 (qv_last4, 503.8s) | loss=0.0762/3.0504 | AUC-ROC=0.8126  AUC-PR=0.3040  TPR@2%=0.3617 << BEST
  FPR target   Actual FPR   TPR        Threshold 
  --------------------------------------------
  0.5%         0.0064       0.2553     0.9918    
  1%           0.0078       0.2766     0.9878    
  2%           0.0206       0.3617     0.9395    
  5%           0.0532       0.4468     0.6275    
  10%          0.0915       0.5745     0.2627    

  Epoch  19/30 (qv_last4, 505.9s) | loss=0.0846/3.5395 | AUC-ROC=0.8132  AUC-PR=0.3067  TPR@2%=0.3404
  FPR target   Actual FPR   TPR        Threshold 
  --------------------------------------------
  0.5%         0.0050       0.2340     0.9904    
  1%           0.0078       0.2766     0.9530    
  2%           0.0184       0.3404     0.8704    
  5%           0.0461       0.4681     0.4341    
  10%          0.1057       0.5745     0.0600    

  Epoch  20/30 (qv_last4, 503.8s) | loss=0.0719/3.6658 | AUC-ROC=0.8105  AUC-PR=0.2949  TPR@2%=0.3191
  FPR target   Actual FPR   TPR        Threshold 
  --------------------------------------------
  0.5%         0.0050       0.2553     0.9759    
  1%           0.0106       0.2766     0.9338    
  2%           0.0213       0.3191     0.8176    
  5%           0.0511       0.4681     0.3638    
  10%          0.0965       0.5532     0.0784    

  Epoch  21/30 (qv_last4, 506.1s) | loss=0.0634/4.0997 | AUC-ROC=0.8131  AUC-PR=0.2935  TPR@2%=0.3617 << BEST
  FPR target   Actual FPR   TPR        Threshold 
  --------------------------------------------
  0.5%         0.0043       0.2340     0.9857    
  1%           0.0106       0.2979     0.8907    
  2%           0.0199       0.3617     0.7343    
  5%           0.0546       0.4681     0.1927    
  10%          0.0993       0.5745     0.0331    

  Epoch  22/30 (qv_last4, 503.1s) | loss=0.0530/3.6376 | AUC-ROC=0.8125  AUC-PR=0.3060  TPR@2%=0.3404
  FPR target   Actual FPR   TPR        Threshold 
  --------------------------------------------
  0.5%         0.0057       0.2553     0.9796    
  1%           0.0106       0.2979     0.9382    
  2%           0.0199       0.3404     0.8416    
  5%           0.0426       0.4681     0.5141    
  10%          0.1000       0.5745     0.0827    

  Epoch  23/30 (qv_last4, 505.7s) | loss=0.0417/4.1397 | AUC-ROC=0.8157  AUC-PR=0.3276  TPR@2%=0.3617 << BEST
  FPR target   Actual FPR   TPR        Threshold 
  --------------------------------------------
  0.5%         0.0057       0.2766     0.9353    
  1%           0.0071       0.2979     0.9113    
  2%           0.0184       0.3617     0.6553    
  5%           0.0489       0.5319     0.1660    
  10%          0.0993       0.5745     0.0255    

  Epoch  24/30 (qv_last4, 505.4s) | loss=0.0465/3.8854 | AUC-ROC=0.8092  AUC-PR=0.2899  TPR@2%=0.3404
  FPR target   Actual FPR   TPR        Threshold 
  --------------------------------------------
  0.5%         0.0050       0.2340     0.9864    
  1%           0.0071       0.2766     0.9516    
  2%           0.0199       0.3404     0.7722    
  5%           0.0496       0.4468     0.3734    
  10%          0.1149       0.5745     0.0381    

  Epoch  25/30 (qv_last4, 505.1s) | loss=0.0479/4.1625 | AUC-ROC=0.8109  AUC-PR=0.3263  TPR@2%=0.3617
  FPR target   Actual FPR   TPR        Threshold 
  --------------------------------------------
  0.5%         0.0050       0.2340     0.9875    
  1%           0.0085       0.2766     0.8852    
  2%           0.0184       0.3617     0.7100    
  5%           0.0496       0.5106     0.2098    
  10%          0.0979       0.5745     0.0390    

  Epoch  26/30 (qv_last4, 505.4s) | loss=0.0392/4.0707 | AUC-ROC=0.8119  AUC-PR=0.3261  TPR@2%=0.3617
  FPR target   Actual FPR   TPR        Threshold 
  --------------------------------------------
  0.5%         0.0050       0.2340     0.9872    
  1%           0.0121       0.2979     0.8488    
  2%           0.0184       0.3617     0.7360    
  5%           0.0496       0.4468     0.2478    
  10%          0.0865       0.5745     0.0572    

  Epoch  27/30 (qv_last4, 503.3s) | loss=0.0338/4.0739 | AUC-ROC=0.8113  AUC-PR=0.3291  TPR@2%=0.3617
  FPR target   Actual FPR   TPR        Threshold 
  --------------------------------------------
  0.5%         0.0050       0.2340     0.9902    
  1%           0.0099       0.2979     0.8804    
  2%           0.0191       0.3617     0.7411    
  5%           0.0504       0.4894     0.2294    
  10%          0.0837       0.5745     0.0641    

  Epoch  28/30 (qv_last4, 505.8s) | loss=0.0327/4.1917 | AUC-ROC=0.8101  AUC-PR=0.3276  TPR@2%=0.3617
  FPR target   Actual FPR   TPR        Threshold 
  --------------------------------------------
  0.5%         0.0050       0.2340     0.9885    
  1%           0.0099       0.2979     0.8605    
  2%           0.0184       0.3617     0.7214    
  5%           0.0518       0.4894     0.2063    
  10%          0.1000       0.5745     0.0314    

  Epoch  29/30 (qv_last4, 490.0s) | loss=0.0394/4.1474 | AUC-ROC=0.8100  AUC-PR=0.3272  TPR@2%=0.3617
  FPR target   Actual FPR   TPR        Threshold 
  --------------------------------------------
  0.5%         0.0050       0.2340     0.9896    
  1%           0.0099       0.2979     0.8707    
  2%           0.0184       0.3617     0.7292    
  5%           0.0504       0.4894     0.2190    
  10%          0.1028       0.5745     0.0303    

  Epoch  30/30 (qv_last4, 503.2s) | loss=0.0408/4.1973 | AUC-ROC=0.8102  AUC-PR=0.3271  TPR@2%=0.3617
  FPR target   Actual FPR   TPR        Threshold 
  --------------------------------------------
  0.5%         0.0050       0.2340     0.9889    
  1%           0.0099       0.2979     0.8625    
  2%           0.0184       0.3617     0.7163    
  5%           0.0504       0.4894     0.2071    
  10%          0.1064       0.5745     0.0239    

  Early stopping at epoch 30 (patience=7)

  Best TPR@2%FPR: 0.3617  (AUC-ROC: 0.8157)
  Checkpoint: /root/iris/src/01-dinov3/checkpoints/care_label/vitl16_714_partial_qv_last4_best.pt

  --- Best checkpoint metrics ---
  AUC-ROC: 0.8157235551531614
  AUC-PR:  0.32756514856384356
  Target FPR   Actual FPR   TPR        Threshold 
  --------------------------------------------
  0.5%         0.0057       0.2766     0.9353    
  1%           0.0071       0.2979     0.9113    
  2%           0.0184       0.3617     0.6553    
  5%           0.0489       0.5319     0.1660    
  10%          0.0993       0.5745     0.0255    
  Youden best: threshold=0.0942  TPR=0.5532  FPR=0.0617

========== ML on qv_last4: care_label  Mon Mar 30 09:38:33 UTC 2026 ==========
Device: cuda

============================================================
[care_label | vitl16 @ 714 | partial_qv_last4 -> ML]
============================================================
  Loading checkpoint from /root/iris/src/01-dinov3/checkpoints/care_label/vitl16_714_partial_qv_last4_best.pt ...
`torch_dtype` is deprecated! Use `dtype` instead!
Loading weights:   0%|          | 0/415 [00:00<?, ?it/s]Loading weights: 100%|██████████| 415/415 [00:00<00:00, 5286.98it/s]
[care_label/train] 9759 labeled rows, 7294 with images
  Authentic (0): 7054  |  Not-authentic (1): 240  |  Ratio: 29.4:1
  Extracting finetuned features at 714x714 ...
    Batch 1/456
    Batch 20/456
    Batch 40/456
    Batch 60/456
    Batch 80/456
    Batch 100/456
    Batch 120/456
    Batch 140/456
    Batch 160/456
    Batch 180/456
    Batch 200/456
    Batch 220/456
    Batch 240/456
    Batch 260/456
    Batch 280/456
    Batch 300/456
    Batch 320/456
    Batch 340/456
    Batch 360/456
    Batch 380/456
    Batch 400/456
    Batch 420/456
    Batch 440/456
  Done: torch.Size([7294, 1024]) in 2708.4s
[care_label/train] 9759 labeled rows, 7294 with images
  Authentic (0): 7054  |  Not-authentic (1): 240  |  Ratio: 29.4:1
  Val split [care_label]: train=5837, val=1457
  Train: 5837 (193 pos) | Val: 1457 (47 pos)
/root/.venv/lib/python3.12/site-packages/xgboost/core.py:751: UserWarning: [10:26:37] WARNING: /__w/xgboost/xgboost/src/common/error_msg.cc:62: Falling back to prediction using DMatrix due to mismatched devices. This might lead to higher memory usage and slower performance. XGBoost is running on: cuda:0, while the input data is on: cpu.
Potential solutions:
- Use a data structure that matches the device ordinal in the booster.
- Set the device for booster before call to inplace_predict.

This warning will only be shown once.

  return func(**kwargs)
  [XGB     ] fit=41.1s | AUC-ROC=0.8076 AUC-PR=0.3120 TPR@2%FPR=0.3830
  [SVM     ] fit=18.6s | AUC-ROC=0.8283 AUC-PR=0.3452 TPR@2%FPR=0.3191
Warning: less than 75% GPU memory available for training. Free: 35677.5 Total: 81152.75
Default metric period is 5 because AUC is/are not implemented for GPU
  [CATBOOST] fit=142.3s | AUC-ROC=0.7955 AUC-PR=0.3271 TPR@2%FPR=0.3830
/root/.venv/lib/python3.12/site-packages/sklearn/utils/validation.py:2691: UserWarning: X does not have valid feature names, but LGBMClassifier was fitted with feature names
  warnings.warn(
  [LGBM    ] fit=618.4s | AUC-ROC=0.8120 AUC-PR=0.2975 TPR@2%FPR=0.3404
========== FINETUNE qv_last4: front  Mon Mar 30 10:39:39 UTC 2026 ==========

======================================================================
PARTIAL FINETUNE: qv_last4
Model: vitl16 @ 714 | Region: front
======================================================================
[front/train] 9759 labeled rows, 9627 with images
  Authentic (0): 9321  |  Not-authentic (1): 306  |  Ratio: 30.5:1
  Val split [front]: train=7698, val=1929
  Train: 7698 (244 pos) | Val: 1929 (62 pos)
  pos_weight: 30.5
`torch_dtype` is deprecated! Use `dtype` instead!
Loading weights:   0%|          | 0/415 [00:00<?, ?it/s]Loading weights: 100%|██████████| 415/415 [00:00<00:00, 5731.87it/s]
  Strategy 'qv_last4': will unfreeze 8,396,800 / 303,129,600 backbone params (8.40M / 303.1M)

  Epoch   1/30 (frozen, 543.9s) | loss=2.1004/2.4860 | AUC-ROC=0.8083  AUC-PR=0.2541  TPR@2%=0.2258 << BEST
  FPR target   Actual FPR   TPR        Threshold 
  --------------------------------------------
  0.5%         0.0054       0.1613     0.9935    
  1%           0.0107       0.2097     0.9926    
  2%           0.0198       0.2258     0.9916    
  5%           0.0503       0.4032     0.9888    
  10%          0.0996       0.5484     0.9844    

  Epoch   2/30 (frozen, 542.0s) | loss=1.5803/2.0490 | AUC-ROC=0.8303  AUC-PR=0.2741  TPR@2%=0.2419 << BEST
  FPR target   Actual FPR   TPR        Threshold 
  --------------------------------------------
  0.5%         0.0048       0.1129     0.9940    
  1%           0.0102       0.1935     0.9925    
  2%           0.0193       0.2419     0.9908    
  5%           0.0509       0.4839     0.9869    
  10%          0.0991       0.5968     0.9797    

  Epoch   3/30 (frozen, 542.9s) | loss=1.3987/2.0765 | AUC-ROC=0.8262  AUC-PR=0.2764  TPR@2%=0.3226 << BEST
  FPR target   Actual FPR   TPR        Threshold 
  --------------------------------------------
  0.5%         0.0054       0.1129     0.9967    
  1%           0.0096       0.1935     0.9957    
  2%           0.0204       0.3226     0.9941    
  5%           0.0498       0.4839     0.9913    
  10%          0.1002       0.5968     0.9845    

  Epoch   4/30 (frozen, 517.5s) | loss=1.2745/1.8853 | AUC-ROC=0.8233  AUC-PR=0.2609  TPR@2%=0.3226
  FPR target   Actual FPR   TPR        Threshold 
  --------------------------------------------
  0.5%         0.0059       0.0968     0.9961    
  1%           0.0096       0.1290     0.9951    
  2%           0.0204       0.3226     0.9930    
  5%           0.0498       0.4677     0.9888    
  10%          0.1007       0.6129     0.9809    

  Epoch   5/30 (frozen, 534.5s) | loss=1.1678/1.9487 | AUC-ROC=0.8230  AUC-PR=0.2562  TPR@2%=0.2742
  FPR target   Actual FPR   TPR        Threshold 
  --------------------------------------------
  0.5%         0.0048       0.0806     0.9980    
  1%           0.0102       0.1452     0.9970    
  2%           0.0198       0.2742     0.9955    
  5%           0.0498       0.4839     0.9921    
  10%          0.1002       0.6129     0.9858    

  >> Unfreezing 'qv_last4' components at epoch 6
  >> Actually unfrozen: 8,396,800 params (8.40M)

  Epoch   6/30 (qv_last4, 661.3s) | loss=0.9652/1.6714 | AUC-ROC=0.8265  AUC-PR=0.2569  TPR@2%=0.2258
  FPR target   Actual FPR   TPR        Threshold 
  --------------------------------------------
  0.5%         0.0043       0.1129     0.9986    
  1%           0.0102       0.1935     0.9973    
  2%           0.0220       0.2258     0.9955    
  5%           0.0493       0.4839     0.9912    
  10%          0.0996       0.5968     0.9790    

  Epoch   7/30 (qv_last4, 661.6s) | loss=0.7310/1.5420 | AUC-ROC=0.8333  AUC-PR=0.2519  TPR@2%=0.2581
  FPR target   Actual FPR   TPR        Threshold 
  --------------------------------------------
  0.5%         0.0054       0.1935     0.9981    
  1%           0.0075       0.1935     0.9979    
  2%           0.0171       0.2581     0.9965    
  5%           0.0503       0.5000     0.9884    
  10%          0.1002       0.6129     0.9616    

  Epoch   8/30 (qv_last4, 513.2s) | loss=0.5521/1.5627 | AUC-ROC=0.8368  AUC-PR=0.2854  TPR@2%=0.3226 << BEST
  FPR target   Actual FPR   TPR        Threshold 
  --------------------------------------------
  0.5%         0.0048       0.1290     0.9979    
  1%           0.0096       0.2097     0.9961    
  2%           0.0198       0.3226     0.9924    
  5%           0.0520       0.5323     0.9663    
  10%          0.1002       0.6935     0.8781    

  Epoch   9/30 (qv_last4, 451.3s) | loss=0.4299/1.6925 | AUC-ROC=0.8387  AUC-PR=0.3190  TPR@2%=0.3871 << BEST
  FPR target   Actual FPR   TPR        Threshold 
  --------------------------------------------
  0.5%         0.0048       0.1613     0.9982    
  1%           0.0086       0.2742     0.9969    
  2%           0.0198       0.3871     0.9926    
  5%           0.0493       0.5161     0.9668    
  10%          0.0996       0.7097     0.8379    

  Epoch  10/30 (qv_last4, 502.4s) | loss=0.3345/1.9176 | AUC-ROC=0.8385  AUC-PR=0.3512  TPR@2%=0.4032 << BEST
  FPR target   Actual FPR   TPR        Threshold 
  --------------------------------------------
  0.5%         0.0048       0.2097     0.9981    
  1%           0.0107       0.2581     0.9966    
  2%           0.0204       0.4032     0.9917    
  5%           0.0498       0.5968     0.9454    
  10%          0.1002       0.6935     0.7458    

  Epoch  11/30 (qv_last4, 604.9s) | loss=0.2538/2.1588 | AUC-ROC=0.8347  AUC-PR=0.3833  TPR@2%=0.4194 << BEST
  FPR target   Actual FPR   TPR        Threshold 
  --------------------------------------------
  0.5%         0.0054       0.2742     0.9986    
  1%           0.0096       0.3710     0.9973    
  2%           0.0204       0.4194     0.9912    
  5%           0.0520       0.5968     0.9380    
  10%          0.0991       0.7258     0.5956    

  Epoch  12/30 (qv_last4, 664.2s) | loss=0.2002/2.5225 | AUC-ROC=0.8309  AUC-PR=0.3060  TPR@2%=0.3871
  FPR target   Actual FPR   TPR        Threshold 
  --------------------------------------------
  0.5%         0.0048       0.1613     0.9976    
  1%           0.0091       0.3065     0.9933    
  2%           0.0139       0.3871     0.9828    
  5%           0.0493       0.5161     0.7775    
  10%          0.1087       0.6935     0.2295    

  Epoch  13/30 (qv_last4, 664.8s) | loss=0.1638/2.6159 | AUC-ROC=0.8395  AUC-PR=0.3969  TPR@2%=0.4194 << BEST
  FPR target   Actual FPR   TPR        Threshold 
  --------------------------------------------
  0.5%         0.0054       0.3065     0.9983    
  1%           0.0107       0.3548     0.9940    
  2%           0.0193       0.4194     0.9792    
  5%           0.0530       0.6290     0.7776    
  10%          0.1055       0.7097     0.2266    

  Epoch  14/30 (qv_last4, 666.0s) | loss=0.1252/2.6965 | AUC-ROC=0.8379  AUC-PR=0.4052  TPR@2%=0.4355 << BEST
  FPR target   Actual FPR   TPR        Threshold 
  --------------------------------------------
  0.5%         0.0054       0.3065     0.9979    
  1%           0.0107       0.3226     0.9945    
  2%           0.0204       0.4355     0.9796    
  5%           0.0455       0.6129     0.8200    
  10%          0.0943       0.6935     0.2736    

  Epoch  15/30 (qv_last4, 666.0s) | loss=0.1219/3.0929 | AUC-ROC=0.8315  AUC-PR=0.4222  TPR@2%=0.4194
  FPR target   Actual FPR   TPR        Threshold 
  --------------------------------------------
  0.5%         0.0043       0.2903     0.9977    
  1%           0.0129       0.3226     0.9843    
  2%           0.0214       0.4194     0.9519    
  5%           0.0503       0.6129     0.5808    
  10%          0.1044       0.6935     0.0948    

  Epoch  16/30 (qv_last4, 666.9s) | loss=0.0988/3.5647 | AUC-ROC=0.8299  AUC-PR=0.4110  TPR@2%=0.4355
  FPR target   Actual FPR   TPR        Threshold 
  --------------------------------------------
  0.5%         0.0048       0.2419     0.9953    
  1%           0.0086       0.3226     0.9880    
  2%           0.0193       0.4355     0.8901    
  5%           0.0503       0.6290     0.3522    
  10%          0.1002       0.6935     0.0423    

  Epoch  17/30 (qv_last4, 665.4s) | loss=0.1015/3.5911 | AUC-ROC=0.8283  AUC-PR=0.4160  TPR@2%=0.4355
  FPR target   Actual FPR   TPR        Threshold 
  --------------------------------------------
  0.5%         0.0043       0.2903     0.9942    
  1%           0.0118       0.3226     0.9801    
  2%           0.0204       0.4355     0.8968    
  5%           0.0498       0.5968     0.4076    
  10%          0.0921       0.6935     0.0784    

  Epoch  18/30 (qv_last4, 666.8s) | loss=0.0808/3.8270 | AUC-ROC=0.8247  AUC-PR=0.3970  TPR@2%=0.4355
  FPR target   Actual FPR   TPR        Threshold 
  --------------------------------------------
  0.5%         0.0054       0.2419     0.9955    
  1%           0.0091       0.3065     0.9870    
  2%           0.0225       0.4355     0.8405    
  5%           0.0493       0.5806     0.3217    
  10%          0.0996       0.6774     0.0385    

  Epoch  19/30 (qv_last4, 664.2s) | loss=0.0867/3.7386 | AUC-ROC=0.8245  AUC-PR=0.4252  TPR@2%=0.4355
  FPR target   Actual FPR   TPR        Threshold 
  --------------------------------------------
  0.5%         0.0043       0.3065     0.9965    
  1%           0.0107       0.3226     0.9812    
  2%           0.0204       0.4355     0.8997    
  5%           0.0466       0.6129     0.4338    
  10%          0.1034       0.6935     0.0473    

  Epoch  20/30 (qv_last4, 666.6s) | loss=0.0607/3.9969 | AUC-ROC=0.8248  AUC-PR=0.4211  TPR@2%=0.4194Exception in thread 
Thread-2  FPR target   Actual FPR   TPR        Threshold 
  --------------------------------------------:
Traceback (most recent call last):
  File "/usr/lib/python3.12/threading.py", line 1073, in _bootstrap_inner

  0.5%         0.0048       0.3065     0.9896    
  1%           0.0086       0.3226     0.9806        
self.run()  2%           0.0220       0.4194     0.8127    
  5%           0.0498       0.5645     0.2714    
  File "/root/.venv/lib/python3.12/site-packages/tensorboard/summary/writer/event_file_writer.py", line 244, in run

  10%          0.1050       0.6935     0.0247    
    self._run()
  File "/root/.venv/lib/python3.12/site-packages/tensorboard/summary/writer/event_file_writer.py", line 275, in _run
    self._record_writer.write(data)
  File "/root/.venv/lib/python3.12/site-packages/tensorboard/summary/writer/record_writer.py", line 40, in write
    self._writer.write(header + header_crc + data + footer_crc)
  File "/root/.venv/lib/python3.12/site-packages/tensorboard/compat/tensorflow_stub/io/gfile.py", line 775, in write
    self.fs.append(self.filename, file_content, self.binary_mode)
  File "/root/.venv/lib/python3.12/site-packages/tensorboard/compat/tensorflow_stub/io/gfile.py", line 167, in append
    self._write(filename, file_content, "ab" if binary_mode else "a")
  File "/root/.venv/lib/python3.12/site-packages/tensorboard/compat/tensorflow_stub/io/gfile.py", line 171, in _write
    with io.open(filename, mode, encoding=encoding) as f:
         ^^^^^^^^^^^^^^^^^^^^^^^^^^^^^^^^^^^^^^^^^^
FileNotFoundError: [Errno 2] No such file or directory: b'/root/iris/src/01-dinov3/runs/front/vitl16_714_partial_qv_last4/events.out.tfevents.1774867264.surya.663440.0'
Traceback (most recent call last):
  File "/root/iris/src/01-dinov3/train_partial_finetune.py", line 372, in <module>
    if __name__ == "__main__":
        ^^^^^^
  File "/root/iris/src/01-dinov3/train_partial_finetune.py", line 368, in main
    print(f"{'=' * 70}")
    ^^^^^^^^^^^^^^^^^^^^^
  File "/root/iris/src/01-dinov3/train_partial_finetune.py", line 299, in train_partial
    
  File "/root/.venv/lib/python3.12/site-packages/torch/utils/tensorboard/writer.py", line 389, in add_scalar
    self._get_file_writer().add_summary(summary, global_step, walltime)
  File "/root/.venv/lib/python3.12/site-packages/torch/utils/tensorboard/writer.py", line 115, in add_summary
    self.add_event(event, global_step, walltime)
  File "/root/.venv/lib/python3.12/site-packages/torch/utils/tensorboard/writer.py", line 99, in add_event
    self.event_writer.add_event(event)
  File "/root/.venv/lib/python3.12/site-packages/tensorboard/summary/writer/event_file_writer.py", line 117, in add_event
    self._async_writer.write(event.SerializeToString())
  File "/root/.venv/lib/python3.12/site-packages/tensorboard/summary/writer/event_file_writer.py", line 171, in write
    self._check_worker_status()
  File "/root/.venv/lib/python3.12/site-packages/tensorboard/summary/writer/event_file_writer.py", line 212, in _check_worker_status
    raise exception
  File "/usr/lib/python3.12/threading.py", line 1073, in _bootstrap_inner
    self.run()
  File "/root/.venv/lib/python3.12/site-packages/tensorboard/summary/writer/event_file_writer.py", line 244, in run
    self._run()
  File "/root/.venv/lib/python3.12/site-packages/tensorboard/summary/writer/event_file_writer.py", line 275, in _run
    self._record_writer.write(data)
  File "/root/.venv/lib/python3.12/site-packages/tensorboard/summary/writer/record_writer.py", line 40, in write
    self._writer.write(header + header_crc + data + footer_crc)
  File "/root/.venv/lib/python3.12/site-packages/tensorboard/compat/tensorflow_stub/io/gfile.py", line 775, in write
    self.fs.append(self.filename, file_content, self.binary_mode)
  File "/root/.venv/lib/python3.12/site-packages/tensorboard/compat/tensorflow_stub/io/gfile.py", line 167, in append
    self._write(filename, file_content, "ab" if binary_mode else "a")
  File "/root/.venv/lib/python3.12/site-packages/tensorboard/compat/tensorflow_stub/io/gfile.py", line 171, in _write
    with io.open(filename, mode, encoding=encoding) as f:
         ^^^^^^^^^^^^^^^^^^^^^^^^^^^^^^^^^^^^^^^^^^
FileNotFoundError: [Errno 2] No such file or directory: b'/root/iris/src/01-dinov3/runs/front/vitl16_714_partial_qv_last4/events.out.tfevents.1774867264.surya.663440.0'
========== ML on qv_last4: front  Mon Mar 30 14:59:07 UTC 2026 ==========
Device: cuda

============================================================
[front | vitl16 @ 714 | partial_qv_last4 -> ML]
============================================================
  Loading checkpoint from /root/iris/src/01-dinov3/checkpoints/front/vitl16_714_partial_qv_last4_best.pt ...
`torch_dtype` is deprecated! Use `dtype` instead!
Loading weights:   0%|          | 0/415 [00:00<?, ?it/s]Loading weights:  19%|█▉        | 79/415 [00:00<00:00, 767.01it/s]Loading weights:  93%|█████████▎| 384/415 [00:00<00:00, 2092.01it/s]Loading weights: 100%|██████████| 415/415 [00:00<00:00, 2032.78it/s]
[front/train] 9759 labeled rows, 9627 with images
  Authentic (0): 9321  |  Not-authentic (1): 306  |  Ratio: 30.5:1
  Extracting finetuned features at 714x714 ...
    Batch 1/602
    Batch 20/602
    Batch 40/602
    Batch 60/602
    Batch 80/602
    Batch 100/602
    Batch 120/602
    Batch 140/602
    Batch 160/602
    Batch 180/602
    Batch 200/602
    Batch 220/602
    Batch 240/602
    Batch 260/602
    Batch 280/602
    Batch 300/602
    Batch 320/602
    Batch 340/602
    Batch 360/602
    Batch 380/602
    Batch 400/602
    Batch 420/602
    Batch 440/602
    Batch 460/602
    Batch 480/602
    Batch 500/602
    Batch 520/602
    Batch 540/602
    Batch 560/602
Terminated
========== FINETUNE qv_last4: front_exterior_logo  Mon Mar 30 15:57:05 UTC 2026 ==========

======================================================================
PARTIAL FINETUNE: qv_last4
Model: vitl16 @ 714 | Region: front_exterior_logo
======================================================================
[front_exterior_logo/train] 9759 labeled rows, 5005 with images
  Authentic (0): 4858  |  Not-authentic (1): 147  |  Ratio: 33.0:1
  Val split [front_exterior_logo]: train=4046, val=959
  Train: 4046 (111 pos) | Val: 959 (36 pos)
  pos_weight: 35.5
[front_exterior_logo/test] 1424 labeled rows, 875 with images
  Authentic (0): 840  |  Not-authentic (1): 35  |  Ratio: 24.0:1
  Test: 875 (35 pos)
`torch_dtype` is deprecated! Use `dtype` instead!
Loading weights:   0%|          | 0/415 [00:00<?, ?it/s]Loading weights: 100%|██████████| 415/415 [00:00<00:00, 4882.52it/s]
  Strategy 'qv_last4': will unfreeze 8,396,800 / 303,129,600 backbone params (8.40M / 303.1M)

  Epoch   1/30 (frozen, 229.7s) | train AUC=0.8296 TPR@2%=0.4302 | val AUC=0.8084 TPR@2%=0.2069 << BEST

  Epoch   2/30 (frozen, 230.2s) | train AUC=0.8845 TPR@2%=0.6488 | val AUC=0.8311 TPR@2%=0.2600 << BEST

  Epoch   3/30 (frozen, 232.4s) | train AUC=0.9018 TPR@2%=0.7352 | val AUC=0.8446 TPR@2%=0.3380 << BEST

  Epoch   4/30 (frozen, 224.5s) | train AUC=0.9128 TPR@2%=0.7466 | val AUC=0.8432 TPR@2%=0.3640 << BEST

  Epoch   5/30 (frozen, 238.9s) | train AUC=0.9171 TPR@2%=0.7746 | val AUC=0.8469 TPR@2%=0.3998 << BEST

  >> Unfreezing 'qv_last4' components at epoch 6
  >> Actually unfrozen: 8,396,800 params (8.40M)

  Epoch   6/30 (qv_last4, 268.5s) | train AUC=0.9547 TPR@2%=0.8541 | val AUC=0.8469 TPR@2%=0.4388 << BEST

  Epoch   7/30 (qv_last4, 265.6s) | train AUC=0.9760 TPR@2%=0.9260 | val AUC=0.8512 TPR@2%=0.4009

  Epoch   8/30 (qv_last4, 268.0s) | train AUC=0.9873 TPR@2%=0.9604 | val AUC=0.8502 TPR@2%=0.3944

  Epoch   9/30 (qv_last4, 268.4s) | train AUC=0.9913 TPR@2%=0.9710 | val AUC=0.8558 TPR@2%=0.3532

  Epoch  10/30 (qv_last4, 267.2s) | train AUC=0.9948 TPR@2%=0.9764 | val AUC=0.8556 TPR@2%=0.3467

  Epoch  11/30 (qv_last4, 267.8s) | train AUC=0.9965 TPR@2%=0.9853 | val AUC=0.8532 TPR@2%=0.3489

  Epoch  12/30 (qv_last4, 268.3s) | train AUC=0.9971 TPR@2%=0.9853 | val AUC=0.8510 TPR@2%=0.3586

  Epoch  13/30 (qv_last4, 266.9s) | train AUC=0.9985 TPR@2%=0.9901 | val AUC=0.8483 TPR@2%=0.3034

  Early stopping at epoch 13 (patience=7)

  Best val TPR@2%: 0.4388  (AUC: 0.8469)
  Checkpoint: /root/iris/src/01-dinov3/checkpoints/front_exterior_logo/vitl16_714_partial_qv_last4_best.pt

  TEST | AUC=0.8149 | @2% val-thresh: TPR(auth passed)=0.3929  FPR(fakes missed)=0.0571
