========== FINETUNE last4: care_label  Sun Mar 29 21:46:37 UTC 2026 ==========

======================================================================
PARTIAL FINETUNE: last4
Model: vitl16 @ 714 | Region: care_label
======================================================================
[care_label/train] 9759 labeled rows, 7294 with images
  Authentic (0): 7054  |  Not-authentic (1): 240  |  Ratio: 29.4:1
  Val split [care_label]: train=5837, val=1457
  Train: 5837 (193 pos) | Val: 1457 (47 pos)
  pos_weight: 29.2
`torch_dtype` is deprecated! Use `dtype` instead!
Loading weights:   0%|          | 0/415 [00:00<?, ?it/s]Loading weights:  35%|███▌      | 146/415 [00:00<00:00, 1423.30it/s]Loading weights:  70%|██████▉   | 289/415 [00:00<00:00, 644.71it/s] Loading weights: 100%|██████████| 415/415 [00:00<00:00, 843.24it/s]
  Strategy 'last4': will unfreeze 50,388,992 / 303,129,600 backbone params (50.39M / 303.1M)

  Epoch   1/30 (frozen, 89.3s) | loss=2.3387/2.9407 | AUC-ROC=0.6663  AUC-PR=0.0622  TPR@2%=0.0426 << BEST
  FPR target   Actual FPR   TPR        Threshold 
  --------------------------------------------
  0.5%         0.0050       0.0000     0.9900    
  1%           0.0106       0.0213     0.9896    
  2%           0.0199       0.0426     0.9888    
  5%           0.0504       0.1489     0.9850    
  10%          0.1014       0.2128     0.9783    

  Epoch   2/30 (frozen, 88.1s) | loss=1.9097/2.6873 | AUC-ROC=0.6971  AUC-PR=0.0714  TPR@2%=0.0213
  FPR target   Actual FPR   TPR        Threshold 
  --------------------------------------------
  0.5%         0.0050       0.0000     0.9909    
  1%           0.0106       0.0000     0.9898    
  2%           0.0206       0.0213     0.9883    
  5%           0.0504       0.1277     0.9827    
  10%          0.1014       0.2979     0.9773    

  Epoch   3/30 (frozen, 88.4s) | loss=1.8052/2.3633 | AUC-ROC=0.7307  AUC-PR=0.0846  TPR@2%=0.0638 << BEST
  FPR target   Actual FPR   TPR        Threshold 
  --------------------------------------------
  0.5%         0.0078       0.0213     0.9917    
  1%           0.0099       0.0213     0.9915    
  2%           0.0163       0.0638     0.9895    
  5%           0.0504       0.1702     0.9833    
  10%          0.1007       0.3830     0.9749    

  Epoch   4/30 (frozen, 167.5s) | loss=1.7143/2.2143 | AUC-ROC=0.7331  AUC-PR=0.0882  TPR@2%=0.0638 << BEST
  FPR target   Actual FPR   TPR        Threshold 
  --------------------------------------------
  0.5%         0.0035       0.0000     0.9936    
  1%           0.0106       0.0426     0.9903    
  2%           0.0234       0.0638     0.9865    
  5%           0.0496       0.2128     0.9812    
  10%          0.1000       0.4043     0.9734    

  Epoch   5/30 (frozen, 501.2s) | loss=1.6412/2.3798 | AUC-ROC=0.7254  AUC-PR=0.0826  TPR@2%=0.0851 << BEST
  FPR target   Actual FPR   TPR        Threshold 
  --------------------------------------------
  0.5%         0.0071       0.0213     0.9954    
  1%           0.0078       0.0426     0.9953    
  2%           0.0199       0.0851     0.9930    
  5%           0.0496       0.2128     0.9888    
  10%          0.0993       0.3617     0.9837    

  >> Unfreezing 'last4' components at epoch 6
  >> Actually unfrozen: 50,388,992 params (50.39M)

  Epoch   6/30 (last4, 301.4s) | loss=1.1614/1.6016 | AUC-ROC=0.7690  AUC-PR=0.1669  TPR@2%=0.1915 << BEST
  FPR target   Actual FPR   TPR        Threshold 
  --------------------------------------------
  0.5%         0.0050       0.0851     0.9987    
  1%           0.0106       0.1489     0.9976    
  2%           0.0213       0.1915     0.9956    
  5%           0.0496       0.2766     0.9897    
  10%          0.0965       0.4681     0.9757    

  Epoch   7/30 (last4, 115.7s) | loss=0.5418/1.5801 | AUC-ROC=0.7953  AUC-PR=0.2255  TPR@2%=0.2979 << BEST
  FPR target   Actual FPR   TPR        Threshold 
  --------------------------------------------
  0.5%         0.0057       0.1489     0.9983    
  1%           0.0106       0.2553     0.9967    
  2%           0.0135       0.2979     0.9965    
  5%           0.0496       0.3617     0.9769    
  10%          0.0908       0.4681     0.9233    

  Epoch   8/30 (last4, 115.7s) | loss=0.3332/1.9517 | AUC-ROC=0.8238  AUC-PR=0.3111  TPR@2%=0.3404 << BEST
  FPR target   Actual FPR   TPR        Threshold 
  --------------------------------------------
  0.5%         0.0050       0.1915     0.9953    
  1%           0.0085       0.2979     0.9860    
  2%           0.0234       0.3404     0.9397    
  5%           0.0553       0.4681     0.7614    
  10%          0.0972       0.5106     0.5094    

  Epoch   9/30 (last4, 115.9s) | loss=0.2031/2.9309 | AUC-ROC=0.8113  AUC-PR=0.3007  TPR@2%=0.3191
  FPR target   Actual FPR   TPR        Threshold 
  --------------------------------------------
  0.5%         0.0071       0.2128     0.9837    
  1%           0.0078       0.2340     0.9799    
  2%           0.0184       0.3191     0.9351    
  5%           0.0532       0.4468     0.4990    
  10%          0.0858       0.5532     0.2415    

  Epoch  10/30 (last4, 302.9s) | loss=0.1060/3.3180 | AUC-ROC=0.8083  AUC-PR=0.3499  TPR@2%=0.3617 << BEST
  FPR target   Actual FPR   TPR        Threshold 
  --------------------------------------------
  0.5%         0.0050       0.2340     0.9929    
  1%           0.0099       0.3404     0.9443    
  2%           0.0184       0.3617     0.8767    
  5%           0.0426       0.4681     0.5023    
  10%          0.1035       0.5106     0.0937    

  Epoch  11/30 (last4, 115.8s) | loss=0.0620/3.4847 | AUC-ROC=0.8241  AUC-PR=0.3534  TPR@2%=0.3830 << BEST
  FPR target   Actual FPR   TPR        Threshold 
  --------------------------------------------
  0.5%         0.0050       0.2553     0.9782    
  1%           0.0085       0.2979     0.9483    
  2%           0.0184       0.3830     0.7996    
  5%           0.0454       0.4468     0.3352    
  10%          0.0986       0.5745     0.0524    

  Epoch  12/30 (last4, 115.7s) | loss=0.0914/3.1903 | AUC-ROC=0.8151  AUC-PR=0.3234  TPR@2%=0.3617
  FPR target   Actual FPR   TPR        Threshold 
  --------------------------------------------
  0.5%         0.0043       0.2128     0.9965    
  1%           0.0113       0.2766     0.9891    
  2%           0.0170       0.3617     0.9778    
  5%           0.0617       0.4681     0.4800    
  10%          0.0979       0.5319     0.1849    

  Epoch  13/30 (last4, 115.7s) | loss=0.0363/3.7768 | AUC-ROC=0.8135  AUC-PR=0.3389  TPR@2%=0.3404
  FPR target   Actual FPR   TPR        Threshold 
  --------------------------------------------
  0.5%         0.0064       0.2340     0.9880    
  1%           0.0085       0.2766     0.9634    
  2%           0.0184       0.3404     0.8820    
  5%           0.0397       0.4681     0.4873    
  10%          0.1000       0.5106     0.0627    

  Epoch  14/30 (last4, 115.8s) | loss=0.0243/4.7170 | AUC-ROC=0.8081  AUC-PR=0.3001  TPR@2%=0.3404
  FPR target   Actual FPR   TPR        Threshold 
  --------------------------------------------
  0.5%         0.0071       0.1915     0.9705    
  1%           0.0113       0.2979     0.8802    
  2%           0.0163       0.3404     0.7756    
  5%           0.0482       0.4681     0.1200    
  10%          0.1035       0.4894     0.0140    

  Epoch  15/30 (last4, 115.6s) | loss=0.0612/5.3582 | AUC-ROC=0.7932  AUC-PR=0.2952  TPR@2%=0.3191
  FPR target   Actual FPR   TPR        Threshold 
  --------------------------------------------
  0.5%         0.0021       0.1702     0.9955    
  1%           0.0099       0.2553     0.8126    
  2%           0.0170       0.3191     0.4577    
  5%           0.0518       0.4894     0.0588    
  10%          0.1007       0.5106     0.0077    

  Epoch  16/30 (last4, 115.5s) | loss=0.0136/4.9691 | AUC-ROC=0.7996  AUC-PR=0.3185  TPR@2%=0.3404
  FPR target   Actual FPR   TPR        Threshold 
  --------------------------------------------
  0.5%         0.0050       0.2128     0.9818    
  1%           0.0099       0.2766     0.8770    
  2%           0.0149       0.3404     0.8094    
  5%           0.0489       0.4681     0.1522    
  10%          0.1000       0.4894     0.0148    

  Epoch  17/30 (last4, 115.8s) | loss=0.0138/4.1334 | AUC-ROC=0.7938  AUC-PR=0.2110  TPR@2%=0.2766
  FPR target   Actual FPR   TPR        Threshold 
  --------------------------------------------
  0.5%         0.0050       0.1489     1.0000    
  1%           0.0099       0.1915     0.9999    
  2%           0.0199       0.2766     0.9988    
  5%           0.0532       0.4681     0.8240    
  10%          0.1142       0.5106     0.1647    

  Epoch  18/30 (last4, 115.6s) | loss=0.0103/5.9468 | AUC-ROC=0.8106  AUC-PR=0.3361  TPR@2%=0.3404
  FPR target   Actual FPR   TPR        Threshold 
  --------------------------------------------
  0.5%         0.0050       0.2128     0.9365    
  1%           0.0106       0.2766     0.7546    
  2%           0.0220       0.3404     0.2220    
  5%           0.0482       0.4894     0.0241    
  10%          0.1021       0.5106     0.0017    

  Early stopping at epoch 18 (patience=7)

  Best TPR@2%FPR: 0.3830  (AUC-ROC: 0.8241)
  Checkpoint: /root/iris/src/01-dinov3/checkpoints/care_label/vitl16_714_partial_last4_best.pt

  --- Best checkpoint metrics ---
  AUC-ROC: 0.8240757507167649
  AUC-PR:  0.3534180028965331
  Target FPR   Actual FPR   TPR        Threshold 
  --------------------------------------------
  0.5%         0.0050       0.2553     0.9782    
  1%           0.0085       0.2979     0.9483    
  2%           0.0184       0.3830     0.7996    
  5%           0.0454       0.4468     0.3352    
  10%          0.0986       0.5745     0.0524    
  Youden best: threshold=0.0008  TPR=0.8298  FPR=0.3447

========== ML on finetuned: care_label  Sun Mar 29 22:45:11 UTC 2026 ==========
Device: cuda

============================================================
[care_label | vitl16 @ 714 | partial_last4 -> ML]
============================================================
  Loading checkpoint from /root/iris/src/01-dinov3/checkpoints/care_label/vitl16_714_partial_last4_best.pt ...
`torch_dtype` is deprecated! Use `dtype` instead!
Loading weights:   0%|          | 0/415 [00:00<?, ?it/s]Loading weights: 100%|██████████| 415/415 [00:00<00:00, 4873.49it/s]
[care_label/train] 9759 labeled rows, 7294 with images
  Authentic (0): 7054  |  Not-authentic (1): 240  |  Ratio: 29.4:1
  Extracting finetuned features at 714x714 ...
    Batch 1/456
    Batch 20/456
    Batch 40/456
    Batch 60/456
    Batch 80/456
    Batch 100/456
    Batch 120/456
    Batch 140/456
    Batch 160/456
    Batch 180/456
    Batch 200/456
    Batch 220/456
    Batch 240/456
    Batch 260/456
    Batch 280/456
    Batch 300/456
    Batch 320/456
    Batch 340/456
    Batch 360/456
    Batch 380/456
    Batch 400/456
    Batch 420/456
    Batch 440/456
  Done: torch.Size([7294, 1024]) in 1645.9s
[care_label/train] 9759 labeled rows, 7294 with images
  Authentic (0): 7054  |  Not-authentic (1): 240  |  Ratio: 29.4:1
  Val split [care_label]: train=5837, val=1457
  Train: 5837 (193 pos) | Val: 1457 (47 pos)
/root/.venv/lib/python3.12/site-packages/xgboost/core.py:751: UserWarning: [23:15:45] WARNING: /__w/xgboost/xgboost/src/common/error_msg.cc:62: Falling back to prediction using DMatrix due to mismatched devices. This might lead to higher memory usage and slower performance. XGBoost is running on: cuda:0, while the input data is on: cpu.
Potential solutions:
- Use a data structure that matches the device ordinal in the booster.
- Set the device for booster before call to inplace_predict.

This warning will only be shown once.

  return func(**kwargs)
  [XGB     ] fit=56.4s | AUC-ROC=0.8419 AUC-PR=0.3350 TPR@2%FPR=0.3617
  [SVM     ] fit=12.5s | AUC-ROC=0.8210 AUC-PR=0.3577 TPR@2%FPR=0.3617
Default metric period is 5 because AUC is/are not implemented for GPU
  [CATBOOST] fit=200.1s | AUC-ROC=0.8272 AUC-PR=0.3461 TPR@2%FPR=0.3404
/root/.venv/lib/python3.12/site-packages/sklearn/utils/validation.py:2691: UserWarning: X does not have valid feature names, but LGBMClassifier was fitted with feature names
  warnings.warn(
  [LGBM    ] fit=581.9s | AUC-ROC=0.8298 AUC-PR=0.3439 TPR@2%FPR=0.3404
========== FINETUNE last4: front  Sun Mar 29 23:29:02 UTC 2026 ==========

======================================================================
PARTIAL FINETUNE: last4
Model: vitl16 @ 714 | Region: front
======================================================================
[front/train] 9759 labeled rows, 9627 with images
  Authentic (0): 9321  |  Not-authentic (1): 306  |  Ratio: 30.5:1
  Val split [front]: train=7698, val=1929
  Train: 7698 (244 pos) | Val: 1929 (62 pos)
  pos_weight: 30.5
`torch_dtype` is deprecated! Use `dtype` instead!
Loading weights:   0%|          | 0/415 [00:00<?, ?it/s]Loading weights: 100%|██████████| 415/415 [00:00<00:00, 5266.74it/s]
  Strategy 'last4': will unfreeze 50,388,992 / 303,129,600 backbone params (50.39M / 303.1M)

  Epoch   1/30 (frozen, 542.4s) | loss=2.1004/2.4860 | AUC-ROC=0.8083  AUC-PR=0.2541  TPR@2%=0.2258 << BEST
  FPR target   Actual FPR   TPR        Threshold 
  --------------------------------------------
  0.5%         0.0054       0.1613     0.9935    
  1%           0.0107       0.2097     0.9926    
  2%           0.0198       0.2258     0.9916    
  5%           0.0503       0.4032     0.9888    
  10%          0.0996       0.5484     0.9844    

  Epoch   2/30 (frozen, 536.3s) | loss=1.5803/2.0490 | AUC-ROC=0.8303  AUC-PR=0.2741  TPR@2%=0.2419 << BEST
  FPR target   Actual FPR   TPR        Threshold 
  --------------------------------------------
  0.5%         0.0048       0.1129     0.9940    
  1%           0.0102       0.1935     0.9925    
  2%           0.0193       0.2419     0.9908    
  5%           0.0509       0.4839     0.9869    
  10%          0.0991       0.5968     0.9797    

  Epoch   3/30 (frozen, 415.0s) | loss=1.3987/2.0765 | AUC-ROC=0.8262  AUC-PR=0.2764  TPR@2%=0.3226 << BEST
  FPR target   Actual FPR   TPR        Threshold 
  --------------------------------------------
  0.5%         0.0054       0.1129     0.9967    
  1%           0.0096       0.1935     0.9957    
  2%           0.0204       0.3226     0.9941    
  5%           0.0498       0.4839     0.9913    
  10%          0.1002       0.5968     0.9845    

  Epoch   4/30 (frozen, 406.8s) | loss=1.2745/1.8853 | AUC-ROC=0.8233  AUC-PR=0.2609  TPR@2%=0.3226
  FPR target   Actual FPR   TPR        Threshold 
  --------------------------------------------
  0.5%         0.0059       0.0968     0.9961    
  1%           0.0096       0.1290     0.9951    
  2%           0.0204       0.3226     0.9930    
  5%           0.0498       0.4677     0.9888    
  10%          0.1007       0.6129     0.9809    

  Epoch   5/30 (frozen, 405.2s) | loss=1.1678/1.9487 | AUC-ROC=0.8230  AUC-PR=0.2562  TPR@2%=0.2742
  FPR target   Actual FPR   TPR        Threshold 
  --------------------------------------------
  0.5%         0.0048       0.0806     0.9980    
  1%           0.0102       0.1452     0.9970    
  2%           0.0198       0.2742     0.9955    
  5%           0.0498       0.4839     0.9921    
  10%          0.1002       0.6129     0.9858    

  >> Unfreezing 'last4' components at epoch 6
  >> Actually unfrozen: 50,388,992 params (50.39M)

  Epoch   6/30 (last4, 534.0s) | loss=0.8038/1.5470 | AUC-ROC=0.8360  AUC-PR=0.2652  TPR@2%=0.2581
  FPR target   Actual FPR   TPR        Threshold 
  --------------------------------------------
  0.5%         0.0048       0.1452     0.9986    
  1%           0.0096       0.1935     0.9975    
  2%           0.0209       0.2581     0.9963    
  5%           0.0498       0.4839     0.9888    
  10%          0.1012       0.6129     0.9641    

  Epoch   7/30 (last4, 534.5s) | loss=0.4394/1.7655 | AUC-ROC=0.8435  AUC-PR=0.3096  TPR@2%=0.3548 << BEST
  FPR target   Actual FPR   TPR        Threshold 
  --------------------------------------------
  0.5%         0.0054       0.1129     0.9985    
  1%           0.0096       0.2742     0.9954    
  2%           0.0193       0.3548     0.9890    
  5%           0.0509       0.5645     0.9334    
  10%          0.1034       0.7097     0.6628    

  Epoch   8/30 (last4, 534.4s) | loss=0.2441/2.2924 | AUC-ROC=0.8442  AUC-PR=0.3346  TPR@2%=0.4355 << BEST
  FPR target   Actual FPR   TPR        Threshold 
  --------------------------------------------
  0.5%         0.0048       0.1935     0.9986    
  1%           0.0107       0.2903     0.9935    
  2%           0.0198       0.4355     0.9723    
  5%           0.0503       0.6290     0.7573    
  10%          0.0996       0.7097     0.1879    

  Epoch   9/30 (last4, 534.4s) | loss=0.1635/2.8712 | AUC-ROC=0.8409  AUC-PR=0.3735  TPR@2%=0.3871
  FPR target   Actual FPR   TPR        Threshold 
  --------------------------------------------
  0.5%         0.0048       0.2581     0.9951    
  1%           0.0091       0.3065     0.9862    
  2%           0.0204       0.3871     0.8929    
  5%           0.0514       0.6452     0.3347    
  10%          0.1007       0.7419     0.0526    

  Epoch  10/30 (last4, 534.7s) | loss=0.0871/3.3231 | AUC-ROC=0.8331  AUC-PR=0.3587  TPR@2%=0.3710
  FPR target   Actual FPR   TPR        Threshold 
  --------------------------------------------
  0.5%         0.0048       0.2742     0.9935    
  1%           0.0102       0.3065     0.9740    
  2%           0.0187       0.3710     0.9362    
  5%           0.0509       0.6290     0.2082    
  10%          0.1002       0.7258     0.0373    

  Epoch  11/30 (last4, 534.2s) | loss=0.0899/3.9025 | AUC-ROC=0.8358  AUC-PR=0.4096  TPR@2%=0.3710
  FPR target   Actual FPR   TPR        Threshold 
  --------------------------------------------
  0.5%         0.0048       0.2581     0.9922    
  1%           0.0107       0.3226     0.9622    
  2%           0.0171       0.3710     0.8787    
  5%           0.0482       0.6129     0.0942    
  10%          0.0996       0.6935     0.0132    

  Epoch  12/30 (last4, 525.7s) | loss=0.1191/3.0297 | AUC-ROC=0.8320  AUC-PR=0.3282  TPR@2%=0.3871
  FPR target   Actual FPR   TPR        Threshold 
  --------------------------------------------
  0.5%         0.0054       0.1774     1.0000    
  1%           0.0112       0.2581     0.9997    
  2%           0.0187       0.3871     0.9977    
  5%           0.0428       0.5484     0.9353    
  10%          0.1136       0.6452     0.1519    

  Epoch  13/30 (last4, 528.6s) | loss=0.0787/3.7855 | AUC-ROC=0.8022  AUC-PR=0.2310  TPR@2%=0.3065
  FPR target   Actual FPR   TPR        Threshold 
  --------------------------------------------
  0.5%         0.0048       0.1290     0.9998    
  1%           0.0102       0.1774     0.9991    
  2%           0.0193       0.3065     0.9914    
  5%           0.0450       0.4194     0.8746    
  10%          0.1023       0.5484     0.1397    

  Epoch  14/30 (last4, 531.0s) | loss=0.0487/4.5337 | AUC-ROC=0.8340  AUC-PR=0.3863  TPR@2%=0.3710
  FPR target   Actual FPR   TPR        Threshold 
  --------------------------------------------
  0.5%         0.0054       0.2419     0.9762    
  1%           0.0102       0.2742     0.9274    
  2%           0.0204       0.3710     0.6728    
  5%           0.0498       0.5323     0.0385    
  10%          0.1012       0.7097     0.0048    

  Epoch  15/30 (last4, 532.1s) | loss=0.0255/4.6789 | AUC-ROC=0.8299  AUC-PR=0.3963  TPR@2%=0.4032
  FPR target   Actual FPR   TPR        Threshold 
  --------------------------------------------
  0.5%         0.0021       0.2419     0.9935    
  1%           0.0107       0.2581     0.9490    
  2%           0.0198       0.4032     0.5683    
  5%           0.0450       0.5645     0.0439    
  10%          0.1002       0.7097     0.0049    

  Early stopping at epoch 15 (patience=7)

  Best TPR@2%FPR: 0.4355  (AUC-ROC: 0.8442)
  Checkpoint: /root/iris/src/01-dinov3/checkpoints/front/vitl16_714_partial_last4_best.pt

  --- Best checkpoint metrics ---
  AUC-ROC: 0.8441522539177913
  AUC-PR:  0.3345803611050512
  Target FPR   Actual FPR   TPR        Threshold 
  --------------------------------------------
  0.5%         0.0048       0.1935     0.9986    
  1%           0.0107       0.2903     0.9935    
  2%           0.0198       0.4355     0.9723    
  5%           0.0503       0.6290     0.7573    
  10%          0.0996       0.7097     0.1879    
  Youden best: threshold=0.2645  TPR=0.7097  FPR=0.0862

========== ML on finetuned: front  Mon Mar 30 02:03:28 UTC 2026 ==========
Device: cuda

============================================================
[front | vitl16 @ 714 | partial_last4 -> ML]
============================================================
  Loading checkpoint from /root/iris/src/01-dinov3/checkpoints/front/vitl16_714_partial_last4_best.pt ...
`torch_dtype` is deprecated! Use `dtype` instead!
Loading weights:   0%|          | 0/415 [00:00<?, ?it/s]Loading weights: 100%|██████████| 415/415 [00:00<00:00, 5347.41it/s]
[front/train] 9759 labeled rows, 9627 with images
  Authentic (0): 9321  |  Not-authentic (1): 306  |  Ratio: 30.5:1
  Extracting finetuned features at 714x714 ...
    Batch 1/602
    Batch 20/602
    Batch 40/602
    Batch 60/602
    Batch 80/602
    Batch 100/602
    Batch 120/602
    Batch 140/602
    Batch 160/602
    Batch 180/602
    Batch 200/602
    Batch 220/602
    Batch 240/602
    Batch 260/602
    Batch 280/602
    Batch 300/602
    Batch 320/602
    Batch 340/602
    Batch 360/602
    Batch 380/602
    Batch 400/602
    Batch 420/602
    Batch 440/602
    Batch 460/602
    Batch 480/602
    Batch 500/602
    Batch 520/602
    Batch 540/602
    Batch 560/602
    Batch 580/602
    Batch 600/602
  Done: torch.Size([9627, 1024]) in 2162.3s
[front/train] 9759 labeled rows, 9627 with images
  Authentic (0): 9321  |  Not-authentic (1): 306  |  Ratio: 30.5:1
  Val split [front]: train=7698, val=1929
  Train: 7698 (244 pos) | Val: 1929 (62 pos)
/root/.venv/lib/python3.12/site-packages/xgboost/core.py:751: UserWarning: [02:42:16] WARNING: /__w/xgboost/xgboost/src/common/error_msg.cc:62: Falling back to prediction using DMatrix due to mismatched devices. This might lead to higher memory usage and slower performance. XGBoost is running on: cuda:0, while the input data is on: cpu.
Potential solutions:
- Use a data structure that matches the device ordinal in the booster.
- Set the device for booster before call to inplace_predict.

This warning will only be shown once.

  return func(**kwargs)
  [XGB     ] fit=1.4s | AUC-ROC=0.8573 AUC-PR=0.4522 TPR@2%FPR=0.5000
  [SVM     ] fit=25.1s | AUC-ROC=0.8259 AUC-PR=0.4271 TPR@2%FPR=0.4516
Default metric period is 5 because AUC is/are not implemented for GPU
  [CATBOOST] fit=57.3s | AUC-ROC=0.8667 AUC-PR=0.4277 TPR@2%FPR=0.4677
/root/.venv/lib/python3.12/site-packages/sklearn/utils/validation.py:2691: UserWarning: X does not have valid feature names, but LGBMClassifier was fitted with feature names
  warnings.warn(
  [LGBM    ] fit=351.7s | AUC-ROC=0.8479 AUC-PR=0.4517 TPR@2%FPR=0.4677
========== FINETUNE last4: front_exterior_logo  Mon Mar 30 02:49:32 UTC 2026 ==========

======================================================================
PARTIAL FINETUNE: last4
Model: vitl16 @ 714 | Region: front_exterior_logo
======================================================================
[front_exterior_logo/train] 9759 labeled rows, 5005 with images
  Authentic (0): 4858  |  Not-authentic (1): 147  |  Ratio: 33.0:1
  Val split [front_exterior_logo]: train=4046, val=959
  Train: 4046 (111 pos) | Val: 959 (36 pos)
  pos_weight: 35.5
`torch_dtype` is deprecated! Use `dtype` instead!
Loading weights:   0%|          | 0/415 [00:00<?, ?it/s]Loading weights: 100%|██████████| 415/415 [00:00<00:00, 5414.41it/s]
  Strategy 'last4': will unfreeze 50,388,992 / 303,129,600 backbone params (50.39M / 303.1M)

  Epoch   1/30 (frozen, 145.2s) | loss=2.3814/2.5877 | AUC-ROC=0.8084  AUC-PR=0.2963  TPR@2%=0.2778 << BEST
  FPR target   Actual FPR   TPR        Threshold 
  --------------------------------------------
  0.5%         0.0043       0.1667     0.9933    
  1%           0.0076       0.2222     0.9925    
  2%           0.0195       0.2778     0.9910    
  5%           0.0509       0.3611     0.9890    
  10%          0.1008       0.5833     0.9845    

  Epoch   2/30 (frozen, 144.2s) | loss=1.6181/2.1916 | AUC-ROC=0.8312  AUC-PR=0.3452  TPR@2%=0.3611 << BEST
  FPR target   Actual FPR   TPR        Threshold 
  --------------------------------------------
  0.5%         0.0054       0.1944     0.9939    
  1%           0.0108       0.2500     0.9922    
  2%           0.0195       0.3611     0.9906    
  5%           0.0498       0.4167     0.9883    
  10%          0.0997       0.5556     0.9820    

  Epoch   3/30 (frozen, 144.3s) | loss=1.4007/1.9063 | AUC-ROC=0.8419  AUC-PR=0.3202  TPR@2%=0.3056
  FPR target   Actual FPR   TPR        Threshold 
  --------------------------------------------
  0.5%         0.0065       0.1667     0.9951    
  1%           0.0108       0.2222     0.9934    
  2%           0.0206       0.3056     0.9910    
  5%           0.0509       0.4167     0.9881    
  10%          0.0997       0.6111     0.9809    

  Epoch   4/30 (frozen, 144.2s) | loss=1.2316/1.7254 | AUC-ROC=0.8452  AUC-PR=0.3258  TPR@2%=0.3611 << BEST
  FPR target   Actual FPR   TPR        Threshold 
  --------------------------------------------
  0.5%         0.0054       0.1944     0.9963    
  1%           0.0098       0.2500     0.9950    
  2%           0.0206       0.3611     0.9933    
  5%           0.0455       0.4167     0.9900    
  10%          0.0997       0.6111     0.9806    

  Epoch   5/30 (frozen, 97.2s) | loss=1.1557/1.7485 | AUC-ROC=0.8474  AUC-PR=0.3262  TPR@2%=0.3611 << BEST
  FPR target   Actual FPR   TPR        Threshold 
  --------------------------------------------
  0.5%         0.0054       0.1667     0.9982    
  1%           0.0098       0.2500     0.9968    
  2%           0.0195       0.3611     0.9957    
  5%           0.0509       0.4722     0.9923    
  10%          0.0997       0.6111     0.9853    

  >> Unfreezing 'last4' components at epoch 6
  >> Actually unfrozen: 50,388,992 params (50.39M)

  Epoch   6/30 (last4, 92.0s) | loss=0.7346/1.5169 | AUC-ROC=0.8612  AUC-PR=0.3802  TPR@2%=0.3889 << BEST
  FPR target   Actual FPR   TPR        Threshold 
  --------------------------------------------
  0.5%         0.0065       0.2500     0.9982    
  1%           0.0098       0.2778     0.9972    
  2%           0.0238       0.3889     0.9916    
  5%           0.0542       0.5833     0.9696    
  10%          0.0910       0.6944     0.9342    

  Epoch   7/30 (last4, 86.8s) | loss=0.3057/2.8297 | AUC-ROC=0.8499  AUC-PR=0.3175  TPR@2%=0.3889
  FPR target   Actual FPR   TPR        Threshold 
  --------------------------------------------
  0.5%         0.0043       0.1944     0.9965    
  1%           0.0098       0.3056     0.9906    
  2%           0.0238       0.3889     0.9464    
  5%           0.0466       0.5000     0.8005    
  10%          0.0932       0.6667     0.2426    

  Epoch   8/30 (last4, 85.7s) | loss=0.1462/3.1783 | AUC-ROC=0.8524  AUC-PR=0.4252  TPR@2%=0.3889
  FPR target   Actual FPR   TPR        Threshold 
  --------------------------------------------
  0.5%         0.0033       0.3611     0.9987    
  1%           0.0119       0.3889     0.9936    
  2%           0.0173       0.3889     0.9860    
  5%           0.0509       0.5556     0.7599    
  10%          0.0932       0.6944     0.1573    

  Epoch   9/30 (last4, 85.8s) | loss=0.1188/2.8845 | AUC-ROC=0.8484  AUC-PR=0.3811  TPR@2%=0.4167 << BEST
  FPR target   Actual FPR   TPR        Threshold 
  --------------------------------------------
  0.5%         0.0043       0.2500     1.0000    
  1%           0.0098       0.3056     0.9998    
  2%           0.0206       0.4167     0.9990    
  5%           0.0488       0.6389     0.9641    
  10%          0.1159       0.7222     0.4025    

  Epoch  10/30 (last4, 80.5s) | loss=0.0808/5.5188 | AUC-ROC=0.8269  AUC-PR=0.3812  TPR@2%=0.3611
  FPR target   Actual FPR   TPR        Threshold 
  --------------------------------------------
  0.5%         0.0054       0.2778     0.9922    
  1%           0.0054       0.2778     0.9922    
  2%           0.0217       0.3611     0.5595    
  5%           0.0498       0.5000     0.1045    
  10%          0.0953       0.6111     0.0127    

  Epoch  11/30 (last4, 80.3s) | loss=0.0690/5.3946 | AUC-ROC=0.8337  AUC-PR=0.3955  TPR@2%=0.3889
  FPR target   Actual FPR   TPR        Threshold 
  --------------------------------------------
  0.5%         0.0033       0.2500     0.9982    
  1%           0.0076       0.2778     0.9835    
  2%           0.0195       0.3889     0.6596    
  5%           0.0498       0.5000     0.1073    
  10%          0.0932       0.6111     0.0188    

  Epoch  12/30 (last4, 80.4s) | loss=0.0389/6.8972 | AUC-ROC=0.8087  AUC-PR=0.3776  TPR@2%=0.3889
  FPR target   Actual FPR   TPR        Threshold 
  --------------------------------------------
  0.5%         0.0033       0.2500     0.9958    
  1%           0.0108       0.2778     0.9351    
  2%           0.0195       0.3889     0.4857    
  5%           0.0488       0.5000     0.0281    
  10%          0.1170       0.5556     0.0031    

  Epoch  13/30 (last4, 80.5s) | loss=0.0210/6.6658 | AUC-ROC=0.8250  AUC-PR=0.3926  TPR@2%=0.3889
  FPR target   Actual FPR   TPR        Threshold 
  --------------------------------------------
  0.5%         0.0065       0.2778     0.9849    
  1%           0.0065       0.2778     0.9849    
  2%           0.0206       0.3889     0.5409    
  5%           0.0488       0.4722     0.0301    
  10%          0.0953       0.5278     0.0055    

  Epoch  14/30 (last4, 80.3s) | loss=0.0143/7.5916 | AUC-ROC=0.8221  AUC-PR=0.3881  TPR@2%=0.3611
  FPR target   Actual FPR   TPR        Threshold 
  --------------------------------------------
  0.5%         0.0076       0.2778     0.9398    
  1%           0.0076       0.2778     0.9398    
  2%           0.0228       0.3611     0.1624    
  5%           0.0607       0.4444     0.0072    
  10%          0.0932       0.5000     0.0030    

  Epoch  15/30 (last4, 80.4s) | loss=0.0135/8.1674 | AUC-ROC=0.8079  AUC-PR=0.3734  TPR@2%=0.3056
  FPR target   Actual FPR   TPR        Threshold 
  --------------------------------------------
  0.5%         0.0065       0.2778     0.9405    
  1%           0.0065       0.2778     0.9405    
  2%           0.0152       0.3056     0.4564    
  5%           0.0433       0.4444     0.0167    
  10%          0.0986       0.4722     0.0019    

  Epoch  16/30 (last4, 80.3s) | loss=0.0303/7.9504 | AUC-ROC=0.8061  AUC-PR=0.3865  TPR@2%=0.3333
  FPR target   Actual FPR   TPR        Threshold 
  --------------------------------------------
  0.5%         0.0065       0.2778     0.9537    
  1%           0.0130       0.3056     0.5545    
  2%           0.0195       0.3333     0.2165    
  5%           0.0466       0.4722     0.0136    
  10%          0.0997       0.4722     0.0018    

  Early stopping at epoch 16 (patience=7)

  Best TPR@2%FPR: 0.4167  (AUC-ROC: 0.8484)
  Checkpoint: /root/iris/src/01-dinov3/checkpoints/front_exterior_logo/vitl16_714_partial_last4_best.pt

  --- Best checkpoint metrics ---
  AUC-ROC: 0.8484109786926688
  AUC-PR:  0.3810975750102726
  Target FPR   Actual FPR   TPR        Threshold 
  --------------------------------------------
  0.5%         0.0043       0.2500     1.0000    
  1%           0.0098       0.3056     0.9998    
  2%           0.0206       0.4167     0.9990    
  5%           0.0488       0.6389     0.9641    
  10%          0.1159       0.7222     0.4025    
  Youden best: threshold=0.8878  TPR=0.6944  FPR=0.0628

========== ML on finetuned: front_exterior_logo  Mon Mar 30 03:22:29 UTC 2026 ==========
Device: cuda

============================================================
[front_exterior_logo | vitl16 @ 714 | partial_last4 -> ML]
============================================================
  Loading checkpoint from /root/iris/src/01-dinov3/checkpoints/front_exterior_logo/vitl16_714_partial_last4_best.pt ...
`torch_dtype` is deprecated! Use `dtype` instead!
Loading weights:   0%|          | 0/415 [00:00<?, ?it/s]Loading weights: 100%|██████████| 415/415 [00:00<00:00, 6012.81it/s]
  Loading cached finetuned features from /root/iris/src/01-dinov3/cached_features/front_exterior_logo/partial_last4_vitl16_714_features.pt
[front_exterior_logo/train] 9759 labeled rows, 5005 with images
  Authentic (0): 4858  |  Not-authentic (1): 147  |  Ratio: 33.0:1
  Val split [front_exterior_logo]: train=4046, val=959
  Train: 4046 (111 pos) | Val: 959 (36 pos)
/root/.venv/lib/python3.12/site-packages/xgboost/core.py:751: UserWarning: [03:23:22] WARNING: /__w/xgboost/xgboost/src/common/error_msg.cc:62: Falling back to prediction using DMatrix due to mismatched devices. This might lead to higher memory usage and slower performance. XGBoost is running on: cuda:0, while the input data is on: cpu.
Potential solutions:
- Use a data structure that matches the device ordinal in the booster.
- Set the device for booster before call to inplace_predict.

This warning will only be shown once.

  return func(**kwargs)
  [XGB     ] fit=0.9s | AUC-ROC=0.8523 AUC-PR=0.4075 TPR@2%FPR=0.4444
  [SVM     ] fit=13.6s | AUC-ROC=0.8230 AUC-PR=0.4644 TPR@2%FPR=0.5000
Default metric period is 5 because AUC is/are not implemented for GPU
  [CATBOOST] fit=2.3s | AUC-ROC=0.8526 AUC-PR=0.3891 TPR@2%FPR=0.5000
/root/.venv/lib/python3.12/site-packages/sklearn/utils/validation.py:2691: UserWarning: X does not have valid feature names, but LGBMClassifier was fitted with feature names
  warnings.warn(
  [LGBM    ] fit=3.7s | AUC-ROC=0.8522 AUC-PR=0.3784 TPR@2%FPR=0.4167
========== FINETUNE last4: brand_tag  Mon Mar 30 03:23:43 UTC 2026 ==========

======================================================================
PARTIAL FINETUNE: last4
Model: vitl16 @ 714 | Region: brand_tag
======================================================================
[brand_tag/train] 9759 labeled rows, 9169 with images
  Authentic (0): 8881  |  Not-authentic (1): 288  |  Ratio: 30.8:1
  Val split [brand_tag]: train=7335, val=1834
  Train: 7335 (230 pos) | Val: 1834 (58 pos)
  pos_weight: 30.9
`torch_dtype` is deprecated! Use `dtype` instead!
Loading weights:   0%|          | 0/415 [00:00<?, ?it/s]Loading weights: 100%|██████████| 415/415 [00:00<00:00, 5451.63it/s]
  Strategy 'last4': will unfreeze 50,388,992 / 303,129,600 backbone params (50.39M / 303.1M)

  Epoch   1/30 (frozen, 116.1s) | loss=2.2712/2.8730 | AUC-ROC=0.7205  AUC-PR=0.1061  TPR@2%=0.1207 << BEST
  FPR target   Actual FPR   TPR        Threshold 
  --------------------------------------------
  0.5%         0.0045       0.0690     0.9841    
  1%           0.0096       0.0690     0.9830    
  2%           0.0191       0.1207     0.9817    
  5%           0.0501       0.2241     0.9794    
  10%          0.1002       0.2586     0.9775    

  Epoch   2/30 (frozen, 110.4s) | loss=1.9328/2.8100 | AUC-ROC=0.7360  AUC-PR=0.1059  TPR@2%=0.1552 << BEST
  FPR target   Actual FPR   TPR        Threshold 
  --------------------------------------------
  0.5%         0.0045       0.0345     0.9916    
  1%           0.0101       0.0862     0.9901    
  2%           0.0197       0.1552     0.9891    
  5%           0.0507       0.2069     0.9876    
  10%          0.1019       0.3103     0.9845    

  Epoch   3/30 (frozen, 110.6s) | loss=1.8184/2.7529 | AUC-ROC=0.7462  AUC-PR=0.1113  TPR@2%=0.1379
  FPR target   Actual FPR   TPR        Threshold 
  --------------------------------------------
  0.5%         0.0045       0.0517     0.9936    
  1%           0.0101       0.0862     0.9925    
  2%           0.0203       0.1379     0.9909    
  5%           0.0507       0.2241     0.9886    
  10%          0.1002       0.3103     0.9856    

  Epoch   4/30 (frozen, 110.7s) | loss=1.7610/2.7791 | AUC-ROC=0.7591  AUC-PR=0.1044  TPR@2%=0.1552 << BEST
  FPR target   Actual FPR   TPR        Threshold 
  --------------------------------------------
  0.5%         0.0045       0.0517     0.9943    
  1%           0.0096       0.0690     0.9934    
  2%           0.0203       0.1552     0.9922    
  5%           0.0501       0.2586     0.9898    
  10%          0.1002       0.3448     0.9870    

  Epoch   5/30 (frozen, 111.0s) | loss=1.6993/2.1962 | AUC-ROC=0.7696  AUC-PR=0.1097  TPR@2%=0.1552 << BEST
  FPR target   Actual FPR   TPR        Threshold 
  --------------------------------------------
  0.5%         0.0068       0.0345     0.9897    
  1%           0.0096       0.0862     0.9881    
  2%           0.0203       0.1552     0.9849    
  5%           0.0495       0.2414     0.9801    
  10%          0.1002       0.3966     0.9720    

  >> Unfreezing 'last4' components at epoch 6
  >> Actually unfrozen: 50,388,992 params (50.39M)

  Epoch   6/30 (last4, 145.5s) | loss=1.2924/1.8913 | AUC-ROC=0.7788  AUC-PR=0.1476  TPR@2%=0.1897 << BEST
  FPR target   Actual FPR   TPR        Threshold 
  --------------------------------------------
  0.5%         0.0045       0.1034     0.9994    
  1%           0.0096       0.1379     0.9990    
  2%           0.0186       0.1897     0.9982    
  5%           0.0501       0.2931     0.9939    
  10%          0.0997       0.4310     0.9875    

  Epoch   7/30 (last4, 145.2s) | loss=0.5823/1.6700 | AUC-ROC=0.7974  AUC-PR=0.1766  TPR@2%=0.2414 << BEST
  FPR target   Actual FPR   TPR        Threshold 
  --------------------------------------------
  0.5%         0.0051       0.1207     0.9993    
  1%           0.0113       0.1724     0.9979    
  2%           0.0208       0.2414     0.9952    
  5%           0.0473       0.3448     0.9774    
  10%          0.1002       0.3966     0.9086    

  Epoch   8/30 (last4, 145.2s) | loss=0.2951/2.2650 | AUC-ROC=0.8223  AUC-PR=0.2597  TPR@2%=0.3276 << BEST
  FPR target   Actual FPR   TPR        Threshold 
  --------------------------------------------
  0.5%         0.0056       0.1724     0.9974    
  1%           0.0090       0.2759     0.9940    
  2%           0.0203       0.3276     0.9777    
  5%           0.0495       0.4310     0.8656    
  10%          0.0968       0.5517     0.5201    

  Epoch   9/30 (last4, 145.2s) | loss=0.2477/2.9253 | AUC-ROC=0.8117  AUC-PR=0.2292  TPR@2%=0.2586
  FPR target   Actual FPR   TPR        Threshold 
  --------------------------------------------
  0.5%         0.0034       0.1552     0.9989    
  1%           0.0090       0.1724     0.9970    
  2%           0.0203       0.2586     0.9862    
  5%           0.0501       0.4138     0.8271    
  10%          0.1019       0.5172     0.2774    

  Epoch  10/30 (last4, 145.1s) | loss=0.1085/3.7499 | AUC-ROC=0.8187  AUC-PR=0.2803  TPR@2%=0.2931
  FPR target   Actual FPR   TPR        Threshold 
  --------------------------------------------
  0.5%         0.0051       0.1724     0.9909    
  1%           0.0113       0.2414     0.9582    
  2%           0.0197       0.2931     0.8761    
  5%           0.0512       0.4310     0.3149    
  10%          0.0991       0.5172     0.0650    

  Epoch  11/30 (last4, 145.1s) | loss=0.0673/4.4025 | AUC-ROC=0.8125  AUC-PR=0.3057  TPR@2%=0.2931
  FPR target   Actual FPR   TPR        Threshold 
  --------------------------------------------
  0.5%         0.0039       0.2069     0.9924    
  1%           0.0118       0.2414     0.8920    
  2%           0.0146       0.2931     0.8518    
  5%           0.0405       0.3621     0.4019    
  10%          0.0974       0.5345     0.0379    

  Epoch  12/30 (last4, 145.1s) | loss=0.0677/4.1233 | AUC-ROC=0.8171  AUC-PR=0.3188  TPR@2%=0.3103
  FPR target   Actual FPR   TPR        Threshold 
  --------------------------------------------
  0.5%         0.0051       0.2414     0.9934    
  1%           0.0101       0.2931     0.9764    
  2%           0.0208       0.3103     0.8816    
  5%           0.0445       0.4483     0.4606    
  10%          0.0901       0.5690     0.0647    

  Epoch  13/30 (last4, 145.0s) | loss=0.0393/4.8957 | AUC-ROC=0.8303  AUC-PR=0.3287  TPR@2%=0.3103
  FPR target   Actual FPR   TPR        Threshold 
  --------------------------------------------
  0.5%         0.0056       0.2241     0.9749    
  1%           0.0101       0.2759     0.9180    
  2%           0.0197       0.3103     0.6260    
  5%           0.0495       0.4483     0.0802    
  10%          0.0974       0.6034     0.0096    

  Epoch  14/30 (last4, 145.0s) | loss=0.0441/4.6786 | AUC-ROC=0.8299  AUC-PR=0.3356  TPR@2%=0.3448 << BEST
  FPR target   Actual FPR   TPR        Threshold 
  --------------------------------------------
  0.5%         0.0051       0.2586     0.9712    
  1%           0.0101       0.2586     0.9137    
  2%           0.0203       0.3448     0.7285    
  5%           0.0563       0.4483     0.0836    
  10%          0.1008       0.5690     0.0123    

  Epoch  15/30 (last4, 145.0s) | loss=0.0201/4.9763 | AUC-ROC=0.8260  AUC-PR=0.3677  TPR@2%=0.3621 << BEST
  FPR target   Actual FPR   TPR        Threshold 
  --------------------------------------------
  0.5%         0.0051       0.2759     0.9608    
  1%           0.0101       0.3276     0.8897    
  2%           0.0197       0.3621     0.5898    
  5%           0.0479       0.4483     0.1218    
  10%          0.1042       0.5517     0.0074    

  Epoch  16/30 (last4, 145.2s) | loss=0.1651/3.5430 | AUC-ROC=0.7827  AUC-PR=0.1468  TPR@2%=0.1724
  FPR target   Actual FPR   TPR        Threshold 
  --------------------------------------------
  0.5%         0.0062       0.1207     1.0000    
  1%           0.0118       0.1379     1.0000    
  2%           0.0203       0.1724     1.0000    
  5%           0.0495       0.3276     0.9998    
  10%          0.0980       0.4310     0.9926    

  Epoch  17/30 (last4, 145.0s) | loss=0.0465/4.9028 | AUC-ROC=0.8266  AUC-PR=0.3281  TPR@2%=0.3448
  FPR target   Actual FPR   TPR        Threshold 
  --------------------------------------------
  0.5%         0.0045       0.1897     0.9765    
  1%           0.0113       0.2759     0.8736    
  2%           0.0220       0.3448     0.5535    
  5%           0.0512       0.4483     0.0849    
  10%          0.1008       0.5690     0.0086    

  Epoch  18/30 (last4, 145.0s) | loss=0.0151/5.0436 | AUC-ROC=0.8250  AUC-PR=0.3394  TPR@2%=0.3621
  FPR target   Actual FPR   TPR        Threshold 
  --------------------------------------------
  0.5%         0.0045       0.1724     0.9860    
  1%           0.0101       0.2931     0.9014    
  2%           0.0225       0.3621     0.5043    
  5%           0.0501       0.4483     0.0903    
  10%          0.1008       0.5517     0.0069    

  Epoch  19/30 (last4, 146.0s) | loss=0.0116/5.9603 | AUC-ROC=0.8277  AUC-PR=0.3456  TPR@2%=0.3966 << BEST
  FPR target   Actual FPR   TPR        Threshold 
  --------------------------------------------
  0.5%         0.0051       0.1897     0.9070    
  1%           0.0068       0.2931     0.7614    
  2%           0.0220       0.3966     0.1413    
  5%           0.0372       0.4310     0.0559    
  10%          0.1002       0.5517     0.0016    

  Epoch  20/30 (last4, 145.1s) | loss=0.0159/5.3831 | AUC-ROC=0.8338  AUC-PR=0.3554  TPR@2%=0.3621
  FPR target   Actual FPR   TPR        Threshold 
  --------------------------------------------
  0.5%         0.0045       0.2241     0.9699    
  1%           0.0090       0.2931     0.8886    
  2%           0.0203       0.3621     0.4568    
  5%           0.0501       0.4655     0.0393    
  10%          0.1030       0.5862     0.0026    

  Epoch  21/30 (last4, 145.0s) | loss=0.0084/5.4926 | AUC-ROC=0.8330  AUC-PR=0.3650  TPR@2%=0.3448
  FPR target   Actual FPR   TPR        Threshold 
  --------------------------------------------
  0.5%         0.0045       0.2414     0.9519    
  1%           0.0107       0.3103     0.7188    
  2%           0.0135       0.3448     0.5505    
  5%           0.0495       0.4828     0.0316    
  10%          0.0985       0.5517     0.0025    

  Epoch  22/30 (last4, 145.1s) | loss=0.0084/5.4886 | AUC-ROC=0.8332  AUC-PR=0.3597  TPR@2%=0.3448
  FPR target   Actual FPR   TPR        Threshold 
  --------------------------------------------
  0.5%         0.0045       0.2241     0.9435    
  1%           0.0107       0.3276     0.6583    
  2%           0.0163       0.3448     0.4957    
  5%           0.0428       0.4828     0.0451    
  10%          0.1008       0.5690     0.0022    

  Epoch  23/30 (last4, 145.0s) | loss=0.0064/6.1801 | AUC-ROC=0.8325  AUC-PR=0.3660  TPR@2%=0.3793
  FPR target   Actual FPR   TPR        Threshold 
  --------------------------------------------
  0.5%         0.0051       0.2586     0.8121    
  1%           0.0090       0.3276     0.4717    
  2%           0.0208       0.3793     0.1268    
  5%           0.0507       0.4828     0.0104    
  10%          0.0974       0.5862     0.0008    

  Epoch  24/30 (last4, 145.1s) | loss=0.0077/5.9245 | AUC-ROC=0.8304  AUC-PR=0.3710  TPR@2%=0.3793
  FPR target   Actual FPR   TPR        Threshold 
  --------------------------------------------
  0.5%         0.0045       0.2586     0.9031    
  1%           0.0079       0.3103     0.7535    
  2%           0.0203       0.3793     0.2135    
  5%           0.0484       0.4483     0.0242    
  10%          0.1008       0.6034     0.0012    

  Epoch  25/30 (last4, 145.1s) | loss=0.0046/4.7243 | AUC-ROC=0.8330  AUC-PR=0.3751  TPR@2%=0.3448
  FPR target   Actual FPR   TPR        Threshold 
  --------------------------------------------
  0.5%         0.0045       0.2759     0.9910    
  1%           0.0096       0.3276     0.9418    
  2%           0.0248       0.3448     0.7582    
  5%           0.0473       0.4655     0.1830    
  10%          0.1042       0.5517     0.0110    

  Epoch  26/30 (last4, 145.0s) | loss=0.0049/6.2998 | AUC-ROC=0.8311  AUC-PR=0.3651  TPR@2%=0.3621
  FPR target   Actual FPR   TPR        Threshold 
  --------------------------------------------
  0.5%         0.0051       0.2759     0.7358    
  1%           0.0068       0.3103     0.6605    
  2%           0.0197       0.3621     0.1347    
  5%           0.0507       0.4655     0.0099    
  10%          0.0997       0.5690     0.0008    

  Early stopping at epoch 26 (patience=7)

  Best TPR@2%FPR: 0.3966  (AUC-ROC: 0.8277)
  Checkpoint: /root/iris/src/01-dinov3/checkpoints/brand_tag/vitl16_714_partial_last4_best.pt

  --- Best checkpoint metrics ---
  AUC-ROC: 0.827668724759242
  AUC-PR:  0.3455569705906605
  Target FPR   Actual FPR   TPR        Threshold 
  --------------------------------------------
  0.5%         0.0051       0.1897     0.9070    
  1%           0.0068       0.2931     0.7614    
  2%           0.0220       0.3966     0.1413    
  5%           0.0372       0.4310     0.0559    
  10%          0.1002       0.5517     0.0016    
  Youden best: threshold=0.0001  TPR=0.7241  FPR=0.1864

========== ML on finetuned: brand_tag  Mon Mar 30 04:37:46 UTC 2026 ==========
Device: cuda

============================================================
[brand_tag | vitl16 @ 714 | partial_last4 -> ML]
============================================================
  Loading checkpoint from /root/iris/src/01-dinov3/checkpoints/brand_tag/vitl16_714_partial_last4_best.pt ...
`torch_dtype` is deprecated! Use `dtype` instead!
Loading weights:   0%|          | 0/415 [00:00<?, ?it/s]Loading weights: 100%|██████████| 415/415 [00:00<00:00, 5216.16it/s]
  Loading cached finetuned features from /root/iris/src/01-dinov3/cached_features/brand_tag/partial_last4_vitl16_714_features.pt
[brand_tag/train] 9759 labeled rows, 9169 with images
  Authentic (0): 8881  |  Not-authentic (1): 288  |  Ratio: 30.8:1
  Val split [brand_tag]: train=7335, val=1834
  Train: 7335 (230 pos) | Val: 1834 (58 pos)
/root/.venv/lib/python3.12/site-packages/xgboost/core.py:751: UserWarning: [04:39:09] WARNING: /__w/xgboost/xgboost/src/common/error_msg.cc:62: Falling back to prediction using DMatrix due to mismatched devices. This might lead to higher memory usage and slower performance. XGBoost is running on: cuda:0, while the input data is on: cpu.
Potential solutions:
- Use a data structure that matches the device ordinal in the booster.
- Set the device for booster before call to inplace_predict.

This warning will only be shown once.

  return func(**kwargs)
  [XGB     ] fit=1.1s | AUC-ROC=0.7879 AUC-PR=0.3102 TPR@2%FPR=0.2586
  [SVM     ] fit=14.8s | AUC-ROC=0.8118 AUC-PR=0.3642 TPR@2%FPR=0.3793
Default metric period is 5 because AUC is/are not implemented for GPU
  [CATBOOST] fit=2.7s | AUC-ROC=0.7951 AUC-PR=0.3231 TPR@2%FPR=0.3276
/root/.venv/lib/python3.12/site-packages/sklearn/utils/validation.py:2691: UserWarning: X does not have valid feature names, but LGBMClassifier was fitted with feature names
  warnings.warn(
  [LGBM    ] fit=5.7s | AUC-ROC=0.7770 AUC-PR=0.3115 TPR@2%FPR=0.2586
TRACK A DONE Mon Mar 30 04:39:34 UTC 2026
