========== REGION FUSION  Sun Mar 29 21:46:37 UTC 2026 ==========
======================================================================
REGION FUSION  |  embeddings: vitl16_714  |  device: cuda
======================================================================

Building train dataset...
  train: 9759 sessions, 308 fake, 9451 auth
Splitting with global val split...
  Train: 7807 (246 fake) | Val: 1952 (62 fake)

Building test dataset...
  test: 1424 sessions, 41 fake, 1383 auth

==================================================
  Training: ATTENTION
==================================================
  fit=9.7s | Val AUC=0.8191 TPR@2%=0.1774
  Test AUC(auth+)=0.7829

  Auth-positive test metrics:
  FPR target   TPR        Actual FPR  
  ----------------------------------
  0.5%         0.2502     0.0000      
  1%           0.2502     0.0000      
  2%           0.3413     0.0244      
  5%           0.3500     0.0488      
  10%          0.4143     0.0976      

==================================================
  Training: MLP
==================================================
  fit=2.7s | Val AUC=0.8637 TPR@2%=0.4194
  Test AUC(auth+)=0.8795

  Auth-positive test metrics:
  FPR target   TPR        Actual FPR  
  ----------------------------------
  0.5%         0.2162     0.0000      
  1%           0.2162     0.0000      
  2%           0.4172     0.0244      
  5%           0.5719     0.0488      
  10%          0.6558     0.0976      

==================================================
  Training: XGB
==================================================
/root/.venv/lib/python3.12/site-packages/xgboost/core.py:751: UserWarning: [21:46:57] WARNING: /__w/xgboost/xgboost/src/common/error_msg.cc:62: Falling back to prediction using DMatrix due to mismatched devices. This might lead to higher memory usage and slower performance. XGBoost is running on: cuda:0, while the input data is on: cpu.
Potential solutions:
- Use a data structure that matches the device ordinal in the booster.
- Set the device for booster before call to inplace_predict.

This warning will only be shown once.

  return func(**kwargs)
  fit=2.6s | Val AUC=0.8276 TPR@2%=0.4839
  Test AUC(auth+)=0.8489

  Auth-positive test metrics:
  FPR target   TPR        Actual FPR  
  ----------------------------------
  0.5%         0.3268     0.0000      
  1%           0.3268     0.0000      
  2%           0.5163     0.0244      
  5%           0.5235     0.0732      
  10%          0.5286     0.0976      

==================================================
  Training: SVM
==================================================
  fit=208.9s | Val AUC=0.8544 TPR@2%=0.4677
  Test AUC(auth+)=0.8890

  Auth-positive test metrics:
  FPR target   TPR        Actual FPR  
  ----------------------------------
  0.5%         0.4873     0.0000      
  1%           0.4873     0.0000      
  2%           0.5813     0.0244      
  5%           0.6356     0.0488      
  10%          0.6464     0.0976      

Saved to /root/iris/src/01-dinov3/ml_results/region_fusion_results.json

================================================================================
REGION FUSION SUMMARY (auth-positive test metrics)
================================================================================
  Method                  AUC    @0.5%      @1%      @2%      @5%     @10%
  --------------------------------------------------------------------------
  fusion_svm           0.8890   48.73%   48.73%   58.13%   63.56%   64.64%
  fusion_xgb           0.8489   32.68%   32.68%   51.63%   52.35%   52.86%
  fusion_mlp           0.8795   21.62%   21.62%   41.72%   57.19%   65.58%
  fusion_attention     0.7829   25.02%   25.02%   34.13%   35.00%   41.43%
TRACK B DONE Sun Mar 29 21:50:51 UTC 2026
