========== FINETUNE last4: front_exterior_logo  Sun Mar 29 22:50:55 UTC 2026 ==========

======================================================================
PARTIAL FINETUNE: last4
Model: vitl16 @ 714 | Region: front_exterior_logo
======================================================================
[front_exterior_logo/train] 9759 labeled rows, 5005 with images
  Authentic (0): 4858  |  Not-authentic (1): 147  |  Ratio: 33.0:1
  Val split [front_exterior_logo]: train=4046, val=959
  Train: 4046 (111 pos) | Val: 959 (36 pos)
  pos_weight: 35.5
`torch_dtype` is deprecated! Use `dtype` instead!
Loading weights:   0%|          | 0/415 [00:00<?, ?it/s]Loading weights: 100%|██████████| 415/415 [00:00<00:00, 4961.52it/s]
  Strategy 'last4': will unfreeze 50,388,992 / 303,129,600 backbone params (50.39M / 303.1M)

  Epoch   1/30 (frozen, 252.7s) | loss=2.3814/2.5877 | AUC-ROC=0.8084  AUC-PR=0.2963  TPR@2%=0.2778 << BEST
  FPR target   Actual FPR   TPR        Threshold 
  --------------------------------------------
  0.5%         0.0043       0.1667     0.9933    
  1%           0.0076       0.2222     0.9925    
  2%           0.0195       0.2778     0.9910    
  5%           0.0509       0.3611     0.9890    
  10%          0.1008       0.5833     0.9845    

  Epoch   2/30 (frozen, 284.3s) | loss=1.6181/2.1916 | AUC-ROC=0.8312  AUC-PR=0.3452  TPR@2%=0.3611 << BEST
  FPR target   Actual FPR   TPR        Threshold 
  --------------------------------------------
  0.5%         0.0054       0.1944     0.9939    
  1%           0.0108       0.2500     0.9922    
  2%           0.0195       0.3611     0.9906    
  5%           0.0498       0.4167     0.9883    
  10%          0.0997       0.5556     0.9820    

  Epoch   3/30 (frozen, 283.5s) | loss=1.4007/1.9063 | AUC-ROC=0.8419  AUC-PR=0.3202  TPR@2%=0.3056
  FPR target   Actual FPR   TPR        Threshold 
  --------------------------------------------
  0.5%         0.0065       0.1667     0.9951    
  1%           0.0108       0.2222     0.9934    
  2%           0.0206       0.3056     0.9910    
  5%           0.0509       0.4167     0.9881    
  10%          0.0997       0.6111     0.9809    

  Epoch   4/30 (frozen, 284.6s) | loss=1.2316/1.7254 | AUC-ROC=0.8452  AUC-PR=0.3258  TPR@2%=0.3611 << BEST
  FPR target   Actual FPR   TPR        Threshold 
  --------------------------------------------
  0.5%         0.0054       0.1944     0.9963    
  1%           0.0098       0.2500     0.9950    
  2%           0.0206       0.3611     0.9933    
  5%           0.0455       0.4167     0.9900    
  10%          0.0997       0.6111     0.9806    

  Epoch   5/30 (frozen, 218.4s) | loss=1.1557/1.7485 | AUC-ROC=0.8474  AUC-PR=0.3262  TPR@2%=0.3611 << BEST
  FPR target   Actual FPR   TPR        Threshold 
  --------------------------------------------
  0.5%         0.0054       0.1667     0.9982    
  1%           0.0098       0.2500     0.9968    
  2%           0.0195       0.3611     0.9957    
  5%           0.0509       0.4722     0.9923    
  10%          0.0997       0.6111     0.9853    

  >> Unfreezing 'last4' components at epoch 6
  >> Actually unfrozen: 50,388,992 params (50.39M)
Traceback (most recent call last):
  File "/root/iris/src/01-dinov3/train_partial_finetune.py", line 372, in <module>
    main()
  File "/root/iris/src/01-dinov3/train_partial_finetune.py", line 368, in main
    train_partial(args.strategy, args)
  File "/root/iris/src/01-dinov3/train_partial_finetune.py", line 263, in train_partial
    logits = model(pixel_values)
             ^^^^^^^^^^^^^^^^^^^
  File "/root/.venv/lib/python3.12/site-packages/torch/nn/modules/module.py", line 1776, in _wrapped_call_impl
    return self._call_impl(*args, **kwargs)
           ^^^^^^^^^^^^^^^^^^^^^^^^^^^^^^^^
  File "/root/.venv/lib/python3.12/site-packages/torch/nn/modules/module.py", line 1787, in _call_impl
    return forward_call(*args, **kwargs)
           ^^^^^^^^^^^^^^^^^^^^^^^^^^^^^
  File "/root/iris/src/01-dinov3/config.py", line 555, in forward
    outputs = self.backbone(pixel_values=pixel_values)
              ^^^^^^^^^^^^^^^^^^^^^^^^^^^^^^^^^^^^^^^^
  File "/root/.venv/lib/python3.12/site-packages/torch/nn/modules/module.py", line 1776, in _wrapped_call_impl
    return self._call_impl(*args, **kwargs)
           ^^^^^^^^^^^^^^^^^^^^^^^^^^^^^^^^
  File "/root/.venv/lib/python3.12/site-packages/torch/nn/modules/module.py", line 1787, in _call_impl
    return forward_call(*args, **kwargs)
           ^^^^^^^^^^^^^^^^^^^^^^^^^^^^^
  File "/root/.venv/lib/python3.12/site-packages/transformers/utils/generic.py", line 917, in wrapper
    output = func(self, *args, **kwargs)
             ^^^^^^^^^^^^^^^^^^^^^^^^^^^
  File "/root/.venv/lib/python3.12/site-packages/transformers/utils/output_capturing.py", line 253, in wrapper
    outputs = func(self, *args, **kwargs)
              ^^^^^^^^^^^^^^^^^^^^^^^^^^^
  File "/root/.venv/lib/python3.12/site-packages/transformers/models/dinov3_vit/modeling_dinov3_vit.py", line 508, in forward
    hidden_states = layer_module(
                    ^^^^^^^^^^^^^
  File "/root/.venv/lib/python3.12/site-packages/transformers/modeling_layers.py", line 93, in __call__
    return super().__call__(*args, **kwargs)
           ^^^^^^^^^^^^^^^^^^^^^^^^^^^^^^^^^
  File "/root/.venv/lib/python3.12/site-packages/torch/nn/modules/module.py", line 1776, in _wrapped_call_impl
    return self._call_impl(*args, **kwargs)
           ^^^^^^^^^^^^^^^^^^^^^^^^^^^^^^^^
  File "/root/.venv/lib/python3.12/site-packages/torch/nn/modules/module.py", line 1787, in _call_impl
    return forward_call(*args, **kwargs)
           ^^^^^^^^^^^^^^^^^^^^^^^^^^^^^
  File "/root/.venv/lib/python3.12/site-packages/transformers/models/dinov3_vit/modeling_dinov3_vit.py", line 415, in forward
    hidden_states, _ = self.attention(
                       ^^^^^^^^^^^^^^^
  File "/root/.venv/lib/python3.12/site-packages/torch/nn/modules/module.py", line 1776, in _wrapped_call_impl
    return self._call_impl(*args, **kwargs)
           ^^^^^^^^^^^^^^^^^^^^^^^^^^^^^^^^
  File "/root/.venv/lib/python3.12/site-packages/torch/nn/modules/module.py", line 1787, in _call_impl
    return forward_call(*args, **kwargs)
           ^^^^^^^^^^^^^^^^^^^^^^^^^^^^^
  File "/root/.venv/lib/python3.12/site-packages/transformers/models/dinov3_vit/modeling_dinov3_vit.py", line 296, in forward
    query_states, key_states = apply_rotary_pos_emb(query_states, key_states, cos, sin)
                               ^^^^^^^^^^^^^^^^^^^^^^^^^^^^^^^^^^^^^^^^^^^^^^^^^^^^^^^^
  File "/root/.venv/lib/python3.12/site-packages/transformers/models/dinov3_vit/modeling_dinov3_vit.py", line 244, in apply_rotary_pos_emb
    q_patches = (q_patches * cos) + (rotate_half(q_patches) * sin)
                 ~~~~~~~~~~^~~~~
torch.OutOfMemoryError: CUDA out of memory. Tried to allocate 122.00 MiB. GPU 0 has a total capacity of 79.25 GiB of which 90.31 MiB is free. Process 174655 has 66.07 GiB memory in use. Process 178230 has 3.23 GiB memory in use. Including non-PyTorch memory, this process has 6.59 GiB memory in use. Process 178228 has 3.23 GiB memory in use. Of the allocated memory 6.01 GiB is allocated by PyTorch, and 72.03 MiB is reserved by PyTorch but unallocated. If reserved but unallocated memory is large try setting PYTORCH_ALLOC_CONF=expandable_segments:True to avoid fragmentation.  See documentation for Memory Management  (https://pytorch.org/docs/stable/notes/cuda.html#environment-variables)
========== ML on finetuned: front_exterior_logo  Sun Mar 29 23:19:49 UTC 2026 ==========
Device: cuda

============================================================
[front_exterior_logo | vitl16 @ 714 | partial_last4 -> ML]
============================================================
  Loading checkpoint from /root/iris/src/01-dinov3/checkpoints/front_exterior_logo/vitl16_714_partial_last4_best.pt ...
`torch_dtype` is deprecated! Use `dtype` instead!
Loading weights:   0%|          | 0/415 [00:00<?, ?it/s]Loading weights:  75%|███████▌  | 312/415 [00:00<00:00, 3071.32it/s]Loading weights: 100%|██████████| 415/415 [00:00<00:00, 2686.89it/s]
[front_exterior_logo/train] 9759 labeled rows, 5005 with images
  Authentic (0): 4858  |  Not-authentic (1): 147  |  Ratio: 33.0:1
  Extracting finetuned features at 714x714 ...
    Batch 1/313
    Batch 20/313
    Batch 40/313
    Batch 60/313
    Batch 80/313
    Batch 100/313
    Batch 120/313
    Batch 140/313
    Batch 160/313
    Batch 180/313
    Batch 200/313
    Batch 220/313
    Batch 240/313
    Batch 260/313
    Batch 280/313
    Batch 300/313
  Done: torch.Size([5005, 1024]) in 1772.4s
[front_exterior_logo/train] 9759 labeled rows, 5005 with images
  Authentic (0): 4858  |  Not-authentic (1): 147  |  Ratio: 33.0:1
  Val split [front_exterior_logo]: train=4046, val=959
  Train: 4046 (111 pos) | Val: 959 (36 pos)
/root/.venv/lib/python3.12/site-packages/xgboost/core.py:751: UserWarning: [23:52:11] WARNING: /__w/xgboost/xgboost/src/common/error_msg.cc:62: Falling back to prediction using DMatrix due to mismatched devices. This might lead to higher memory usage and slower performance. XGBoost is running on: cuda:0, while the input data is on: cpu.
Potential solutions:
- Use a data structure that matches the device ordinal in the booster.
- Set the device for booster before call to inplace_predict.

This warning will only be shown once.

  return func(**kwargs)
  [XGB     ] fit=59.6s | AUC-ROC=0.8523 AUC-PR=0.4075 TPR@2%FPR=0.4444
  [SVM     ] fit=13.6s | AUC-ROC=0.8230 AUC-PR=0.4644 TPR@2%FPR=0.5000
Warning: less than 75% GPU memory available for training. Free: 59548.3125 Total: 81152.75
Default metric period is 5 because AUC is/are not implemented for GPU
  [CATBOOST] fit=199.4s | AUC-ROC=0.8526 AUC-PR=0.3891 TPR@2%FPR=0.5000
/root/.venv/lib/python3.12/site-packages/sklearn/utils/validation.py:2691: UserWarning: X does not have valid feature names, but LGBMClassifier was fitted with feature names
  warnings.warn(
  [LGBM    ] fit=560.9s | AUC-ROC=0.8523 AUC-PR=0.3829 TPR@2%FPR=0.4167
REGION front_exterior_logo DONE Mon Mar 30 00:05:07 UTC 2026
