========== FINETUNE last4: brand_tag  Sun Mar 29 22:50:55 UTC 2026 ==========

======================================================================
PARTIAL FINETUNE: last4
Model: vitl16 @ 714 | Region: brand_tag
======================================================================
[brand_tag/train] 9759 labeled rows, 9169 with images
  Authentic (0): 8881  |  Not-authentic (1): 288  |  Ratio: 30.8:1
  Val split [brand_tag]: train=7335, val=1834
  Train: 7335 (230 pos) | Val: 1834 (58 pos)
  pos_weight: 30.9
`torch_dtype` is deprecated! Use `dtype` instead!
Loading weights:   0%|          | 0/415 [00:00<?, ?it/s]Loading weights:  87%|████████▋ | 362/415 [00:00<00:00, 3593.83it/s]Loading weights: 100%|██████████| 415/415 [00:00<00:00, 3703.24it/s]
  Strategy 'last4': will unfreeze 50,388,992 / 303,129,600 backbone params (50.39M / 303.1M)

  Epoch   1/30 (frozen, 514.3s) | loss=2.2712/2.8730 | AUC-ROC=0.7205  AUC-PR=0.1061  TPR@2%=0.1207 << BEST
  FPR target   Actual FPR   TPR        Threshold 
  --------------------------------------------
  0.5%         0.0045       0.0690     0.9841    
  1%           0.0096       0.0690     0.9830    
  2%           0.0191       0.1207     0.9817    
  5%           0.0501       0.2241     0.9794    
  10%          0.1002       0.2586     0.9775    

  Epoch   2/30 (frozen, 515.2s) | loss=1.9328/2.8100 | AUC-ROC=0.7360  AUC-PR=0.1059  TPR@2%=0.1552 << BEST
  FPR target   Actual FPR   TPR        Threshold 
  --------------------------------------------
  0.5%         0.0045       0.0345     0.9916    
  1%           0.0101       0.0862     0.9901    
  2%           0.0197       0.1552     0.9891    
  5%           0.0507       0.2069     0.9876    
  10%          0.1019       0.3103     0.9845    

  Epoch   3/30 (frozen, 366.6s) | loss=1.8184/2.7529 | AUC-ROC=0.7462  AUC-PR=0.1113  TPR@2%=0.1379
  FPR target   Actual FPR   TPR        Threshold 
  --------------------------------------------
  0.5%         0.0045       0.0517     0.9936    
  1%           0.0101       0.0862     0.9925    
  2%           0.0203       0.1379     0.9909    
  5%           0.0507       0.2241     0.9886    
  10%          0.1002       0.3103     0.9856    

  Epoch   4/30 (frozen, 390.6s) | loss=1.7610/2.7791 | AUC-ROC=0.7591  AUC-PR=0.1044  TPR@2%=0.1552 << BEST
  FPR target   Actual FPR   TPR        Threshold 
  --------------------------------------------
  0.5%         0.0045       0.0517     0.9943    
  1%           0.0096       0.0690     0.9934    
  2%           0.0203       0.1552     0.9922    
  5%           0.0501       0.2586     0.9898    
  10%          0.1002       0.3448     0.9870    

  Epoch   5/30 (frozen, 491.3s) | loss=1.6993/2.1962 | AUC-ROC=0.7696  AUC-PR=0.1097  TPR@2%=0.1552 << BEST
  FPR target   Actual FPR   TPR        Threshold 
  --------------------------------------------
  0.5%         0.0068       0.0345     0.9897    
  1%           0.0096       0.0862     0.9881    
  2%           0.0203       0.1552     0.9849    
  5%           0.0495       0.2414     0.9801    
  10%          0.1002       0.3966     0.9720    

  >> Unfreezing 'last4' components at epoch 6
  >> Actually unfrozen: 50,388,992 params (50.39M)

  Epoch   6/30 (last4, 669.6s) | loss=1.2924/1.8923 | AUC-ROC=0.7787  AUC-PR=0.1477  TPR@2%=0.1897 << BEST
  FPR target   Actual FPR   TPR        Threshold 
  --------------------------------------------
  0.5%         0.0045       0.1034     0.9994    
  1%           0.0096       0.1379     0.9990    
  2%           0.0186       0.1897     0.9982    
  5%           0.0501       0.2931     0.9940    
  10%          0.1008       0.4483     0.9873    

  Epoch   7/30 (last4, 517.5s) | loss=0.5823/1.6692 | AUC-ROC=0.7975  AUC-PR=0.1766  TPR@2%=0.2414 << BEST
  FPR target   Actual FPR   TPR        Threshold 
  --------------------------------------------
  0.5%         0.0051       0.1207     0.9993    
  1%           0.0113       0.1724     0.9979    
  2%           0.0186       0.2414     0.9954    
  5%           0.0473       0.3448     0.9772    
  10%          0.1014       0.4138     0.9068    

  Epoch   8/30 (last4, 509.3s) | loss=0.2962/2.2844 | AUC-ROC=0.8223  AUC-PR=0.2593  TPR@2%=0.3276 << BEST
  FPR target   Actual FPR   TPR        Threshold 
  --------------------------------------------
  0.5%         0.0062       0.2069     0.9967    
  1%           0.0090       0.2759     0.9944    
  2%           0.0197       0.3276     0.9780    
  5%           0.0501       0.4310     0.8653    
  10%          0.0946       0.5517     0.5243    

  Epoch   9/30 (last4, 507.8s) | loss=0.2548/2.9147 | AUC-ROC=0.8101  AUC-PR=0.2245  TPR@2%=0.2414
  FPR target   Actual FPR   TPR        Threshold 
  --------------------------------------------
  0.5%         0.0039       0.1552     0.9987    
  1%           0.0096       0.1724     0.9972    
  2%           0.0203       0.2414     0.9879    
  5%           0.0495       0.3966     0.8461    
  10%          0.1002       0.5000     0.3141    

  Epoch  10/30 (last4, 509.5s) | loss=0.1122/3.6131 | AUC-ROC=0.8190  AUC-PR=0.2808  TPR@2%=0.2931
  FPR target   Actual FPR   TPR        Threshold 
  --------------------------------------------
  0.5%         0.0045       0.1552     0.9941    
  1%           0.0101       0.2241     0.9716    
  2%           0.0197       0.2931     0.9038    
  5%           0.0490       0.4138     0.4076    
  10%          0.0991       0.5172     0.0812    

  Epoch  11/30 (last4, 507.7s) | loss=0.0851/4.5665 | AUC-ROC=0.8125  AUC-PR=0.2941  TPR@2%=0.2931
  FPR target   Actual FPR   TPR        Threshold 
  --------------------------------------------
  0.5%         0.0039       0.2069     0.9893    
  1%           0.0101       0.2414     0.9293    
  2%           0.0220       0.2931     0.7362    
  5%           0.0524       0.3793     0.1716    
  10%          0.0952       0.5517     0.0288    

  Epoch  12/30 (last4, 508.2s) | loss=0.0575/3.0792 | AUC-ROC=0.8259  AUC-PR=0.3138  TPR@2%=0.3103
  FPR target   Actual FPR   TPR        Threshold 
  --------------------------------------------
  0.5%         0.0039       0.2414     0.9990    
  1%           0.0101       0.2586     0.9968    
  2%           0.0152       0.3103     0.9934    
  5%           0.0569       0.4138     0.7284    
  10%          0.0968       0.5172     0.3151    

  Epoch  13/30 (last4, 509.2s) | loss=0.0385/5.3730 | AUC-ROC=0.8151  AUC-PR=0.3273  TPR@2%=0.3103
  FPR target   Actual FPR   TPR        Threshold 
  --------------------------------------------
  0.5%         0.0045       0.2069     0.9836    
  1%           0.0062       0.2414     0.9313    
  2%           0.0191       0.3103     0.5615    
  5%           0.0541       0.4310     0.0502    
  10%          0.1008       0.5172     0.0059    

  Epoch  14/30 (last4, 509.1s) | loss=0.0438/4.7802 | AUC-ROC=0.8295  AUC-PR=0.3289  TPR@2%=0.2931
  FPR target   Actual FPR   TPR        Threshold 
  --------------------------------------------
  0.5%         0.0028       0.2241     0.9948    
  1%           0.0096       0.2414     0.9622    
  2%           0.0214       0.2931     0.7381    
  5%           0.0450       0.4310     0.1548    
  10%          0.1002       0.5690     0.0108    

  Epoch  15/30 (last4, 509.5s) | loss=0.0240/4.5048 | AUC-ROC=0.8293  AUC-PR=0.3214  TPR@2%=0.3276 << BEST
  FPR target   Actual FPR   TPR        Threshold 
  --------------------------------------------
  0.5%         0.0045       0.2241     0.9923    
  1%           0.0101       0.2931     0.9677    
  2%           0.0197       0.3276     0.8948    
  5%           0.0602       0.3966     0.1387    
  10%          0.1002       0.5690     0.0244    

  Epoch  16/30 (last4, 475.2s) | loss=0.0195/5.4071 | AUC-ROC=0.8245  AUC-PR=0.3268  TPR@2%=0.3276
  FPR target   Actual FPR   TPR        Threshold 
  --------------------------------------------
  0.5%         0.0051       0.1897     0.9726    
  1%           0.0101       0.2414     0.9021    
  2%           0.0152       0.3276     0.7507    
  5%           0.0512       0.4310     0.0459    
  10%          0.1030       0.5862     0.0052    

  Epoch  17/30 (last4, 508.1s) | loss=0.0123/5.1742 | AUC-ROC=0.8355  AUC-PR=0.3601  TPR@2%=0.3793 << BEST
  FPR target   Actual FPR   TPR        Threshold 
  --------------------------------------------
  0.5%         0.0056       0.2414     0.9723    
  1%           0.0056       0.2414     0.9723    
  2%           0.0214       0.3793     0.5776    
  5%           0.0490       0.4828     0.0804    
  10%          0.1025       0.5690     0.0040    

  Epoch  18/30 (last4, 507.7s) | loss=0.0096/5.8601 | AUC-ROC=0.8276  AUC-PR=0.3757  TPR@2%=0.3621
  FPR target   Actual FPR   TPR        Threshold 
  --------------------------------------------
  0.5%         0.0028       0.2586     0.9776    
  1%           0.0107       0.2931     0.7615    
  2%           0.0197       0.3621     0.4186    
  5%           0.0456       0.4655     0.0346    
  10%          0.0997       0.6034     0.0022    

  Epoch  19/30 (last4, 507.9s) | loss=0.0086/7.5941 | AUC-ROC=0.8249  AUC-PR=0.3697  TPR@2%=0.3448
  FPR target   Actual FPR   TPR        Threshold 
  --------------------------------------------
  0.5%         0.0051       0.2586     0.6170    
  1%           0.0090       0.2931     0.2378    
  2%           0.0208       0.3448     0.0376    
  5%           0.0495       0.4828     0.0017    
  10%          0.0980       0.6379     0.0002    

  Epoch  20/30 (last4, 460.9s) | loss=0.0126/6.3256 | AUC-ROC=0.8308  AUC-PR=0.3715  TPR@2%=0.3448
  FPR target   Actual FPR   TPR        Threshold 
  --------------------------------------------
  0.5%         0.0051       0.2586     0.9317    
  1%           0.0118       0.2759     0.7390    
  2%           0.0242       0.3448     0.1719    
  5%           0.0495       0.5172     0.0120    
  10%          0.0952       0.6379     0.0010    

  Epoch  21/30 (last4, 460.9s) | loss=0.0185/6.4228 | AUC-ROC=0.8335  AUC-PR=0.3820  TPR@2%=0.3448
  FPR target   Actual FPR   TPR        Threshold 
  --------------------------------------------
  0.5%         0.0056       0.2586     0.8604    
  1%           0.0079       0.2931     0.6234    
  2%           0.0203       0.3448     0.1383    
  5%           0.0490       0.5345     0.0075    
  10%          0.0997       0.5862     0.0005    

  Epoch  22/30 (last4, 346.7s) | loss=0.0193/6.2204 | AUC-ROC=0.8316  AUC-PR=0.3868  TPR@2%=0.3448
  FPR target   Actual FPR   TPR        Threshold 
  --------------------------------------------
  0.5%         0.0028       0.2586     0.9477    
  1%           0.0113       0.3103     0.7081    
  2%           0.0191       0.3448     0.3363    
  5%           0.0495       0.5172     0.0148    
  10%          0.1025       0.6034     0.0007    

  Epoch  23/30 (last4, 341.4s) | loss=0.0028/6.5073 | AUC-ROC=0.8319  AUC-PR=0.3875  TPR@2%=0.3793
  FPR target   Actual FPR   TPR        Threshold 
  --------------------------------------------
  0.5%         0.0034       0.2931     0.8675    
  1%           0.0101       0.3276     0.6181    
  2%           0.0186       0.3793     0.1746    
  5%           0.0524       0.5345     0.0073    
  10%          0.1014       0.6034     0.0006    

  Epoch  24/30 (last4, 338.1s) | loss=0.0037/6.4361 | AUC-ROC=0.8325  AUC-PR=0.3970  TPR@2%=0.3621
  FPR target   Actual FPR   TPR        Threshold 
  --------------------------------------------
  0.5%         0.0051       0.2931     0.8230    
  1%           0.0090       0.3103     0.7368    
  2%           0.0197       0.3621     0.1827    
  5%           0.0490       0.5000     0.0087    
  10%          0.1059       0.6034     0.0005    

  Early stopping at epoch 24 (patience=7)

  Best TPR@2%FPR: 0.3793  (AUC-ROC: 0.8355)
  Checkpoint: /root/iris/src/01-dinov3/checkpoints/brand_tag/vitl16_714_partial_last4_best.pt

  --- Best checkpoint metrics ---
  AUC-ROC: 0.8355467536502019
  AUC-PR:  0.3600500868373572
  Target FPR   Actual FPR   TPR        Threshold 
  --------------------------------------------
  0.5%         0.0056       0.2414     0.9723    
  1%           0.0056       0.2414     0.9723    
  2%           0.0214       0.3793     0.5776    
  5%           0.0490       0.4828     0.0804    
  10%          0.1025       0.5690     0.0040    
  Youden best: threshold=0.0004  TPR=0.7069  FPR=0.1762

========== ML on finetuned: brand_tag  Mon Mar 30 02:41:18 UTC 2026 ==========
Device: cuda

============================================================
[brand_tag | vitl16 @ 714 | partial_last4 -> ML]
============================================================
  Loading checkpoint from /root/iris/src/01-dinov3/checkpoints/brand_tag/vitl16_714_partial_last4_best.pt ...
`torch_dtype` is deprecated! Use `dtype` instead!
Loading weights:   0%|          | 0/415 [00:00<?, ?it/s]Loading weights: 100%|██████████| 415/415 [00:00<00:00, 5350.68it/s]
[brand_tag/train] 9759 labeled rows, 9169 with images
  Authentic (0): 8881  |  Not-authentic (1): 288  |  Ratio: 30.8:1
  Extracting finetuned features at 714x714 ...
    Batch 1/574
    Batch 20/574
    Batch 40/574
    Batch 60/574
    Batch 80/574
    Batch 100/574
    Batch 120/574
    Batch 140/574
    Batch 160/574
    Batch 180/574
    Batch 200/574
    Batch 220/574
    Batch 240/574
    Batch 260/574
    Batch 280/574
    Batch 300/574
    Batch 320/574
    Batch 340/574
    Batch 360/574
    Batch 380/574
    Batch 400/574
    Batch 420/574
    Batch 440/574
    Batch 460/574
    Batch 480/574
    Batch 500/574
    Batch 520/574
    Batch 540/574
    Batch 560/574
  Done: torch.Size([9169, 1024]) in 1247.5s
[brand_tag/train] 9759 labeled rows, 9169 with images
  Authentic (0): 8881  |  Not-authentic (1): 288  |  Ratio: 30.8:1
  Val split [brand_tag]: train=7335, val=1834
  Train: 7335 (230 pos) | Val: 1834 (58 pos)
/root/.venv/lib/python3.12/site-packages/xgboost/core.py:751: UserWarning: [03:05:03] WARNING: /__w/xgboost/xgboost/src/common/error_msg.cc:62: Falling back to prediction using DMatrix due to mismatched devices. This might lead to higher memory usage and slower performance. XGBoost is running on: cuda:0, while the input data is on: cpu.
Potential solutions:
- Use a data structure that matches the device ordinal in the booster.
- Set the device for booster before call to inplace_predict.

This warning will only be shown once.

  return func(**kwargs)
  [XGB     ] fit=18.0s | AUC-ROC=0.7879 AUC-PR=0.3102 TPR@2%FPR=0.2586
  [SVM     ] fit=15.6s | AUC-ROC=0.8118 AUC-PR=0.3642 TPR@2%FPR=0.3793
Default metric period is 5 because AUC is/are not implemented for GPU
  [CATBOOST] fit=48.0s | AUC-ROC=0.7951 AUC-PR=0.3231 TPR@2%FPR=0.3276
/root/.venv/lib/python3.12/site-packages/sklearn/utils/validation.py:2691: UserWarning: X does not have valid feature names, but LGBMClassifier was fitted with feature names
  warnings.warn(
  [LGBM    ] fit=314.0s | AUC-ROC=0.7763 AUC-PR=0.3112 TPR@2%FPR=0.2586
REGION brand_tag DONE Mon Mar 30 03:11:23 UTC 2026
