/root/.venv/lib/python3.12/site-packages/xgboost/core.py:751: UserWarning: [18:35:37] WARNING: /__w/xgboost/xgboost/src/common/error_msg.cc:62: Falling back to prediction using DMatrix due to mismatched devices. This might lead to higher memory usage and slower performance. XGBoost is running on: cuda:0, while the input data is on: cpu.
Potential solutions:
- Use a data structure that matches the device ordinal in the booster.
- Set the device for booster before call to inplace_predict.

This warning will only be shown once.

  return func(**kwargs)
Default metric period is 5 because AUC is/are not implemented for GPU
/root/.venv/lib/python3.12/site-packages/sklearn/utils/validation.py:2691: UserWarning: X does not have valid feature names, but LGBMClassifier was fitted with feature names
  warnings.warn(
/root/.venv/lib/python3.12/site-packages/sklearn/utils/validation.py:2691: UserWarning: X does not have valid feature names, but LGBMClassifier was fitted with feature names
  warnings.warn(
/root/.venv/lib/python3.12/site-packages/sklearn/utils/validation.py:2691: UserWarning: X does not have valid feature names, but LGBMClassifier was fitted with feature names
  warnings.warn(
Device: cuda

============================================================
[brand_tag | vitl16 @ 518 | xgb, svm, catboost, lgbm]
============================================================
[brand_tag/train] 9759 labeled rows, 9169 with images
  Authentic (0): 8881  |  Not-authentic (1): 288  |  Ratio: 30.8:1
  Val split [brand_tag]: train=7335, val=1834
  Train: 7335 (230 pos) | Val: 1834 (58 pos) | Test: 1192 (29 pos)
  [XGB     ] 1.3s | train AUC=1.0000 TPR@2%=1.0000 | val AUC=0.7839 TPR@2%=0.2044 | test AUC=0.8226 @2%: TPR=0.1849 FPR=0.0345
  [SVM     ] 55.1s | train AUC=1.0000 TPR@2%=1.0000 | val AUC=0.7612 TPR@2%=0.1070 | test AUC=0.7951 @2%: TPR=0.1058 FPR=0.0000
  [CATBOOST] 2.7s | train AUC=1.0000 TPR@2%=1.0000 | val AUC=0.6944 TPR@2%=0.0907 | test AUC=0.7868 @2%: TPR=0.0989 FPR=0.0000
  [LGBM    ] 5.8s | train AUC=1.0000 TPR@2%=1.0000 | val AUC=0.7665 TPR@2%=0.1836 | test AUC=0.7874 @2%: TPR=0.1780 FPR=0.0000
