nohup: ignoring input

============================================================
[care_label | vitl16 @ 714 | linear_probe]
============================================================
[care_label/train] 9759 labeled rows, 7294 with images
  Authentic (0): 7054  |  Not-authentic (1): 240  |  Ratio: 29.4:1
  Val split [care_label]: train=5837, val=1457
  Test features loaded: 962 (33 pos)
  Train: 5837 (193 pos) | Val: 1457 (47 pos)
  pos_weight: 29.2
  Epoch   1/50 | train AUC=0.5163 TPR@2%=0.0179 | val AUC=0.3848 TPR@2%=0.0596 *
  Epoch   2/50 | train AUC=0.5991 TPR@2%=0.0319 | val AUC=0.4966 TPR@2%=0.0553
  Epoch   3/50 | train AUC=0.6450 TPR@2%=0.0494 | val AUC=0.5809 TPR@2%=0.0546
  Epoch   4/50 | train AUC=0.6645 TPR@2%=0.0962 | val AUC=0.5981 TPR@2%=0.0652 *
  Epoch   5/50 | train AUC=0.6854 TPR@2%=0.1382 | val AUC=0.6027 TPR@2%=0.0709 *
  Epoch   6/50 | train AUC=0.7035 TPR@2%=0.1375 | val AUC=0.6157 TPR@2%=0.0908 *
  Epoch   7/50 | train AUC=0.7184 TPR@2%=0.1777 | val AUC=0.6282 TPR@2%=0.1057 *
  Epoch   8/50 | train AUC=0.7323 TPR@2%=0.2062 | val AUC=0.6335 TPR@2%=0.1170 *
  Epoch   9/50 | train AUC=0.7441 TPR@2%=0.2374 | val AUC=0.6397 TPR@2%=0.1248 *
  Epoch  10/50 | train AUC=0.7529 TPR@2%=0.2426 | val AUC=0.6507 TPR@2%=0.1539 *
  Epoch  11/50 | train AUC=0.7589 TPR@2%=0.2656 | val AUC=0.6544 TPR@2%=0.1603 *
  Epoch  12/50 | train AUC=0.7638 TPR@2%=0.2801 | val AUC=0.6597 TPR@2%=0.1752 *
  Epoch  13/50 | train AUC=0.7689 TPR@2%=0.2959 | val AUC=0.6670 TPR@2%=0.1879 *
  Epoch  14/50 | train AUC=0.7763 TPR@2%=0.3182 | val AUC=0.6744 TPR@2%=0.2043 *
  Epoch  15/50 | train AUC=0.7810 TPR@2%=0.3118 | val AUC=0.6804 TPR@2%=0.2177 *
  Epoch  16/50 | train AUC=0.7854 TPR@2%=0.3249 | val AUC=0.6828 TPR@2%=0.2113
  Epoch  17/50 | train AUC=0.7909 TPR@2%=0.3455 | val AUC=0.6853 TPR@2%=0.2092
  Epoch  18/50 | train AUC=0.7942 TPR@2%=0.3513 | val AUC=0.6880 TPR@2%=0.2014
  Epoch  19/50 | train AUC=0.7971 TPR@2%=0.3512 | val AUC=0.6910 TPR@2%=0.1915
  Epoch  20/50 | train AUC=0.8011 TPR@2%=0.3496 | val AUC=0.6972 TPR@2%=0.1929
  Epoch  21/50 | train AUC=0.8059 TPR@2%=0.3675 | val AUC=0.6983 TPR@2%=0.1929
  Epoch  22/50 | train AUC=0.8094 TPR@2%=0.3657 | val AUC=0.6984 TPR@2%=0.1965
  Early stopping at epoch 22 (patience=7)

  Best val TPR@2%: 0.2177  (AUC: 0.6804) | Checkpoint: /root/iris/src/01-dinov3/checkpoints/care_label/vitl16_714_linear_probe_best.pt
  TEST | AUC=0.8016 | @2% val-thresh: TPR(auth passed)=0.1981  FPR(fakes missed)=0.0000
