nohup: ignoring input

============================================================
[front_exterior_logo | vitl16 @ 714 | linear_probe]
============================================================
[front_exterior_logo/train] 9759 labeled rows, 5005 with images
  Authentic (0): 4858  |  Not-authentic (1): 147  |  Ratio: 33.0:1
  Val split [front_exterior_logo]: train=4046, val=959
  Test features loaded: 875 (35 pos)
  Train: 4046 (111 pos) | Val: 959 (36 pos)
  pos_weight: 35.5
  Epoch   1/50 | train AUC=0.6783 TPR@2%=0.1657 | val AUC=0.7410 TPR@2%=0.0834 *
  Epoch   2/50 | train AUC=0.6978 TPR@2%=0.1934 | val AUC=0.7571 TPR@2%=0.0921 *
  Epoch   3/50 | train AUC=0.7147 TPR@2%=0.2229 | val AUC=0.7649 TPR@2%=0.1008 *
  Epoch   4/50 | train AUC=0.7341 TPR@2%=0.2686 | val AUC=0.7731 TPR@2%=0.1138 *
  Epoch   5/50 | train AUC=0.7555 TPR@2%=0.3207 | val AUC=0.7812 TPR@2%=0.1300 *
  Epoch   6/50 | train AUC=0.7773 TPR@2%=0.3413 | val AUC=0.7879 TPR@2%=0.1387 *
  Epoch   7/50 | train AUC=0.7960 TPR@2%=0.3799 | val AUC=0.7946 TPR@2%=0.1452 *
  Epoch   8/50 | train AUC=0.8087 TPR@2%=0.4186 | val AUC=0.7998 TPR@2%=0.1517 *
  Epoch   9/50 | train AUC=0.8220 TPR@2%=0.4506 | val AUC=0.8042 TPR@2%=0.1658 *
  Epoch  10/50 | train AUC=0.8326 TPR@2%=0.4806 | val AUC=0.8091 TPR@2%=0.1863 *
  Epoch  11/50 | train AUC=0.8425 TPR@2%=0.5052 | val AUC=0.8121 TPR@2%=0.1993 *
  Epoch  12/50 | train AUC=0.8498 TPR@2%=0.5377 | val AUC=0.8154 TPR@2%=0.2134 *
  Epoch  13/50 | train AUC=0.8565 TPR@2%=0.5550 | val AUC=0.8187 TPR@2%=0.2275 *
  Epoch  14/50 | train AUC=0.8621 TPR@2%=0.5883 | val AUC=0.8208 TPR@2%=0.2362 *
  Epoch  15/50 | train AUC=0.8665 TPR@2%=0.6056 | val AUC=0.8243 TPR@2%=0.2514 *
  Epoch  16/50 | train AUC=0.8712 TPR@2%=0.6178 | val AUC=0.8267 TPR@2%=0.2427
  Epoch  17/50 | train AUC=0.8758 TPR@2%=0.6188 | val AUC=0.8288 TPR@2%=0.2373
  Epoch  18/50 | train AUC=0.8774 TPR@2%=0.6262 | val AUC=0.8303 TPR@2%=0.2449
  Epoch  19/50 | train AUC=0.8797 TPR@2%=0.6297 | val AUC=0.8320 TPR@2%=0.2514 *
  Epoch  20/50 | train AUC=0.8819 TPR@2%=0.6414 | val AUC=0.8333 TPR@2%=0.2535 *
  Epoch  21/50 | train AUC=0.8846 TPR@2%=0.6524 | val AUC=0.8339 TPR@2%=0.2535 *
  Epoch  22/50 | train AUC=0.8872 TPR@2%=0.6625 | val AUC=0.8347 TPR@2%=0.2557 *
  Epoch  23/50 | train AUC=0.8894 TPR@2%=0.6689 | val AUC=0.8360 TPR@2%=0.2644 *
  Epoch  24/50 | train AUC=0.8918 TPR@2%=0.6775 | val AUC=0.8366 TPR@2%=0.2611
  Epoch  25/50 | train AUC=0.8933 TPR@2%=0.6816 | val AUC=0.8378 TPR@2%=0.2709 *
  Epoch  26/50 | train AUC=0.8938 TPR@2%=0.6813 | val AUC=0.8384 TPR@2%=0.2839 *
  Epoch  27/50 | train AUC=0.8951 TPR@2%=0.6841 | val AUC=0.8396 TPR@2%=0.2990 *
  Epoch  28/50 | train AUC=0.8965 TPR@2%=0.6922 | val AUC=0.8406 TPR@2%=0.3023 *
  Epoch  29/50 | train AUC=0.8984 TPR@2%=0.6994 | val AUC=0.8410 TPR@2%=0.3012
  Epoch  30/50 | train AUC=0.9000 TPR@2%=0.7062 | val AUC=0.8415 TPR@2%=0.2990
  Epoch  31/50 | train AUC=0.9006 TPR@2%=0.7067 | val AUC=0.8419 TPR@2%=0.3023 *
  Epoch  32/50 | train AUC=0.9002 TPR@2%=0.7055 | val AUC=0.8421 TPR@2%=0.3153 *
  Epoch  33/50 | train AUC=0.9013 TPR@2%=0.7111 | val AUC=0.8426 TPR@2%=0.3174 *
  Epoch  34/50 | train AUC=0.9024 TPR@2%=0.7149 | val AUC=0.8432 TPR@2%=0.3174 *
  Epoch  35/50 | train AUC=0.9028 TPR@2%=0.7133 | val AUC=0.8434 TPR@2%=0.3218 *
  Epoch  36/50 | train AUC=0.9032 TPR@2%=0.7154 | val AUC=0.8439 TPR@2%=0.3250 *
  Epoch  37/50 | train AUC=0.9036 TPR@2%=0.7156 | val AUC=0.8440 TPR@2%=0.3250 *
  Epoch  38/50 | train AUC=0.9039 TPR@2%=0.7164 | val AUC=0.8442 TPR@2%=0.3272 *
  Epoch  39/50 | train AUC=0.9042 TPR@2%=0.7161 | val AUC=0.8443 TPR@2%=0.3283 *
  Epoch  40/50 | train AUC=0.9044 TPR@2%=0.7161 | val AUC=0.8443 TPR@2%=0.3294 *
  Epoch  41/50 | train AUC=0.9046 TPR@2%=0.7164 | val AUC=0.8443 TPR@2%=0.3294 *
  Epoch  42/50 | train AUC=0.9049 TPR@2%=0.7172 | val AUC=0.8444 TPR@2%=0.3294 *
  Epoch  43/50 | train AUC=0.9052 TPR@2%=0.7194 | val AUC=0.8446 TPR@2%=0.3294 *
  Epoch  44/50 | train AUC=0.9053 TPR@2%=0.7194 | val AUC=0.8446 TPR@2%=0.3326 *
  Epoch  45/50 | train AUC=0.9054 TPR@2%=0.7197 | val AUC=0.8446 TPR@2%=0.3315
  Epoch  46/50 | train AUC=0.9055 TPR@2%=0.7197 | val AUC=0.8447 TPR@2%=0.3315
  Epoch  47/50 | train AUC=0.9055 TPR@2%=0.7197 | val AUC=0.8448 TPR@2%=0.3315
  Epoch  48/50 | train AUC=0.9056 TPR@2%=0.7199 | val AUC=0.8448 TPR@2%=0.3315
  Epoch  49/50 | train AUC=0.9056 TPR@2%=0.7199 | val AUC=0.8448 TPR@2%=0.3315
  Epoch  50/50 | train AUC=0.9056 TPR@2%=0.7199 | val AUC=0.8448 TPR@2%=0.3315

  Best val TPR@2%: 0.3326  (AUC: 0.8446) | Checkpoint: /root/iris/src/01-dinov3/checkpoints/front_exterior_logo/vitl16_714_linear_probe_best.pt
  TEST | AUC=0.8220 | @2% val-thresh: TPR(auth passed)=0.3036  FPR(fakes missed)=0.0571
