/root/.venv/lib/python3.12/site-packages/xgboost/core.py:751: UserWarning: [18:06:09] WARNING: /__w/xgboost/xgboost/src/common/error_msg.cc:62: Falling back to prediction using DMatrix due to mismatched devices. This might lead to higher memory usage and slower performance. XGBoost is running on: cuda:0, while the input data is on: cpu.
Potential solutions:
- Use a data structure that matches the device ordinal in the booster.
- Set the device for booster before call to inplace_predict.

This warning will only be shown once.

  return func(**kwargs)
Warning: less than 75% GPU memory available for training. Free: 54057.5 Total: 81152.75
Default metric period is 5 because AUC is/are not implemented for GPU
/root/.venv/lib/python3.12/site-packages/sklearn/utils/validation.py:2691: UserWarning: X does not have valid feature names, but LGBMClassifier was fitted with feature names
  warnings.warn(
/root/.venv/lib/python3.12/site-packages/sklearn/utils/validation.py:2691: UserWarning: X does not have valid feature names, but LGBMClassifier was fitted with feature names
  warnings.warn(
/root/.venv/lib/python3.12/site-packages/sklearn/utils/validation.py:2691: UserWarning: X does not have valid feature names, but LGBMClassifier was fitted with feature names
  warnings.warn(
Device: cuda

============================================================
[front | vitl16 @ 714 | xgb, svm, catboost, lgbm]
============================================================
[front/train] 9759 labeled rows, 9627 with images
  Authentic (0): 9321  |  Not-authentic (1): 306  |  Ratio: 30.5:1
  Val split [front]: train=7698, val=1929
  Train: 7698 (244 pos) | Val: 1929 (62 pos) | Test: 1398 (41 pos)
  [XGB     ] 26.1s | train AUC=1.0000 TPR@2%=1.0000 | val AUC=0.8373 TPR@2%=0.2271 | test AUC=0.8755 @2%: TPR=0.1894 FPR=0.0488
  [SVM     ] 56.5s | train AUC=0.9997 TPR@2%=0.9996 | val AUC=0.8333 TPR@2%=0.0696 | test AUC=0.8995 @2%: TPR=0.0766 FPR=0.0000
  [CATBOOST] 81.8s | train AUC=0.9717 TPR@2%=0.9174 | val AUC=0.8281 TPR@2%=0.1864 | test AUC=0.8261 @2%: TPR=0.1879 FPR=0.0244
  [LGBM    ] 1217.2s | train AUC=1.0000 TPR@2%=1.0000 | val AUC=0.8260 TPR@2%=0.1928 | test AUC=0.8699 @2%: TPR=0.1909 FPR=0.0000
