`torch_dtype` is deprecated! Use `dtype` instead!
Device: cuda

============================================================
[front_exterior_logo | vitl16 @ 714 | last4 -> ML]
============================================================
  Loading checkpoint from /root/iris/src/01-dinov3/checkpoints/front_exterior_logo/vitl16_714_partial_last4_best.pt ...
Loading weights:   0%|          | 0/415 [00:00<?, ?it/s]Loading weights: 100%|██████████| 415/415 [00:00<00:00, 5543.85it/s]
/root/.venv/lib/python3.12/site-packages/xgboost/core.py:751: UserWarning: [16:37:26] WARNING: /__w/xgboost/xgboost/src/common/error_msg.cc:62: Falling back to prediction using DMatrix due to mismatched devices. This might lead to higher memory usage and slower performance. XGBoost is running on: cuda:0, while the input data is on: cpu.
Potential solutions:
- Use a data structure that matches the device ordinal in the booster.
- Set the device for booster before call to inplace_predict.

This warning will only be shown once.

  return func(**kwargs)
Default metric period is 5 because AUC is/are not implemented for GPU
/root/.venv/lib/python3.12/site-packages/sklearn/utils/validation.py:2691: UserWarning: X does not have valid feature names, but LGBMClassifier was fitted with feature names
  warnings.warn(
/root/.venv/lib/python3.12/site-packages/sklearn/utils/validation.py:2691: UserWarning: X does not have valid feature names, but LGBMClassifier was fitted with feature names
  warnings.warn(
/root/.venv/lib/python3.12/site-packages/sklearn/utils/validation.py:2691: UserWarning: X does not have valid feature names, but LGBMClassifier was fitted with feature names
  warnings.warn(
  Loading cached finetuned features from /root/iris/src/01-dinov3/cached_features/front_exterior_logo/last4_vitl16_714_features.pt
[front_exterior_logo/train] 9759 labeled rows, 5005 with images
  Authentic (0): 4858  |  Not-authentic (1): 147  |  Ratio: 33.0:1
  Val split [front_exterior_logo]: train=4046, val=959
  Train: 4046 (111 pos) | Val: 959 (36 pos) | Test: 875 (35 pos)
  [XGB     ] 1.0s | train AUC=1.0000 TPR@2%=1.0000 | val AUC=0.8523 TPR@2%=0.2795 | test AUC=0.8387 @2%: TPR=0.2405 FPR=0.0286
  [SVM     ] 13.7s | train AUC=1.0000 TPR@2%=1.0000 | val AUC=0.8230 TPR@2%=0.2568 | test AUC=0.8368 @2%: TPR=0.2607 FPR=0.0286
  [CATBOOST] 2.4s | train AUC=1.0000 TPR@2%=1.0000 | val AUC=0.8526 TPR@2%=0.3012 | test AUC=0.8274 @2%: TPR=0.2190 FPR=0.0857
  [LGBM    ] 3.7s | train AUC=1.0000 TPR@2%=1.0000 | val AUC=0.8521 TPR@2%=0.1235 | test AUC=0.8070 @2%: TPR=0.1155 FPR=0.0000
