
======================================================================
PARTIAL FINETUNE: layer_scale
Model: vitl16 @ 714 | Region: care_label
======================================================================
[care_label/train] 9759 labeled rows, 7294 with images
  Authentic (0): 7054  |  Not-authentic (1): 240  |  Ratio: 29.4:1
  Loaded val split from /root/iris/src/01-dinov3/val_splits/care_label_split.json  (train=5835, val=1459)
  Train: 5835 (192 pos) | Val: 1459 (48 pos)
  pos_weight: 29.4
`torch_dtype` is deprecated! Use `dtype` instead!
Loading weights:   0%|          | 0/415 [00:00<?, ?it/s]Loading weights: 100%|██████████| 415/415 [00:00<00:00, 15163.00it/s]
  Strategy 'layer_scale': will unfreeze 49,152 / 303,129,600 backbone params (0.05M / 303.1M)

  Epoch   1/30 (frozen, 74.7s) | loss=2.6120/3.0672 | AUC-ROC=0.6841  AUC-PR=0.0675  TPR@2%=0.0417 << BEST
  FPR target   Actual FPR   TPR        Threshold 
  --------------------------------------------
  0.5%         0.0071       0.0000     0.9872    
  1%           0.0099       0.0208     0.9864    
  2%           0.0198       0.0417     0.9853    
  5%           0.0503       0.1667     0.9827    
  10%          0.1028       0.2500     0.9775    

  Epoch   2/30 (frozen, 74.1s) | loss=2.0525/2.8342 | AUC-ROC=0.7121  AUC-PR=0.0792  TPR@2%=0.0833 << BEST
  FPR target   Actual FPR   TPR        Threshold 
  --------------------------------------------
  0.5%         0.0064       0.0208     0.9875    
  1%           0.0106       0.0625     0.9859    
  2%           0.0198       0.0833     0.9845    
  5%           0.0496       0.1875     0.9806    
  10%          0.0999       0.3333     0.9747    

  Epoch   3/30 (frozen, 74.3s) | loss=1.9583/2.6895 | AUC-ROC=0.7289  AUC-PR=0.0827  TPR@2%=0.1042 << BEST
  FPR target   Actual FPR   TPR        Threshold 
  --------------------------------------------
  0.5%         0.0064       0.0208     0.9889    
  1%           0.0099       0.0417     0.9881    
  2%           0.0198       0.1042     0.9859    
  5%           0.0503       0.1667     0.9818    
  10%          0.1006       0.3542     0.9751    

  Epoch   4/30 (frozen, 74.2s) | loss=1.8657/2.4398 | AUC-ROC=0.7524  AUC-PR=0.0980  TPR@2%=0.1042 << BEST
  FPR target   Actual FPR   TPR        Threshold 
  --------------------------------------------
  0.5%         0.0057       0.0417     0.9899    
  1%           0.0092       0.0625     0.9891    
  2%           0.0206       0.1042     0.9864    
  5%           0.0517       0.2500     0.9810    
  10%          0.1006       0.3333     0.9735    

  Epoch   5/30 (frozen, 74.1s) | loss=1.7772/2.5502 | AUC-ROC=0.7510  AUC-PR=0.1015  TPR@2%=0.1250 << BEST
  FPR target   Actual FPR   TPR        Threshold 
  --------------------------------------------
  0.5%         0.0050       0.0625     0.9938    
  1%           0.0106       0.0833     0.9928    
  2%           0.0198       0.1250     0.9907    
  5%           0.0496       0.2292     0.9870    
  10%          0.1028       0.3333     0.9805    

  >> Unfreezing 'layer_scale' components at epoch 6
  >> Actually unfrozen: 49,152 params (0.05M)

  Epoch   6/30 (layer_scale, 174.2s) | loss=1.7121/2.5063 | AUC-ROC=0.7604  AUC-PR=0.1116  TPR@2%=0.1458 << BEST
  FPR target   Actual FPR   TPR        Threshold 
  --------------------------------------------
  0.5%         0.0050       0.0208     0.9944    
  1%           0.0092       0.0833     0.9933    
  2%           0.0198       0.1458     0.9912    
  5%           0.0503       0.2708     0.9873    
  10%          0.0999       0.3542     0.9817    

  Epoch   7/30 (layer_scale, 185.1s) | loss=1.6262/2.3263 | AUC-ROC=0.7621  AUC-PR=0.1184  TPR@2%=0.1458 << BEST
  FPR target   Actual FPR   TPR        Threshold 
  --------------------------------------------
  0.5%         0.0057       0.0417     0.9937    
  1%           0.0092       0.1042     0.9928    
  2%           0.0206       0.1458     0.9909    
  5%           0.0503       0.2708     0.9860    
  10%          0.0992       0.3750     0.9792    

  Epoch   8/30 (layer_scale, 169.7s) | loss=1.5891/2.3724 | AUC-ROC=0.7709  AUC-PR=0.1128  TPR@2%=0.1458 << BEST
  FPR target   Actual FPR   TPR        Threshold 
  --------------------------------------------
  0.5%         0.0071       0.0417     0.9950    
  1%           0.0099       0.0833     0.9946    
  2%           0.0206       0.1458     0.9928    
  5%           0.0503       0.2917     0.9879    
  10%          0.0992       0.3333     0.9828    

  Epoch   9/30 (layer_scale, 169.7s) | loss=1.4925/2.0260 | AUC-ROC=0.7700  AUC-PR=0.1240  TPR@2%=0.1458
  FPR target   Actual FPR   TPR        Threshold 
  --------------------------------------------
  0.5%         0.0057       0.0417     0.9926    
  1%           0.0099       0.0625     0.9918    
  2%           0.0198       0.1458     0.9879    
  5%           0.0496       0.2917     0.9822    
  10%          0.1021       0.3750     0.9724    

  Epoch  10/30 (layer_scale, 170.1s) | loss=1.4837/2.1757 | AUC-ROC=0.7783  AUC-PR=0.1246  TPR@2%=0.1667 << BEST
  FPR target   Actual FPR   TPR        Threshold 
  --------------------------------------------
  0.5%         0.0064       0.0417     0.9950    
  1%           0.0099       0.1042     0.9946    
  2%           0.0170       0.1667     0.9931    
  5%           0.0482       0.2917     0.9877    
  10%          0.1021       0.3542     0.9804    

  Epoch  11/30 (layer_scale, 169.8s) | loss=1.4346/2.1328 | AUC-ROC=0.7811  AUC-PR=0.1185  TPR@2%=0.1667 << BEST
  FPR target   Actual FPR   TPR        Threshold 
  --------------------------------------------
  0.5%         0.0057       0.0208     0.9951    
  1%           0.0113       0.0833     0.9940    
  2%           0.0206       0.1667     0.9912    
  5%           0.0446       0.2917     0.9876    
  10%          0.1006       0.3542     0.9799    

  Epoch  12/30 (layer_scale, 169.8s) | loss=1.4248/1.9373 | AUC-ROC=0.7819  AUC-PR=0.1373  TPR@2%=0.1667 << BEST
  FPR target   Actual FPR   TPR        Threshold 
  --------------------------------------------
  0.5%         0.0057       0.0625     0.9948    
  1%           0.0092       0.1458     0.9939    
  2%           0.0198       0.1667     0.9919    
  5%           0.0489       0.3125     0.9847    
  10%          0.1013       0.3750     0.9759    

  Epoch  13/30 (layer_scale, 169.7s) | loss=1.3932/1.7852 | AUC-ROC=0.7830  AUC-PR=0.1329  TPR@2%=0.1458
  FPR target   Actual FPR   TPR        Threshold 
  --------------------------------------------
  0.5%         0.0057       0.0625     0.9929    
  1%           0.0099       0.0833     0.9926    
  2%           0.0191       0.1458     0.9905    
  5%           0.0553       0.2917     0.9788    
  10%          0.0992       0.3542     0.9691    

  Epoch  14/30 (layer_scale, 170.2s) | loss=1.3094/1.9984 | AUC-ROC=0.7822  AUC-PR=0.1317  TPR@2%=0.1458
  FPR target   Actual FPR   TPR        Threshold 
  --------------------------------------------
  0.5%         0.0050       0.0625     0.9962    
  1%           0.0113       0.1250     0.9953    
  2%           0.0198       0.1458     0.9938    
  5%           0.0496       0.2917     0.9880    
  10%          0.0992       0.3333     0.9809    

  Epoch  15/30 (layer_scale, 170.2s) | loss=1.2997/2.0778 | AUC-ROC=0.7836  AUC-PR=0.1291  TPR@2%=0.1458
  FPR target   Actual FPR   TPR        Threshold 
  --------------------------------------------
  0.5%         0.0035       0.0417     0.9967    
  1%           0.0106       0.0833     0.9956    
  2%           0.0184       0.1458     0.9942    
  5%           0.0503       0.2708     0.9880    
  10%          0.1006       0.3333     0.9809    
