==========================================
PARTIAL FINETUNE SWEEP
Model: vitl16 @ 714 | Region: care_label
Batch size: 32 | Strategies: 20
==========================================

[1/20] Strategy: norm -> ./logs/partial/norm.log
  [OK] norm

[2/20] Strategy: layer_scale -> ./logs/partial/layer_scale.log
  [OK] layer_scale

[3/20] Strategy: norm+ls -> ./logs/partial/norm+ls.log
  [OK] norm+ls

[4/20] Strategy: q -> ./logs/partial/q.log
  [OK] q

[5/20] Strategy: v -> ./logs/partial/v.log
  [OK] v

[6/20] Strategy: qv -> ./logs/partial/qv.log
run_partial_sweep.sh: line 33: 501877 Killed                  $PYTHON train_partial_finetune.py --strategy "$strat" --batch-size "$BATCH_SIZE" --epochs 30 --patience 7 > "$log" 2>&1
  [FAILED] qv

[7/20] Strategy: qkv -> ./logs/partial/qkv.log
run_partial_sweep.sh: line 33: 520351 Killed                  $PYTHON train_partial_finetune.py --strategy "$strat" --batch-size "$BATCH_SIZE" --epochs 30 --patience 7 > "$log" 2>&1
  [FAILED] qkv

[8/20] Strategy: qkvo -> ./logs/partial/qkvo.log
run_partial_sweep.sh: line 33: 520593 Killed                  $PYTHON train_partial_finetune.py --strategy "$strat" --batch-size "$BATCH_SIZE" --epochs 30 --patience 7 > "$log" 2>&1
  [FAILED] qkvo

[9/20] Strategy: qv+norm -> ./logs/partial/qv+norm.log
run_partial_sweep.sh: line 33: 524510 Killed                  $PYTHON train_partial_finetune.py --strategy "$strat" --batch-size "$BATCH_SIZE" --epochs 30 --patience 7 > "$log" 2>&1
  [FAILED] qv+norm

[10/20] Strategy: mlp -> ./logs/partial/mlp.log
