
======================================================================
PARTIAL FINETUNE: norm+ls
Model: vitl16 @ 714 | Region: care_label
======================================================================
[care_label/train] 9759 labeled rows, 7294 with images
  Authentic (0): 7054  |  Not-authentic (1): 240  |  Ratio: 29.4:1
[care_label/test] 1424 labeled rows, 962 with images
  Authentic (0): 929  |  Not-authentic (1): 33  |  Ratio: 28.2:1
  Train: 7294 (240 pos) | Eval (test): 962 (33 pos)
  pos_weight: 29.4
`torch_dtype` is deprecated! Use `dtype` instead!
Loading weights:   0%|          | 0/415 [00:00<?, ?it/s]Loading weights: 100%|██████████| 415/415 [00:00<00:00, 5158.31it/s]
  Strategy 'norm+ls': will unfreeze 147,456 / 303,129,600 backbone params (0.15M / 303.1M)

  Epoch   1/30 (frozen, 110.3s) | loss=2.4944/3.0835 | AUC-ROC=0.7667  AUC-PR=0.1048  TPR@2%=0.0909 << BEST
  FPR target   Actual FPR   TPR        Threshold 
  --------------------------------------------
  0.5%         0.0054       0.0303     0.9869    
  1%           0.0097       0.0303     0.9862    
  2%           0.0194       0.0909     0.9840    
  5%           0.0474       0.2424     0.9797    
  10%          0.0980       0.3939     0.9759    

  Epoch   2/30 (frozen, 109.5s) | loss=1.9724/2.7327 | AUC-ROC=0.8289  AUC-PR=0.1742  TPR@2%=0.1818 << BEST
  FPR target   Actual FPR   TPR        Threshold 
  --------------------------------------------
  0.5%         0.0054       0.0606     0.9889    
  1%           0.0118       0.1212     0.9863    
  2%           0.0183       0.1818     0.9849    
  5%           0.0441       0.3333     0.9797    
  10%          0.1001       0.4848     0.9732    

  Epoch   3/30 (frozen, 109.2s) | loss=1.8790/2.4035 | AUC-ROC=0.8487  AUC-PR=0.2445  TPR@2%=0.2727 << BEST
  FPR target   Actual FPR   TPR        Threshold 
  --------------------------------------------
  0.5%         0.0054       0.1212     0.9881    
  1%           0.0097       0.1818     0.9871    
  2%           0.0205       0.2727     0.9846    
  5%           0.0495       0.3333     0.9758    
  10%          0.0990       0.6061     0.9669    

  Epoch   4/30 (frozen, 110.0s) | loss=1.7882/2.6653 | AUC-ROC=0.8498  AUC-PR=0.2970  TPR@2%=0.2727 << BEST
  FPR target   Actual FPR   TPR        Threshold 
  --------------------------------------------
  0.5%         0.0054       0.2424     0.9927    
  1%           0.0118       0.2727     0.9915    
  2%           0.0215       0.2727     0.9890    
  5%           0.0527       0.3939     0.9846    
  10%          0.1033       0.5455     0.9795    

  Epoch   5/30 (frozen, 109.6s) | loss=1.7143/2.3639 | AUC-ROC=0.8594  AUC-PR=0.2594  TPR@2%=0.2727 << BEST
  FPR target   Actual FPR   TPR        Threshold 
  --------------------------------------------
  0.5%         0.0075       0.1515     0.9919    
  1%           0.0118       0.2121     0.9909    
  2%           0.0183       0.2727     0.9889    
  5%           0.0484       0.4545     0.9823    
  10%          0.0969       0.6061     0.9748    

  >> Unfreezing 'norm+ls' components at epoch 6
  >> Actually unfrozen: 147,456 params (0.15M)

  Epoch   6/30 (norm+ls, 269.6s) | loss=1.6498/2.3836 | AUC-ROC=0.8591  AUC-PR=0.2476  TPR@2%=0.2121
  FPR target   Actual FPR   TPR        Threshold 
  --------------------------------------------
  0.5%         0.0043       0.0909     0.9963    
  1%           0.0097       0.1212     0.9959    
  2%           0.0194       0.2121     0.9938    
  5%           0.0495       0.4848     0.9865    
  10%          0.0990       0.5758     0.9794    

  Epoch   7/30 (norm+ls, 269.5s) | loss=1.5874/2.1441 | AUC-ROC=0.8523  AUC-PR=0.2432  TPR@2%=0.2424
  FPR target   Actual FPR   TPR        Threshold 
  --------------------------------------------
  0.5%         0.0054       0.0909     0.9959    
  1%           0.0086       0.1515     0.9951    
  2%           0.0205       0.2424     0.9919    
  5%           0.0484       0.4848     0.9836    
  10%          0.1001       0.5758     0.9749    

  Epoch   8/30 (norm+ls, 269.4s) | loss=1.4880/2.0236 | AUC-ROC=0.8655  AUC-PR=0.2799  TPR@2%=0.3030 << BEST
  FPR target   Actual FPR   TPR        Threshold 
  --------------------------------------------
  0.5%         0.0032       0.0909     0.9974    
  1%           0.0097       0.2121     0.9958    
  2%           0.0205       0.3030     0.9920    
  5%           0.0506       0.5152     0.9850    
  10%          0.1012       0.6061     0.9752    

  Epoch   9/30 (norm+ls, 269.6s) | loss=1.4290/2.2076 | AUC-ROC=0.8528  AUC-PR=0.2497  TPR@2%=0.3333 << BEST
  FPR target   Actual FPR   TPR        Threshold 
  --------------------------------------------
  0.5%         0.0054       0.1212     0.9980    
  1%           0.0097       0.1212     0.9972    
  2%           0.0194       0.3333     0.9951    
  5%           0.0474       0.4848     0.9902    
  10%          0.1012       0.5758     0.9822    

  Epoch  10/30 (norm+ls, 269.6s) | loss=1.3893/1.7710 | AUC-ROC=0.8688  AUC-PR=0.2779  TPR@2%=0.3636 << BEST
  FPR target   Actual FPR   TPR        Threshold 
  --------------------------------------------
  0.5%         0.0043       0.0909     0.9982    
  1%           0.0097       0.1515     0.9959    
  2%           0.0215       0.3636     0.9916    
  5%           0.0495       0.4848     0.9838    
  10%          0.0990       0.6364     0.9707    

  Epoch  11/30 (norm+ls, 269.7s) | loss=1.3457/1.6722 | AUC-ROC=0.8636  AUC-PR=0.2399  TPR@2%=0.3030
  FPR target   Actual FPR   TPR        Threshold 
  --------------------------------------------
  0.5%         0.0065       0.1212     0.9965    
  1%           0.0086       0.1212     0.9962    
  2%           0.0172       0.3030     0.9928    
  5%           0.0495       0.5152     0.9825    
  10%          0.1001       0.5758     0.9694    

  Epoch  12/30 (norm+ls, 269.4s) | loss=1.2297/1.6261 | AUC-ROC=0.8720  AUC-PR=0.2727  TPR@2%=0.3333
  FPR target   Actual FPR   TPR        Threshold 
  --------------------------------------------
  0.5%         0.0054       0.1212     0.9977    
  1%           0.0108       0.1818     0.9957    
  2%           0.0183       0.3333     0.9931    
  5%           0.0495       0.5758     0.9843    
  10%          0.1001       0.5758     0.9689    

  Epoch  13/30 (norm+ls, 269.5s) | loss=1.2264/1.6224 | AUC-ROC=0.8811  AUC-PR=0.2604  TPR@2%=0.2727
  FPR target   Actual FPR   TPR        Threshold 
  --------------------------------------------
  0.5%         0.0054       0.1212     0.9988    
  1%           0.0108       0.1212     0.9973    
  2%           0.0194       0.2727     0.9953    
  5%           0.0495       0.5152     0.9884    
  10%          0.1012       0.6667     0.9704    

  Epoch  14/30 (norm+ls, 269.6s) | loss=1.1809/1.6126 | AUC-ROC=0.8832  AUC-PR=0.2564  TPR@2%=0.2727
  FPR target   Actual FPR   TPR        Threshold 
  --------------------------------------------
  0.5%         0.0054       0.1212     0.9989    
  1%           0.0097       0.1515     0.9974    
  2%           0.0205       0.2727     0.9948    
  5%           0.0549       0.5455     0.9867    
  10%          0.0990       0.6667     0.9705    

  Epoch  15/30 (norm+ls, 269.6s) | loss=1.1348/1.5699 | AUC-ROC=0.8860  AUC-PR=0.2780  TPR@2%=0.3636 << BEST
  FPR target   Actual FPR   TPR        Threshold 
  --------------------------------------------
  0.5%         0.0043       0.1212     0.9990    
  1%           0.0097       0.1818     0.9974    
  2%           0.0205       0.3636     0.9943    
  5%           0.0506       0.5455     0.9878    
  10%          0.0990       0.6667     0.9731    

  Epoch  16/30 (norm+ls, 269.6s) | loss=1.1144/1.4198 | AUC-ROC=0.8888  AUC-PR=0.2717  TPR@2%=0.3333
  FPR target   Actual FPR   TPR        Threshold 
  --------------------------------------------
  0.5%         0.0054       0.1212     0.9989    
  1%           0.0108       0.1818     0.9967    
  2%           0.0194       0.3333     0.9938    
  5%           0.0495       0.5152     0.9846    
  10%          0.0969       0.6667     0.9652    

  Epoch  17/30 (norm+ls, 269.4s) | loss=1.0682/1.4577 | AUC-ROC=0.8882  AUC-PR=0.2744  TPR@2%=0.3333
  FPR target   Actual FPR   TPR        Threshold 
  --------------------------------------------
  0.5%         0.0032       0.1212     0.9992    
  1%           0.0097       0.1515     0.9975    
  2%           0.0172       0.3333     0.9952    
  5%           0.0506       0.5455     0.9859    
  10%          0.1001       0.6970     0.9678    

  Epoch  18/30 (norm+ls, 269.6s) | loss=1.0332/1.4892 | AUC-ROC=0.8906  AUC-PR=0.2957  TPR@2%=0.3333
  FPR target   Actual FPR   TPR        Threshold 
  --------------------------------------------
  0.5%         0.0065       0.1515     0.9986    
  1%           0.0097       0.1818     0.9980    
  2%           0.0194       0.3333     0.9958    
  5%           0.0495       0.5455     0.9890    
  10%          0.0958       0.6970     0.9727    

  Epoch  19/30 (norm+ls, 269.6s) | loss=1.0353/1.4044 | AUC-ROC=0.8883  AUC-PR=0.2908  TPR@2%=0.3333
  FPR target   Actual FPR   TPR        Threshold 
  --------------------------------------------
  0.5%         0.0032       0.1212     0.9994    
  1%           0.0097       0.1818     0.9978    
  2%           0.0205       0.3333     0.9951    
  5%           0.0517       0.5455     0.9859    
  10%          0.0980       0.6970     0.9686    

  Epoch  20/30 (norm+ls, 269.5s) | loss=1.0055/1.3508 | AUC-ROC=0.8943  AUC-PR=0.3078  TPR@2%=0.3636 << BEST
  FPR target   Actual FPR   TPR        Threshold 
  --------------------------------------------
  0.5%         0.0032       0.1212     0.9995    
  1%           0.0097       0.2424     0.9969    
  2%           0.0205       0.3636     0.9943    
  5%           0.0517       0.5455     0.9846    
  10%          0.0936       0.6970     0.9701    

  Epoch  21/30 (norm+ls, 269.5s) | loss=0.9980/1.3424 | AUC-ROC=0.8951  AUC-PR=0.3020  TPR@2%=0.3333
  FPR target   Actual FPR   TPR        Threshold 
  --------------------------------------------
  0.5%         0.0032       0.1212     0.9995    
  1%           0.0097       0.2424     0.9972    
  2%           0.0183       0.3333     0.9950    
  5%           0.0495       0.5455     0.9861    
  10%          0.0936       0.6970     0.9683    

  Epoch  22/30 (norm+ls, 269.5s) | loss=0.9584/1.3509 | AUC-ROC=0.8959  AUC-PR=0.3106  TPR@2%=0.3636 << BEST
  FPR target   Actual FPR   TPR        Threshold 
  --------------------------------------------
  0.5%         0.0054       0.1515     0.9989    
  1%           0.0097       0.2121     0.9974    
  2%           0.0194       0.3636     0.9946    
  5%           0.0452       0.5455     0.9885    
  10%          0.0990       0.6970     0.9676    

  Epoch  23/30 (norm+ls, 269.5s) | loss=0.9616/1.3490 | AUC-ROC=0.8951  AUC-PR=0.3106  TPR@2%=0.3636
  FPR target   Actual FPR   TPR        Threshold 
  --------------------------------------------
  0.5%         0.0065       0.1515     0.9988    
  1%           0.0097       0.1818     0.9979    
  2%           0.0161       0.3636     0.9955    
  5%           0.0484       0.5455     0.9881    
  10%          0.0969       0.6970     0.9690    

  Epoch  24/30 (norm+ls, 269.5s) | loss=0.9680/1.3607 | AUC-ROC=0.8963  AUC-PR=0.3147  TPR@2%=0.3939 << BEST
  FPR target   Actual FPR   TPR        Threshold 
  --------------------------------------------
  0.5%         0.0054       0.1515     0.9990    
  1%           0.0097       0.2121     0.9975    
  2%           0.0248       0.3939     0.9944    
  5%           0.0506       0.5455     0.9877    
  10%          0.0947       0.6970     0.9704    

  Epoch  25/30 (norm+ls, 269.5s) | loss=0.9364/1.3329 | AUC-ROC=0.8973  AUC-PR=0.3168  TPR@2%=0.3636
  FPR target   Actual FPR   TPR        Threshold 
  --------------------------------------------
  0.5%         0.0054       0.1515     0.9990    
  1%           0.0097       0.2424     0.9973    
  2%           0.0172       0.3636     0.9957    
  5%           0.0452       0.5455     0.9886    
  10%          0.0969       0.6970     0.9685    

  Epoch  26/30 (norm+ls, 269.7s) | loss=0.9348/1.3501 | AUC-ROC=0.8974  AUC-PR=0.3161  TPR@2%=0.3636
  FPR target   Actual FPR   TPR        Threshold 
  --------------------------------------------
  0.5%         0.0054       0.1515     0.9991    
  1%           0.0097       0.2121     0.9977    
  2%           0.0161       0.3636     0.9960    
  5%           0.0463       0.5455     0.9891    
  10%          0.0936       0.6970     0.9704    

  Epoch  27/30 (norm+ls, 269.8s) | loss=0.9128/1.3561 | AUC-ROC=0.8979  AUC-PR=0.3159  TPR@2%=0.3636
  FPR target   Actual FPR   TPR        Threshold 
  --------------------------------------------
  0.5%         0.0054       0.1515     0.9991    
  1%           0.0097       0.2424     0.9976    
  2%           0.0172       0.3636     0.9962    
  5%           0.0527       0.5758     0.9864    
  10%          0.0936       0.6970     0.9724    

  Epoch  28/30 (norm+ls, 269.6s) | loss=0.9287/1.2963 | AUC-ROC=0.8987  AUC-PR=0.3185  TPR@2%=0.3636
  FPR target   Actual FPR   TPR        Threshold 
  --------------------------------------------
  0.5%         0.0054       0.1515     0.9989    
  1%           0.0097       0.2424     0.9973    
  2%           0.0172       0.3636     0.9957    
  5%           0.0538       0.5758     0.9844    
  10%          0.0990       0.6970     0.9649    

  Epoch  29/30 (norm+ls, 269.6s) | loss=0.9299/1.3045 | AUC-ROC=0.8985  AUC-PR=0.3188  TPR@2%=0.3636
  FPR target   Actual FPR   TPR        Threshold 
  --------------------------------------------
  0.5%         0.0054       0.1515     0.9990    
  1%           0.0097       0.2424     0.9973    
  2%           0.0172       0.3636     0.9958    
  5%           0.0527       0.5455     0.9852    
  10%          0.1001       0.6970     0.9640    

  Epoch  30/30 (norm+ls, 269.6s) | loss=0.9363/1.3074 | AUC-ROC=0.8986  AUC-PR=0.3187  TPR@2%=0.3636
  FPR target   Actual FPR   TPR        Threshold 
  --------------------------------------------
  0.5%         0.0054       0.1515     0.9990    
  1%           0.0097       0.2424     0.9973    
  2%           0.0172       0.3636     0.9958    
  5%           0.0463       0.5455     0.9884    
  10%          0.1001       0.6970     0.9642    

  Best TPR@2%FPR: 0.3939  (AUC-ROC: 0.8963)
  Checkpoint: /root/iris/src/01-dinov3/checkpoints/care_label/vitl16_714_partial_norm+ls_best.pt

  --- Best checkpoint metrics ---
  AUC-ROC: 0.8962553413576018
  AUC-PR:  0.3147224588578836
  Target FPR   Actual FPR   TPR        Threshold 
  --------------------------------------------
  0.5%         0.0054       0.1515     0.9990    
  1%           0.0097       0.2121     0.9975    
  2%           0.0248       0.3939     0.9944    
  5%           0.0506       0.5455     0.9877    
  10%          0.0947       0.6970     0.9704    
  Youden best: threshold=0.9432  TPR=0.7879  FPR=0.1442

