
======================================================================
PARTIAL FINETUNE: norm
Model: vitl16 @ 714 | Region: care_label
======================================================================
[care_label/train] 9759 labeled rows, 7294 with images
  Authentic (0): 7054  |  Not-authentic (1): 240  |  Ratio: 29.4:1
[care_label/test] 1424 labeled rows, 962 with images
  Authentic (0): 929  |  Not-authentic (1): 33  |  Ratio: 28.2:1
  Train: 7294 (240 pos) | Eval (test): 962 (33 pos)
  pos_weight: 29.4
`torch_dtype` is deprecated! Use `dtype` instead!
Loading weights:   0%|          | 0/415 [00:00<?, ?it/s]Loading weights:  34%|███▎      | 140/415 [00:00<00:00, 1349.78it/s]Loading weights:  66%|██████▋   | 275/415 [00:00<00:00, 1338.00it/s]Loading weights: 100%|██████████| 415/415 [00:00<00:00, 1403.96it/s]
  Strategy 'norm': will unfreeze 98,304 / 303,129,600 backbone params (0.10M / 303.1M)

  Epoch   1/30 (frozen, 110.3s) | loss=2.4944/3.0835 | AUC-ROC=0.7667  AUC-PR=0.1048  TPR@2%=0.0909 << BEST
  FPR target   Actual FPR   TPR        Threshold 
  --------------------------------------------
  0.5%         0.0054       0.0303     0.9869    
  1%           0.0097       0.0303     0.9862    
  2%           0.0194       0.0909     0.9840    
  5%           0.0474       0.2424     0.9797    
  10%          0.0980       0.3939     0.9759    

  Epoch   2/30 (frozen, 109.4s) | loss=1.9724/2.7327 | AUC-ROC=0.8289  AUC-PR=0.1742  TPR@2%=0.1818 << BEST
  FPR target   Actual FPR   TPR        Threshold 
  --------------------------------------------
  0.5%         0.0054       0.0606     0.9889    
  1%           0.0118       0.1212     0.9863    
  2%           0.0183       0.1818     0.9849    
  5%           0.0441       0.3333     0.9797    
  10%          0.1001       0.4848     0.9732    

  Epoch   3/30 (frozen, 109.2s) | loss=1.8790/2.4035 | AUC-ROC=0.8487  AUC-PR=0.2445  TPR@2%=0.2727 << BEST
  FPR target   Actual FPR   TPR        Threshold 
  --------------------------------------------
  0.5%         0.0054       0.1212     0.9881    
  1%           0.0097       0.1818     0.9871    
  2%           0.0205       0.2727     0.9846    
  5%           0.0495       0.3333     0.9758    
  10%          0.0990       0.6061     0.9669    

  Epoch   4/30 (frozen, 109.2s) | loss=1.7882/2.6653 | AUC-ROC=0.8498  AUC-PR=0.2970  TPR@2%=0.2727 << BEST
  FPR target   Actual FPR   TPR        Threshold 
  --------------------------------------------
  0.5%         0.0054       0.2424     0.9927    
  1%           0.0118       0.2727     0.9915    
  2%           0.0215       0.2727     0.9890    
  5%           0.0527       0.3939     0.9846    
  10%          0.1033       0.5455     0.9795    

  Epoch   5/30 (frozen, 109.5s) | loss=1.7143/2.3639 | AUC-ROC=0.8594  AUC-PR=0.2594  TPR@2%=0.2727 << BEST
  FPR target   Actual FPR   TPR        Threshold 
  --------------------------------------------
  0.5%         0.0075       0.1515     0.9919    
  1%           0.0118       0.2121     0.9909    
  2%           0.0183       0.2727     0.9889    
  5%           0.0484       0.4545     0.9823    
  10%          0.0969       0.6061     0.9748    

  >> Unfreezing 'norm' components at epoch 6
  >> Actually unfrozen: 98,304 params (0.10M)

  Epoch   6/30 (norm, 262.7s) | loss=1.6512/2.3853 | AUC-ROC=0.8591  AUC-PR=0.2473  TPR@2%=0.2121
  FPR target   Actual FPR   TPR        Threshold 
  --------------------------------------------
  0.5%         0.0043       0.0909     0.9962    
  1%           0.0097       0.1212     0.9959    
  2%           0.0194       0.2121     0.9938    
  5%           0.0495       0.4848     0.9864    
  10%          0.0990       0.5758     0.9794    

  Epoch   7/30 (norm, 262.7s) | loss=1.5922/2.1496 | AUC-ROC=0.8520  AUC-PR=0.2425  TPR@2%=0.2424
  FPR target   Actual FPR   TPR        Threshold 
  --------------------------------------------
  0.5%         0.0054       0.0909     0.9958    
  1%           0.0086       0.1515     0.9950    
  2%           0.0205       0.2424     0.9917    
  5%           0.0495       0.4848     0.9833    
  10%          0.1023       0.5758     0.9745    

  Epoch   8/30 (norm, 262.7s) | loss=1.4964/2.0367 | AUC-ROC=0.8649  AUC-PR=0.2775  TPR@2%=0.3030 << BEST
  FPR target   Actual FPR   TPR        Threshold 
  --------------------------------------------
  0.5%         0.0043       0.0909     0.9973    
  1%           0.0097       0.2121     0.9958    
  2%           0.0183       0.3030     0.9925    
  5%           0.0484       0.5152     0.9854    
  10%          0.1076       0.6061     0.9733    

  Epoch   9/30 (norm, 262.6s) | loss=1.4411/2.2218 | AUC-ROC=0.8513  AUC-PR=0.2482  TPR@2%=0.3333 << BEST
  FPR target   Actual FPR   TPR        Threshold 
  --------------------------------------------
  0.5%         0.0054       0.1212     0.9979    
  1%           0.0108       0.1818     0.9969    
  2%           0.0205       0.3333     0.9950    
  5%           0.0463       0.4848     0.9903    
  10%          0.1012       0.5758     0.9823    

  Epoch  10/30 (norm, 262.7s) | loss=1.4054/1.7893 | AUC-ROC=0.8674  AUC-PR=0.2732  TPR@2%=0.3030
  FPR target   Actual FPR   TPR        Threshold 
  --------------------------------------------
  0.5%         0.0043       0.0909     0.9981    
  1%           0.0118       0.1515     0.9955    
  2%           0.0205       0.3030     0.9933    
  5%           0.0484       0.4848     0.9844    
  10%          0.0990       0.6364     0.9709    

  Epoch  11/30 (norm, 262.9s) | loss=1.3657/1.6981 | AUC-ROC=0.8613  AUC-PR=0.2365  TPR@2%=0.3030
  FPR target   Actual FPR   TPR        Threshold 
  --------------------------------------------
  0.5%         0.0065       0.1212     0.9964    
  1%           0.0129       0.1515     0.9949    
  2%           0.0161       0.3030     0.9928    
  5%           0.0484       0.4848     0.9824    
  10%          0.0969       0.5758     0.9702    

  Epoch  12/30 (norm, 262.7s) | loss=1.2535/1.6549 | AUC-ROC=0.8699  AUC-PR=0.2663  TPR@2%=0.3333 << BEST
  FPR target   Actual FPR   TPR        Threshold 
  --------------------------------------------
  0.5%         0.0065       0.1212     0.9975    
  1%           0.0075       0.1515     0.9969    
  2%           0.0194       0.3333     0.9929    
  5%           0.0484       0.5758     0.9844    
  10%          0.1098       0.6061     0.9671    

  Epoch  13/30 (norm, 262.6s) | loss=1.2548/1.6582 | AUC-ROC=0.8796  AUC-PR=0.2527  TPR@2%=0.2727
  FPR target   Actual FPR   TPR        Threshold 
  --------------------------------------------
  0.5%         0.0054       0.1212     0.9987    
  1%           0.0118       0.1515     0.9969    
  2%           0.0205       0.2727     0.9952    
  5%           0.0506       0.5455     0.9879    
  10%          0.0990       0.6667     0.9722    

  Epoch  14/30 (norm, 262.6s) | loss=1.2132/1.6440 | AUC-ROC=0.8812  AUC-PR=0.2505  TPR@2%=0.2727
  FPR target   Actual FPR   TPR        Threshold 
  --------------------------------------------
  0.5%         0.0054       0.1212     0.9988    
  1%           0.0108       0.1212     0.9974    
  2%           0.0215       0.2727     0.9945    
  5%           0.0506       0.5152     0.9873    
  10%          0.0969       0.6667     0.9727    

  Epoch  15/30 (norm, 262.7s) | loss=1.1689/1.6175 | AUC-ROC=0.8840  AUC-PR=0.2706  TPR@2%=0.3636 << BEST
  FPR target   Actual FPR   TPR        Threshold 
  --------------------------------------------
  0.5%         0.0065       0.1212     0.9988    
  1%           0.0097       0.1818     0.9972    
  2%           0.0205       0.3636     0.9940    
  5%           0.0495       0.5152     0.9883    
  10%          0.1012       0.6364     0.9729    

  Epoch  16/30 (norm, 262.6s) | loss=1.1512/1.4518 | AUC-ROC=0.8857  AUC-PR=0.2617  TPR@2%=0.3333
  FPR target   Actual FPR   TPR        Threshold 
  --------------------------------------------
  0.5%         0.0065       0.1212     0.9986    
  1%           0.0108       0.1818     0.9965    
  2%           0.0194       0.3333     0.9938    
  5%           0.0484       0.4848     0.9851    
  10%          0.1001       0.6364     0.9641    

  Epoch  17/30 (norm, 262.6s) | loss=1.1072/1.4939 | AUC-ROC=0.8857  AUC-PR=0.2659  TPR@2%=0.3333
  FPR target   Actual FPR   TPR        Threshold 
  --------------------------------------------
  0.5%         0.0065       0.1212     0.9990    
  1%           0.0108       0.1818     0.9972    
  2%           0.0194       0.3333     0.9950    
  5%           0.0495       0.5152     0.9859    
  10%          0.0980       0.6970     0.9691    

  Epoch  18/30 (norm, 262.7s) | loss=1.0735/1.5360 | AUC-ROC=0.8887  AUC-PR=0.2750  TPR@2%=0.3030
  FPR target   Actual FPR   TPR        Threshold 
  --------------------------------------------
  0.5%         0.0032       0.1212     0.9993    
  1%           0.0097       0.1818     0.9979    
  2%           0.0205       0.3030     0.9956    
  5%           0.0506       0.5455     0.9887    
  10%          0.0990       0.6970     0.9731    

  Epoch  19/30 (norm, 262.7s) | loss=1.0775/1.4406 | AUC-ROC=0.8865  AUC-PR=0.2712  TPR@2%=0.3333
  FPR target   Actual FPR   TPR        Threshold 
  --------------------------------------------
  0.5%         0.0043       0.1212     0.9993    
  1%           0.0097       0.1818     0.9977    
  2%           0.0161       0.3333     0.9954    
  5%           0.0506       0.5455     0.9862    
  10%          0.1012       0.6970     0.9679    

  Epoch  20/30 (norm, 262.7s) | loss=1.0508/1.3948 | AUC-ROC=0.8925  AUC-PR=0.2871  TPR@2%=0.3636 << BEST
  FPR target   Actual FPR   TPR        Threshold 
  --------------------------------------------
  0.5%         0.0032       0.1212     0.9993    
  1%           0.0086       0.1818     0.9976    
  2%           0.0205       0.3636     0.9943    
  5%           0.0484       0.5455     0.9857    
  10%          0.0990       0.6970     0.9677    

  Epoch  21/30 (norm, 262.7s) | loss=1.0436/1.3855 | AUC-ROC=0.8931  AUC-PR=0.2825  TPR@2%=0.3333
  FPR target   Actual FPR   TPR        Threshold 
  --------------------------------------------
  0.5%         0.0032       0.1212     0.9994    
  1%           0.0097       0.1818     0.9975    
  2%           0.0183       0.3333     0.9953    
  5%           0.0506       0.5455     0.9862    
  10%          0.0936       0.6970     0.9702    

  Epoch  22/30 (norm, 262.6s) | loss=1.0045/1.3981 | AUC-ROC=0.8942  AUC-PR=0.3055  TPR@2%=0.3636 << BEST
  FPR target   Actual FPR   TPR        Threshold 
  --------------------------------------------
  0.5%         0.0065       0.1515     0.9987    
  1%           0.0097       0.2121     0.9973    
  2%           0.0161       0.3636     0.9955    
  5%           0.0506       0.5455     0.9866    
  10%          0.0936       0.6970     0.9711    

  Epoch  23/30 (norm, 262.7s) | loss=1.0095/1.3971 | AUC-ROC=0.8921  AUC-PR=0.2862  TPR@2%=0.3636
  FPR target   Actual FPR   TPR        Threshold 
  --------------------------------------------
  0.5%         0.0032       0.1212     0.9994    
  1%           0.0097       0.1818     0.9979    
  2%           0.0172       0.3636     0.9956    
  5%           0.0517       0.5455     0.9868    
  10%          0.0969       0.6970     0.9696    

  Epoch  24/30 (norm, 262.9s) | loss=1.0160/1.4034 | AUC-ROC=0.8938  AUC-PR=0.2912  TPR@2%=0.3636
  FPR target   Actual FPR   TPR        Threshold 
  --------------------------------------------
  0.5%         0.0032       0.1212     0.9995    
  1%           0.0108       0.2121     0.9973    
  2%           0.0172       0.3636     0.9957    
  5%           0.0506       0.5152     0.9874    
  10%          0.0958       0.6970     0.9713    

  Epoch  25/30 (norm, 262.7s) | loss=0.9867/1.3829 | AUC-ROC=0.8953  AUC-PR=0.3095  TPR@2%=0.3636 << BEST
  FPR target   Actual FPR   TPR        Threshold 
  --------------------------------------------
  0.5%         0.0032       0.1212     0.9995    
  1%           0.0097       0.2121     0.9974    
  2%           0.0226       0.3636     0.9947    
  5%           0.0517       0.5455     0.9868    
  10%          0.1001       0.6970     0.9683    

  Epoch  26/30 (norm, 262.8s) | loss=0.9836/1.4000 | AUC-ROC=0.8952  AUC-PR=0.2948  TPR@2%=0.3636
  FPR target   Actual FPR   TPR        Threshold 
  --------------------------------------------
  0.5%         0.0065       0.1212     0.9989    
  1%           0.0097       0.2121     0.9975    
  2%           0.0183       0.3636     0.9954    
  5%           0.0495       0.5152     0.9878    
  10%          0.1001       0.6970     0.9695    

  Epoch  27/30 (norm, 262.7s) | loss=0.9614/1.4056 | AUC-ROC=0.8961  AUC-PR=0.3104  TPR@2%=0.3636 << BEST
  FPR target   Actual FPR   TPR        Threshold 
  --------------------------------------------
  0.5%         0.0032       0.1212     0.9996    
  1%           0.0097       0.2121     0.9975    
  2%           0.0172       0.3636     0.9959    
  5%           0.0484       0.5455     0.9882    
  10%          0.1001       0.6970     0.9695    

  Epoch  28/30 (norm, 262.7s) | loss=0.9771/1.3411 | AUC-ROC=0.8964  AUC-PR=0.3105  TPR@2%=0.3636 << BEST
  FPR target   Actual FPR   TPR        Threshold 
  --------------------------------------------
  0.5%         0.0032       0.1212     0.9995    
  1%           0.0097       0.2121     0.9972    
  2%           0.0172       0.3636     0.9956    
  5%           0.0474       0.5455     0.9867    
  10%          0.0936       0.6970     0.9690    

  Epoch  29/30 (norm, 262.9s) | loss=0.9776/1.3512 | AUC-ROC=0.8964  AUC-PR=0.2962  TPR@2%=0.3636 << BEST
  FPR target   Actual FPR   TPR        Threshold 
  --------------------------------------------
  0.5%         0.0032       0.1212     0.9995    
  1%           0.0097       0.2121     0.9973    
  2%           0.0161       0.3636     0.9957    
  5%           0.0474       0.5455     0.9868    
  10%          0.0926       0.6970     0.9702    

  Epoch  30/30 (norm, 262.7s) | loss=0.9857/1.3546 | AUC-ROC=0.8965  AUC-PR=0.3118  TPR@2%=0.3636 << BEST
  FPR target   Actual FPR   TPR        Threshold 
  --------------------------------------------
  0.5%         0.0032       0.1212     0.9995    
  1%           0.0097       0.2121     0.9973    
  2%           0.0161       0.3636     0.9957    
  5%           0.0474       0.5455     0.9868    
  10%          0.0915       0.6970     0.9705    

  Best TPR@2%FPR: 0.3636  (AUC-ROC: 0.8965)
  Checkpoint: /root/iris/src/01-dinov3/checkpoints/care_label/vitl16_714_partial_norm_best.pt

  --- Best checkpoint metrics ---
  AUC-ROC: 0.89646736471279
  AUC-PR:  0.31182119575336387
  Target FPR   Actual FPR   TPR        Threshold 
  --------------------------------------------
  0.5%         0.0032       0.1212     0.9995    
  1%           0.0097       0.2121     0.9973    
  2%           0.0161       0.3636     0.9957    
  5%           0.0474       0.5455     0.9868    
  10%          0.0915       0.6970     0.9705    
  Youden best: threshold=0.9392  TPR=0.7879  FPR=0.1421

