
======================================================================
PARTIAL FINETUNE: q
Model: vitl16 @ 714 | Region: care_label
======================================================================
[care_label/train] 9759 labeled rows, 7294 with images
  Authentic (0): 7054  |  Not-authentic (1): 240  |  Ratio: 29.4:1
[care_label/test] 1424 labeled rows, 962 with images
  Authentic (0): 929  |  Not-authentic (1): 33  |  Ratio: 28.2:1
  Train: 7294 (240 pos) | Eval (test): 962 (33 pos)
  pos_weight: 29.4
`torch_dtype` is deprecated! Use `dtype` instead!
Loading weights:   0%|          | 0/415 [00:00<?, ?it/s]Loading weights: 100%|██████████| 415/415 [00:00<00:00, 5485.90it/s]
  Strategy 'q': will unfreeze 25,190,400 / 303,129,600 backbone params (25.19M / 303.1M)

  Epoch   1/30 (frozen, 110.1s) | loss=2.4944/3.0835 | AUC-ROC=0.7667  AUC-PR=0.1048  TPR@2%=0.0909 << BEST
  FPR target   Actual FPR   TPR        Threshold 
  --------------------------------------------
  0.5%         0.0054       0.0303     0.9869    
  1%           0.0097       0.0303     0.9862    
  2%           0.0194       0.0909     0.9840    
  5%           0.0474       0.2424     0.9797    
  10%          0.0980       0.3939     0.9759    

  Epoch   2/30 (frozen, 112.9s) | loss=1.9724/2.7327 | AUC-ROC=0.8289  AUC-PR=0.1742  TPR@2%=0.1818 << BEST
  FPR target   Actual FPR   TPR        Threshold 
  --------------------------------------------
  0.5%         0.0054       0.0606     0.9889    
  1%           0.0118       0.1212     0.9863    
  2%           0.0183       0.1818     0.9849    
  5%           0.0441       0.3333     0.9797    
  10%          0.1001       0.4848     0.9732    

  Epoch   3/30 (frozen, 109.4s) | loss=1.8790/2.4035 | AUC-ROC=0.8487  AUC-PR=0.2445  TPR@2%=0.2727 << BEST
  FPR target   Actual FPR   TPR        Threshold 
  --------------------------------------------
  0.5%         0.0054       0.1212     0.9881    
  1%           0.0097       0.1818     0.9871    
  2%           0.0205       0.2727     0.9846    
  5%           0.0495       0.3333     0.9758    
  10%          0.0990       0.6061     0.9669    

  Epoch   4/30 (frozen, 109.4s) | loss=1.7882/2.6653 | AUC-ROC=0.8498  AUC-PR=0.2970  TPR@2%=0.2727 << BEST
  FPR target   Actual FPR   TPR        Threshold 
  --------------------------------------------
  0.5%         0.0054       0.2424     0.9927    
  1%           0.0118       0.2727     0.9915    
  2%           0.0215       0.2727     0.9890    
  5%           0.0527       0.3939     0.9846    
  10%          0.1033       0.5455     0.9795    

  Epoch   5/30 (frozen, 109.3s) | loss=1.7143/2.3639 | AUC-ROC=0.8594  AUC-PR=0.2594  TPR@2%=0.2727 << BEST
  FPR target   Actual FPR   TPR        Threshold 
  --------------------------------------------
  0.5%         0.0075       0.1515     0.9919    
  1%           0.0118       0.2121     0.9909    
  2%           0.0183       0.2727     0.9889    
  5%           0.0484       0.4545     0.9823    
  10%          0.0969       0.6061     0.9748    

  >> Unfreezing 'q' components at epoch 6
  >> Actually unfrozen: 25,190,400 params (25.19M)

  Epoch   6/30 (q, 260.6s) | loss=1.5638/2.2286 | AUC-ROC=0.8721  AUC-PR=0.2575  TPR@2%=0.2424
  FPR target   Actual FPR   TPR        Threshold 
  --------------------------------------------
  0.5%         0.0043       0.1212     0.9974    
  1%           0.0108       0.1515     0.9962    
  2%           0.0183       0.2424     0.9952    
  5%           0.0474       0.5152     0.9894    
  10%          0.1012       0.6061     0.9812    

  Epoch   7/30 (q, 260.6s) | loss=1.3014/1.8395 | AUC-ROC=0.8743  AUC-PR=0.2526  TPR@2%=0.2424
  FPR target   Actual FPR   TPR        Threshold 
  --------------------------------------------
  0.5%         0.0043       0.1212     0.9982    
  1%           0.0140       0.2121     0.9973    
  2%           0.0161       0.2424     0.9966    
  5%           0.0484       0.4848     0.9907    
  10%          0.0926       0.6667     0.9774    

  Epoch   8/30 (q, 260.6s) | loss=1.0142/1.3505 | AUC-ROC=0.9020  AUC-PR=0.3035  TPR@2%=0.3333 << BEST
  FPR target   Actual FPR   TPR        Threshold 
  --------------------------------------------
  0.5%         0.0054       0.1212     0.9987    
  1%           0.0097       0.2121     0.9979    
  2%           0.0205       0.3333     0.9955    
  5%           0.0517       0.5758     0.9873    
  10%          0.1012       0.6970     0.9614    

  Epoch   9/30 (q, 260.8s) | loss=0.8021/1.2630 | AUC-ROC=0.9027  AUC-PR=0.2823  TPR@2%=0.3030
  FPR target   Actual FPR   TPR        Threshold 
  --------------------------------------------
  0.5%         0.0043       0.0606     0.9996    
  1%           0.0097       0.1818     0.9990    
  2%           0.0194       0.3030     0.9977    
  5%           0.0495       0.5758     0.9906    
  10%          0.0969       0.6970     0.9602    

  Epoch  10/30 (q, 260.3s) | loss=0.6368/0.9612 | AUC-ROC=0.9105  AUC-PR=0.2914  TPR@2%=0.3636 << BEST
  FPR target   Actual FPR   TPR        Threshold 
  --------------------------------------------
  0.5%         0.0043       0.0606     0.9995    
  1%           0.0097       0.1212     0.9987    
  2%           0.0205       0.3636     0.9953    
  5%           0.0441       0.6364     0.9824    
  10%          0.0969       0.7576     0.9189    

  Epoch  11/30 (q, 260.2s) | loss=0.5154/0.8779 | AUC-ROC=0.9158  AUC-PR=0.3031  TPR@2%=0.3333
  FPR target   Actual FPR   TPR        Threshold 
  --------------------------------------------
  0.5%         0.0043       0.0606     0.9994    
  1%           0.0108       0.1818     0.9980    
  2%           0.0194       0.3333     0.9956    
  5%           0.0441       0.6364     0.9774    
  10%          0.1076       0.7576     0.8163    

  Epoch  12/30 (q, 260.1s) | loss=0.3907/0.8580 | AUC-ROC=0.9194  AUC-PR=0.3326  TPR@2%=0.5152 << BEST
  FPR target   Actual FPR   TPR        Threshold 
  --------------------------------------------
  0.5%         0.0043       0.0606     0.9994    
  1%           0.0097       0.2121     0.9979    
  2%           0.0215       0.5152     0.9898    
  5%           0.0592       0.6667     0.9305    
  10%          0.1119       0.7879     0.6925    

  Epoch  13/30 (q, 260.0s) | loss=0.3324/0.8947 | AUC-ROC=0.9213  AUC-PR=0.3500  TPR@2%=0.4848
  FPR target   Actual FPR   TPR        Threshold 
  --------------------------------------------
  0.5%         0.0054       0.1212     0.9993    
  1%           0.0097       0.1818     0.9987    
  2%           0.0205       0.4848     0.9939    
  5%           0.0506       0.6667     0.9480    
  10%          0.1012       0.7879     0.7324    

  Epoch  14/30 (q, 260.0s) | loss=0.2707/0.9142 | AUC-ROC=0.9203  AUC-PR=0.3407  TPR@2%=0.4545
  FPR target   Actual FPR   TPR        Threshold 
  --------------------------------------------
  0.5%         0.0054       0.1212     0.9995    
  1%           0.0097       0.2121     0.9991    
  2%           0.0205       0.4545     0.9950    
  5%           0.0538       0.6970     0.9415    
  10%          0.1033       0.7879     0.7742    

  Epoch  15/30 (q, 259.9s) | loss=0.2296/0.9662 | AUC-ROC=0.9258  AUC-PR=0.3758  TPR@2%=0.4848
  FPR target   Actual FPR   TPR        Threshold 
  --------------------------------------------
  0.5%         0.0043       0.1212     0.9992    
  1%           0.0108       0.2424     0.9972    
  2%           0.0183       0.4848     0.9913    
  5%           0.0463       0.6970     0.9071    
  10%          0.1023       0.7879     0.5296    

  Epoch  16/30 (q, 259.8s) | loss=0.2032/1.0360 | AUC-ROC=0.9258  AUC-PR=0.3752  TPR@2%=0.5152 << BEST
  FPR target   Actual FPR   TPR        Threshold 
  --------------------------------------------
  0.5%         0.0043       0.1212     0.9989    
  1%           0.0108       0.3030     0.9960    
  2%           0.0205       0.5152     0.9820    
  5%           0.0474       0.6970     0.8620    
  10%          0.1033       0.7879     0.4223    

  Epoch  17/30 (q, 259.7s) | loss=0.1681/1.0080 | AUC-ROC=0.9284  AUC-PR=0.4275  TPR@2%=0.5455 << BEST
  FPR target   Actual FPR   TPR        Threshold 
  --------------------------------------------
  0.5%         0.0054       0.2424     0.9987    
  1%           0.0108       0.3939     0.9968    
  2%           0.0226       0.5455     0.9868    
  5%           0.0517       0.7273     0.8652    
  10%          0.0926       0.7879     0.5749    

  Epoch  18/30 (q, 259.8s) | loss=0.1550/1.0812 | AUC-ROC=0.9289  AUC-PR=0.4538  TPR@2%=0.5152
  FPR target   Actual FPR   TPR        Threshold 
  --------------------------------------------
  0.5%         0.0043       0.2121     0.9990    
  1%           0.0097       0.3939     0.9974    
  2%           0.0194       0.5152     0.9878    
  5%           0.0452       0.7273     0.8667    
  10%          0.1001       0.7879     0.4033    

  Epoch  19/30 (q, 259.8s) | loss=0.1464/1.1547 | AUC-ROC=0.9265  AUC-PR=0.4485  TPR@2%=0.4848
  FPR target   Actual FPR   TPR        Threshold 
  --------------------------------------------
  0.5%         0.0054       0.2727     0.9981    
  1%           0.0086       0.3636     0.9978    
  2%           0.0194       0.4848     0.9879    
  5%           0.0484       0.7273     0.8463    
  10%          0.0915       0.7879     0.4467    

  Epoch  20/30 (q, 259.6s) | loss=0.1254/1.2582 | AUC-ROC=0.9262  AUC-PR=0.4426  TPR@2%=0.5152
  FPR target   Actual FPR   TPR        Threshold 
  --------------------------------------------
  0.5%         0.0043       0.2121     0.9988    
  1%           0.0097       0.3939     0.9942    
  2%           0.0215       0.5152     0.9761    
  5%           0.0420       0.7273     0.8253    
  10%          0.0926       0.7879     0.2986    

  Epoch  21/30 (q, 259.6s) | loss=0.1285/1.3177 | AUC-ROC=0.9271  AUC-PR=0.4706  TPR@2%=0.5152
  FPR target   Actual FPR   TPR        Threshold 
  --------------------------------------------
  0.5%         0.0054       0.3030     0.9974    
  1%           0.0086       0.3636     0.9964    
  2%           0.0215       0.5152     0.9761    
  5%           0.0549       0.7576     0.6251    
  10%          0.0958       0.7879     0.2178    

  Epoch  22/30 (q, 259.5s) | loss=0.1031/1.2731 | AUC-ROC=0.9289  AUC-PR=0.4917  TPR@2%=0.5455 << BEST
  FPR target   Actual FPR   TPR        Threshold 
  --------------------------------------------
  0.5%         0.0054       0.3333     0.9980    
  1%           0.0097       0.4242     0.9944    
  2%           0.0226       0.5455     0.9789    
  5%           0.0506       0.7576     0.7310    
  10%          0.0904       0.7879     0.3028    

  Epoch  23/30 (q, 259.5s) | loss=0.1152/1.3167 | AUC-ROC=0.9296  AUC-PR=0.4892  TPR@2%=0.5455 << BEST
  FPR target   Actual FPR   TPR        Threshold 
  --------------------------------------------
  0.5%         0.0043       0.3030     0.9978    
  1%           0.0108       0.4848     0.9878    
  2%           0.0183       0.5455     0.9762    
  5%           0.0474       0.7576     0.6917    
  10%          0.0872       0.7879     0.2578    

  Epoch  24/30 (q, 259.5s) | loss=0.1032/1.3229 | AUC-ROC=0.9289  AUC-PR=0.4894  TPR@2%=0.5455
  FPR target   Actual FPR   TPR        Threshold 
  --------------------------------------------
  0.5%         0.0054       0.3030     0.9980    
  1%           0.0097       0.4242     0.9941    
  2%           0.0183       0.5455     0.9792    
  5%           0.0484       0.7576     0.7033    
  10%          0.0883       0.7879     0.2805    

  Epoch  25/30 (q, 259.4s) | loss=0.0865/1.3439 | AUC-ROC=0.9289  AUC-PR=0.4873  TPR@2%=0.5455
  FPR target   Actual FPR   TPR        Threshold 
  --------------------------------------------
  0.5%         0.0054       0.3030     0.9979    
  1%           0.0108       0.4848     0.9889    
  2%           0.0183       0.5455     0.9743    
  5%           0.0463       0.7576     0.6992    
  10%          0.0872       0.7879     0.2692    

  Epoch  26/30 (q, 259.4s) | loss=0.0927/1.3615 | AUC-ROC=0.9288  AUC-PR=0.4763  TPR@2%=0.5455
  FPR target   Actual FPR   TPR        Threshold 
  --------------------------------------------
  0.5%         0.0054       0.3030     0.9980    
  1%           0.0108       0.4545     0.9903    
  2%           0.0215       0.5455     0.9724    
  5%           0.0474       0.7576     0.6989    
  10%          0.0904       0.7879     0.2576    

  Epoch  27/30 (q, 259.3s) | loss=0.0869/1.3530 | AUC-ROC=0.9287  AUC-PR=0.4936  TPR@2%=0.5455
  FPR target   Actual FPR   TPR        Threshold 
  --------------------------------------------
  0.5%         0.0054       0.3030     0.9981    
  1%           0.0108       0.4545     0.9907    
  2%           0.0194       0.5455     0.9775    
  5%           0.0484       0.7576     0.7050    
  10%          0.0904       0.7879     0.2686    

  Epoch  28/30 (q, 259.5s) | loss=0.0942/1.3870 | AUC-ROC=0.9289  AUC-PR=0.4926  TPR@2%=0.5455
  FPR target   Actual FPR   TPR        Threshold 
  --------------------------------------------
  0.5%         0.0054       0.3030     0.9978    
  1%           0.0108       0.4848     0.9888    
  2%           0.0172       0.5455     0.9736    
  5%           0.0474       0.7576     0.6695    
  10%          0.0904       0.7879     0.2273    

  Epoch  29/30 (q, 259.7s) | loss=0.0914/1.3930 | AUC-ROC=0.9288  AUC-PR=0.4927  TPR@2%=0.5455
  FPR target   Actual FPR   TPR        Threshold 
  --------------------------------------------
  0.5%         0.0054       0.3030     0.9978    
  1%           0.0108       0.4848     0.9887    
  2%           0.0172       0.5455     0.9742    
  5%           0.0463       0.7576     0.6689    
  10%          0.0904       0.7879     0.2217    

  Epoch  30/30 (q, 259.3s) | loss=0.0928/1.3947 | AUC-ROC=0.9287  AUC-PR=0.4923  TPR@2%=0.5455
  FPR target   Actual FPR   TPR        Threshold 
  --------------------------------------------
  0.5%         0.0054       0.3030     0.9977    
  1%           0.0108       0.4848     0.9887    
  2%           0.0172       0.5455     0.9739    
  5%           0.0474       0.7576     0.6678    
  10%          0.0904       0.7879     0.2210    

  Early stopping at epoch 30 (patience=7)

  Best TPR@2%FPR: 0.5455  (AUC-ROC: 0.9296)
  Checkpoint: /root/iris/src/01-dinov3/checkpoints/care_label/vitl16_714_partial_q_best.pt

  --- Best checkpoint metrics ---
  AUC-ROC: 0.9295756270998466
  AUC-PR:  0.48917512993038054
  Target FPR   Actual FPR   TPR        Threshold 
  --------------------------------------------
  0.5%         0.0043       0.3030     0.9978    
  1%           0.0108       0.4848     0.9878    
  2%           0.0183       0.5455     0.9762    
  5%           0.0474       0.7576     0.6917    
  10%          0.0872       0.7879     0.2578    
  Youden best: threshold=0.0324  TPR=0.9091  FPR=0.1593

