
======================================================================
PARTIAL FINETUNE: qv
Model: vitl16 @ 714 | Region: care_label
======================================================================
[care_label/train] 9759 labeled rows, 7294 with images
  Authentic (0): 7054  |  Not-authentic (1): 240  |  Ratio: 29.4:1
[care_label/test] 1424 labeled rows, 962 with images
  Authentic (0): 929  |  Not-authentic (1): 33  |  Ratio: 28.2:1
  Train: 7294 (240 pos) | Eval (test): 962 (33 pos)
  pos_weight: 29.4
`torch_dtype` is deprecated! Use `dtype` instead!
Loading weights:   0%|          | 0/415 [00:00<?, ?it/s]Loading weights: 100%|██████████| 415/415 [00:00<00:00, 5302.52it/s]
  Strategy 'qv': will unfreeze 50,380,800 / 303,129,600 backbone params (50.38M / 303.1M)

  Epoch   1/30 (frozen, 110.4s) | loss=2.4944/3.0835 | AUC-ROC=0.7667  AUC-PR=0.1048  TPR@2%=0.0909 << BEST
  FPR target   Actual FPR   TPR        Threshold 
  --------------------------------------------
  0.5%         0.0054       0.0303     0.9869    
  1%           0.0097       0.0303     0.9862    
  2%           0.0194       0.0909     0.9840    
  5%           0.0474       0.2424     0.9797    
  10%          0.0980       0.3939     0.9759    

  Epoch   2/30 (frozen, 109.6s) | loss=1.9724/2.7327 | AUC-ROC=0.8289  AUC-PR=0.1742  TPR@2%=0.1818 << BEST
  FPR target   Actual FPR   TPR        Threshold 
  --------------------------------------------
  0.5%         0.0054       0.0606     0.9889    
  1%           0.0118       0.1212     0.9863    
  2%           0.0183       0.1818     0.9849    
  5%           0.0441       0.3333     0.9797    
  10%          0.1001       0.4848     0.9732    

  Epoch   3/30 (frozen, 109.3s) | loss=1.8790/2.4035 | AUC-ROC=0.8487  AUC-PR=0.2445  TPR@2%=0.2727 << BEST
  FPR target   Actual FPR   TPR        Threshold 
  --------------------------------------------
  0.5%         0.0054       0.1212     0.9881    
  1%           0.0097       0.1818     0.9871    
  2%           0.0205       0.2727     0.9846    
  5%           0.0495       0.3333     0.9758    
  10%          0.0990       0.6061     0.9669    

  Epoch   4/30 (frozen, 109.5s) | loss=1.7882/2.6653 | AUC-ROC=0.8498  AUC-PR=0.2970  TPR@2%=0.2727 << BEST
  FPR target   Actual FPR   TPR        Threshold 
  --------------------------------------------
  0.5%         0.0054       0.2424     0.9927    
  1%           0.0118       0.2727     0.9915    
  2%           0.0215       0.2727     0.9890    
  5%           0.0527       0.3939     0.9846    
  10%          0.1033       0.5455     0.9795    

  Epoch   5/30 (frozen, 110.0s) | loss=1.7143/2.3639 | AUC-ROC=0.8594  AUC-PR=0.2594  TPR@2%=0.2727 << BEST
  FPR target   Actual FPR   TPR        Threshold 
  --------------------------------------------
  0.5%         0.0075       0.1515     0.9919    
  1%           0.0118       0.2121     0.9909    
  2%           0.0183       0.2727     0.9889    
  5%           0.0484       0.4545     0.9823    
  10%          0.0969       0.6061     0.9748    

  >> Unfreezing 'qv' components at epoch 6
  >> Actually unfrozen: 50,380,800 params (50.38M)

  Epoch   6/30 (qv, 264.1s) | loss=1.3770/1.6842 | AUC-ROC=0.8865  AUC-PR=0.3245  TPR@2%=0.3636 << BEST
  FPR target   Actual FPR   TPR        Threshold 
  --------------------------------------------
  0.5%         0.0065       0.2121     0.9975    
  1%           0.0108       0.2424     0.9967    
  2%           0.0205       0.3636     0.9953    
  5%           0.0506       0.5152     0.9882    
  10%          0.0958       0.6667     0.9768    

  Epoch   7/30 (qv, 264.0s) | loss=0.7780/1.1822 | AUC-ROC=0.8877  AUC-PR=0.3321  TPR@2%=0.3636 << BEST
  FPR target   Actual FPR   TPR        Threshold 
  --------------------------------------------
  0.5%         0.0065       0.1515     0.9988    
  1%           0.0097       0.2121     0.9984    
  2%           0.0215       0.3636     0.9968    
  5%           0.0506       0.4848     0.9869    
  10%          0.0936       0.6061     0.9520    

  Epoch   8/30 (qv, 263.6s) | loss=0.3841/0.9932 | AUC-ROC=0.9089  AUC-PR=0.3996  TPR@2%=0.4545 << BEST
  FPR target   Actual FPR   TPR        Threshold 
  --------------------------------------------
  0.5%         0.0054       0.2121     0.9986    
  1%           0.0097       0.3333     0.9958    
  2%           0.0205       0.4545     0.9908    
  5%           0.0463       0.5152     0.9504    
  10%          0.1119       0.7273     0.6765    

  Epoch   9/30 (qv, 263.5s) | loss=0.2303/1.1977 | AUC-ROC=0.9094  AUC-PR=0.4642  TPR@2%=0.5455 << BEST
  FPR target   Actual FPR   TPR        Threshold 
  --------------------------------------------
  0.5%         0.0043       0.2424     0.9990    
  1%           0.0108       0.3939     0.9956    
  2%           0.0205       0.5455     0.9837    
  5%           0.0495       0.5758     0.9088    
  10%          0.0990       0.8182     0.5959    

  Epoch  10/30 (qv, 263.2s) | loss=0.1726/1.4588 | AUC-ROC=0.9163  AUC-PR=0.4742  TPR@2%=0.5455 << BEST
  FPR target   Actual FPR   TPR        Threshold 
  --------------------------------------------
  0.5%         0.0054       0.2424     0.9957    
  1%           0.0097       0.3636     0.9891    
  2%           0.0205       0.5455     0.9373    
  5%           0.0420       0.6061     0.7722    
  10%          0.0969       0.8182     0.2270    
