
======================================================================
PARTIAL FINETUNE: qv_last4
Model: vitl16 @ 714 | Region: care_label
======================================================================
[care_label/train] 9759 labeled rows, 7294 with images
  Authentic (0): 7054  |  Not-authentic (1): 240  |  Ratio: 29.4:1
[care_label/test] 1424 labeled rows, 962 with images
  Authentic (0): 929  |  Not-authentic (1): 33  |  Ratio: 28.2:1
  Train: 7294 (240 pos) | Eval (test): 962 (33 pos)
  pos_weight: 29.4
`torch_dtype` is deprecated! Use `dtype` instead!
Loading weights:   0%|          | 0/415 [00:00<?, ?it/s]Loading weights: 100%|██████████| 415/415 [00:00<00:00, 5044.18it/s]
  Strategy 'qv_last4': will unfreeze 8,396,800 / 303,129,600 backbone params (8.40M / 303.1M)

  Epoch   1/30 (frozen, 110.1s) | loss=2.4944/3.0835 | AUC-ROC=0.7667  AUC-PR=0.1048  TPR@2%=0.0909 << BEST
  FPR target   Actual FPR   TPR        Threshold 
  --------------------------------------------
  0.5%         0.0054       0.0303     0.9869    
  1%           0.0097       0.0303     0.9862    
  2%           0.0194       0.0909     0.9840    
  5%           0.0474       0.2424     0.9797    
  10%          0.0980       0.3939     0.9759    

  Epoch   2/30 (frozen, 109.5s) | loss=1.9724/2.7327 | AUC-ROC=0.8289  AUC-PR=0.1742  TPR@2%=0.1818 << BEST
  FPR target   Actual FPR   TPR        Threshold 
  --------------------------------------------
  0.5%         0.0054       0.0606     0.9889    
  1%           0.0118       0.1212     0.9863    
  2%           0.0183       0.1818     0.9849    
  5%           0.0441       0.3333     0.9797    
  10%          0.1001       0.4848     0.9732    

  Epoch   3/30 (frozen, 109.3s) | loss=1.8790/2.4035 | AUC-ROC=0.8487  AUC-PR=0.2445  TPR@2%=0.2727 << BEST
  FPR target   Actual FPR   TPR        Threshold 
  --------------------------------------------
  0.5%         0.0054       0.1212     0.9881    
  1%           0.0097       0.1818     0.9871    
  2%           0.0205       0.2727     0.9846    
  5%           0.0495       0.3333     0.9758    
  10%          0.0990       0.6061     0.9669    

  Epoch   4/30 (frozen, 109.7s) | loss=1.7882/2.6653 | AUC-ROC=0.8498  AUC-PR=0.2970  TPR@2%=0.2727 << BEST
  FPR target   Actual FPR   TPR        Threshold 
  --------------------------------------------
  0.5%         0.0054       0.2424     0.9927    
  1%           0.0118       0.2727     0.9915    
  2%           0.0215       0.2727     0.9890    
  5%           0.0527       0.3939     0.9846    
  10%          0.1033       0.5455     0.9795    

  Epoch   5/30 (frozen, 109.4s) | loss=1.7143/2.3639 | AUC-ROC=0.8594  AUC-PR=0.2594  TPR@2%=0.2727 << BEST
  FPR target   Actual FPR   TPR        Threshold 
  --------------------------------------------
  0.5%         0.0075       0.1515     0.9919    
  1%           0.0118       0.2121     0.9909    
  2%           0.0183       0.2727     0.9889    
  5%           0.0484       0.4545     0.9823    
  10%          0.0969       0.6061     0.9748    

  >> Unfreezing 'qv_last4' components at epoch 6
  >> Actually unfrozen: 8,396,800 params (8.40M)

  Epoch   6/30 (qv_last4, 133.8s) | loss=1.5552/2.1406 | AUC-ROC=0.8727  AUC-PR=0.2470  TPR@2%=0.2424
  FPR target   Actual FPR   TPR        Threshold 
  --------------------------------------------
  0.5%         0.0043       0.1515     0.9973    
  1%           0.0118       0.1515     0.9966    
  2%           0.0194       0.2424     0.9951    
  5%           0.0517       0.5152     0.9890    
  10%          0.0990       0.5758     0.9822    

  Epoch   7/30 (qv_last4, 133.7s) | loss=1.2820/1.7324 | AUC-ROC=0.8799  AUC-PR=0.2546  TPR@2%=0.3030 << BEST
  FPR target   Actual FPR   TPR        Threshold 
  --------------------------------------------
  0.5%         0.0043       0.1212     0.9989    
  1%           0.0086       0.1818     0.9983    
  2%           0.0194       0.3030     0.9969    
  5%           0.0495       0.4545     0.9927    
  10%          0.1012       0.6364     0.9778    

  Epoch   8/30 (qv_last4, 133.7s) | loss=0.9872/1.0952 | AUC-ROC=0.9075  AUC-PR=0.3118  TPR@2%=0.3636 << BEST
  FPR target   Actual FPR   TPR        Threshold 
  --------------------------------------------
  0.5%         0.0054       0.1818     0.9983    
  1%           0.0118       0.2727     0.9963    
  2%           0.0205       0.3636     0.9940    
  5%           0.0484       0.5455     0.9814    
  10%          0.0936       0.7576     0.9483    

  Epoch   9/30 (qv_last4, 133.8s) | loss=0.7714/0.9503 | AUC-ROC=0.9091  AUC-PR=0.2894  TPR@2%=0.3030
  FPR target   Actual FPR   TPR        Threshold 
  --------------------------------------------
  0.5%         0.0043       0.1212     0.9992    
  1%           0.0086       0.1818     0.9986    
  2%           0.0205       0.3030     0.9950    
  5%           0.0431       0.5758     0.9812    
  10%          0.1012       0.8182     0.9055    

  Epoch  10/30 (qv_last4, 133.8s) | loss=0.6116/0.9263 | AUC-ROC=0.9122  AUC-PR=0.2845  TPR@2%=0.3030
  FPR target   Actual FPR   TPR        Threshold 
  --------------------------------------------
  0.5%         0.0043       0.1212     0.9995    
  1%           0.0097       0.1515     0.9987    
  2%           0.0205       0.3030     0.9963    
  5%           0.0452       0.5455     0.9809    
  10%          0.1012       0.7576     0.9132    

  Epoch  11/30 (qv_last4, 133.8s) | loss=0.5064/0.7987 | AUC-ROC=0.9200  AUC-PR=0.3304  TPR@2%=0.3939 << BEST
  FPR target   Actual FPR   TPR        Threshold 
  --------------------------------------------
  0.5%         0.0054       0.2121     0.9975    
  1%           0.0140       0.3030     0.9948    
  2%           0.0205       0.3939     0.9892    
  5%           0.0495       0.5455     0.9417    
  10%          0.1001       0.7879     0.7398    

  Epoch  12/30 (qv_last4, 133.8s) | loss=0.3727/0.8385 | AUC-ROC=0.9195  AUC-PR=0.3397  TPR@2%=0.4242 << BEST
  FPR target   Actual FPR   TPR        Threshold 
  --------------------------------------------
  0.5%         0.0043       0.1818     0.9989    
  1%           0.0086       0.3030     0.9973    
  2%           0.0215       0.4242     0.9917    
  5%           0.0506       0.5758     0.9556    
  10%          0.0947       0.8182     0.7848    

  Epoch  13/30 (qv_last4, 133.9s) | loss=0.3201/0.9744 | AUC-ROC=0.9198  AUC-PR=0.3648  TPR@2%=0.4545 << BEST
  FPR target   Actual FPR   TPR        Threshold 
  --------------------------------------------
  0.5%         0.0054       0.2727     0.9962    
  1%           0.0097       0.2727     0.9951    
  2%           0.0194       0.4545     0.9828    
  5%           0.0592       0.6061     0.8317    
  10%          0.0958       0.7576     0.5466    

  Epoch  14/30 (qv_last4, 133.7s) | loss=0.2630/0.8948 | AUC-ROC=0.9204  AUC-PR=0.3479  TPR@2%=0.4242
  FPR target   Actual FPR   TPR        Threshold 
  --------------------------------------------
  0.5%         0.0054       0.1818     0.9992    
  1%           0.0108       0.3030     0.9981    
  2%           0.0205       0.4242     0.9944    
  5%           0.0463       0.6061     0.9566    
  10%          0.1001       0.7576     0.7478    

  Epoch  15/30 (qv_last4, 133.8s) | loss=0.2318/1.0942 | AUC-ROC=0.9236  AUC-PR=0.3885  TPR@2%=0.4242
  FPR target   Actual FPR   TPR        Threshold 
  --------------------------------------------
  0.5%         0.0032       0.2424     0.9982    
  1%           0.0097       0.3333     0.9927    
  2%           0.0183       0.4242     0.9819    
  5%           0.0452       0.6061     0.8763    
  10%          0.1044       0.7879     0.3340    

  Epoch  16/30 (qv_last4, 133.7s) | loss=0.2057/1.0875 | AUC-ROC=0.9223  AUC-PR=0.3885  TPR@2%=0.4545 << BEST
  FPR target   Actual FPR   TPR        Threshold 
  --------------------------------------------
  0.5%         0.0054       0.2727     0.9961    
  1%           0.0086       0.3030     0.9954    
  2%           0.0194       0.4545     0.9828    
  5%           0.0431       0.6061     0.8727    
  10%          0.1066       0.7576     0.3735    

  Epoch  17/30 (qv_last4, 133.6s) | loss=0.1656/1.1376 | AUC-ROC=0.9271  AUC-PR=0.4125  TPR@2%=0.4545 << BEST
  FPR target   Actual FPR   TPR        Threshold 
  --------------------------------------------
  0.5%         0.0032       0.2424     0.9981    
  1%           0.0097       0.3333     0.9925    
  2%           0.0205       0.4545     0.9799    
  5%           0.0495       0.6061     0.8047    
  10%          0.1087       0.7879     0.2557    

  Epoch  18/30 (qv_last4, 133.8s) | loss=0.1574/1.1978 | AUC-ROC=0.9259  AUC-PR=0.4516  TPR@2%=0.4848 << BEST
  FPR target   Actual FPR   TPR        Threshold 
  --------------------------------------------
  0.5%         0.0065       0.3030     0.9969    
  1%           0.0097       0.3333     0.9952    
  2%           0.0183       0.4848     0.9789    
  5%           0.0355       0.6061     0.8793    
  10%          0.0990       0.7576     0.3503    

  Epoch  19/30 (qv_last4, 133.6s) | loss=0.1497/1.4548 | AUC-ROC=0.9205  AUC-PR=0.4786  TPR@2%=0.4848
  FPR target   Actual FPR   TPR        Threshold 
  --------------------------------------------
  0.5%         0.0022       0.3030     0.9971    
  1%           0.0097       0.3333     0.9911    
  2%           0.0205       0.4848     0.9576    
  5%           0.0463       0.6061     0.7009    
  10%          0.1076       0.7879     0.1428    

  Epoch  20/30 (qv_last4, 133.7s) | loss=0.1196/1.3032 | AUC-ROC=0.9224  AUC-PR=0.4513  TPR@2%=0.4545
  FPR target   Actual FPR   TPR        Threshold 
  --------------------------------------------
  0.5%         0.0065       0.3030     0.9970    
  1%           0.0108       0.3939     0.9911    
  2%           0.0194       0.4545     0.9802    
  5%           0.0431       0.6061     0.8146    
  10%          0.0990       0.7576     0.2693    

  Epoch  21/30 (qv_last4, 133.7s) | loss=0.1254/1.6603 | AUC-ROC=0.9222  AUC-PR=0.4715  TPR@2%=0.5152 << BEST
  FPR target   Actual FPR   TPR        Threshold 
  --------------------------------------------
  0.5%         0.0022       0.3030     0.9964    
  1%           0.0097       0.3636     0.9776    
  2%           0.0258       0.5152     0.8914    
  5%           0.0527       0.6364     0.4959    
  10%          0.0990       0.7576     0.1284    

  Epoch  22/30 (qv_last4, 133.7s) | loss=0.1039/1.3812 | AUC-ROC=0.9250  AUC-PR=0.4796  TPR@2%=0.5758 << BEST
  FPR target   Actual FPR   TPR        Threshold 
  --------------------------------------------
  0.5%         0.0032       0.3333     0.9977    
  1%           0.0108       0.4242     0.9877    
  2%           0.0194       0.5758     0.9625    
  5%           0.0581       0.6364     0.6501    
  10%          0.1055       0.7879     0.1971    

  Epoch  23/30 (qv_last4, 133.6s) | loss=0.1106/1.5024 | AUC-ROC=0.9223  AUC-PR=0.4612  TPR@2%=0.4848
  FPR target   Actual FPR   TPR        Threshold 
  --------------------------------------------
  0.5%         0.0032       0.3333     0.9960    
  1%           0.0118       0.3939     0.9830    
  2%           0.0205       0.4848     0.9563    
  5%           0.0463       0.6061     0.7088    
  10%          0.1044       0.7576     0.1637    

  Epoch  24/30 (qv_last4, 133.6s) | loss=0.1126/1.5914 | AUC-ROC=0.9211  AUC-PR=0.4678  TPR@2%=0.5455
  FPR target   Actual FPR   TPR        Threshold 
  --------------------------------------------
  0.5%         0.0032       0.3333     0.9953    
  1%           0.0108       0.3939     0.9817    
  2%           0.0205       0.5455     0.9430    
  5%           0.0409       0.6061     0.7151    
  10%          0.0969       0.7273     0.1971    

  Epoch  25/30 (qv_last4, 133.6s) | loss=0.0868/1.6206 | AUC-ROC=0.9227  AUC-PR=0.4844  TPR@2%=0.5455
  FPR target   Actual FPR   TPR        Threshold 
  --------------------------------------------
  0.5%         0.0032       0.3333     0.9954    
  1%           0.0097       0.3939     0.9779    
  2%           0.0205       0.5455     0.9390    
  5%           0.0420       0.6061     0.6947    
  10%          0.0990       0.7576     0.1529    

  Epoch  26/30 (qv_last4, 133.7s) | loss=0.0959/1.5751 | AUC-ROC=0.9213  AUC-PR=0.4908  TPR@2%=0.5758
  FPR target   Actual FPR   TPR        Threshold 
  --------------------------------------------
  0.5%         0.0032       0.3333     0.9973    
  1%           0.0118       0.4242     0.9833    
  2%           0.0215       0.5758     0.9453    
  5%           0.0463       0.6061     0.7243    
  10%          0.0969       0.7576     0.2083    

  Epoch  27/30 (qv_last4, 133.7s) | loss=0.0861/1.6737 | AUC-ROC=0.9216  AUC-PR=0.4906  TPR@2%=0.5152
  FPR target   Actual FPR   TPR        Threshold 
  --------------------------------------------
  0.5%         0.0032       0.3333     0.9955    
  1%           0.0097       0.3939     0.9809    
  2%           0.0205       0.5152     0.9386    
  5%           0.0571       0.6364     0.4851    
  10%          0.1033       0.7576     0.1084    

  Epoch  28/30 (qv_last4, 226.3s) | loss=0.0981/1.6893 | AUC-ROC=0.9215  AUC-PR=0.4829  TPR@2%=0.5455
  FPR target   Actual FPR   TPR        Threshold 
  --------------------------------------------
  0.5%         0.0032       0.3333     0.9953    
  1%           0.0097       0.3939     0.9804    
  2%           0.0205       0.5455     0.9255    
  5%           0.0571       0.6364     0.4672    
  10%          0.1033       0.7879     0.0977    

  Epoch  29/30 (qv_last4, 310.6s) | loss=0.0870/1.7328 | AUC-ROC=0.9215  AUC-PR=0.4815  TPR@2%=0.5152
  FPR target   Actual FPR   TPR        Threshold 
  --------------------------------------------
  0.5%         0.0032       0.3333     0.9945    
  1%           0.0097       0.3939     0.9775    
  2%           0.0205       0.5152     0.9232    
  5%           0.0571       0.6364     0.4362    
  10%          0.1033       0.7879     0.0859    

  Early stopping at epoch 29 (patience=7)

  Best TPR@2%FPR: 0.5758  (AUC-ROC: 0.9250)
  Checkpoint: /root/iris/src/01-dinov3/checkpoints/care_label/vitl16_714_partial_qv_last4_best.pt

  --- Best checkpoint metrics ---
  AUC-ROC: 0.9250415891965946
  AUC-PR:  0.47958777642941885
  Target FPR   Actual FPR   TPR        Threshold 
  --------------------------------------------
  0.5%         0.0032       0.3333     0.9977    
  1%           0.0108       0.4242     0.9877    
  2%           0.0194       0.5758     0.9625    
  5%           0.0581       0.6364     0.6501    
  10%          0.1055       0.7879     0.1971    
  Youden best: threshold=0.0204  TPR=0.9394  FPR=0.1873

