
======================================================================
PARTIAL FINETUNE: v
Model: vitl16 @ 714 | Region: care_label
======================================================================
[care_label/train] 9759 labeled rows, 7294 with images
  Authentic (0): 7054  |  Not-authentic (1): 240  |  Ratio: 29.4:1
[care_label/test] 1424 labeled rows, 962 with images
  Authentic (0): 929  |  Not-authentic (1): 33  |  Ratio: 28.2:1
  Train: 7294 (240 pos) | Eval (test): 962 (33 pos)
  pos_weight: 29.4
`torch_dtype` is deprecated! Use `dtype` instead!
Loading weights:   0%|          | 0/415 [00:00<?, ?it/s]Loading weights: 100%|██████████| 415/415 [00:00<00:00, 5703.86it/s]
  Strategy 'v': will unfreeze 25,190,400 / 303,129,600 backbone params (25.19M / 303.1M)

  Epoch   1/30 (frozen, 110.3s) | loss=2.4944/3.0835 | AUC-ROC=0.7667  AUC-PR=0.1048  TPR@2%=0.0909 << BEST
  FPR target   Actual FPR   TPR        Threshold 
  --------------------------------------------
  0.5%         0.0054       0.0303     0.9869    
  1%           0.0097       0.0303     0.9862    
  2%           0.0194       0.0909     0.9840    
  5%           0.0474       0.2424     0.9797    
  10%          0.0980       0.3939     0.9759    

  Epoch   2/30 (frozen, 109.6s) | loss=1.9724/2.7327 | AUC-ROC=0.8289  AUC-PR=0.1742  TPR@2%=0.1818 << BEST
  FPR target   Actual FPR   TPR        Threshold 
  --------------------------------------------
  0.5%         0.0054       0.0606     0.9889    
  1%           0.0118       0.1212     0.9863    
  2%           0.0183       0.1818     0.9849    
  5%           0.0441       0.3333     0.9797    
  10%          0.1001       0.4848     0.9732    

  Epoch   3/30 (frozen, 109.5s) | loss=1.8790/2.4035 | AUC-ROC=0.8487  AUC-PR=0.2445  TPR@2%=0.2727 << BEST
  FPR target   Actual FPR   TPR        Threshold 
  --------------------------------------------
  0.5%         0.0054       0.1212     0.9881    
  1%           0.0097       0.1818     0.9871    
  2%           0.0205       0.2727     0.9846    
  5%           0.0495       0.3333     0.9758    
  10%          0.0990       0.6061     0.9669    

  Epoch   4/30 (frozen, 109.3s) | loss=1.7882/2.6653 | AUC-ROC=0.8498  AUC-PR=0.2970  TPR@2%=0.2727 << BEST
  FPR target   Actual FPR   TPR        Threshold 
  --------------------------------------------
  0.5%         0.0054       0.2424     0.9927    
  1%           0.0118       0.2727     0.9915    
  2%           0.0215       0.2727     0.9890    
  5%           0.0527       0.3939     0.9846    
  10%          0.1033       0.5455     0.9795    

  Epoch   5/30 (frozen, 109.9s) | loss=1.7143/2.3639 | AUC-ROC=0.8594  AUC-PR=0.2594  TPR@2%=0.2727 << BEST
  FPR target   Actual FPR   TPR        Threshold 
  --------------------------------------------
  0.5%         0.0075       0.1515     0.9919    
  1%           0.0118       0.2121     0.9909    
  2%           0.0183       0.2727     0.9889    
  5%           0.0484       0.4545     0.9823    
  10%          0.0969       0.6061     0.9748    

  >> Unfreezing 'v' components at epoch 6
  >> Actually unfrozen: 25,190,400 params (25.19M)

  Epoch   6/30 (v, 259.7s) | loss=1.4564/1.9726 | AUC-ROC=0.8770  AUC-PR=0.3294  TPR@2%=0.3030 << BEST
  FPR target   Actual FPR   TPR        Threshold 
  --------------------------------------------
  0.5%         0.0032       0.2121     0.9978    
  1%           0.0086       0.2424     0.9968    
  2%           0.0215       0.3030     0.9954    
  5%           0.0571       0.4848     0.9875    
  10%          0.1012       0.6364     0.9790    

  Epoch   7/30 (v, 259.6s) | loss=0.9736/1.4108 | AUC-ROC=0.8731  AUC-PR=0.3459  TPR@2%=0.3939 << BEST
  FPR target   Actual FPR   TPR        Threshold 
  --------------------------------------------
  0.5%         0.0054       0.2424     0.9985    
  1%           0.0054       0.2424     0.9985    
  2%           0.0215       0.3939     0.9961    
  5%           0.0506       0.4848     0.9886    
  10%          0.0990       0.5758     0.9689    

  Epoch   8/30 (v, 259.3s) | loss=0.5756/1.0555 | AUC-ROC=0.8926  AUC-PR=0.3883  TPR@2%=0.3939 << BEST
  FPR target   Actual FPR   TPR        Threshold 
  --------------------------------------------
  0.5%         0.0043       0.2121     0.9987    
  1%           0.0097       0.3636     0.9976    
  2%           0.0172       0.3939     0.9939    
  5%           0.0538       0.5152     0.9705    
  10%          0.1001       0.6364     0.9073    

  Epoch   9/30 (v, 259.1s) | loss=0.3764/1.1230 | AUC-ROC=0.8966  AUC-PR=0.4422  TPR@2%=0.4545 << BEST
  FPR target   Actual FPR   TPR        Threshold 
  --------------------------------------------
  0.5%         0.0043       0.2727     0.9982    
  1%           0.0086       0.3333     0.9970    
  2%           0.0205       0.4545     0.9884    
  5%           0.0549       0.5455     0.9489    
  10%          0.1001       0.7576     0.7778    

  Epoch  10/30 (v, 259.0s) | loss=0.2734/1.2133 | AUC-ROC=0.9013  AUC-PR=0.4180  TPR@2%=0.5455 << BEST
  FPR target   Actual FPR   TPR        Threshold 
  --------------------------------------------
  0.5%         0.0043       0.2121     0.9987    
  1%           0.0097       0.3636     0.9938    
  2%           0.0215       0.5455     0.9745    
  5%           0.0592       0.5758     0.8783    
  10%          0.1033       0.7576     0.5978    

  Epoch  11/30 (v, 259.0s) | loss=0.1870/1.3898 | AUC-ROC=0.9055  AUC-PR=0.4845  TPR@2%=0.4848
  FPR target   Actual FPR   TPR        Threshold 
  --------------------------------------------
  0.5%         0.0054       0.3030     0.9915    
  1%           0.0097       0.4242     0.9833    
  2%           0.0205       0.4848     0.9507    
  5%           0.0517       0.6061     0.7756    
  10%          0.1066       0.8182     0.2674    

  Epoch  12/30 (v, 258.8s) | loss=0.1286/1.5257 | AUC-ROC=0.8938  AUC-PR=0.4343  TPR@2%=0.4848
  FPR target   Actual FPR   TPR        Threshold 
  --------------------------------------------
  0.5%         0.0054       0.3030     0.9961    
  1%           0.0097       0.3636     0.9930    
  2%           0.0151       0.4848     0.9811    
  5%           0.0441       0.5455     0.8708    
  10%          0.1023       0.7879     0.4316    

  Epoch  13/30 (v, 258.7s) | loss=0.1262/2.0284 | AUC-ROC=0.8990  AUC-PR=0.4351  TPR@2%=0.4545
  FPR target   Actual FPR   TPR        Threshold 
  --------------------------------------------
  0.5%         0.0054       0.3333     0.9729    
  1%           0.0129       0.3939     0.9230    
  2%           0.0183       0.4545     0.9086    
  5%           0.0538       0.5758     0.4426    
  10%          0.1055       0.7879     0.0859    

  Epoch  14/30 (v, 258.4s) | loss=0.0909/1.9363 | AUC-ROC=0.8956  AUC-PR=0.4374  TPR@2%=0.4545
  FPR target   Actual FPR   TPR        Threshold 
  --------------------------------------------
  0.5%         0.0054       0.2727     0.9892    
  1%           0.0086       0.3939     0.9754    
  2%           0.0205       0.4545     0.9232    
  5%           0.0495       0.5152     0.6282    
  10%          0.0947       0.7879     0.1460    

  Epoch  15/30 (v, 258.4s) | loss=0.0792/2.2984 | AUC-ROC=0.8989  AUC-PR=0.4465  TPR@2%=0.4242
  FPR target   Actual FPR   TPR        Threshold 
  --------------------------------------------
  0.5%         0.0043       0.3333     0.9737    
  1%           0.0043       0.3333     0.9737    
  2%           0.0205       0.4242     0.7758    
  5%           0.0506       0.5758     0.3831    
  10%          0.0915       0.8182     0.0635    

  Epoch  16/30 (v, 258.4s) | loss=0.0621/1.9389 | AUC-ROC=0.9035  AUC-PR=0.4626  TPR@2%=0.4242
  FPR target   Actual FPR   TPR        Threshold 
  --------------------------------------------
  0.5%         0.0065       0.3333     0.9886    
  1%           0.0075       0.3636     0.9826    
  2%           0.0183       0.4242     0.9352    
  5%           0.0549       0.5758     0.5564    
  10%          0.0936       0.8182     0.1304    

  Epoch  17/30 (v, 258.1s) | loss=0.0416/2.3729 | AUC-ROC=0.9058  AUC-PR=0.4780  TPR@2%=0.4242
  FPR target   Actual FPR   TPR        Threshold 
  --------------------------------------------
  0.5%         0.0032       0.3333     0.9677    
  1%           0.0086       0.3939     0.9199    
  2%           0.0205       0.4242     0.7957    
  5%           0.0517       0.6364     0.2704    
  10%          0.1163       0.8182     0.0193    

  Early stopping at epoch 17 (patience=7)

  Best TPR@2%FPR: 0.5455  (AUC-ROC: 0.9013)
  Checkpoint: /root/iris/src/01-dinov3/checkpoints/care_label/vitl16_714_partial_v_best.pt

  --- Best checkpoint metrics ---
  AUC-ROC: 0.901343901882115
  AUC-PR:  0.41802632477950075
  Target FPR   Actual FPR   TPR        Threshold 
  --------------------------------------------
  0.5%         0.0043       0.2121     0.9987    
  1%           0.0097       0.3636     0.9938    
  2%           0.0215       0.5455     0.9745    
  5%           0.0592       0.5758     0.8783    
  10%          0.1033       0.7576     0.5978    
  Youden best: threshold=0.4563  TPR=0.8182  FPR=0.1216

