
============================================================
[vitl16 @ 518 | finetune]
============================================================
  Train: 5835 (192 pos) | Val: 1459 (48 pos)
  pos_weight: 29.4
`torch_dtype` is deprecated! Use `dtype` instead!
Loading weights:   0%|          | 0/415 [00:00<?, ?it/s]Loading weights: 100%|██████████| 415/415 [00:00<00:00, 15286.98it/s]
  Epoch   1/30 (frozen, 119.3s) | loss=2.0312/2.9545 | AUC=0.7370 PR=0.0943 | TPR@FPR: 0.5%=0.042 | 1%=0.062 | 2%=0.104 | 5%=0.167 | 10%=0.354 *
  Epoch   2/30 (frozen, 124.4s) | loss=1.7414/2.0724 | AUC=0.7762 PR=0.1365 | TPR@FPR: 0.5%=0.062 | 1%=0.104 | 2%=0.146 | 5%=0.292 | 10%=0.396 *
  Epoch   3/30 (frozen, 125.1s) | loss=1.5787/1.7744 | AUC=0.7789 PR=0.1472 | TPR@FPR: 0.5%=0.104 | 1%=0.125 | 2%=0.167 | 5%=0.271 | 10%=0.417 *
  Epoch   4/30 (frozen, 137.1s) | loss=1.5008/2.0909 | AUC=0.7864 PR=0.1791 | TPR@FPR: 0.5%=0.104 | 1%=0.146 | 2%=0.188 | 5%=0.312 | 10%=0.375 *
  Epoch   5/30 (frozen, 143.4s) | loss=1.4159/1.9807 | AUC=0.7891 PR=0.1706 | TPR@FPR: 0.5%=0.083 | 1%=0.125 | 2%=0.208 | 5%=0.333 | 10%=0.396 *
  >> Unfreezing backbone at epoch 6
  Epoch   6/30 (unfrozen, 465.4s) | loss=1.1212/1.3298 | AUC=0.8400 PR=0.2397 | TPR@FPR: 0.5%=0.104 | 1%=0.229 | 2%=0.333 | 5%=0.417 | 10%=0.521 *
  Epoch   7/30 (unfrozen, 475.4s) | loss=0.5555/1.6201 | AUC=0.8530 PR=0.2860 | TPR@FPR: 0.5%=0.146 | 1%=0.271 | 2%=0.333 | 5%=0.479 | 10%=0.604 *
  Epoch   8/30 (unfrozen, 477.1s) | loss=0.6519/2.7817 | AUC=0.8521 PR=0.2968 | TPR@FPR: 0.5%=0.188 | 1%=0.229 | 2%=0.312 | 5%=0.500 | 10%=0.583
  Epoch   9/30 (unfrozen, 322.4s) | loss=0.2339/2.4046 | AUC=0.8656 PR=0.3340 | TPR@FPR: 0.5%=0.208 | 1%=0.250 | 2%=0.354 | 5%=0.521 | 10%=0.625 *
  Epoch  10/30 (unfrozen, 249.0s) | loss=0.2247/1.7223 | AUC=0.8184 PR=0.2003 | TPR@FPR: 0.5%=0.125 | 1%=0.146 | 2%=0.229 | 5%=0.354 | 10%=0.458
  Epoch  11/30 (unfrozen, 250.8s) | loss=0.1094/3.7667 | AUC=0.8716 PR=0.3115 | TPR@FPR: 0.5%=0.229 | 1%=0.271 | 2%=0.354 | 5%=0.521 | 10%=0.542 *
  Epoch  12/30 (unfrozen, 252.0s) | loss=0.0201/6.1683 | AUC=0.8737 PR=0.3757 | TPR@FPR: 0.5%=0.271 | 1%=0.333 | 2%=0.396 | 5%=0.521 | 10%=0.604 *
  Epoch  13/30 (unfrozen, 250.0s) | loss=0.0777/3.3063 | AUC=0.8282 PR=0.1826 | TPR@FPR: 0.5%=0.000 | 1%=0.229 | 2%=0.271 | 5%=0.333 | 10%=0.562
  Epoch  14/30 (unfrozen, 251.8s) | loss=0.0937/3.9375 | AUC=0.8729 PR=0.3318 | TPR@FPR: 0.5%=0.250 | 1%=0.271 | 2%=0.354 | 5%=0.458 | 10%=0.562
  Epoch  15/30 (unfrozen, 250.2s) | loss=0.1060/4.8862 | AUC=0.8756 PR=0.3496 | TPR@FPR: 0.5%=0.250 | 1%=0.354 | 2%=0.417 | 5%=0.479 | 10%=0.583 *
  Epoch  16/30 (unfrozen, 250.4s) | loss=0.0396/5.7426 | AUC=0.8556 PR=0.2676 | TPR@FPR: 0.5%=0.188 | 1%=0.250 | 2%=0.292 | 5%=0.438 | 10%=0.542
  Epoch  17/30 (unfrozen, 251.6s) | loss=0.0078/6.5183 | AUC=0.8674 PR=0.3282 | TPR@FPR: 0.5%=0.188 | 1%=0.333 | 2%=0.354 | 5%=0.458 | 10%=0.562
  Epoch  18/30 (unfrozen, 249.9s) | loss=0.0024/6.9794 | AUC=0.8589 PR=0.3330 | TPR@FPR: 0.5%=0.208 | 1%=0.292 | 2%=0.354 | 5%=0.438 | 10%=0.604
  Epoch  19/30 (unfrozen, 250.2s) | loss=0.0169/6.7224 | AUC=0.8928 PR=0.3478 | TPR@FPR: 0.5%=0.229 | 1%=0.312 | 2%=0.333 | 5%=0.500 | 10%=0.646 *
  Epoch  20/30 (unfrozen, 251.3s) | loss=0.0081/6.9554 | AUC=0.8885 PR=0.3688 | TPR@FPR: 0.5%=0.208 | 1%=0.354 | 2%=0.417 | 5%=0.521 | 10%=0.646
  Epoch  21/30 (unfrozen, 187.2s) | loss=0.0009/8.4029 | AUC=0.8857 PR=0.3543 | TPR@FPR: 0.5%=0.208 | 1%=0.292 | 2%=0.375 | 5%=0.479 | 10%=0.688
  Epoch  22/30 (unfrozen, 117.9s) | loss=0.0013/8.0777 | AUC=0.8852 PR=0.3705 | TPR@FPR: 0.5%=0.271 | 1%=0.292 | 2%=0.354 | 5%=0.500 | 10%=0.646
  Epoch  23/30 (unfrozen, 117.7s) | loss=0.0026/8.2726 | AUC=0.8831 PR=0.3511 | TPR@FPR: 0.5%=0.229 | 1%=0.250 | 2%=0.375 | 5%=0.458 | 10%=0.646
  Epoch  24/30 (unfrozen, 117.8s) | loss=0.0013/8.7925 | AUC=0.8885 PR=0.3613 | TPR@FPR: 0.5%=0.271 | 1%=0.333 | 2%=0.354 | 5%=0.479 | 10%=0.708
  Epoch  25/30 (unfrozen, 117.8s) | loss=0.0001/8.6622 | AUC=0.8887 PR=0.3594 | TPR@FPR: 0.5%=0.271 | 1%=0.312 | 2%=0.354 | 5%=0.500 | 10%=0.708
  Epoch  26/30 (unfrozen, 118.3s) | loss=0.0005/9.3331 | AUC=0.8866 PR=0.3643 | TPR@FPR: 0.5%=0.271 | 1%=0.333 | 2%=0.354 | 5%=0.479 | 10%=0.667
  Early stopping at epoch 26 (patience=7)
  Best AUC-ROC: 0.8928 | Checkpoint: /root/iris/src/01-dinov3/checkpoints/vitl16_518_finetune_best.pt

  --- Best checkpoint metrics ---
  AUC-ROC: 0.8928434325537444
  AUC-PR:  0.34780681369628297
  Target FPR   Actual FPR   TPR        Threshold 
  --------------------------------------------
  0.5%         0.0050       0.2292     0.6784    
  1%           0.0099       0.3125     0.1931    
  2%           0.0220       0.3333     0.0295    
  5%           0.0517       0.5000     0.0018    
  10%          0.0999       0.6458     0.0001    
  Youden best: threshold=0.0000  TPR=0.8125  FPR=0.1637

