
============================================================
[vitl16 @ 714 | finetune]
============================================================
  Train: 5835 (192 pos) | Val: 1459 (48 pos)
  pos_weight: 29.4
`torch_dtype` is deprecated! Use `dtype` instead!
Loading weights:   0%|          | 0/415 [00:00<?, ?it/s]Loading weights:  26%|██▌       | 107/415 [00:00<00:00, 984.71it/s]Loading weights: 100%|██████████| 415/415 [00:00<00:00, 2148.43it/s]
  Epoch   1/30 (frozen, 195.9s) | loss=2.0274/2.9793 | AUC=0.7389 PR=0.0905 | TPR@FPR: 0.5%=0.042 | 1%=0.042 | 2%=0.104 | 5%=0.208 | 10%=0.333 *
  Epoch   2/30 (frozen, 202.6s) | loss=1.7173/2.0700 | AUC=0.7630 PR=0.1117 | TPR@FPR: 0.5%=0.021 | 1%=0.062 | 2%=0.208 | 5%=0.229 | 10%=0.375 *
  Epoch   3/30 (frozen, 226.2s) | loss=1.5584/1.6791 | AUC=0.7727 PR=0.1101 | TPR@FPR: 0.5%=0.042 | 1%=0.042 | 2%=0.083 | 5%=0.271 | 10%=0.396 *
  Epoch   4/30 (frozen, 236.9s) | loss=1.4735/1.8689 | AUC=0.7829 PR=0.1371 | TPR@FPR: 0.5%=0.062 | 1%=0.146 | 2%=0.167 | 5%=0.271 | 10%=0.312 *
  Epoch   5/30 (frozen, 236.9s) | loss=1.3811/1.8604 | AUC=0.7867 PR=0.1371 | TPR@FPR: 0.5%=0.042 | 1%=0.125 | 2%=0.188 | 5%=0.250 | 10%=0.375 *
  >> Unfreezing backbone at epoch 6
  Epoch   6/30 (unfrozen, 765.8s) | loss=1.0680/1.5038 | AUC=0.8208 PR=0.1554 | TPR@FPR: 0.5%=0.083 | 1%=0.104 | 2%=0.167 | 5%=0.271 | 10%=0.521 *
  Epoch   7/30 (unfrozen, 531.6s) | loss=0.3434/1.7170 | AUC=0.8806 PR=0.3719 | TPR@FPR: 0.5%=0.229 | 1%=0.292 | 2%=0.396 | 5%=0.562 | 10%=0.625 *
  Epoch   8/30 (unfrozen, 401.9s) | loss=0.3618/2.3202 | AUC=0.8415 PR=0.3098 | TPR@FPR: 0.5%=0.167 | 1%=0.271 | 2%=0.333 | 5%=0.500 | 10%=0.646
  Epoch   9/30 (unfrozen, 397.4s) | loss=0.1922/2.4660 | AUC=0.8657 PR=0.3560 | TPR@FPR: 0.5%=0.208 | 1%=0.333 | 2%=0.375 | 5%=0.500 | 10%=0.604
  Epoch  10/30 (unfrozen, 399.9s) | loss=0.1747/3.8750 | AUC=0.8725 PR=0.4060 | TPR@FPR: 0.5%=0.312 | 1%=0.354 | 2%=0.438 | 5%=0.500 | 10%=0.521
  Epoch  11/30 (unfrozen, 399.2s) | loss=0.1531/3.6588 | AUC=0.8669 PR=0.3598 | TPR@FPR: 0.5%=0.271 | 1%=0.375 | 2%=0.396 | 5%=0.500 | 10%=0.583
  Epoch  12/30 (unfrozen, 399.4s) | loss=0.0165/5.2044 | AUC=0.8651 PR=0.4095 | TPR@FPR: 0.5%=0.333 | 1%=0.354 | 2%=0.375 | 5%=0.479 | 10%=0.583
  Epoch  13/30 (unfrozen, 400.9s) | loss=0.0290/5.5376 | AUC=0.8532 PR=0.3594 | TPR@FPR: 0.5%=0.250 | 1%=0.271 | 2%=0.375 | 5%=0.479 | 10%=0.604
  Epoch  14/30 (unfrozen, 397.1s) | loss=0.1417/2.7757 | AUC=0.8483 PR=0.2307 | TPR@FPR: 0.5%=0.125 | 1%=0.167 | 2%=0.229 | 5%=0.333 | 10%=0.521
  Early stopping at epoch 14 (patience=7)
  Best AUC-ROC: 0.8806 | Checkpoint: /root/iris/src/01-dinov3/checkpoints/vitl16_714_finetune_best.pt

  --- Best checkpoint metrics ---
  AUC-ROC: 0.8806106780061422
  AUC-PR:  0.37185073070019886
  Target FPR   Actual FPR   TPR        Threshold 
  --------------------------------------------
  0.5%         0.0035       0.2292     0.9955    
  1%           0.0099       0.2917     0.9887    
  2%           0.0206       0.3958     0.9581    
  5%           0.0461       0.5625     0.7765    
  10%          0.0950       0.6250     0.4376    
  Youden best: threshold=0.0092  TPR=0.9583  FPR=0.3317

