
============================================================
[vitb16 @ 518 | finetune]
============================================================
  Train: 5835 (192 pos) | Val: 1459 (48 pos)
  pos_weight: 29.4
`torch_dtype` is deprecated! Use `dtype` instead!
Loading weights:   0%|          | 0/211 [00:00<?, ?it/s]Loading weights: 100%|██████████| 211/211 [00:00<00:00, 11673.28it/s]
  Epoch   1/30 (frozen, 67.9s) | loss=2.0392/2.5112 | AUC=0.7481 PR=0.1156 | TPR@FPR: 0.5%=0.083 | 1%=0.083 | 2%=0.125 | 5%=0.208 | 10%=0.292 *
  Epoch   2/30 (frozen, 67.2s) | loss=1.6143/2.3518 | AUC=0.7723 PR=0.1177 | TPR@FPR: 0.5%=0.062 | 1%=0.062 | 2%=0.167 | 5%=0.229 | 10%=0.312 *
  Epoch   3/30 (frozen, 67.4s) | loss=1.4534/2.0610 | AUC=0.7998 PR=0.1382 | TPR@FPR: 0.5%=0.083 | 1%=0.083 | 2%=0.167 | 5%=0.229 | 10%=0.417 *
  Epoch   4/30 (frozen, 67.1s) | loss=1.3727/2.1346 | AUC=0.7982 PR=0.1685 | TPR@FPR: 0.5%=0.104 | 1%=0.167 | 2%=0.167 | 5%=0.188 | 10%=0.438
  Epoch   5/30 (frozen, 67.6s) | loss=1.3006/1.7694 | AUC=0.8038 PR=0.1662 | TPR@FPR: 0.5%=0.104 | 1%=0.146 | 2%=0.167 | 5%=0.229 | 10%=0.479 *
  >> Unfreezing backbone at epoch 6
  Epoch   6/30 (unfrozen, 178.1s) | loss=1.3340/1.2995 | AUC=0.8101 PR=0.2103 | TPR@FPR: 0.5%=0.167 | 1%=0.208 | 2%=0.208 | 5%=0.271 | 10%=0.438 *
  Epoch   7/30 (unfrozen, 186.6s) | loss=0.5339/1.7223 | AUC=0.8130 PR=0.2655 | TPR@FPR: 0.5%=0.229 | 1%=0.271 | 2%=0.312 | 5%=0.333 | 10%=0.479 *
  Epoch   8/30 (unfrozen, 195.4s) | loss=0.7041/4.2638 | AUC=0.4601 PR=0.0302 | TPR@FPR: 0.5%=0.000 | 1%=0.000 | 2%=0.000 | 5%=0.021 | 10%=0.104
  Epoch   9/30 (unfrozen, 193.8s) | loss=2.1935/3.1083 | AUC=0.5563 PR=0.0436 | TPR@FPR: 0.5%=0.021 | 1%=0.042 | 2%=0.042 | 5%=0.083 | 10%=0.125
  Epoch  10/30 (unfrozen, 193.2s) | loss=2.1529/3.2057 | AUC=0.5524 PR=0.0396 | TPR@FPR: 0.5%=0.000 | 1%=0.021 | 2%=0.021 | 5%=0.083 | 10%=0.146
  Epoch  11/30 (unfrozen, 200.6s) | loss=1.9743/3.3725 | AUC=0.5576 PR=0.0510 | TPR@FPR: 0.5%=0.021 | 1%=0.042 | 2%=0.042 | 5%=0.083 | 10%=0.146
  Epoch  12/30 (unfrozen, 196.6s) | loss=1.8613/2.7483 | AUC=0.6208 PR=0.1160 | TPR@FPR: 0.5%=0.062 | 1%=0.083 | 2%=0.083 | 5%=0.250 | 10%=0.333
  Epoch  13/30 (unfrozen, 198.8s) | loss=1.5520/2.8987 | AUC=0.6508 PR=0.0935 | TPR@FPR: 0.5%=0.021 | 1%=0.042 | 2%=0.167 | 5%=0.271 | 10%=0.375
  Epoch  14/30 (unfrozen, 197.3s) | loss=1.3176/2.6528 | AUC=0.6609 PR=0.1282 | TPR@FPR: 0.5%=0.104 | 1%=0.104 | 2%=0.188 | 5%=0.271 | 10%=0.312
  Early stopping at epoch 14 (patience=7)
  Best AUC-ROC: 0.8130 | Checkpoint: /root/iris/src/01-dinov3/checkpoints/vitb16_518_finetune_best.pt

  --- Best checkpoint metrics ---
  AUC-ROC: 0.8130463028584929
  AUC-PR:  0.2655492430020036
  Target FPR   Actual FPR   TPR        Threshold 
  --------------------------------------------
  0.5%         0.0043       0.2292     0.9998    
  1%           0.0071       0.2708     0.9997    
  2%           0.0184       0.3125     0.9992    
  5%           0.0496       0.3333     0.9966    
  10%          0.0999       0.4792     0.9825    
  Youden best: threshold=0.3147  TPR=0.8333  FPR=0.3366

