
============================================================
[vitb16 @ 714 | finetune]
============================================================
  Train: 5835 (192 pos) | Val: 1459 (48 pos)
  pos_weight: 29.4
`torch_dtype` is deprecated! Use `dtype` instead!
Loading weights:   0%|          | 0/211 [00:00<?, ?it/s]Loading weights: 100%|██████████| 211/211 [00:00<00:00, 11170.41it/s]
  Epoch   1/30 (frozen, 87.0s) | loss=2.0568/2.5391 | AUC=0.7537 PR=0.1184 | TPR@FPR: 0.5%=0.083 | 1%=0.104 | 2%=0.104 | 5%=0.167 | 10%=0.292 *
  Epoch   2/30 (frozen, 86.2s) | loss=1.6318/2.3501 | AUC=0.7768 PR=0.1264 | TPR@FPR: 0.5%=0.062 | 1%=0.104 | 2%=0.146 | 5%=0.208 | 10%=0.375 *
  Epoch   3/30 (frozen, 85.8s) | loss=1.4695/2.1442 | AUC=0.7948 PR=0.1352 | TPR@FPR: 0.5%=0.062 | 1%=0.104 | 2%=0.167 | 5%=0.271 | 10%=0.417 *
  Epoch   4/30 (frozen, 86.7s) | loss=1.3635/2.3035 | AUC=0.7995 PR=0.1560 | TPR@FPR: 0.5%=0.104 | 1%=0.125 | 2%=0.188 | 5%=0.333 | 10%=0.417 *
  Epoch   5/30 (frozen, 92.1s) | loss=1.2894/2.0380 | AUC=0.8015 PR=0.1532 | TPR@FPR: 0.5%=0.083 | 1%=0.104 | 2%=0.167 | 5%=0.271 | 10%=0.438 *
  >> Unfreezing backbone at epoch 6
  Epoch   6/30 (unfrozen, 260.8s) | loss=2.0933/3.6383 | AUC=0.5600 PR=0.0391 | TPR@FPR: 0.5%=0.000 | 1%=0.000 | 2%=0.000 | 5%=0.021 | 10%=0.146
  Epoch   7/30 (unfrozen, 271.9s) | loss=2.2387/3.5343 | AUC=0.5740 PR=0.0446 | TPR@FPR: 0.5%=0.000 | 1%=0.021 | 2%=0.021 | 5%=0.125 | 10%=0.146
  Epoch   8/30 (unfrozen, 270.1s) | loss=2.1939/3.9808 | AUC=0.5672 PR=0.0496 | TPR@FPR: 0.5%=0.021 | 1%=0.042 | 2%=0.042 | 5%=0.083 | 10%=0.146
  Epoch   9/30 (unfrozen, 276.9s) | loss=2.0875/3.2398 | AUC=0.5416 PR=0.0616 | TPR@FPR: 0.5%=0.021 | 1%=0.021 | 2%=0.042 | 5%=0.083 | 10%=0.146
  Epoch  10/30 (unfrozen, 278.4s) | loss=1.8938/2.8176 | AUC=0.6268 PR=0.0851 | TPR@FPR: 0.5%=0.021 | 1%=0.042 | 2%=0.062 | 5%=0.208 | 10%=0.271
  Epoch  11/30 (unfrozen, 276.9s) | loss=1.5588/2.4450 | AUC=0.6956 PR=0.1052 | TPR@FPR: 0.5%=0.062 | 1%=0.062 | 2%=0.062 | 5%=0.188 | 10%=0.250
  Epoch  12/30 (unfrozen, 214.8s) | loss=1.2916/2.3793 | AUC=0.6472 PR=0.1228 | TPR@FPR: 0.5%=0.104 | 1%=0.125 | 2%=0.167 | 5%=0.167 | 10%=0.229
  Early stopping at epoch 12 (patience=7)
  Best AUC-ROC: 0.8015 | Checkpoint: /root/iris/src/01-dinov3/checkpoints/vitb16_714_finetune_best.pt

  --- Best checkpoint metrics ---
  AUC-ROC: 0.8015370304748405
  AUC-PR:  0.15324954689064346
  Target FPR   Actual FPR   TPR        Threshold 
  --------------------------------------------
  0.5%         0.0035       0.0833     0.9992    
  1%           0.0099       0.1042     0.9985    
  2%           0.0213       0.1667     0.9977    
  5%           0.0574       0.2708     0.9942    
  10%          0.1006       0.4375     0.9889    
  Youden best: threshold=0.9161  TPR=0.8125  FPR=0.3402

