============================================================
BRANCH B: brand_tag  |  GPU 3  |  Sat Mar 21 18:31:22 UTC 2026
============================================================

>>> B1: Fine-tune DINOv3 (vitb16 + vitl16 x 518 + 714)
============================================================

--- Finetune: vitb16 @ 518 ---

============================================================
[brand_tag | vitb16 @ 518 | finetune]
============================================================
[brand_tag/train] 9759 labeled rows, 9169 with images
  Authentic (0): 8881  |  Not-authentic (1): 288  |  Ratio: 30.8:1
  Loaded val split from /root/iris/src/01-dinov3/val_splits/brand_tag_split.json  (train=7335, val=1834)
  Train: 7335 (230 pos) | Val: 1834 (58 pos)
  pos_weight: 30.9
`torch_dtype` is deprecated! Use `dtype` instead!
Loading weights:   0%|          | 0/211 [00:00<?, ?it/s]Loading weights: 100%|██████████| 211/211 [00:00<00:00, 10787.27it/s]

  Epoch   1/30 (frozen, 51.7s) | loss=2.0459/2.5618 | AUC-ROC=0.6861  AUC-PR=0.0956  TPR@2%=0.1379 << BEST
  FPR target   Actual FPR   TPR        Threshold 
  --------------------------------------------
  0.5%         0.0068       0.0690     0.9919    
  1%           0.0101       0.0690     0.9911    
  2%           0.0191       0.1379     0.9891    
  5%           0.0490       0.2414     0.9844    
  10%          0.1002       0.3276     0.9783    

  Epoch   2/30 (frozen, 52.0s) | loss=1.7440/2.3462 | AUC-ROC=0.6795  AUC-PR=0.0771  TPR@2%=0.1207
  FPR target   Actual FPR   TPR        Threshold 
  --------------------------------------------
  0.5%         0.0051       0.0172     0.9960    
  1%           0.0113       0.0690     0.9940    
  2%           0.0203       0.1207     0.9917    
  5%           0.0512       0.1724     0.9873    
  10%          0.0997       0.3103     0.9811    

  Epoch   3/30 (frozen, 52.0s) | loss=1.6453/2.0887 | AUC-ROC=0.6815  AUC-PR=0.0797  TPR@2%=0.0862
  FPR target   Actual FPR   TPR        Threshold 
  --------------------------------------------
  0.5%         0.0017       0.0172     0.9969    
  1%           0.0118       0.0345     0.9941    
  2%           0.0203       0.0862     0.9920    
  5%           0.0495       0.2241     0.9866    
  10%          0.0997       0.3276     0.9770    

  Epoch   4/30 (frozen, 51.0s) | loss=1.5546/2.2326 | AUC-ROC=0.6950  AUC-PR=0.0769  TPR@2%=0.0690
  FPR target   Actual FPR   TPR        Threshold 
  --------------------------------------------
  0.5%         0.0073       0.0517     0.9969    
  1%           0.0113       0.0517     0.9958    
  2%           0.0203       0.0690     0.9947    
  5%           0.0495       0.2241     0.9906    
  10%          0.1002       0.2931     0.9833    

  Epoch   5/30 (frozen, 49.7s) | loss=1.4838/2.1713 | AUC-ROC=0.6902  AUC-PR=0.0700  TPR@2%=0.0690
  FPR target   Actual FPR   TPR        Threshold 
  --------------------------------------------
  0.5%         0.0084       0.0172     0.9966    
  1%           0.0096       0.0345     0.9964    
  2%           0.0225       0.0690     0.9945    
  5%           0.0501       0.1724     0.9904    
  10%          0.1002       0.2931     0.9831    

  >> Unfreezing backbone at epoch 6

  Epoch   6/30 (unfrozen, 126.5s) | loss=1.2679/2.5694 | AUC-ROC=0.8157  AUC-PR=0.1881  TPR@2%=0.2241 << BEST
  FPR target   Actual FPR   TPR        Threshold 
  --------------------------------------------
  0.5%         0.0051       0.1379     0.9999    
  1%           0.0107       0.1724     0.9999    
  2%           0.0180       0.2241     0.9998    
  5%           0.0495       0.2759     0.9992    
  10%          0.0985       0.4828     0.9973    

  Epoch   7/30 (unfrozen, 127.8s) | loss=0.5054/3.6633 | AUC-ROC=0.5389  AUC-PR=0.0368  TPR@2%=0.0172
  FPR target   Actual FPR   TPR        Threshold 
  --------------------------------------------
  0.5%         0.0039       0.0000     1.0000    
  1%           0.0101       0.0000     1.0000    
  2%           0.0208       0.0172     1.0000    
  5%           0.0501       0.0690     0.9999    
  10%          0.1008       0.1034     0.9996    

  Epoch   8/30 (unfrozen, 126.5s) | loss=2.3180/3.1288 | AUC-ROC=0.5143  AUC-PR=0.0365  TPR@2%=0.0172
  FPR target   Actual FPR   TPR        Threshold 
  --------------------------------------------
  0.5%         0.0090       0.0172     0.9749    
  1%           0.0090       0.0172     0.9749    
  2%           0.0203       0.0172     0.9694    
  5%           0.0501       0.0690     0.9657    
  10%          0.1014       0.1552     0.9633    

  Epoch   9/30 (unfrozen, 127.8s) | loss=2.2657/2.9032 | AUC-ROC=0.5855  AUC-PR=0.0484  TPR@2%=0.0517
  FPR target   Actual FPR   TPR        Threshold 
  --------------------------------------------
  0.5%         0.0045       0.0172     0.9574    
  1%           0.0101       0.0517     0.9566    
  2%           0.0225       0.0517     0.9562    
  5%           0.0507       0.0690     0.9556    
  10%          0.0963       0.0862     0.9548    

  Epoch  10/30 (unfrozen, 127.8s) | loss=2.2375/3.4412 | AUC-ROC=0.6008  AUC-PR=0.0699  TPR@2%=0.0690
  FPR target   Actual FPR   TPR        Threshold 
  --------------------------------------------
  0.5%         0.0051       0.0517     0.9804    
  1%           0.0096       0.0517     0.9801    
  2%           0.0191       0.0690     0.9796    
  5%           0.0495       0.1897     0.9788    
  10%          0.1014       0.2241     0.9775    

  Epoch  11/30 (unfrozen, 128.0s) | loss=2.1815/2.9861 | AUC-ROC=0.6434  AUC-PR=0.0752  TPR@2%=0.1379
  FPR target   Actual FPR   TPR        Threshold 
  --------------------------------------------
  0.5%         0.0045       0.0172     0.9875    
  1%           0.0101       0.0517     0.9859    
  2%           0.0208       0.1379     0.9843    
  5%           0.0490       0.1897     0.9825    
  10%          0.0997       0.2241     0.9808    

  Epoch  12/30 (unfrozen, 121.3s) | loss=2.0256/2.8318 | AUC-ROC=0.6056  AUC-PR=0.0493  TPR@2%=0.0345
  FPR target   Actual FPR   TPR        Threshold 
  --------------------------------------------
  0.5%         0.0006       0.0000     0.9977    
  1%           0.0096       0.0172     0.9943    
  2%           0.0197       0.0345     0.9931    
  5%           0.0501       0.1207     0.9907    
  10%          0.0997       0.2069     0.9891    

  Epoch  13/30 (unfrozen, 122.8s) | loss=1.9511/2.6147 | AUC-ROC=0.6468  AUC-PR=0.0924  TPR@2%=0.0862
  FPR target   Actual FPR   TPR        Threshold 
  --------------------------------------------
  0.5%         0.0039       0.0690     0.9966    
  1%           0.0107       0.0862     0.9955    
  2%           0.0231       0.0862     0.9937    
  5%           0.0495       0.1897     0.9908    
  10%          0.0991       0.2586     0.9869    

  Early stopping at epoch 13 (patience=7)

  Best TPR@2%FPR: 0.2241  (AUC-ROC: 0.8157)
  Checkpoint: /root/iris/src/01-dinov3/checkpoints/brand_tag/vitb16_518_finetune_best.pt

  --- Best checkpoint metrics ---
  AUC-ROC: 0.8156696567256911
  AUC-PR:  0.18808529087760442
  Target FPR   Actual FPR   TPR        Threshold 
  --------------------------------------------
  0.5%         0.0051       0.1379     0.9999    
  1%           0.0107       0.1724     0.9999    
  2%           0.0180       0.2241     0.9998    
  5%           0.0495       0.2759     0.9992    
  10%          0.0985       0.4828     0.9973    
  Youden best: threshold=0.9791  TPR=0.8276  FPR=0.2798


--- Finetune: vitb16 @ 714 ---

============================================================
[brand_tag | vitb16 @ 714 | finetune]
============================================================
[brand_tag/train] 9759 labeled rows, 9169 with images
  Authentic (0): 8881  |  Not-authentic (1): 288  |  Ratio: 30.8:1
  Loaded val split from /root/iris/src/01-dinov3/val_splits/brand_tag_split.json  (train=7335, val=1834)
  Train: 7335 (230 pos) | Val: 1834 (58 pos)
  pos_weight: 30.9
`torch_dtype` is deprecated! Use `dtype` instead!
Loading weights:   0%|          | 0/211 [00:00<?, ?it/s]Loading weights: 100%|██████████| 211/211 [00:00<00:00, 14943.74it/s]

  Epoch   1/30 (frozen, 65.6s) | loss=2.0446/2.6222 | AUC-ROC=0.6857  AUC-PR=0.1001  TPR@2%=0.1207 << BEST
  FPR target   Actual FPR   TPR        Threshold 
  --------------------------------------------
  0.5%         0.0045       0.0690     0.9929    
  1%           0.0107       0.1207     0.9907    
  2%           0.0203       0.1207     0.9892    
  5%           0.0495       0.2069     0.9853    
  10%          0.0980       0.2931     0.9805    

  Epoch   2/30 (frozen, 70.5s) | loss=1.7458/2.2489 | AUC-ROC=0.6744  AUC-PR=0.0932  TPR@2%=0.1724 << BEST
  FPR target   Actual FPR   TPR        Threshold 
  --------------------------------------------
  0.5%         0.0051       0.0690     0.9936    
  1%           0.0101       0.1034     0.9922    
  2%           0.0197       0.1724     0.9901    
  5%           0.0501       0.2069     0.9843    
  10%          0.1002       0.2931     0.9783    

  Epoch   3/30 (frozen, 124.7s) | loss=1.6417/2.0460 | AUC-ROC=0.6696  AUC-PR=0.0991  TPR@2%=0.1724
  FPR target   Actual FPR   TPR        Threshold 
  --------------------------------------------
  0.5%         0.0045       0.0690     0.9946    
  1%           0.0096       0.0862     0.9930    
  2%           0.0203       0.1724     0.9901    
  5%           0.0495       0.2069     0.9834    
  10%          0.1002       0.2586     0.9737    

  Epoch   4/30 (frozen, 126.5s) | loss=1.5438/2.1596 | AUC-ROC=0.6695  AUC-PR=0.0777  TPR@2%=0.1207
  FPR target   Actual FPR   TPR        Threshold 
  --------------------------------------------
  0.5%         0.0039       0.0345     0.9977    
  1%           0.0090       0.0690     0.9955    
  2%           0.0203       0.1207     0.9927    
  5%           0.0518       0.2069     0.9877    
  10%          0.1002       0.2759     0.9803    

  Epoch   5/30 (frozen, 120.0s) | loss=1.4900/2.1700 | AUC-ROC=0.6696  AUC-PR=0.0721  TPR@2%=0.1207
  FPR target   Actual FPR   TPR        Threshold 
  --------------------------------------------
  0.5%         0.0051       0.0172     0.9970    
  1%           0.0135       0.0517     0.9949    
  2%           0.0208       0.1207     0.9939    
  5%           0.0495       0.2241     0.9887    
  10%          0.1002       0.3103     0.9807    

  >> Unfreezing backbone at epoch 6

  Epoch   6/30 (unfrozen, 128.3s) | loss=2.1504/2.8212 | AUC-ROC=0.5934  AUC-PR=0.0436  TPR@2%=0.0345
  FPR target   Actual FPR   TPR        Threshold 
  --------------------------------------------
  0.5%         0.0006       0.0000     0.9999    
  1%           0.0096       0.0172     0.9989    
  2%           0.0214       0.0345     0.9953    
  5%           0.0507       0.0690     0.9900    
  10%          0.1002       0.1379     0.9827    

  Epoch   7/30 (unfrozen, 96.8s) | loss=1.8755/3.3396 | AUC-ROC=0.6355  AUC-PR=0.0461  TPR@2%=0.0172
  FPR target   Actual FPR   TPR        Threshold 
  --------------------------------------------
  0.5%         0.0023       0.0000     0.9909    
  1%           0.0101       0.0172     0.9867    
  2%           0.0186       0.0172     0.9848    
  5%           0.0501       0.0517     0.9813    
  10%          0.1002       0.1552     0.9787    

  Epoch   8/30 (unfrozen, 126.2s) | loss=2.1446/2.9962 | AUC-ROC=0.6089  AUC-PR=0.0450  TPR@2%=0.0172
  FPR target   Actual FPR   TPR        Threshold 
  --------------------------------------------
  0.5%         0.0006       0.0000     1.0000    
  1%           0.0006       0.0000     1.0000    
  2%           0.0231       0.0172     0.9925    
  5%           0.0495       0.0690     0.9770    
  10%          0.1002       0.1897     0.9660    

  Epoch   9/30 (unfrozen, 166.3s) | loss=1.5716/1.8620 | AUC-ROC=0.7477  AUC-PR=0.1474  TPR@2%=0.1207
  FPR target   Actual FPR   TPR        Threshold 
  --------------------------------------------
  0.5%         0.0045       0.0690     0.9992    
  1%           0.0079       0.0862     0.9984    
  2%           0.0225       0.1207     0.9965    
  5%           0.0501       0.2759     0.9923    
  10%          0.1008       0.3621     0.9783    

  Early stopping at epoch 9 (patience=7)

  Best TPR@2%FPR: 0.1724  (AUC-ROC: 0.6744)
  Checkpoint: /root/iris/src/01-dinov3/checkpoints/brand_tag/vitb16_714_finetune_best.pt

  --- Best checkpoint metrics ---
  AUC-ROC: 0.6743990757999379
  AUC-PR:  0.09323368781967498
  Target FPR   Actual FPR   TPR        Threshold 
  --------------------------------------------
  0.5%         0.0051       0.0690     0.9936    
  1%           0.0101       0.1034     0.9922    
  2%           0.0197       0.1724     0.9901    
  5%           0.0501       0.2069     0.9843    
  10%          0.1002       0.2931     0.9783    
  Youden best: threshold=0.9609  TPR=0.5000  FPR=0.2066


--- Finetune: vitl16 @ 518 ---

============================================================
[brand_tag | vitl16 @ 518 | finetune]
============================================================
[brand_tag/train] 9759 labeled rows, 9169 with images
  Authentic (0): 8881  |  Not-authentic (1): 288  |  Ratio: 30.8:1
  Loaded val split from /root/iris/src/01-dinov3/val_splits/brand_tag_split.json  (train=7335, val=1834)
  Train: 7335 (230 pos) | Val: 1834 (58 pos)
  pos_weight: 30.9
`torch_dtype` is deprecated! Use `dtype` instead!
Loading weights:   0%|          | 0/415 [00:00<?, ?it/s]Loading weights: 100%|██████████| 415/415 [00:00<00:00, 7379.89it/s]

  Epoch   1/30 (frozen, 112.6s) | loss=2.0517/2.4136 | AUC-ROC=0.7202  AUC-PR=0.0971  TPR@2%=0.1034 << BEST
  FPR target   Actual FPR   TPR        Threshold 
  --------------------------------------------
  0.5%         0.0062       0.0345     0.9872    
  1%           0.0101       0.0345     0.9857    
  2%           0.0203       0.1034     0.9829    
  5%           0.0507       0.1724     0.9783    
  10%          0.1002       0.3103     0.9734    

  Epoch   2/30 (frozen, 113.2s) | loss=1.7514/2.7381 | AUC-ROC=0.7319  AUC-PR=0.0787  TPR@2%=0.0172
  FPR target   Actual FPR   TPR        Threshold 
  --------------------------------------------
  0.5%         0.0011       0.0172     0.9966    
  1%           0.0124       0.0172     0.9940    
  2%           0.0203       0.0172     0.9932    
  5%           0.0495       0.2069     0.9904    
  10%          0.1008       0.2931     0.9878    

  Epoch   3/30 (frozen, 83.0s) | loss=1.6718/2.2272 | AUC-ROC=0.7331  AUC-PR=0.0835  TPR@2%=0.0517
  FPR target   Actual FPR   TPR        Threshold 
  --------------------------------------------
  0.5%         0.0090       0.0172     0.9937    
  1%           0.0101       0.0172     0.9934    
  2%           0.0225       0.0517     0.9910    
  5%           0.0490       0.1552     0.9874    
  10%          0.0997       0.3276     0.9799    

  Epoch   4/30 (frozen, 107.9s) | loss=1.6106/2.6330 | AUC-ROC=0.7378  AUC-PR=0.0791  TPR@2%=0.0517
  FPR target   Actual FPR   TPR        Threshold 
  --------------------------------------------
  0.5%         0.0034       0.0172     0.9981    
  1%           0.0124       0.0172     0.9959    
  2%           0.0203       0.0517     0.9950    
  5%           0.0501       0.1897     0.9918    
  10%          0.1002       0.3103     0.9883    

  Epoch   5/30 (frozen, 137.4s) | loss=1.5182/2.3696 | AUC-ROC=0.7396  AUC-PR=0.0760  TPR@2%=0.0862
  FPR target   Actual FPR   TPR        Threshold 
  --------------------------------------------
  0.5%         0.0073       0.0172     0.9961    
  1%           0.0124       0.0345     0.9948    
  2%           0.0197       0.0862     0.9936    
  5%           0.0501       0.1897     0.9889    
  10%          0.0997       0.2759     0.9836    

  >> Unfreezing backbone at epoch 6

  Epoch   6/30 (unfrozen, 292.9s) | loss=1.1816/1.7666 | AUC-ROC=0.7622  AUC-PR=0.1933  TPR@2%=0.2414 << BEST
  FPR target   Actual FPR   TPR        Threshold 
  --------------------------------------------
  0.5%         0.0051       0.1552     0.9995    
  1%           0.0101       0.1897     0.9989    
  2%           0.0220       0.2414     0.9972    
  5%           0.0501       0.3966     0.9889    
  10%          0.0997       0.4655     0.9649    

  Epoch   7/30 (unfrozen, 293.4s) | loss=0.4899/1.6881 | AUC-ROC=0.8222  AUC-PR=0.2787  TPR@2%=0.2759 << BEST
  FPR target   Actual FPR   TPR        Threshold 
  --------------------------------------------
  0.5%         0.0045       0.1724     0.9997    
  1%           0.0118       0.2586     0.9991    
  2%           0.0203       0.2759     0.9982    
  5%           0.0501       0.4828     0.9926    
  10%          0.1008       0.5690     0.9718    

  Epoch   8/30 (unfrozen, 368.8s) | loss=0.1051/4.3101 | AUC-ROC=0.8379  AUC-PR=0.4009  TPR@2%=0.4310 << BEST
  FPR target   Actual FPR   TPR        Threshold 
  --------------------------------------------
  0.5%         0.0051       0.2759     0.9738    
  1%           0.0096       0.3448     0.8973    
  2%           0.0197       0.4310     0.5858    
  5%           0.0518       0.5517     0.0514    
  10%          0.1008       0.6379     0.0085    

  Epoch   9/30 (unfrozen, 364.3s) | loss=0.3527/3.1353 | AUC-ROC=0.8308  AUC-PR=0.3984  TPR@2%=0.4483 << BEST
  FPR target   Actual FPR   TPR        Threshold 
  --------------------------------------------
  0.5%         0.0056       0.2586     0.9822    
  1%           0.0101       0.3966     0.9329    
  2%           0.0152       0.4483     0.8343    
  5%           0.0495       0.5172     0.3528    
  10%          0.1042       0.5690     0.0977    

  Epoch  10/30 (unfrozen, 321.3s) | loss=0.2592/2.7394 | AUC-ROC=0.8211  AUC-PR=0.3588  TPR@2%=0.3448
  FPR target   Actual FPR   TPR        Threshold 
  --------------------------------------------
  0.5%         0.0051       0.2414     0.9903    
  1%           0.0107       0.2759     0.9731    
  2%           0.0208       0.3448     0.9192    
  5%           0.0490       0.5000     0.6746    
  10%          0.0884       0.6034     0.3081    

  Epoch  11/30 (unfrozen, 373.5s) | loss=0.0780/4.2760 | AUC-ROC=0.8431  AUC-PR=0.4218  TPR@2%=0.3621
  FPR target   Actual FPR   TPR        Threshold 
  --------------------------------------------
  0.5%         0.0073       0.3276     0.8876    
  1%           0.0073       0.3276     0.8876    
  2%           0.0197       0.3621     0.4579    
  5%           0.0428       0.5517     0.1003    
  10%          0.0968       0.6379     0.0119    

  Epoch  12/30 (unfrozen, 339.3s) | loss=0.1738/3.1950 | AUC-ROC=0.8147  AUC-PR=0.3529  TPR@2%=0.3103
  FPR target   Actual FPR   TPR        Threshold 
  --------------------------------------------
  0.5%         0.0039       0.2586     0.9992    
  1%           0.0124       0.2931     0.9972    
  2%           0.0197       0.3103     0.9914    
  5%           0.0541       0.5000     0.8030    
  10%          0.1019       0.5862     0.3340    

  Epoch  13/30 (unfrozen, 337.3s) | loss=0.0419/4.5757 | AUC-ROC=0.8500  AUC-PR=0.4304  TPR@2%=0.3966
  FPR target   Actual FPR   TPR        Threshold 
  --------------------------------------------
  0.5%         0.0051       0.3276     0.8929    
  1%           0.0118       0.3621     0.6941    
  2%           0.0175       0.3966     0.4060    
  5%           0.0501       0.5517     0.0383    
  10%          0.1075       0.6552     0.0037    

  Epoch  14/30 (unfrozen, 398.1s) | loss=0.0322/5.8837 | AUC-ROC=0.8446  AUC-PR=0.3971  TPR@2%=0.4655 << BEST
  FPR target   Actual FPR   TPR        Threshold 
  --------------------------------------------
  0.5%         0.0051       0.2414     0.7977    
  1%           0.0101       0.3448     0.2369    
  2%           0.0225       0.4655     0.0349    
  5%           0.0495       0.4828     0.0083    
  10%          0.1002       0.6034     0.0008    

  Epoch  15/30 (unfrozen, 346.2s) | loss=0.0045/6.1821 | AUC-ROC=0.8285  AUC-PR=0.3867  TPR@2%=0.3621
  FPR target   Actual FPR   TPR        Threshold 
  --------------------------------------------
  0.5%         0.0023       0.2759     0.9926    
  1%           0.0096       0.2931     0.7786    
  2%           0.0203       0.3621     0.3332    
  5%           0.0479       0.4655     0.0193    
  10%          0.1002       0.5862     0.0014    

  Epoch  16/30 (unfrozen, 363.9s) | loss=0.0259/7.4060 | AUC-ROC=0.8199  AUC-PR=0.3998  TPR@2%=0.4310
  FPR target   Actual FPR   TPR        Threshold 
  --------------------------------------------
  0.5%         0.0051       0.3103     0.8299    
  1%           0.0130       0.3448     0.1962    
  2%           0.0197       0.4310     0.0506    
  5%           0.0507       0.5172     0.0016    
  10%          0.0997       0.5690     0.0002    

  Epoch  17/30 (unfrozen, 327.3s) | loss=0.0648/6.3707 | AUC-ROC=0.8408  AUC-PR=0.4159  TPR@2%=0.4483
  FPR target   Actual FPR   TPR        Threshold 
  --------------------------------------------
  0.5%         0.0051       0.2931     0.8784    
  1%           0.0101       0.3793     0.5859    
  2%           0.0208       0.4483     0.1009    
  5%           0.0524       0.5690     0.0025    
  10%          0.0997       0.6379     0.0003    

  Epoch  18/30 (unfrozen, 302.5s) | loss=0.0150/6.0479 | AUC-ROC=0.8553  AUC-PR=0.3576  TPR@2%=0.3966
  FPR target   Actual FPR   TPR        Threshold 
  --------------------------------------------
  0.5%         0.0051       0.2241     0.9831    
  1%           0.0084       0.2931     0.8772    
  2%           0.0197       0.3966     0.3101    
  5%           0.0490       0.5517     0.0067    
  10%          0.0968       0.6034     0.0005    

  Epoch  19/30 (unfrozen, 381.3s) | loss=0.0244/6.0203 | AUC-ROC=0.8359  AUC-PR=0.3622  TPR@2%=0.4310
  FPR target   Actual FPR   TPR        Threshold 
  --------------------------------------------
  0.5%         0.0039       0.2414     0.9921    
  1%           0.0101       0.3276     0.9201    
  2%           0.0203       0.4310     0.3711    
  5%           0.0529       0.5000     0.0126    
  10%          0.1002       0.5690     0.0009    

  Epoch  20/30 (unfrozen, 352.3s) | loss=0.0147/8.7313 | AUC-ROC=0.8307  AUC-PR=0.3912  TPR@2%=0.3793
  FPR target   Actual FPR   TPR        Threshold 
  --------------------------------------------
  0.5%         0.0062       0.3103     0.1795    
  1%           0.0124       0.3103     0.0539    
  2%           0.0197       0.3793     0.0178    
  5%           0.0462       0.5000     0.0004    
  10%          0.1025       0.5862     0.0000    

  Epoch  21/30 (unfrozen, 319.3s) | loss=0.0026/6.3142 | AUC-ROC=0.8530  AUC-PR=0.4578  TPR@2%=0.4655 << BEST
  FPR target   Actual FPR   TPR        Threshold 
  --------------------------------------------
  0.5%         0.0051       0.3793     0.8682    
  1%           0.0051       0.3793     0.8682    
  2%           0.0203       0.4655     0.0634    
  5%           0.0501       0.6034     0.0023    
  10%          0.1030       0.6897     0.0001    

  Epoch  22/30 (unfrozen, 339.2s) | loss=0.0014/7.9675 | AUC-ROC=0.8499  AUC-PR=0.4471  TPR@2%=0.4310
  FPR target   Actual FPR   TPR        Threshold 
  --------------------------------------------
  0.5%         0.0062       0.3621     0.3390    
  1%           0.0101       0.3966     0.0722    
  2%           0.0231       0.4310     0.0034    
  5%           0.0479       0.5862     0.0003    
  10%          0.0991       0.6724     0.0000    

  Epoch  23/30 (unfrozen, 366.1s) | loss=0.0026/7.8957 | AUC-ROC=0.8528  AUC-PR=0.4178  TPR@2%=0.4655
  FPR target   Actual FPR   TPR        Threshold 
  --------------------------------------------
  0.5%         0.0073       0.3103     0.2898    
  1%           0.0096       0.3448     0.1308    
  2%           0.0214       0.4655     0.0083    
  5%           0.0501       0.5862     0.0003    
  10%          0.1042       0.6897     0.0000    

  Epoch  24/30 (unfrozen, 344.4s) | loss=0.0009/8.7991 | AUC-ROC=0.8578  AUC-PR=0.4359  TPR@2%=0.4310
  FPR target   Actual FPR   TPR        Threshold 
  --------------------------------------------
  0.5%         0.0051       0.3276     0.2889    
  1%           0.0101       0.3448     0.0441    
  2%           0.0197       0.4310     0.0038    
  5%           0.0495       0.6207     0.0001    
  10%          0.1002       0.6897     0.0000    
