============================================================
BRANCH B: care_label  |  GPU 0  |  Sat Mar 21 18:31:22 UTC 2026
============================================================

>>> B1: Fine-tune DINOv3 (vitb16 + vitl16 x 518 + 714)
============================================================

--- Finetune: vitb16 @ 518 ---

============================================================
[care_label | vitb16 @ 518 | finetune]
============================================================
[care_label/train] 9759 labeled rows, 7294 with images
  Authentic (0): 7054  |  Not-authentic (1): 240  |  Ratio: 29.4:1
  Loaded val split from /root/iris/src/01-dinov3/val_splits/care_label_split.json  (train=5835, val=1459)
  Train: 5835 (192 pos) | Val: 1459 (48 pos)
  pos_weight: 29.4
`torch_dtype` is deprecated! Use `dtype` instead!
Loading weights:   0%|          | 0/211 [00:00<?, ?it/s]Loading weights: 100%|██████████| 211/211 [00:00<00:00, 19212.78it/s]

  Epoch   1/30 (frozen, 41.6s) | loss=2.0392/2.5112 | AUC-ROC=0.7481  AUC-PR=0.1156  TPR@2%=0.1250 << BEST
  FPR target   Actual FPR   TPR        Threshold 
  --------------------------------------------
  0.5%         0.0043       0.0833     0.9971    
  1%           0.0099       0.0833     0.9961    
  2%           0.0206       0.1250     0.9950    
  5%           0.0503       0.2083     0.9921    
  10%          0.1013       0.2917     0.9873    

  Epoch   2/30 (frozen, 36.1s) | loss=1.6143/2.3518 | AUC-ROC=0.7723  AUC-PR=0.1177  TPR@2%=0.1667 << BEST
  FPR target   Actual FPR   TPR        Threshold 
  --------------------------------------------
  0.5%         0.0043       0.0625     0.9985    
  1%           0.0099       0.0625     0.9977    
  2%           0.0198       0.1667     0.9962    
  5%           0.0496       0.2292     0.9932    
  10%          0.1006       0.3125     0.9887    

  Epoch   3/30 (frozen, 36.9s) | loss=1.4534/2.0610 | AUC-ROC=0.7998  AUC-PR=0.1382  TPR@2%=0.1667 << BEST
  FPR target   Actual FPR   TPR        Threshold 
  --------------------------------------------
  0.5%         0.0057       0.0833     0.9981    
  1%           0.0071       0.0833     0.9981    
  2%           0.0191       0.1667     0.9965    
  5%           0.0503       0.2292     0.9920    
  10%          0.0992       0.4167     0.9842    

  Epoch   4/30 (frozen, 37.5s) | loss=1.3727/2.1346 | AUC-ROC=0.7982  AUC-PR=0.1685  TPR@2%=0.1667
  FPR target   Actual FPR   TPR        Threshold 
  --------------------------------------------
  0.5%         0.0050       0.1042     0.9991    
  1%           0.0106       0.1667     0.9985    
  2%           0.0220       0.1667     0.9977    
  5%           0.0496       0.1875     0.9953    
  10%          0.1006       0.4375     0.9887    

  Epoch   5/30 (frozen, 36.6s) | loss=1.3006/1.7694 | AUC-ROC=0.8038  AUC-PR=0.1662  TPR@2%=0.1667 << BEST
  FPR target   Actual FPR   TPR        Threshold 
  --------------------------------------------
  0.5%         0.0064       0.1042     0.9986    
  1%           0.0099       0.1458     0.9976    
  2%           0.0177       0.1667     0.9969    
  5%           0.0503       0.2292     0.9924    
  10%          0.1013       0.4792     0.9814    

  >> Unfreezing backbone at epoch 6

  Epoch   6/30 (unfrozen, 100.5s) | loss=2.0886/3.3501 | AUC-ROC=0.5476  AUC-PR=0.0361  TPR@2%=0.0000
  FPR target   Actual FPR   TPR        Threshold 
  --------------------------------------------
  0.5%         0.0050       0.0000     0.9809    
  1%           0.0113       0.0000     0.9799    
  2%           0.0191       0.0000     0.9792    
  5%           0.0503       0.0208     0.9772    
  10%          0.1006       0.0417     0.9757    

  Epoch   7/30 (unfrozen, 101.4s) | loss=2.2347/3.5957 | AUC-ROC=0.5544  AUC-PR=0.0392  TPR@2%=0.0208
  FPR target   Actual FPR   TPR        Threshold 
  --------------------------------------------
  0.5%         0.0071       0.0208     0.9863    
  1%           0.0071       0.0208     0.9863    
  2%           0.0206       0.0208     0.9821    
  5%           0.0496       0.0417     0.9802    
  10%          0.0999       0.0833     0.9791    

  Epoch   8/30 (unfrozen, 100.3s) | loss=2.2152/4.0692 | AUC-ROC=0.5346  AUC-PR=0.0374  TPR@2%=0.0000
  FPR target   Actual FPR   TPR        Threshold 
  --------------------------------------------
  0.5%         0.0064       0.0000     0.9900    
  1%           0.0106       0.0000     0.9899    
  2%           0.0191       0.0000     0.9897    
  5%           0.0532       0.0208     0.9893    
  10%          0.1028       0.1458     0.9888    

  Epoch   9/30 (unfrozen, 101.7s) | loss=2.1680/3.6749 | AUC-ROC=0.5684  AUC-PR=0.0412  TPR@2%=0.0208
  FPR target   Actual FPR   TPR        Threshold 
  --------------------------------------------
  0.5%         0.0064       0.0000     0.9898    
  1%           0.0106       0.0000     0.9886    
  2%           0.0198       0.0208     0.9876    
  5%           0.0496       0.0417     0.9861    
  10%          0.1006       0.1250     0.9849    

  Epoch  10/30 (unfrozen, 101.7s) | loss=2.2017/3.5199 | AUC-ROC=0.5853  AUC-PR=0.0462  TPR@2%=0.0208
  FPR target   Actual FPR   TPR        Threshold 
  --------------------------------------------
  0.5%         0.0078       0.0208     0.9890    
  1%           0.0078       0.0208     0.9890    
  2%           0.0198       0.0208     0.9859    
  5%           0.0503       0.0208     0.9845    
  10%          0.0971       0.1875     0.9834    

  Epoch  11/30 (unfrozen, 101.7s) | loss=2.1235/3.5424 | AUC-ROC=0.5922  AUC-PR=0.0615  TPR@2%=0.0833
  FPR target   Actual FPR   TPR        Threshold 
  --------------------------------------------
  0.5%         0.0050       0.0208     0.9913    
  1%           0.0106       0.0208     0.9903    
  2%           0.0206       0.0833     0.9896    
  5%           0.0503       0.1250     0.9880    
  10%          0.0999       0.2500     0.9864    

  Epoch  12/30 (unfrozen, 99.6s) | loss=2.0996/3.1747 | AUC-ROC=0.6246  AUC-PR=0.0657  TPR@2%=0.0625
  FPR target   Actual FPR   TPR        Threshold 
  --------------------------------------------
  0.5%         0.0028       0.0208     0.9939    
  1%           0.0113       0.0208     0.9901    
  2%           0.0198       0.0625     0.9892    
  5%           0.0496       0.1458     0.9872    
  10%          0.0999       0.2917     0.9848    

  Early stopping at epoch 12 (patience=7)

  Best TPR@2%FPR: 0.1667  (AUC-ROC: 0.8038)
  Checkpoint: /root/iris/src/01-dinov3/checkpoints/care_label/vitb16_518_finetune_best.pt

  --- Best checkpoint metrics ---
  AUC-ROC: 0.8038403614457832
  AUC-PR:  0.1662091947744297
  Target FPR   Actual FPR   TPR        Threshold 
  --------------------------------------------
  0.5%         0.0064       0.1042     0.9986    
  1%           0.0099       0.1458     0.9976    
  2%           0.0177       0.1667     0.9969    
  5%           0.0503       0.2292     0.9924    
  10%          0.1013       0.4792     0.9814    
  Youden best: threshold=0.8933  TPR=0.8125  FPR=0.3026


--- Finetune: vitb16 @ 714 ---

============================================================
[care_label | vitb16 @ 714 | finetune]
============================================================
[care_label/train] 9759 labeled rows, 7294 with images
  Authentic (0): 7054  |  Not-authentic (1): 240  |  Ratio: 29.4:1
  Loaded val split from /root/iris/src/01-dinov3/val_splits/care_label_split.json  (train=5835, val=1459)
  Train: 5835 (192 pos) | Val: 1459 (48 pos)
  pos_weight: 29.4
`torch_dtype` is deprecated! Use `dtype` instead!
Loading weights:   0%|          | 0/211 [00:00<?, ?it/s]Loading weights: 100%|██████████| 211/211 [00:00<00:00, 14663.21it/s]

  Epoch   1/30 (frozen, 48.6s) | loss=2.0568/2.5391 | AUC-ROC=0.7537  AUC-PR=0.1184  TPR@2%=0.1042 << BEST
  FPR target   Actual FPR   TPR        Threshold 
  --------------------------------------------
  0.5%         0.0043       0.0833     0.9967    
  1%           0.0078       0.1042     0.9962    
  2%           0.0213       0.1042     0.9951    
  5%           0.0503       0.1667     0.9922    
  10%          0.0999       0.2917     0.9874    

  Epoch   2/30 (frozen, 47.6s) | loss=1.6318/2.3501 | AUC-ROC=0.7768  AUC-PR=0.1264  TPR@2%=0.1458 << BEST
  FPR target   Actual FPR   TPR        Threshold 
  --------------------------------------------
  0.5%         0.0035       0.0625     0.9974    
  1%           0.0099       0.1042     0.9967    
  2%           0.0206       0.1458     0.9952    
  5%           0.0489       0.2083     0.9925    
  10%          0.0999       0.3750     0.9867    

  Epoch   3/30 (frozen, 48.1s) | loss=1.4695/2.1442 | AUC-ROC=0.7948  AUC-PR=0.1352  TPR@2%=0.1667 << BEST
  FPR target   Actual FPR   TPR        Threshold 
  --------------------------------------------
  0.5%         0.0035       0.0625     0.9977    
  1%           0.0099       0.1042     0.9971    
  2%           0.0206       0.1667     0.9959    
  5%           0.0496       0.2708     0.9929    
  10%          0.0964       0.4167     0.9865    

  Epoch   4/30 (frozen, 52.2s) | loss=1.3635/2.3035 | AUC-ROC=0.7995  AUC-PR=0.1560  TPR@2%=0.1875 << BEST
  FPR target   Actual FPR   TPR        Threshold 
  --------------------------------------------
  0.5%         0.0050       0.1042     0.9990    
  1%           0.0071       0.1250     0.9988    
  2%           0.0220       0.1875     0.9979    
  5%           0.0503       0.3333     0.9957    
  10%          0.0999       0.4167     0.9915    

  Epoch   5/30 (frozen, 50.7s) | loss=1.2894/2.0380 | AUC-ROC=0.8015  AUC-PR=0.1532  TPR@2%=0.1667
  FPR target   Actual FPR   TPR        Threshold 
  --------------------------------------------
  0.5%         0.0035       0.0833     0.9992    
  1%           0.0099       0.1042     0.9985    
  2%           0.0213       0.1667     0.9977    
  5%           0.0574       0.2708     0.9942    
  10%          0.1006       0.4375     0.9889    

  >> Unfreezing backbone at epoch 6

  Epoch   6/30 (unfrozen, 143.0s) | loss=2.1007/3.6601 | AUC-ROC=0.6137  AUC-PR=0.0542  TPR@2%=0.0208
  FPR target   Actual FPR   TPR        Threshold 
  --------------------------------------------
  0.5%         0.0050       0.0000     0.9954    
  1%           0.0113       0.0208     0.9947    
  2%           0.0213       0.0208     0.9934    
  5%           0.0510       0.0833     0.9917    
  10%          0.0999       0.2500     0.9899    

  Epoch   7/30 (unfrozen, 148.3s) | loss=1.9818/3.0251 | AUC-ROC=0.6698  AUC-PR=0.0849  TPR@2%=0.0625
  FPR target   Actual FPR   TPR        Threshold 
  --------------------------------------------
  0.5%         0.0092       0.0417     0.9987    
  1%           0.0092       0.0417     0.9987    
  2%           0.0206       0.0625     0.9981    
  5%           0.0482       0.1458     0.9967    
  10%          0.1006       0.2917     0.9943    

  Epoch   8/30 (unfrozen, 108.9s) | loss=2.0421/3.4152 | AUC-ROC=0.6400  AUC-PR=0.0684  TPR@2%=0.0833
  FPR target   Actual FPR   TPR        Threshold 
  --------------------------------------------
  0.5%         0.0043       0.0208     0.9985    
  1%           0.0099       0.0417     0.9981    
  2%           0.0191       0.0833     0.9977    
  5%           0.0496       0.1458     0.9964    
  10%          0.1006       0.2500     0.9943    

  Epoch   9/30 (unfrozen, 105.0s) | loss=1.4697/2.3675 | AUC-ROC=0.6659  AUC-PR=0.1023  TPR@2%=0.1042
  FPR target   Actual FPR   TPR        Threshold 
  --------------------------------------------
  0.5%         0.0050       0.1042     0.9995    
  1%           0.0149       0.1042     0.9987    
  2%           0.0206       0.1042     0.9983    
  5%           0.0446       0.2083     0.9962    
  10%          0.1013       0.2500     0.9898    

  Epoch  10/30 (unfrozen, 101.3s) | loss=1.1656/2.3079 | AUC-ROC=0.6877  AUC-PR=0.0851  TPR@2%=0.0833
  FPR target   Actual FPR   TPR        Threshold 
  --------------------------------------------
  0.5%         0.0064       0.0625     0.9990    
  1%           0.0078       0.0625     0.9989    
  2%           0.0234       0.0833     0.9968    
  5%           0.0496       0.1875     0.9925    
  10%          0.0999       0.2500     0.9804    

  Epoch  11/30 (unfrozen, 101.4s) | loss=0.6777/2.2781 | AUC-ROC=0.6855  AUC-PR=0.1152  TPR@2%=0.1458
  FPR target   Actual FPR   TPR        Threshold 
  --------------------------------------------
  0.5%         0.0043       0.1042     0.9977    
  1%           0.0113       0.1250     0.9952    
  2%           0.0241       0.1458     0.9878    
  5%           0.0510       0.1875     0.9672    
  10%          0.1013       0.2708     0.9320    

  Early stopping at epoch 11 (patience=7)

  Best TPR@2%FPR: 0.1875  (AUC-ROC: 0.7995)
  Checkpoint: /root/iris/src/01-dinov3/checkpoints/care_label/vitb16_714_finetune_best.pt

  --- Best checkpoint metrics ---
  AUC-ROC: 0.7995363808173872
  AUC-PR:  0.15595780127091455
  Target FPR   Actual FPR   TPR        Threshold 
  --------------------------------------------
  0.5%         0.0050       0.1042     0.9990    
  1%           0.0071       0.1250     0.9988    
  2%           0.0220       0.1875     0.9979    
  5%           0.0503       0.3333     0.9957    
  10%          0.0999       0.4167     0.9915    
  Youden best: threshold=0.9225  TPR=0.8750  FPR=0.3905


--- Finetune: vitl16 @ 518 ---

============================================================
[care_label | vitl16 @ 518 | finetune]
============================================================
[care_label/train] 9759 labeled rows, 7294 with images
  Authentic (0): 7054  |  Not-authentic (1): 240  |  Ratio: 29.4:1
  Loaded val split from /root/iris/src/01-dinov3/val_splits/care_label_split.json  (train=5835, val=1459)
  Train: 5835 (192 pos) | Val: 1459 (48 pos)
  pos_weight: 29.4
`torch_dtype` is deprecated! Use `dtype` instead!
Loading weights:   0%|          | 0/415 [00:00<?, ?it/s]Loading weights: 100%|██████████| 415/415 [00:00<00:00, 35027.79it/s]

  Epoch   1/30 (frozen, 43.2s) | loss=2.0312/2.9545 | AUC-ROC=0.7370  AUC-PR=0.0943  TPR@2%=0.1042 << BEST
  FPR target   Actual FPR   TPR        Threshold 
  --------------------------------------------
  0.5%         0.0057       0.0417     0.9968    
  1%           0.0099       0.0625     0.9963    
  2%           0.0142       0.1042     0.9959    
  5%           0.0503       0.1667     0.9937    
  10%          0.0999       0.3542     0.9902    

  Epoch   2/30 (frozen, 48.1s) | loss=1.7414/2.0724 | AUC-ROC=0.7762  AUC-PR=0.1365  TPR@2%=0.1458 << BEST
  FPR target   Actual FPR   TPR        Threshold 
  --------------------------------------------
  0.5%         0.0064       0.0625     0.9923    
  1%           0.0106       0.1042     0.9910    
  2%           0.0198       0.1458     0.9880    
  5%           0.0496       0.2917     0.9816    
  10%          0.0985       0.3958     0.9736    

  Epoch   3/30 (frozen, 63.2s) | loss=1.5787/1.7744 | AUC-ROC=0.7789  AUC-PR=0.1472  TPR@2%=0.1667 << BEST
  FPR target   Actual FPR   TPR        Threshold 
  --------------------------------------------
  0.5%         0.0043       0.1042     0.9918    
  1%           0.0149       0.1250     0.9872    
  2%           0.0198       0.1667     0.9850    
  5%           0.0496       0.2708     0.9746    
  10%          0.1028       0.4167     0.9601    

  Epoch   4/30 (frozen, 73.5s) | loss=1.5008/2.0909 | AUC-ROC=0.7864  AUC-PR=0.1791  TPR@2%=0.1875 << BEST
  FPR target   Actual FPR   TPR        Threshold 
  --------------------------------------------
  0.5%         0.0064       0.1042     0.9966    
  1%           0.0085       0.1458     0.9957    
  2%           0.0206       0.1875     0.9930    
  5%           0.0510       0.3125     0.9873    
  10%          0.0999       0.3750     0.9805    

  Epoch   5/30 (frozen, 86.1s) | loss=1.4159/1.9807 | AUC-ROC=0.7891  AUC-PR=0.1706  TPR@2%=0.2083 << BEST
  FPR target   Actual FPR   TPR        Threshold 
  --------------------------------------------
  0.5%         0.0057       0.0833     0.9965    
  1%           0.0106       0.1250     0.9952    
  2%           0.0206       0.2083     0.9927    
  5%           0.0503       0.3333     0.9880    
  10%          0.1006       0.3958     0.9783    

  >> Unfreezing backbone at epoch 6

  Epoch   6/30 (unfrozen, 213.0s) | loss=1.1065/1.9728 | AUC-ROC=0.7773  AUC-PR=0.1064  TPR@2%=0.0833
  FPR target   Actual FPR   TPR        Threshold 
  --------------------------------------------
  0.5%         0.0071       0.0208     0.9999    
  1%           0.0113       0.0625     0.9998    
  2%           0.0184       0.0833     0.9998    
  5%           0.0503       0.2292     0.9986    
  10%          0.0999       0.3750     0.9948    

  Epoch   7/30 (unfrozen, 223.2s) | loss=0.3333/1.9638 | AUC-ROC=0.8054  AUC-PR=0.1450  TPR@2%=0.1458
  FPR target   Actual FPR   TPR        Threshold 
  --------------------------------------------
  0.5%         0.0050       0.0625     1.0000    
  1%           0.0106       0.0833     1.0000    
  2%           0.0206       0.1458     0.9999    
  5%           0.0496       0.3333     0.9988    
  10%          0.1013       0.5625     0.9857    

  Epoch   8/30 (unfrozen, 198.6s) | loss=0.3816/3.4952 | AUC-ROC=0.8169  AUC-PR=0.1985  TPR@2%=0.2708 << BEST
  FPR target   Actual FPR   TPR        Threshold 
  --------------------------------------------
  0.5%         0.0057       0.1458     0.9830    
  1%           0.0106       0.2083     0.9614    
  2%           0.0213       0.2708     0.8500    
  5%           0.0532       0.3750     0.4248    
  10%          0.1006       0.4375     0.0979    

  Epoch   9/30 (unfrozen, 259.7s) | loss=0.0590/4.4505 | AUC-ROC=0.8580  AUC-PR=0.3532  TPR@2%=0.3750 << BEST
  FPR target   Actual FPR   TPR        Threshold 
  --------------------------------------------
  0.5%         0.0035       0.2708     0.9554    
  1%           0.0092       0.2917     0.8277    
  2%           0.0191       0.3750     0.4812    
  5%           0.0503       0.4375     0.0606    
  10%          0.1013       0.6042     0.0066    

  Epoch  10/30 (unfrozen, 234.5s) | loss=0.2735/3.9157 | AUC-ROC=0.8454  AUC-PR=0.2402  TPR@2%=0.3125
  FPR target   Actual FPR   TPR        Threshold 
  --------------------------------------------
  0.5%         0.0050       0.1250     0.9896    
  1%           0.0099       0.2292     0.9182    
  2%           0.0227       0.3125     0.5640    
  5%           0.0503       0.3958     0.1553    
  10%          0.0964       0.5208     0.0304    

  Epoch  11/30 (unfrozen, 241.3s) | loss=0.0931/1.6640 | AUC-ROC=0.8497  AUC-PR=0.2198  TPR@2%=0.1875
  FPR target   Actual FPR   TPR        Threshold 
  --------------------------------------------
  0.5%         0.0057       0.1042     0.9999    
  1%           0.0113       0.1667     0.9998    
  2%           0.0262       0.1875     0.9981    
  5%           0.0489       0.3125     0.9927    
  10%          0.1006       0.4583     0.9120    

  Epoch  12/30 (unfrozen, 281.1s) | loss=0.0551/4.8442 | AUC-ROC=0.8780  AUC-PR=0.3430  TPR@2%=0.2917
  FPR target   Actual FPR   TPR        Threshold 
  --------------------------------------------
  0.5%         0.0050       0.2292     0.8984    
  1%           0.0142       0.2917     0.4559    
  2%           0.0142       0.2917     0.4559    
  5%           0.0432       0.4375     0.0575    
  10%          0.0971       0.5625     0.0038    

  Epoch  13/30 (unfrozen, 284.5s) | loss=0.1481/4.8517 | AUC-ROC=0.8325  AUC-PR=0.2486  TPR@2%=0.2708
  FPR target   Actual FPR   TPR        Threshold 
  --------------------------------------------
  0.5%         0.0057       0.1458     0.9890    
  1%           0.0099       0.2292     0.8860    
  2%           0.0213       0.2708     0.6145    
  5%           0.0489       0.3542     0.1203    
  10%          0.0999       0.4583     0.0118    

  Epoch  14/30 (unfrozen, 258.0s) | loss=0.0383/5.7359 | AUC-ROC=0.8410  AUC-PR=0.3158  TPR@2%=0.2917
  FPR target   Actual FPR   TPR        Threshold 
  --------------------------------------------
  0.5%         0.0050       0.2500     0.9539    
  1%           0.0113       0.2708     0.6677    
  2%           0.0191       0.2917     0.3602    
  5%           0.0546       0.4167     0.0209    
  10%          0.0999       0.5208     0.0031    

  Epoch  15/30 (unfrozen, 301.3s) | loss=0.0187/5.9132 | AUC-ROC=0.8586  AUC-PR=0.3462  TPR@2%=0.3125
  FPR target   Actual FPR   TPR        Threshold 
  --------------------------------------------
  0.5%         0.0057       0.2292     0.9199    
  1%           0.0106       0.2708     0.7689    
  2%           0.0135       0.3125     0.5798    
  5%           0.0468       0.4167     0.0283    
  10%          0.1021       0.5833     0.0013    

  Epoch  16/30 (unfrozen, 293.5s) | loss=0.0028/6.3233 | AUC-ROC=0.8602  AUC-PR=0.3633  TPR@2%=0.3125
  FPR target   Actual FPR   TPR        Threshold 
  --------------------------------------------
  0.5%         0.0021       0.2500     0.8551    
  1%           0.0092       0.2708     0.3484    
  2%           0.0198       0.3125     0.0808    
  5%           0.0503       0.4375     0.0063    
  10%          0.0999       0.6250     0.0006    

  Early stopping at epoch 16 (patience=7)

  Best TPR@2%FPR: 0.3750  (AUC-ROC: 0.8580)
  Checkpoint: /root/iris/src/01-dinov3/checkpoints/care_label/vitl16_518_finetune_best.pt

  --- Best checkpoint metrics ---
  AUC-ROC: 0.8580276990314197
  AUC-PR:  0.35318052307142184
  Target FPR   Actual FPR   TPR        Threshold 
  --------------------------------------------
  0.5%         0.0035       0.2708     0.9554    
  1%           0.0092       0.2917     0.8277    
  2%           0.0191       0.3750     0.4812    
  5%           0.0503       0.4375     0.0606    
  10%          0.1013       0.6042     0.0066    
  Youden best: threshold=0.0003  TPR=0.8125  FPR=0.2318


--- Finetune: vitl16 @ 714 ---

============================================================
[care_label | vitl16 @ 714 | finetune]
============================================================
[care_label/train] 9759 labeled rows, 7294 with images
  Authentic (0): 7054  |  Not-authentic (1): 240  |  Ratio: 29.4:1
  Loaded val split from /root/iris/src/01-dinov3/val_splits/care_label_split.json  (train=5835, val=1459)
  Train: 5835 (192 pos) | Val: 1459 (48 pos)
  pos_weight: 29.4
`torch_dtype` is deprecated! Use `dtype` instead!
Loading weights:   0%|          | 0/415 [00:00<?, ?it/s]Loading weights: 100%|██████████| 415/415 [00:00<00:00, 28615.24it/s]

  Epoch   1/30 (frozen, 200.8s) | loss=2.0274/2.9793 | AUC-ROC=0.7389  AUC-PR=0.0905  TPR@2%=0.1042 << BEST
  FPR target   Actual FPR   TPR        Threshold 
  --------------------------------------------
  0.5%         0.0064       0.0417     0.9964    
  1%           0.0064       0.0417     0.9964    
  2%           0.0213       0.1042     0.9946    
  5%           0.0489       0.2083     0.9927    
  10%          0.0992       0.3333     0.9890    

  Epoch   2/30 (frozen, 158.3s) | loss=1.7173/2.0700 | AUC-ROC=0.7630  AUC-PR=0.1117  TPR@2%=0.2083 << BEST
  FPR target   Actual FPR   TPR        Threshold 
  --------------------------------------------
  0.5%         0.0078       0.0208     0.9933    
  1%           0.0106       0.0625     0.9924    
  2%           0.0206       0.2083     0.9904    
  5%           0.0517       0.2292     0.9843    
  10%          0.0999       0.3750     0.9752    

  Epoch   3/30 (frozen, 193.6s) | loss=1.5584/1.6791 | AUC-ROC=0.7727  AUC-PR=0.1101  TPR@2%=0.0833
  FPR target   Actual FPR   TPR        Threshold 
  --------------------------------------------
  0.5%         0.0028       0.0417     0.9918    
  1%           0.0135       0.0417     0.9864    
  2%           0.0198       0.0833     0.9831    
  5%           0.0489       0.2708     0.9729    
  10%          0.1006       0.3958     0.9535    

  Epoch   4/30 (frozen, 218.0s) | loss=1.4735/1.8689 | AUC-ROC=0.7829  AUC-PR=0.1371  TPR@2%=0.1667
  FPR target   Actual FPR   TPR        Threshold 
  --------------------------------------------
  0.5%         0.0043       0.0625     0.9965    
  1%           0.0113       0.1458     0.9946    
  2%           0.0177       0.1667     0.9934    
  5%           0.0517       0.2708     0.9869    
  10%          0.0957       0.3125     0.9785    

  Epoch   5/30 (frozen, 207.2s) | loss=1.3811/1.8604 | AUC-ROC=0.7867  AUC-PR=0.1371  TPR@2%=0.1875
  FPR target   Actual FPR   TPR        Threshold 
  --------------------------------------------
  0.5%         0.0043       0.0417     0.9959    
  1%           0.0106       0.1250     0.9941    
  2%           0.0184       0.1875     0.9927    
  5%           0.0496       0.2500     0.9857    
  10%          0.1021       0.3750     0.9750    

  >> Unfreezing backbone at epoch 6

  Epoch   6/30 (unfrozen, 286.3s) | loss=1.1597/0.9978 | AUC-ROC=0.8839  AUC-PR=0.3371  TPR@2%=0.4167 << BEST
  FPR target   Actual FPR   TPR        Threshold 
  --------------------------------------------
  0.5%         0.0057       0.2292     0.9974    
  1%           0.0099       0.2917     0.9946    
  2%           0.0191       0.4167     0.9910    
  5%           0.0510       0.5417     0.9647    
  10%          0.0992       0.6458     0.9096    

  Epoch   7/30 (unfrozen, 323.1s) | loss=0.4296/1.3993 | AUC-ROC=0.8507  AUC-PR=0.2775  TPR@2%=0.3333
  FPR target   Actual FPR   TPR        Threshold 
  --------------------------------------------
  0.5%         0.0064       0.1250     0.9996    
  1%           0.0099       0.2083     0.9983    
  2%           0.0177       0.3333     0.9950    
  5%           0.0496       0.5000     0.9658    
  10%          0.1042       0.6458     0.8324    

  Epoch   8/30 (unfrozen, 290.7s) | loss=0.3165/2.7139 | AUC-ROC=0.8588  AUC-PR=0.3321  TPR@2%=0.4167
  FPR target   Actual FPR   TPR        Threshold 
  --------------------------------------------
  0.5%         0.0050       0.2083     0.9808    
  1%           0.0106       0.3125     0.9537    
  2%           0.0163       0.4167     0.8781    
  5%           0.0475       0.5000     0.2540    
  10%          0.0978       0.5625     0.0820    

  Epoch   9/30 (unfrozen, 272.8s) | loss=0.0421/3.7403 | AUC-ROC=0.8745  AUC-PR=0.4399  TPR@2%=0.4792 << BEST
  FPR target   Actual FPR   TPR        Threshold 
  --------------------------------------------
  0.5%         0.0057       0.3333     0.9471    
  1%           0.0106       0.3958     0.7912    
  2%           0.0213       0.4792     0.5188    
  5%           0.0510       0.5625     0.0782    
  10%          0.0992       0.5833     0.0123    

  Epoch  10/30 (unfrozen, 319.6s) | loss=0.4577/1.8704 | AUC-ROC=0.8846  AUC-PR=0.2899  TPR@2%=0.3125
  FPR target   Actual FPR   TPR        Threshold 
  --------------------------------------------
  0.5%         0.0035       0.1458     0.9998    
  1%           0.0099       0.1875     0.9986    
  2%           0.0198       0.3125     0.9948    
  5%           0.0496       0.4792     0.9140    
  10%          0.0971       0.6250     0.4965    

  Epoch  11/30 (unfrozen, 343.0s) | loss=0.1202/2.6798 | AUC-ROC=0.8716  AUC-PR=0.3646  TPR@2%=0.3542
  FPR target   Actual FPR   TPR        Threshold 
  --------------------------------------------
  0.5%         0.0050       0.2292     0.9961    
  1%           0.0064       0.2708     0.9929    
  2%           0.0191       0.3542     0.9208    
  5%           0.0524       0.4792     0.4633    
  10%          0.0985       0.5833     0.0986    

  Epoch  12/30 (unfrozen, 287.8s) | loss=0.0215/5.5904 | AUC-ROC=0.8707  AUC-PR=0.3710  TPR@2%=0.3750
  FPR target   Actual FPR   TPR        Threshold 
  --------------------------------------------
  0.5%         0.0043       0.2708     0.8010    
  1%           0.0099       0.3125     0.4859    
  2%           0.0262       0.3750     0.0911    
  5%           0.0503       0.4792     0.0102    
  10%          0.1006       0.5417     0.0010    

  Epoch  13/30 (unfrozen, 334.2s) | loss=0.0196/7.3864 | AUC-ROC=0.8670  AUC-PR=0.3356  TPR@2%=0.3333
  FPR target   Actual FPR   TPR        Threshold 
  --------------------------------------------
  0.5%         0.0071       0.2292     0.3799    
  1%           0.0113       0.2500     0.1785    
  2%           0.0220       0.3333     0.0223    
  5%           0.0496       0.4375     0.0017    
  10%          0.1013       0.5000     0.0001    

  Epoch  14/30 (unfrozen, 270.4s) | loss=0.0204/6.4061 | AUC-ROC=0.8767  AUC-PR=0.3959  TPR@2%=0.3750
  FPR target   Actual FPR   TPR        Threshold 
  --------------------------------------------
  0.5%         0.0043       0.3125     0.8641    
  1%           0.0106       0.3333     0.4961    
  2%           0.0156       0.3750     0.1928    
  5%           0.0503       0.5000     0.0026    
  10%          0.1006       0.6250     0.0002    

  Epoch  15/30 (unfrozen, 304.6s) | loss=0.1947/4.0519 | AUC-ROC=0.8620  AUC-PR=0.3066  TPR@2%=0.2708
  FPR target   Actual FPR   TPR        Threshold 
  --------------------------------------------
  0.5%         0.0043       0.1667     0.9952    
  1%           0.0113       0.2292     0.9617    
  2%           0.0198       0.2708     0.8647    
  5%           0.0432       0.4583     0.3450    
  10%          0.0964       0.5625     0.0167    
