============================================================
BRANCH B: front  |  GPU 1  |  Sat Mar 21 18:31:22 UTC 2026
============================================================

>>> B1: Fine-tune DINOv3 (vitb16 + vitl16 x 518 + 714)
============================================================

--- Finetune: vitb16 @ 518 ---

============================================================
[front | vitb16 @ 518 | finetune]
============================================================
[front/train] 9759 labeled rows, 9627 with images
  Authentic (0): 9321  |  Not-authentic (1): 306  |  Ratio: 30.5:1
  Loaded val split from /root/iris/src/01-dinov3/val_splits/front_split.json  (train=7701, val=1926)
  Train: 7701 (245 pos) | Val: 1926 (61 pos)
  pos_weight: 30.4
`torch_dtype` is deprecated! Use `dtype` instead!
Loading weights:   0%|          | 0/211 [00:00<?, ?it/s]Loading weights: 100%|██████████| 211/211 [00:00<00:00, 11665.28it/s]

  Epoch   1/30 (frozen, 53.9s) | loss=1.6747/2.1494 | AUC-ROC=0.7255  AUC-PR=0.0892  TPR@2%=0.0820 << BEST
  FPR target   Actual FPR   TPR        Threshold 
  --------------------------------------------
  0.5%         0.0005       0.0000     0.9992    
  1%           0.0113       0.0164     0.9972    
  2%           0.0198       0.0820     0.9959    
  5%           0.0493       0.2459     0.9926    
  10%          0.0992       0.3279     0.9848    

  Epoch   2/30 (frozen, 53.0s) | loss=1.2768/2.0589 | AUC-ROC=0.7390  AUC-PR=0.0969  TPR@2%=0.0820 << BEST
  FPR target   Actual FPR   TPR        Threshold 
  --------------------------------------------
  0.5%         0.0043       0.0328     0.9989    
  1%           0.0113       0.0656     0.9983    
  2%           0.0204       0.0820     0.9977    
  5%           0.0499       0.2459     0.9948    
  10%          0.1003       0.3934     0.9888    

  Epoch   3/30 (frozen, 52.1s) | loss=1.1300/1.8522 | AUC-ROC=0.7452  AUC-PR=0.0989  TPR@2%=0.1148 << BEST
  FPR target   Actual FPR   TPR        Threshold 
  --------------------------------------------
  0.5%         0.0059       0.0164     0.9989    
  1%           0.0086       0.0492     0.9983    
  2%           0.0214       0.1148     0.9969    
  5%           0.0483       0.2623     0.9936    
  10%          0.0992       0.3607     0.9831    

  Epoch   4/30 (frozen, 52.4s) | loss=1.0220/1.8017 | AUC-ROC=0.7473  AUC-PR=0.1119  TPR@2%=0.1311 << BEST
  FPR target   Actual FPR   TPR        Threshold 
  --------------------------------------------
  0.5%         0.0048       0.0492     0.9992    
  1%           0.0118       0.1148     0.9982    
  2%           0.0204       0.1311     0.9973    
  5%           0.0493       0.2459     0.9936    
  10%          0.0981       0.4098     0.9788    

  Epoch   5/30 (frozen, 52.0s) | loss=0.9818/1.8278 | AUC-ROC=0.7415  AUC-PR=0.0919  TPR@2%=0.1148
  FPR target   Actual FPR   TPR        Threshold 
  --------------------------------------------
  0.5%         0.0038       0.0164     0.9994    
  1%           0.0118       0.0328     0.9985    
  2%           0.0209       0.1148     0.9972    
  5%           0.0504       0.2131     0.9927    
  10%          0.0992       0.3934     0.9787    

  >> Unfreezing backbone at epoch 6

  Epoch   6/30 (unfrozen, 132.5s) | loss=1.4114/2.4996 | AUC-ROC=0.6952  AUC-PR=0.0761  TPR@2%=0.0820
  FPR target   Actual FPR   TPR        Threshold 
  --------------------------------------------
  0.5%         0.0038       0.0328     0.9998    
  1%           0.0113       0.0492     0.9990    
  2%           0.0188       0.0820     0.9980    
  5%           0.0509       0.1639     0.9911    
  10%          0.0997       0.2951     0.9675    

  Epoch   7/30 (unfrozen, 133.5s) | loss=0.4613/2.6136 | AUC-ROC=0.7501  AUC-PR=0.1476  TPR@2%=0.1967 << BEST
  FPR target   Actual FPR   TPR        Threshold 
  --------------------------------------------
  0.5%         0.0048       0.0984     1.0000    
  1%           0.0107       0.1475     0.9999    
  2%           0.0209       0.1967     0.9996    
  5%           0.0499       0.2787     0.9969    
  10%          0.1062       0.5082     0.9645    

  Epoch   8/30 (unfrozen, 132.5s) | loss=0.3811/2.9219 | AUC-ROC=0.7861  AUC-PR=0.2267  TPR@2%=0.2295 << BEST
  FPR target   Actual FPR   TPR        Threshold 
  --------------------------------------------
  0.5%         0.0016       0.1148     0.9998    
  1%           0.0102       0.2131     0.9987    
  2%           0.0123       0.2295     0.9977    
  5%           0.0504       0.3770     0.9447    
  10%          0.0987       0.5246     0.6047    

  Epoch   9/30 (unfrozen, 134.0s) | loss=0.3000/3.3742 | AUC-ROC=0.7754  AUC-PR=0.2044  TPR@2%=0.2459 << BEST
  FPR target   Actual FPR   TPR        Threshold 
  --------------------------------------------
  0.5%         0.0048       0.1311     0.9999    
  1%           0.0107       0.1475     0.9997    
  2%           0.0209       0.2459     0.9978    
  5%           0.0488       0.3443     0.9641    
  10%          0.0992       0.5246     0.5612    

  Epoch  10/30 (unfrozen, 134.1s) | loss=0.1306/5.5597 | AUC-ROC=0.7598  AUC-PR=0.2242  TPR@2%=0.2295
  FPR target   Actual FPR   TPR        Threshold 
  --------------------------------------------
  0.5%         0.0027       0.1475     0.9982    
  1%           0.0102       0.1967     0.9722    
  2%           0.0236       0.2295     0.7644    
  5%           0.0515       0.3607     0.1870    
  10%          0.1013       0.4590     0.0223    

  Epoch  11/30 (unfrozen, 133.9s) | loss=0.1567/6.2015 | AUC-ROC=0.7361  AUC-PR=0.1976  TPR@2%=0.2623 << BEST
  FPR target   Actual FPR   TPR        Threshold 
  --------------------------------------------
  0.5%         0.0054       0.0984     0.9992    
  1%           0.0102       0.1475     0.9935    
  2%           0.0198       0.2623     0.8895    
  5%           0.0547       0.3443     0.2183    
  10%          0.1008       0.4262     0.0241    

  Epoch  12/30 (unfrozen, 131.2s) | loss=0.0939/4.9987 | AUC-ROC=0.7464  AUC-PR=0.1994  TPR@2%=0.1967
  FPR target   Actual FPR   TPR        Threshold 
  --------------------------------------------
  0.5%         0.0043       0.1311     1.0000    
  1%           0.0102       0.1639     0.9996    
  2%           0.0209       0.1967     0.9920    
  5%           0.0525       0.3279     0.8561    
  10%          0.0997       0.4754     0.1879    

  Epoch  13/30 (unfrozen, 129.4s) | loss=0.1157/6.1236 | AUC-ROC=0.7398  AUC-PR=0.2208  TPR@2%=0.2295
  FPR target   Actual FPR   TPR        Threshold 
  --------------------------------------------
  0.5%         0.0048       0.1639     0.9996    
  1%           0.0123       0.1967     0.9839    
  2%           0.0198       0.2295     0.9243    
  5%           0.0488       0.3770     0.2436    
  10%          0.1029       0.5082     0.0200    

  Epoch  14/30 (unfrozen, 130.2s) | loss=0.0455/7.2728 | AUC-ROC=0.7168  AUC-PR=0.2202  TPR@2%=0.2623
  FPR target   Actual FPR   TPR        Threshold 
  --------------------------------------------
  0.5%         0.0054       0.1475     0.9990    
  1%           0.0118       0.1967     0.9681    
  2%           0.0188       0.2623     0.8414    
  5%           0.0509       0.3607     0.0904    
  10%          0.0992       0.4262     0.0097    

  Epoch  15/30 (unfrozen, 142.6s) | loss=0.0538/8.3047 | AUC-ROC=0.7268  AUC-PR=0.2137  TPR@2%=0.2459
  FPR target   Actual FPR   TPR        Threshold 
  --------------------------------------------
  0.5%         0.0054       0.1639     0.9808    
  1%           0.0102       0.1803     0.8802    
  2%           0.0182       0.2459     0.4447    
  5%           0.0483       0.3443     0.0315    
  10%          0.0997       0.4098     0.0021    

  Epoch  16/30 (unfrozen, 141.9s) | loss=0.0258/9.3803 | AUC-ROC=0.7141  AUC-PR=0.1960  TPR@2%=0.2131
  FPR target   Actual FPR   TPR        Threshold 
  --------------------------------------------
  0.5%         0.0054       0.1311     0.9979    
  1%           0.0107       0.1639     0.9310    
  2%           0.0220       0.2131     0.5254    
  5%           0.0499       0.3607     0.0267    
  10%          0.1003       0.3770     0.0015    

  Epoch  17/30 (unfrozen, 142.3s) | loss=0.0571/7.5760 | AUC-ROC=0.7324  AUC-PR=0.2260  TPR@2%=0.2623
  FPR target   Actual FPR   TPR        Threshold 
  --------------------------------------------
  0.5%         0.0043       0.1475     1.0000    
  1%           0.0086       0.1967     0.9988    
  2%           0.0177       0.2623     0.9353    
  5%           0.0499       0.3443     0.2433    
  10%          0.1003       0.4590     0.0103    

  Epoch  18/30 (unfrozen, 141.0s) | loss=0.0234/10.0498 | AUC-ROC=0.7208  AUC-PR=0.2194  TPR@2%=0.2787 << BEST
  FPR target   Actual FPR   TPR        Threshold 
  --------------------------------------------
  0.5%         0.0043       0.1475     0.9924    
  1%           0.0086       0.1967     0.8543    
  2%           0.0214       0.2787     0.1620    
  5%           0.0456       0.3607     0.0043    
  10%          0.1008       0.4426     0.0002    

  Epoch  19/30 (unfrozen, 119.0s) | loss=0.0130/10.5391 | AUC-ROC=0.7173  AUC-PR=0.2206  TPR@2%=0.2623
  FPR target   Actual FPR   TPR        Threshold 
  --------------------------------------------
  0.5%         0.0043       0.1311     0.9653    
  1%           0.0075       0.1967     0.6545    
  2%           0.0155       0.2623     0.1194    
  5%           0.0477       0.3607     0.0022    
  10%          0.1003       0.4098     0.0001    

  Epoch  20/30 (unfrozen, 133.8s) | loss=0.0077/9.4780 | AUC-ROC=0.7240  AUC-PR=0.2509  TPR@2%=0.2787 << BEST
  FPR target   Actual FPR   TPR        Threshold 
  --------------------------------------------
  0.5%         0.0054       0.1803     0.9688    
  1%           0.0097       0.2131     0.7682    
  2%           0.0231       0.2787     0.1416    
  5%           0.0531       0.3934     0.0051    
  10%          0.0997       0.4098     0.0005    

  Epoch  21/30 (unfrozen, 147.8s) | loss=0.0047/10.7490 | AUC-ROC=0.7267  AUC-PR=0.2558  TPR@2%=0.2951 << BEST
  FPR target   Actual FPR   TPR        Threshold 
  --------------------------------------------
  0.5%         0.0038       0.1967     0.9694    
  1%           0.0091       0.2131     0.5678    
  2%           0.0177       0.2951     0.0367    
  5%           0.0499       0.3607     0.0011    
  10%          0.0992       0.4426     0.0001    

  Epoch  22/30 (unfrozen, 149.3s) | loss=0.0057/10.8308 | AUC-ROC=0.7135  AUC-PR=0.2617  TPR@2%=0.2951
  FPR target   Actual FPR   TPR        Threshold 
  --------------------------------------------
  0.5%         0.0054       0.2131     0.8001    
  1%           0.0075       0.2295     0.5971    
  2%           0.0225       0.2951     0.0218    
  5%           0.0493       0.3443     0.0013    
  10%          0.0997       0.4098     0.0001    

  Epoch  23/30 (unfrozen, 148.7s) | loss=0.0018/11.1070 | AUC-ROC=0.7199  AUC-PR=0.2527  TPR@2%=0.2787
  FPR target   Actual FPR   TPR        Threshold 
  --------------------------------------------
  0.5%         0.0043       0.1967     0.9793    
  1%           0.0107       0.2459     0.3489    
  2%           0.0172       0.2787     0.0679    
  5%           0.0499       0.3279     0.0009    
  10%          0.1003       0.4098     0.0001    

  Epoch  24/30 (unfrozen, 127.5s) | loss=0.0004/11.4515 | AUC-ROC=0.7208  AUC-PR=0.2580  TPR@2%=0.2623
  FPR target   Actual FPR   TPR        Threshold 
  --------------------------------------------
  0.5%         0.0032       0.1967     0.9349    
  1%           0.0118       0.2295     0.1584    
  2%           0.0204       0.2623     0.0327    
  5%           0.0477       0.3443     0.0010    
  10%          0.0976       0.4426     0.0001    

  Epoch  25/30 (unfrozen, 167.3s) | loss=0.0005/12.0975 | AUC-ROC=0.7210  AUC-PR=0.2438  TPR@2%=0.2787
  FPR target   Actual FPR   TPR        Threshold 
  --------------------------------------------
  0.5%         0.0064       0.1967     0.7335    
  1%           0.0113       0.2131     0.1463    
  2%           0.0198       0.2787     0.0176    
  5%           0.0488       0.3115     0.0004    
  10%          0.1003       0.4590     0.0000    

  Epoch  26/30 (unfrozen, 178.5s) | loss=0.0006/12.5373 | AUC-ROC=0.7175  AUC-PR=0.2478  TPR@2%=0.2787
  FPR target   Actual FPR   TPR        Threshold 
  --------------------------------------------
  0.5%         0.0059       0.1967     0.7511    
  1%           0.0113       0.2131     0.0654    
  2%           0.0188       0.2787     0.0133    
  5%           0.0509       0.3279     0.0002    
  10%          0.1003       0.4754     0.0000    

  Epoch  27/30 (unfrozen, 145.5s) | loss=0.0003/12.5373 | AUC-ROC=0.7214  AUC-PR=0.2442  TPR@2%=0.2787
  FPR target   Actual FPR   TPR        Threshold 
  --------------------------------------------
  0.5%         0.0043       0.1967     0.8858    
  1%           0.0118       0.2131     0.0423    
  2%           0.0188       0.2787     0.0111    
  5%           0.0488       0.3115     0.0003    
  10%          0.0992       0.4754     0.0000    

  Epoch  28/30 (unfrozen, 179.1s) | loss=0.0001/12.4826 | AUC-ROC=0.7233  AUC-PR=0.2400  TPR@2%=0.2787
  FPR target   Actual FPR   TPR        Threshold 
  --------------------------------------------
  0.5%         0.0043       0.1967     0.9236    
  1%           0.0118       0.2131     0.0925    
  2%           0.0204       0.2787     0.0109    
  5%           0.0493       0.3115     0.0002    
  10%          0.0997       0.4590     0.0000    

  Early stopping at epoch 28 (patience=7)

  Best TPR@2%FPR: 0.2951  (AUC-ROC: 0.7267)
  Checkpoint: /root/iris/src/01-dinov3/checkpoints/front/vitb16_518_finetune_best.pt

  --- Best checkpoint metrics ---
  AUC-ROC: 0.7266953808289016
  AUC-PR:  0.2558352596113994
  Target FPR   Actual FPR   TPR        Threshold 
  --------------------------------------------
  0.5%         0.0038       0.1967     0.9694    
  1%           0.0091       0.2131     0.5678    
  2%           0.0177       0.2951     0.0367    
  5%           0.0499       0.3607     0.0011    
  10%          0.0992       0.4426     0.0001    
  Youden best: threshold=0.0003  TPR=0.4426  FPR=0.0751


--- Finetune: vitb16 @ 714 ---

============================================================
[front | vitb16 @ 714 | finetune]
============================================================
[front/train] 9759 labeled rows, 9627 with images
  Authentic (0): 9321  |  Not-authentic (1): 306  |  Ratio: 30.5:1
  Loaded val split from /root/iris/src/01-dinov3/val_splits/front_split.json  (train=7701, val=1926)
  Train: 7701 (245 pos) | Val: 1926 (61 pos)
  pos_weight: 30.4
`torch_dtype` is deprecated! Use `dtype` instead!
Loading weights:   0%|          | 0/211 [00:00<?, ?it/s]Loading weights: 100%|██████████| 211/211 [00:00<00:00, 61711.05it/s]

  Epoch   1/30 (frozen, 277.9s) | loss=1.6694/2.1430 | AUC-ROC=0.7198  AUC-PR=0.0916  TPR@2%=0.0984 << BEST
  FPR target   Actual FPR   TPR        Threshold 
  --------------------------------------------
  0.5%         0.0048       0.0000     0.9981    
  1%           0.0097       0.0000     0.9979    
  2%           0.0193       0.0984     0.9970    
  5%           0.0504       0.2787     0.9936    
  10%          0.1003       0.3770     0.9853    

  Epoch   2/30 (frozen, 239.3s) | loss=1.2629/2.0140 | AUC-ROC=0.7305  AUC-PR=0.1086  TPR@2%=0.1311 << BEST
  FPR target   Actual FPR   TPR        Threshold 
  --------------------------------------------
  0.5%         0.0059       0.0656     0.9987    
  1%           0.0086       0.0820     0.9985    
  2%           0.0204       0.1311     0.9972    
  5%           0.0504       0.2131     0.9947    
  10%          0.1013       0.4098     0.9852    

  Epoch   3/30 (frozen, 234.9s) | loss=1.1051/1.8809 | AUC-ROC=0.7386  AUC-PR=0.1175  TPR@2%=0.0984
  FPR target   Actual FPR   TPR        Threshold 
  --------------------------------------------
  0.5%         0.0021       0.0820     0.9991    
  1%           0.0145       0.0820     0.9981    
  2%           0.0198       0.0984     0.9976    
  5%           0.0499       0.2131     0.9942    
  10%          0.1003       0.4098     0.9836    

  Epoch   4/30 (frozen, 253.4s) | loss=1.0074/1.8304 | AUC-ROC=0.7410  AUC-PR=0.1186  TPR@2%=0.0984
  FPR target   Actual FPR   TPR        Threshold 
  --------------------------------------------
  0.5%         0.0043       0.0820     0.9992    
  1%           0.0070       0.0984     0.9990    
  2%           0.0198       0.0984     0.9975    
  5%           0.0472       0.1803     0.9944    
  10%          0.1008       0.4262     0.9794    

  Epoch   5/30 (frozen, 278.2s) | loss=0.9494/1.8168 | AUC-ROC=0.7367  AUC-PR=0.0896  TPR@2%=0.1148
  FPR target   Actual FPR   TPR        Threshold 
  --------------------------------------------
  0.5%         0.0080       0.0164     0.9988    
  1%           0.0097       0.0164     0.9988    
  2%           0.0177       0.1148     0.9976    
  5%           0.0504       0.2295     0.9921    
  10%          0.1003       0.3770     0.9794    

  >> Unfreezing backbone at epoch 6

  Epoch   6/30 (unfrozen, 226.2s) | loss=2.0705/3.2146 | AUC-ROC=0.5436  AUC-PR=0.0346  TPR@2%=0.0000
  FPR target   Actual FPR   TPR        Threshold 
  --------------------------------------------
  0.5%         0.0005       0.0000     0.9989    
  1%           0.0161       0.0000     0.9909    
  2%           0.0225       0.0000     0.9890    
  5%           0.0504       0.0328     0.9831    
  10%          0.1003       0.0492     0.9759    

  Epoch   7/30 (unfrozen, 250.7s) | loss=2.0839/3.4611 | AUC-ROC=0.6206  AUC-PR=0.0549  TPR@2%=0.0492
  FPR target   Actual FPR   TPR        Threshold 
  --------------------------------------------
  0.5%         0.0048       0.0164     0.9938    
  1%           0.0097       0.0328     0.9932    
  2%           0.0204       0.0492     0.9917    
  5%           0.0499       0.0820     0.9904    
  10%          0.1003       0.1639     0.9887    

  Epoch   8/30 (unfrozen, 218.1s) | loss=1.9284/2.6018 | AUC-ROC=0.6101  AUC-PR=0.0494  TPR@2%=0.0328
  FPR target   Actual FPR   TPR        Threshold 
  --------------------------------------------
  0.5%         0.0032       0.0164     0.9975    
  1%           0.0080       0.0328     0.9955    
  2%           0.0204       0.0328     0.9935    
  5%           0.0499       0.0820     0.9901    
  10%          0.0997       0.1639     0.9855    

  Epoch   9/30 (unfrozen, 281.3s) | loss=1.7699/2.5644 | AUC-ROC=0.6376  AUC-PR=0.0645  TPR@2%=0.0328
  FPR target   Actual FPR   TPR        Threshold 
  --------------------------------------------
  0.5%         0.0064       0.0328     0.9915    
  1%           0.0064       0.0328     0.9915    
  2%           0.0188       0.0328     0.9874    
  5%           0.0499       0.1148     0.9836    
  10%          0.0997       0.1475     0.9817    

  Early stopping at epoch 9 (patience=7)

  Best TPR@2%FPR: 0.1311  (AUC-ROC: 0.7305)
  Checkpoint: /root/iris/src/01-dinov3/checkpoints/front/vitb16_714_finetune_best.pt

  --- Best checkpoint metrics ---
  AUC-ROC: 0.7304926822836548
  AUC-PR:  0.10857664342252601
  Target FPR   Actual FPR   TPR        Threshold 
  --------------------------------------------
  0.5%         0.0059       0.0656     0.9987    
  1%           0.0086       0.0820     0.9985    
  2%           0.0204       0.1311     0.9972    
  5%           0.0504       0.2131     0.9947    
  10%          0.1013       0.4098     0.9852    
  Youden best: threshold=0.9339  TPR=0.6393  FPR=0.2461


--- Finetune: vitl16 @ 518 ---

============================================================
[front | vitl16 @ 518 | finetune]
============================================================
[front/train] 9759 labeled rows, 9627 with images
  Authentic (0): 9321  |  Not-authentic (1): 306  |  Ratio: 30.5:1
  Loaded val split from /root/iris/src/01-dinov3/val_splits/front_split.json  (train=7701, val=1926)
  Train: 7701 (245 pos) | Val: 1926 (61 pos)
  pos_weight: 30.4
`torch_dtype` is deprecated! Use `dtype` instead!
Loading weights:   0%|          | 0/415 [00:00<?, ?it/s]Loading weights: 100%|██████████| 415/415 [00:00<00:00, 38160.97it/s]

  Epoch   1/30 (frozen, 163.9s) | loss=1.6851/2.1587 | AUC-ROC=0.7255  AUC-PR=0.1380  TPR@2%=0.1475 << BEST
  FPR target   Actual FPR   TPR        Threshold 
  --------------------------------------------
  0.5%         0.0054       0.0820     0.9962    
  1%           0.0107       0.0820     0.9954    
  2%           0.0188       0.1475     0.9937    
  5%           0.0499       0.2295     0.9906    
  10%          0.1003       0.3934     0.9835    

  Epoch   2/30 (frozen, 158.4s) | loss=1.2462/2.0811 | AUC-ROC=0.7380  AUC-PR=0.1580  TPR@2%=0.1311
  FPR target   Actual FPR   TPR        Threshold 
  --------------------------------------------
  0.5%         0.0048       0.0820     0.9981    
  1%           0.0129       0.0820     0.9971    
  2%           0.0198       0.1311     0.9964    
  5%           0.0493       0.2459     0.9929    
  10%          0.1019       0.4262     0.9860    

  Epoch   3/30 (frozen, 182.5s) | loss=1.0777/1.7860 | AUC-ROC=0.7430  AUC-PR=0.1390  TPR@2%=0.1475 << BEST
  FPR target   Actual FPR   TPR        Threshold 
  --------------------------------------------
  0.5%         0.0048       0.0820     0.9977    
  1%           0.0118       0.0984     0.9955    
  2%           0.0198       0.1475     0.9942    
  5%           0.0499       0.3115     0.9869    
  10%          0.1008       0.4262     0.9751    

  Epoch   4/30 (frozen, 191.9s) | loss=0.9878/1.9421 | AUC-ROC=0.7434  AUC-PR=0.1466  TPR@2%=0.1311
  FPR target   Actual FPR   TPR        Threshold 
  --------------------------------------------
  0.5%         0.0043       0.0820     0.9991    
  1%           0.0118       0.0820     0.9980    
  2%           0.0231       0.1311     0.9971    
  5%           0.0504       0.2787     0.9937    
  10%          0.0997       0.4262     0.9857    

  Epoch   5/30 (frozen, 152.9s) | loss=0.9277/1.8644 | AUC-ROC=0.7382  AUC-PR=0.1354  TPR@2%=0.1148
  FPR target   Actual FPR   TPR        Threshold 
  --------------------------------------------
  0.5%         0.0048       0.0656     0.9986    
  1%           0.0118       0.0984     0.9970    
  2%           0.0209       0.1148     0.9955    
  5%           0.0499       0.2131     0.9914    
  10%          0.0992       0.4426     0.9790    

  >> Unfreezing backbone at epoch 6

  Epoch   6/30 (unfrozen, 329.5s) | loss=0.7138/2.2333 | AUC-ROC=0.7697  AUC-PR=0.1504  TPR@2%=0.1639 << BEST
  FPR target   Actual FPR   TPR        Threshold 
  --------------------------------------------
  0.5%         0.0043       0.0820     0.9998    
  1%           0.0097       0.1311     0.9995    
  2%           0.0204       0.1639     0.9987    
  5%           0.0477       0.3770     0.9923    
  10%          0.0981       0.4754     0.9505    

  Epoch   7/30 (unfrozen, 380.1s) | loss=0.2525/3.2966 | AUC-ROC=0.7365  AUC-PR=0.1203  TPR@2%=0.1803 << BEST
  FPR target   Actual FPR   TPR        Threshold 
  --------------------------------------------
  0.5%         0.0059       0.0492     1.0000    
  1%           0.0102       0.0820     0.9999    
  2%           0.0214       0.1803     0.9993    
  5%           0.0488       0.3607     0.9725    
  10%          0.1008       0.4590     0.7936    

  Epoch   8/30 (unfrozen, 388.3s) | loss=0.2963/3.4011 | AUC-ROC=0.7711  AUC-PR=0.1787  TPR@2%=0.2623 << BEST
  FPR target   Actual FPR   TPR        Threshold 
  --------------------------------------------
  0.5%         0.0043       0.0820     1.0000    
  1%           0.0107       0.1967     0.9995    
  2%           0.0198       0.2623     0.9965    
  5%           0.0461       0.4098     0.9442    
  10%          0.0981       0.4918     0.6159    

  Epoch   9/30 (unfrozen, 358.1s) | loss=0.1208/4.1534 | AUC-ROC=0.7693  AUC-PR=0.2143  TPR@2%=0.2787 << BEST
  FPR target   Actual FPR   TPR        Threshold 
  --------------------------------------------
  0.5%         0.0054       0.1311     0.9999    
  1%           0.0091       0.2295     0.9990    
  2%           0.0209       0.2787     0.9940    
  5%           0.0520       0.4098     0.7913    
  10%          0.1078       0.5082     0.1240    

  Epoch  10/30 (unfrozen, 357.4s) | loss=0.1540/4.0074 | AUC-ROC=0.7587  AUC-PR=0.1452  TPR@2%=0.2131
  FPR target   Actual FPR   TPR        Threshold 
  --------------------------------------------
  0.5%         0.0048       0.0656     1.0000    
  1%           0.0107       0.1475     1.0000    
  2%           0.0209       0.2131     0.9995    
  5%           0.0509       0.3607     0.9780    
  10%          0.0949       0.4754     0.6032    

  Epoch  11/30 (unfrozen, 386.8s) | loss=0.0570/4.9117 | AUC-ROC=0.7691  AUC-PR=0.2230  TPR@2%=0.2623
  FPR target   Actual FPR   TPR        Threshold 
  --------------------------------------------
  0.5%         0.0054       0.1475     0.9996    
  1%           0.0102       0.2131     0.9972    
  2%           0.0209       0.2623     0.9795    
  5%           0.0461       0.3607     0.6796    
  10%          0.0997       0.4754     0.0683    
