============================================================
BRANCH B: front_exterior_logo  |  GPU 2  |  Sat Mar 21 18:31:22 UTC 2026
============================================================

>>> B1: Fine-tune DINOv3 (vitb16 + vitl16 x 518 + 714)
============================================================

--- Finetune: vitb16 @ 518 ---

============================================================
[front_exterior_logo | vitb16 @ 518 | finetune]
============================================================
[front_exterior_logo/train] 9759 labeled rows, 5005 with images
  Authentic (0): 4858  |  Not-authentic (1): 147  |  Ratio: 33.0:1
  Loaded val split from /root/iris/src/01-dinov3/val_splits/front_exterior_logo_split.json  (train=4004, val=1001)
  Train: 4004 (118 pos) | Val: 1001 (29 pos)
  pos_weight: 32.9
`torch_dtype` is deprecated! Use `dtype` instead!
Loading weights:   0%|          | 0/211 [00:00<?, ?it/s]Loading weights: 100%|██████████| 211/211 [00:00<00:00, 20615.87it/s]

  Epoch   1/30 (frozen, 25.7s) | loss=1.7974/2.1324 | AUC-ROC=0.6981  AUC-PR=0.0604  TPR@2%=0.0345 << BEST
  FPR target   Actual FPR   TPR        Threshold 
  --------------------------------------------
  0.5%         0.0051       0.0345     0.9981    
  1%           0.0123       0.0345     0.9972    
  2%           0.0216       0.0345     0.9966    
  5%           0.0504       0.0690     0.9942    
  10%          0.0998       0.2069     0.9896    

  Epoch   2/30 (frozen, 28.7s) | loss=1.1796/1.9124 | AUC-ROC=0.7106  AUC-PR=0.0693  TPR@2%=0.0690 << BEST
  FPR target   Actual FPR   TPR        Threshold 
  --------------------------------------------
  0.5%         0.0010       0.0000     0.9992    
  1%           0.0103       0.0345     0.9980    
  2%           0.0206       0.0690     0.9967    
  5%           0.0504       0.1034     0.9937    
  10%          0.0998       0.3103     0.9873    

  Epoch   3/30 (frozen, 26.2s) | loss=0.8988/1.9975 | AUC-ROC=0.7175  AUC-PR=0.0754  TPR@2%=0.0690 << BEST
  FPR target   Actual FPR   TPR        Threshold 
  --------------------------------------------
  0.5%         0.0041       0.0345     0.9994    
  1%           0.0041       0.0345     0.9994    
  2%           0.0206       0.0690     0.9984    
  5%           0.0484       0.1724     0.9963    
  10%          0.1029       0.2759     0.9902    

  Epoch   4/30 (frozen, 27.2s) | loss=0.8084/2.0083 | AUC-ROC=0.7235  AUC-PR=0.0894  TPR@2%=0.0690 << BEST
  FPR target   Actual FPR   TPR        Threshold 
  --------------------------------------------
  0.5%         0.0031       0.0345     0.9994    
  1%           0.0144       0.0345     0.9983    
  2%           0.0175       0.0690     0.9982    
  5%           0.0504       0.2759     0.9954    
  10%          0.0988       0.3448     0.9886    

  Epoch   5/30 (frozen, 25.1s) | loss=0.7653/2.1211 | AUC-ROC=0.7187  AUC-PR=0.0916  TPR@2%=0.1379 << BEST
  FPR target   Actual FPR   TPR        Threshold 
  --------------------------------------------
  0.5%         0.0062       0.0690     0.9996    
  1%           0.0062       0.0690     0.9996    
  2%           0.0206       0.1379     0.9990    
  5%           0.0484       0.2414     0.9972    
  10%          0.1008       0.3793     0.9919    

  >> Unfreezing backbone at epoch 6

  Epoch   6/30 (unfrozen, 64.9s) | loss=2.0962/3.4006 | AUC-ROC=0.5395  AUC-PR=0.0498  TPR@2%=0.0690
  FPR target   Actual FPR   TPR        Threshold 
  --------------------------------------------
  0.5%         0.0041       0.0690     0.9988    
  1%           0.0093       0.0690     0.9982    
  2%           0.0237       0.0690     0.9961    
  5%           0.0638       0.0690     0.9933    
  10%          0.0998       0.1034     0.9921    

  Epoch   7/30 (unfrozen, 69.5s) | loss=1.1249/1.7894 | AUC-ROC=0.8010  AUC-PR=0.1968  TPR@2%=0.2414 << BEST
  FPR target   Actual FPR   TPR        Threshold 
  --------------------------------------------
  0.5%         0.0051       0.1034     0.9992    
  1%           0.0123       0.1724     0.9984    
  2%           0.0195       0.2414     0.9979    
  5%           0.0525       0.4483     0.9897    
  10%          0.0977       0.5172     0.9491    

  Epoch   8/30 (unfrozen, 68.5s) | loss=0.2220/2.6100 | AUC-ROC=0.7881  AUC-PR=0.2304  TPR@2%=0.2414
  FPR target   Actual FPR   TPR        Threshold 
  --------------------------------------------
  0.5%         0.0031       0.2069     0.9990    
  1%           0.0144       0.2069     0.9964    
  2%           0.0216       0.2414     0.9919    
  5%           0.0525       0.3103     0.9083    
  10%          0.0988       0.5517     0.5703    

  Epoch   9/30 (unfrozen, 69.8s) | loss=0.1644/3.3115 | AUC-ROC=0.7969  AUC-PR=0.3716  TPR@2%=0.3448 << BEST
  FPR target   Actual FPR   TPR        Threshold 
  --------------------------------------------
  0.5%         0.0031       0.2759     0.9923    
  1%           0.0072       0.3103     0.9803    
  2%           0.0195       0.3448     0.9451    
  5%           0.0504       0.4828     0.5200    
  10%          0.0967       0.5862     0.1530    

  Epoch  10/30 (unfrozen, 69.8s) | loss=1.1443/3.2574 | AUC-ROC=0.4948  AUC-PR=0.0398  TPR@2%=0.0690
  FPR target   Actual FPR   TPR        Threshold 
  --------------------------------------------
  0.5%         0.0062       0.0345     0.9998    
  1%           0.0123       0.0690     0.9994    
  2%           0.0123       0.0690     0.9994    
  5%           0.0525       0.1034     0.9917    
  10%          0.1008       0.1379     0.9727    

  Epoch  11/30 (unfrozen, 69.8s) | loss=2.2721/3.5013 | AUC-ROC=0.4675  AUC-PR=0.0305  TPR@2%=0.0000
  FPR target   Actual FPR   TPR        Threshold 
  --------------------------------------------
  0.5%         0.0010       0.0000     0.9999    
  1%           0.0010       0.0000     0.9999    
  2%           0.0206       0.0000     0.9918    
  5%           0.0484       0.0690     0.9860    
  10%          0.0998       0.1379     0.9813    

  Epoch  12/30 (unfrozen, 68.1s) | loss=2.1283/2.2974 | AUC-ROC=0.5280  AUC-PR=0.0631  TPR@2%=0.1379
  FPR target   Actual FPR   TPR        Threshold 
  --------------------------------------------
  0.5%         0.0041       0.0345     0.9809    
  1%           0.0113       0.1379     0.9738    
  2%           0.0113       0.1379     0.9738    
  5%           0.0484       0.1379     0.9517    
  10%          0.1008       0.2414     0.9422    

  Epoch  13/30 (unfrozen, 62.2s) | loss=1.8780/1.9189 | AUC-ROC=0.7363  AUC-PR=0.3271  TPR@2%=0.3793 << BEST
  FPR target   Actual FPR   TPR        Threshold 
  --------------------------------------------
  0.5%         0.0051       0.2759     0.9987    
  1%           0.0082       0.3448     0.9963    
  2%           0.0216       0.3793     0.9925    
  5%           0.0535       0.4138     0.9746    
  10%          0.0957       0.4483     0.9345    

  Epoch  14/30 (unfrozen, 67.5s) | loss=0.3224/3.2283 | AUC-ROC=0.8025  AUC-PR=0.2678  TPR@2%=0.4138 << BEST
  FPR target   Actual FPR   TPR        Threshold 
  --------------------------------------------
  0.5%         0.0041       0.1724     0.9997    
  1%           0.0103       0.3103     0.9975    
  2%           0.0226       0.4138     0.9653    
  5%           0.0484       0.4828     0.7925    
  10%          0.1163       0.5862     0.1228    

  Epoch  15/30 (unfrozen, 65.5s) | loss=0.1104/3.6636 | AUC-ROC=0.7979  AUC-PR=0.2529  TPR@2%=0.3793
  FPR target   Actual FPR   TPR        Threshold 
  --------------------------------------------
  0.5%         0.0041       0.1034     0.9997    
  1%           0.0093       0.2759     0.9977    
  2%           0.0154       0.3793     0.9915    
  5%           0.0576       0.4828     0.5068    
  10%          0.1121       0.5172     0.0911    

  Epoch  16/30 (unfrozen, 64.2s) | loss=0.0554/4.6041 | AUC-ROC=0.7947  AUC-PR=0.3139  TPR@2%=0.4138
  FPR target   Actual FPR   TPR        Threshold 
  --------------------------------------------
  0.5%         0.0051       0.2069     0.9916    
  1%           0.0082       0.3793     0.9474    
  2%           0.0257       0.4138     0.7093    
  5%           0.0360       0.4483     0.3390    
  10%          0.0988       0.5172     0.0257    

  Epoch  17/30 (unfrozen, 69.2s) | loss=0.0511/4.5301 | AUC-ROC=0.7976  AUC-PR=0.2864  TPR@2%=0.4138
  FPR target   Actual FPR   TPR        Threshold 
  --------------------------------------------
  0.5%         0.0041       0.1724     0.9995    
  1%           0.0093       0.3103     0.9776    
  2%           0.0154       0.4138     0.8773    
  5%           0.0442       0.4828     0.1530    
  10%          0.1039       0.5517     0.0173    

  Epoch  18/30 (unfrozen, 67.0s) | loss=0.0291/5.4189 | AUC-ROC=0.7897  AUC-PR=0.2197  TPR@2%=0.3448
  FPR target   Actual FPR   TPR        Threshold 
  --------------------------------------------
  0.5%         0.0041       0.1034     0.9997    
  1%           0.0082       0.2759     0.9503    
  2%           0.0216       0.3448     0.4318    
  5%           0.0545       0.4483     0.0346    
  10%          0.1101       0.5172     0.0041    

  Epoch  19/30 (unfrozen, 69.6s) | loss=0.0280/4.2455 | AUC-ROC=0.7976  AUC-PR=0.2954  TPR@2%=0.4138
  FPR target   Actual FPR   TPR        Threshold 
  --------------------------------------------
  0.5%         0.0041       0.2414     0.9999    
  1%           0.0134       0.3103     0.9940    
  2%           0.0175       0.4138     0.9569    
  5%           0.0556       0.4828     0.3129    
  10%          0.0988       0.5172     0.0531    

  Epoch  20/30 (unfrozen, 45.9s) | loss=0.0174/6.0256 | AUC-ROC=0.7958  AUC-PR=0.3349  TPR@2%=0.4483 << BEST
  FPR target   Actual FPR   TPR        Threshold 
  --------------------------------------------
  0.5%         0.0021       0.2414     0.9989    
  1%           0.0103       0.2759     0.8874    
  2%           0.0185       0.4483     0.4080    
  5%           0.0617       0.4828     0.0072    
  10%          0.1039       0.5517     0.0013    

  Epoch  21/30 (unfrozen, 33.0s) | loss=0.0386/5.8146 | AUC-ROC=0.7799  AUC-PR=0.3513  TPR@2%=0.4138
  FPR target   Actual FPR   TPR        Threshold 
  --------------------------------------------
  0.5%         0.0072       0.2414     0.9859    
  1%           0.0093       0.2759     0.9388    
  2%           0.0144       0.4138     0.6667    
  5%           0.0576       0.4483     0.0238    
  10%          0.1060       0.5172     0.0043    

  Epoch  22/30 (unfrozen, 33.0s) | loss=0.0078/5.9602 | AUC-ROC=0.7803  AUC-PR=0.3538  TPR@2%=0.4138
  FPR target   Actual FPR   TPR        Threshold 
  --------------------------------------------
  0.5%         0.0051       0.2414     0.9958    
  1%           0.0093       0.2759     0.9062    
  2%           0.0206       0.4138     0.4596    
  5%           0.0761       0.4483     0.0087    
  10%          0.1039       0.5172     0.0034    

  Epoch  23/30 (unfrozen, 33.7s) | loss=0.0046/5.8330 | AUC-ROC=0.7832  AUC-PR=0.3455  TPR@2%=0.4138
  FPR target   Actual FPR   TPR        Threshold 
  --------------------------------------------
  0.5%         0.0051       0.2414     0.9986    
  1%           0.0093       0.3448     0.9194    
  2%           0.0216       0.4138     0.5560    
  5%           0.0278       0.4483     0.3124    
  10%          0.0988       0.4828     0.0052    

  Epoch  24/30 (unfrozen, 32.5s) | loss=0.0042/6.6242 | AUC-ROC=0.7815  AUC-PR=0.3626  TPR@2%=0.4138
  FPR target   Actual FPR   TPR        Threshold 
  --------------------------------------------
  0.5%         0.0062       0.2414     0.9824    
  1%           0.0103       0.3448     0.7351    
  2%           0.0206       0.4138     0.2689    
  5%           0.0442       0.4483     0.0157    
  10%          0.1142       0.4828     0.0006    

  Epoch  25/30 (unfrozen, 32.6s) | loss=0.0015/6.5603 | AUC-ROC=0.7835  AUC-PR=0.3539  TPR@2%=0.4138
  FPR target   Actual FPR   TPR        Threshold 
  --------------------------------------------
  0.5%         0.0062       0.2414     0.9826    
  1%           0.0093       0.3448     0.8151    
  2%           0.0175       0.4138     0.3665    
  5%           0.0247       0.4483     0.2066    
  10%          0.0977       0.4828     0.0014    

  Epoch  26/30 (unfrozen, 32.5s) | loss=0.0010/6.5697 | AUC-ROC=0.7859  AUC-PR=0.3516  TPR@2%=0.4138
  FPR target   Actual FPR   TPR        Threshold 
  --------------------------------------------
  0.5%         0.0062       0.2414     0.9747    
  1%           0.0103       0.3448     0.8230    
  2%           0.0216       0.4138     0.2899    
  5%           0.0730       0.4828     0.0042    
  10%          0.0957       0.4828     0.0014    

  Epoch  27/30 (unfrozen, 32.3s) | loss=0.0010/6.6076 | AUC-ROC=0.7850  AUC-PR=0.3560  TPR@2%=0.4138
  FPR target   Actual FPR   TPR        Threshold 
  --------------------------------------------
  0.5%         0.0062       0.2414     0.9781    
  1%           0.0093       0.3448     0.8594    
  2%           0.0175       0.4138     0.3954    
  5%           0.0669       0.4483     0.0050    
  10%          0.0802       0.4828     0.0029    

  Early stopping at epoch 27 (patience=7)

  Best TPR@2%FPR: 0.4483  (AUC-ROC: 0.7958)
  Checkpoint: /root/iris/src/01-dinov3/checkpoints/front_exterior_logo/vitb16_518_finetune_best.pt

  --- Best checkpoint metrics ---
  AUC-ROC: 0.7957996310486732
  AUC-PR:  0.3349094559376492
  Target FPR   Actual FPR   TPR        Threshold 
  --------------------------------------------
  0.5%         0.0021       0.2414     0.9989    
  1%           0.0103       0.2759     0.8874    
  2%           0.0185       0.4483     0.4080    
  5%           0.0617       0.4828     0.0072    
  10%          0.1039       0.5517     0.0013    
  Youden best: threshold=0.0003  TPR=0.6552  FPR=0.1512


--- Finetune: vitb16 @ 714 ---

============================================================
[front_exterior_logo | vitb16 @ 714 | finetune]
============================================================
[front_exterior_logo/train] 9759 labeled rows, 5005 with images
  Authentic (0): 4858  |  Not-authentic (1): 147  |  Ratio: 33.0:1
  Loaded val split from /root/iris/src/01-dinov3/val_splits/front_exterior_logo_split.json  (train=4004, val=1001)
  Train: 4004 (118 pos) | Val: 1001 (29 pos)
  pos_weight: 32.9
`torch_dtype` is deprecated! Use `dtype` instead!
Loading weights:   0%|          | 0/211 [00:00<?, ?it/s]Loading weights: 100%|██████████| 211/211 [00:00<00:00, 15517.30it/s]

  Epoch   1/30 (frozen, 34.1s) | loss=1.8044/2.0794 | AUC-ROC=0.7001  AUC-PR=0.0659  TPR@2%=0.0345 << BEST
  FPR target   Actual FPR   TPR        Threshold 
  --------------------------------------------
  0.5%         0.0051       0.0345     0.9974    
  1%           0.0051       0.0345     0.9974    
  2%           0.0185       0.0345     0.9959    
  5%           0.0514       0.1379     0.9921    
  10%          0.0926       0.2759     0.9881    

  Epoch   2/30 (frozen, 27.1s) | loss=1.1783/1.9293 | AUC-ROC=0.7104  AUC-PR=0.0820  TPR@2%=0.1379 << BEST
  FPR target   Actual FPR   TPR        Threshold 
  --------------------------------------------
  0.5%         0.0010       0.0000     0.9993    
  1%           0.0093       0.0345     0.9979    
  2%           0.0195       0.1379     0.9963    
  5%           0.0473       0.2414     0.9938    
  10%          0.0998       0.3103     0.9862    

  Epoch   3/30 (frozen, 29.4s) | loss=0.8969/1.9895 | AUC-ROC=0.7149  AUC-PR=0.0840  TPR@2%=0.0690
  FPR target   Actual FPR   TPR        Threshold 
  --------------------------------------------
  0.5%         0.0072       0.0345     0.9991    
  1%           0.0123       0.0690     0.9985    
  2%           0.0206       0.0690     0.9980    
  5%           0.0473       0.2414     0.9959    
  10%          0.1029       0.3448     0.9877    

  Epoch   4/30 (frozen, 51.2s) | loss=0.7944/2.0184 | AUC-ROC=0.7199  AUC-PR=0.1034  TPR@2%=0.1379 << BEST
  FPR target   Actual FPR   TPR        Threshold 
  --------------------------------------------
  0.5%         0.0072       0.0345     0.9991    
  1%           0.0093       0.1034     0.9988    
  2%           0.0175       0.1379     0.9980    
  5%           0.0504       0.3103     0.9938    
  10%          0.1008       0.4138     0.9845    

  Epoch   5/30 (frozen, 67.1s) | loss=0.7441/2.0895 | AUC-ROC=0.7201  AUC-PR=0.1054  TPR@2%=0.2069 << BEST
  FPR target   Actual FPR   TPR        Threshold 
  --------------------------------------------
  0.5%         0.0062       0.0690     0.9994    
  1%           0.0093       0.1034     0.9992    
  2%           0.0206       0.2069     0.9983    
  5%           0.0586       0.2759     0.9949    
  10%          0.0967       0.3448     0.9883    

  >> Unfreezing backbone at epoch 6

  Epoch   6/30 (unfrozen, 72.5s) | loss=0.7817/2.5329 | AUC-ROC=0.7491  AUC-PR=0.2665  TPR@2%=0.2759 << BEST
  FPR target   Actual FPR   TPR        Threshold 
  --------------------------------------------
  0.5%         0.0062       0.1724     0.9963    
  1%           0.0103       0.2414     0.9952    
  2%           0.0216       0.2759     0.9916    
  5%           0.0484       0.4138     0.9651    
  10%          0.0926       0.4483     0.8161    

  Epoch   7/30 (unfrozen, 72.8s) | loss=0.2098/3.8171 | AUC-ROC=0.7113  AUC-PR=0.1115  TPR@2%=0.1379
  FPR target   Actual FPR   TPR        Threshold 
  --------------------------------------------
  0.5%         0.0010       0.0000     1.0000    
  1%           0.0113       0.0345     0.9980    
  2%           0.0195       0.1379     0.9911    
  5%           0.0453       0.3793     0.9351    
  10%          0.1008       0.4483     0.4906    

  Epoch   8/30 (unfrozen, 71.4s) | loss=2.3362/3.7247 | AUC-ROC=0.5275  AUC-PR=0.0338  TPR@2%=0.0000
  FPR target   Actual FPR   TPR        Threshold 
  --------------------------------------------
  0.5%         0.0010       0.0000     0.9984    
  1%           0.0185       0.0000     0.9953    
  2%           0.0206       0.0000     0.9952    
  5%           0.0535       0.0690     0.9926    
  10%          0.1029       0.1034     0.9901    

  Epoch   9/30 (unfrozen, 69.9s) | loss=2.0172/2.7509 | AUC-ROC=0.6254  AUC-PR=0.0783  TPR@2%=0.1034
  FPR target   Actual FPR   TPR        Threshold 
  --------------------------------------------
  0.5%         0.0041       0.0690     0.9981    
  1%           0.0082       0.1034     0.9975    
  2%           0.0247       0.1034     0.9952    
  5%           0.0545       0.2414     0.9917    
  10%          0.0998       0.2414     0.9874    

  Epoch  10/30 (unfrozen, 70.6s) | loss=1.6993/1.7914 | AUC-ROC=0.7366  AUC-PR=0.1455  TPR@2%=0.1724
  FPR target   Actual FPR   TPR        Threshold 
  --------------------------------------------
  0.5%         0.0041       0.1034     0.9957    
  1%           0.0093       0.1034     0.9939    
  2%           0.0165       0.1724     0.9906    
  5%           0.0525       0.3103     0.9711    
  10%          0.0947       0.5517     0.9427    

  Epoch  11/30 (unfrozen, 65.7s) | loss=1.1517/2.3335 | AUC-ROC=0.6899  AUC-PR=0.1059  TPR@2%=0.1724
  FPR target   Actual FPR   TPR        Threshold 
  --------------------------------------------
  0.5%         0.0051       0.0690     0.9984    
  1%           0.0123       0.1379     0.9970    
  2%           0.0134       0.1724     0.9963    
  5%           0.0484       0.2759     0.9855    
  10%          0.1008       0.3793     0.9685    

  Epoch  12/30 (unfrozen, 52.3s) | loss=0.6948/2.4239 | AUC-ROC=0.7551  AUC-PR=0.2744  TPR@2%=0.3448 << BEST
  FPR target   Actual FPR   TPR        Threshold 
  --------------------------------------------
  0.5%         0.0041       0.1724     0.9995    
  1%           0.0113       0.3103     0.9981    
  2%           0.0195       0.3448     0.9952    
  5%           0.0432       0.5172     0.9739    
  10%          0.0998       0.5862     0.8756    

  Epoch  13/30 (unfrozen, 70.4s) | loss=0.3067/3.5948 | AUC-ROC=0.7959  AUC-PR=0.2769  TPR@2%=0.3793 << BEST
  FPR target   Actual FPR   TPR        Threshold 
  --------------------------------------------
  0.5%         0.0051       0.1724     0.9993    
  1%           0.0103       0.3103     0.9972    
  2%           0.0257       0.3793     0.9493    
  5%           0.0494       0.4483     0.7580    
  10%          0.0905       0.6207     0.2553    

  Epoch  14/30 (unfrozen, 70.3s) | loss=0.4549/3.3583 | AUC-ROC=0.7460  AUC-PR=0.2828  TPR@2%=0.3448
  FPR target   Actual FPR   TPR        Threshold 
  --------------------------------------------
  0.5%         0.0031       0.1724     0.9997    
  1%           0.0103       0.2759     0.9986    
  2%           0.0134       0.3448     0.9979    
  5%           0.0556       0.5172     0.9214    
  10%          0.1019       0.5172     0.7377    

  Epoch  15/30 (unfrozen, 88.1s) | loss=0.8272/3.0885 | AUC-ROC=0.7400  AUC-PR=0.3079  TPR@2%=0.3793
  FPR target   Actual FPR   TPR        Threshold 
  --------------------------------------------
  0.5%         0.0051       0.2414     0.9995    
  1%           0.0103       0.2759     0.9989    
  2%           0.0185       0.3793     0.9887    
  5%           0.0504       0.4483     0.9222    
  10%          0.1265       0.5172     0.5629    

  Epoch  16/30 (unfrozen, 93.8s) | loss=0.1594/4.5140 | AUC-ROC=0.7454  AUC-PR=0.3308  TPR@2%=0.3448
  FPR target   Actual FPR   TPR        Threshold 
  --------------------------------------------
  0.5%         0.0051       0.2414     0.9993    
  1%           0.0093       0.3103     0.9965    
  2%           0.0134       0.3448     0.9944    
  5%           0.0545       0.4483     0.6693    
  10%          0.0916       0.5862     0.2632    

  Epoch  17/30 (unfrozen, 92.6s) | loss=0.0899/6.1324 | AUC-ROC=0.7449  AUC-PR=0.3439  TPR@2%=0.3448
  FPR target   Actual FPR   TPR        Threshold 
  --------------------------------------------
  0.5%         0.0062       0.2414     0.9934    
  1%           0.0072       0.3103     0.9835    
  2%           0.0154       0.3448     0.8306    
  5%           0.0514       0.4483     0.1747    
  10%          0.1039       0.5862     0.0111    

  Epoch  18/30 (unfrozen, 93.1s) | loss=0.0608/6.2702 | AUC-ROC=0.7552  AUC-PR=0.3496  TPR@2%=0.3793
  FPR target   Actual FPR   TPR        Threshold 
  --------------------------------------------
  0.5%         0.0051       0.2414     0.9880    
  1%           0.0082       0.2759     0.9805    
  2%           0.0195       0.3793     0.7939    
  5%           0.0566       0.4828     0.0614    
  10%          0.1039       0.6207     0.0083    

  Epoch  19/30 (unfrozen, 94.0s) | loss=0.1281/4.5992 | AUC-ROC=0.7411  AUC-PR=0.3713  TPR@2%=0.4138 << BEST
  FPR target   Actual FPR   TPR        Threshold 
  --------------------------------------------
  0.5%         0.0041       0.2759     0.9978    
  1%           0.0113       0.3448     0.9831    
  2%           0.0206       0.4138     0.9381    
  5%           0.0617       0.4828     0.5866    
  10%          0.0802       0.5172     0.3892    

  Epoch  20/30 (unfrozen, 92.0s) | loss=0.0418/6.8213 | AUC-ROC=0.7430  AUC-PR=0.3436  TPR@2%=0.3793
  FPR target   Actual FPR   TPR        Threshold 
  --------------------------------------------
  0.5%         0.0051       0.2759     0.9864    
  1%           0.0103       0.3103     0.9091    
  2%           0.0206       0.3793     0.5310    
  5%           0.0535       0.4828     0.0526    
  10%          0.1080       0.5862     0.0026    

  Epoch  21/30 (unfrozen, 67.4s) | loss=0.0378/6.1119 | AUC-ROC=0.7436  AUC-PR=0.3512  TPR@2%=0.3793
  FPR target   Actual FPR   TPR        Threshold 
  --------------------------------------------
  0.5%         0.0021       0.2414     0.9993    
  1%           0.0103       0.3448     0.9709    
  2%           0.0165       0.3793     0.9071    
  5%           0.0370       0.4828     0.5223    
  10%          0.0905       0.5517     0.0364    

  Epoch  22/30 (unfrozen, 95.3s) | loss=0.0266/7.9970 | AUC-ROC=0.7365  AUC-PR=0.3329  TPR@2%=0.3793
  FPR target   Actual FPR   TPR        Threshold 
  --------------------------------------------
  0.5%         0.0072       0.2414     0.9828    
  1%           0.0072       0.2414     0.9828    
  2%           0.0237       0.3793     0.4547    
  5%           0.0494       0.4138     0.0278    
  10%          0.0988       0.5862     0.0010    

  Epoch  23/30 (unfrozen, 108.5s) | loss=0.0111/6.8640 | AUC-ROC=0.7859  AUC-PR=0.3557  TPR@2%=0.3793
  FPR target   Actual FPR   TPR        Threshold 
  --------------------------------------------
  0.5%         0.0031       0.2414     0.9994    
  1%           0.0113       0.3103     0.9680    
  2%           0.0175       0.3793     0.8789    
  5%           0.0525       0.4828     0.0789    
  10%          0.1029       0.6552     0.0018    

  Epoch  24/30 (unfrozen, 117.4s) | loss=0.0133/8.7661 | AUC-ROC=0.7339  AUC-PR=0.3061  TPR@2%=0.2759
  FPR target   Actual FPR   TPR        Threshold 
  --------------------------------------------
  0.5%         0.0051       0.2069     0.9086    
  1%           0.0113       0.2759     0.5985    
  2%           0.0113       0.2759     0.5985    
  5%           0.0504       0.5517     0.0103    
  10%          0.0988       0.5517     0.0004    

  Epoch  25/30 (unfrozen, 118.9s) | loss=0.0068/9.3288 | AUC-ROC=0.7480  AUC-PR=0.3568  TPR@2%=0.3448
  FPR target   Actual FPR   TPR        Threshold 
  --------------------------------------------
  0.5%         0.0041       0.2759     0.6958    
  1%           0.0113       0.3103     0.1605    
  2%           0.0154       0.3448     0.1003    
  5%           0.0525       0.5172     0.0012    
  10%          0.1060       0.5517     0.0001    

  Epoch  26/30 (unfrozen, 92.4s) | loss=0.0135/8.5645 | AUC-ROC=0.7383  AUC-PR=0.3487  TPR@2%=0.3448
  FPR target   Actual FPR   TPR        Threshold 
  --------------------------------------------
  0.5%         0.0041       0.2414     0.9801    
  1%           0.0103       0.3103     0.6267    
  2%           0.0154       0.3448     0.3683    
  5%           0.0484       0.5172     0.0188    
  10%          0.1060       0.5862     0.0003    

  Early stopping at epoch 26 (patience=7)

  Best TPR@2%FPR: 0.4138  (AUC-ROC: 0.7411)
  Checkpoint: /root/iris/src/01-dinov3/checkpoints/front_exterior_logo/vitb16_714_finetune_best.pt

  --- Best checkpoint metrics ---
  AUC-ROC: 0.741077763587342
  AUC-PR:  0.3713153062207336
  Target FPR   Actual FPR   TPR        Threshold 
  --------------------------------------------
  0.5%         0.0041       0.2759     0.9978    
  1%           0.0113       0.3448     0.9831    
  2%           0.0206       0.4138     0.9381    
  5%           0.0617       0.4828     0.5866    
  10%          0.0802       0.5172     0.3892    
  Youden best: threshold=0.0133  TPR=0.6897  FPR=0.2212


--- Finetune: vitl16 @ 518 ---

============================================================
[front_exterior_logo | vitl16 @ 518 | finetune]
============================================================
[front_exterior_logo/train] 9759 labeled rows, 5005 with images
  Authentic (0): 4858  |  Not-authentic (1): 147  |  Ratio: 33.0:1
  Loaded val split from /root/iris/src/01-dinov3/val_splits/front_exterior_logo_split.json  (train=4004, val=1001)
  Train: 4004 (118 pos) | Val: 1001 (29 pos)
  pos_weight: 32.9
`torch_dtype` is deprecated! Use `dtype` instead!
Loading weights:   0%|          | 0/415 [00:00<?, ?it/s]Loading weights:  54%|█████▍    | 225/415 [00:00<00:00, 2249.54it/s]Loading weights: 100%|██████████| 415/415 [00:00<00:00, 3295.85it/s]

  Epoch   1/30 (frozen, 82.0s) | loss=1.8261/2.1761 | AUC-ROC=0.7021  AUC-PR=0.0924  TPR@2%=0.0345 << BEST
  FPR target   Actual FPR   TPR        Threshold 
  --------------------------------------------
  0.5%         0.0000       0.0345     0.9979    
  1%           0.0113       0.0345     0.9958    
  2%           0.0216       0.0345     0.9948    
  5%           0.0463       0.0690     0.9926    
  10%          0.0988       0.2759     0.9875    

  Epoch   2/30 (frozen, 79.2s) | loss=1.1984/1.9608 | AUC-ROC=0.7146  AUC-PR=0.1019  TPR@2%=0.0690 << BEST
  FPR target   Actual FPR   TPR        Threshold 
  --------------------------------------------
  0.5%         0.0000       0.0345     0.9994    
  1%           0.0000       0.0345     0.9994    
  2%           0.0288       0.0690     0.9954    
  5%           0.0494       0.1034     0.9944    
  10%          0.1008       0.3793     0.9867    

  Epoch   3/30 (frozen, 80.6s) | loss=0.9432/1.8796 | AUC-ROC=0.7317  AUC-PR=0.1190  TPR@2%=0.1034 << BEST
  FPR target   Actual FPR   TPR        Threshold 
  --------------------------------------------
  0.5%         0.0041       0.0345     0.9990    
  1%           0.0072       0.0690     0.9982    
  2%           0.0237       0.1034     0.9964    
  5%           0.0494       0.1379     0.9942    
  10%          0.1008       0.3793     0.9854    

  Epoch   4/30 (frozen, 89.8s) | loss=0.8094/1.8747 | AUC-ROC=0.7324  AUC-PR=0.1440  TPR@2%=0.1379 << BEST
  FPR target   Actual FPR   TPR        Threshold 
  --------------------------------------------
  0.5%         0.0072       0.1034     0.9983    
  1%           0.0072       0.1034     0.9983    
  2%           0.0154       0.1379     0.9964    
  5%           0.0504       0.2759     0.9904    
  10%          0.1019       0.4138     0.9758    

  Epoch   5/30 (frozen, 107.2s) | loss=0.7691/2.0419 | AUC-ROC=0.7269  AUC-PR=0.1621  TPR@2%=0.1379
  FPR target   Actual FPR   TPR        Threshold 
  --------------------------------------------
  0.5%         0.0072       0.1034     0.9987    
  1%           0.0072       0.1034     0.9987    
  2%           0.0226       0.1379     0.9975    
  5%           0.0463       0.2759     0.9946    
  10%          0.0998       0.4483     0.9840    

  >> Unfreezing backbone at epoch 6

  Epoch   6/30 (unfrozen, 179.4s) | loss=0.5583/3.0030 | AUC-ROC=0.7406  AUC-PR=0.2188  TPR@2%=0.3103 << BEST
  FPR target   Actual FPR   TPR        Threshold 
  --------------------------------------------
  0.5%         0.0051       0.1034     0.9997    
  1%           0.0113       0.2414     0.9973    
  2%           0.0195       0.3103     0.9929    
  5%           0.0453       0.4483     0.9662    
  10%          0.1070       0.5517     0.7258    

  Epoch   7/30 (unfrozen, 214.7s) | loss=0.1538/3.2229 | AUC-ROC=0.7461  AUC-PR=0.1421  TPR@2%=0.1379
  FPR target   Actual FPR   TPR        Threshold 
  --------------------------------------------
  0.5%         0.0010       0.0345     1.0000    
  1%           0.0154       0.0345     1.0000    
  2%           0.0195       0.1379     1.0000    
  5%           0.0514       0.4483     0.9984    
  10%          0.0988       0.5172     0.9841    

  Epoch   8/30 (unfrozen, 177.2s) | loss=0.1385/4.7177 | AUC-ROC=0.7602  AUC-PR=0.4071  TPR@2%=0.4138 << BEST
  FPR target   Actual FPR   TPR        Threshold 
  --------------------------------------------
  0.5%         0.0041       0.3103     0.9972    
  1%           0.0113       0.4138     0.9355    
  2%           0.0113       0.4138     0.9355    
  5%           0.0473       0.4828     0.2150    
  10%          0.0957       0.6207     0.0216    

  Epoch   9/30 (unfrozen, 180.8s) | loss=0.1024/3.6483 | AUC-ROC=0.7847  AUC-PR=0.3829  TPR@2%=0.4483 << BEST
  FPR target   Actual FPR   TPR        Threshold 
  --------------------------------------------
  0.5%         0.0051       0.3793     0.9999    
  1%           0.0134       0.4138     0.9981    
  2%           0.0216       0.4483     0.9948    
  5%           0.0473       0.5172     0.9307    
  10%          0.0967       0.6207     0.4330    

  Epoch  10/30 (unfrozen, 211.2s) | loss=0.1965/4.5260 | AUC-ROC=0.7784  AUC-PR=0.3856  TPR@2%=0.4138
  FPR target   Actual FPR   TPR        Threshold 
  --------------------------------------------
  0.5%         0.0051       0.3103     0.9976    
  1%           0.0093       0.3448     0.9899    
  2%           0.0206       0.4138     0.9551    
  5%           0.0566       0.4828     0.2392    
  10%          0.0751       0.5517     0.0970    

  Epoch  11/30 (unfrozen, 208.8s) | loss=0.0150/5.4414 | AUC-ROC=0.7724  AUC-PR=0.3022  TPR@2%=0.4138
  FPR target   Actual FPR   TPR        Threshold 
  --------------------------------------------
  0.5%         0.0051       0.3103     0.9974    
  1%           0.0103       0.3793     0.9339    
  2%           0.0175       0.4138     0.7795    
  5%           0.0504       0.4828     0.1220    
  10%          0.0957       0.5172     0.0054    

  Epoch  12/30 (unfrozen, 175.3s) | loss=0.0513/4.4499 | AUC-ROC=0.7729  AUC-PR=0.2172  TPR@2%=0.3103
  FPR target   Actual FPR   TPR        Threshold 
  --------------------------------------------
  0.5%         0.0051       0.1724     1.0000    
  1%           0.0093       0.2414     1.0000    
  2%           0.0216       0.3103     0.9978    
  5%           0.0442       0.4483     0.8866    
  10%          0.1163       0.5517     0.0940    

  Epoch  13/30 (unfrozen, 192.3s) | loss=0.1165/5.8741 | AUC-ROC=0.7561  AUC-PR=0.3224  TPR@2%=0.4138
  FPR target   Actual FPR   TPR        Threshold 
  --------------------------------------------
  0.5%         0.0051       0.2414     0.9983    
  1%           0.0103       0.2759     0.9950    
  2%           0.0247       0.4138     0.4855    
  5%           0.0422       0.4828     0.1400    
  10%          0.1029       0.5517     0.0054    

  Epoch  14/30 (unfrozen, 157.1s) | loss=0.0161/6.3891 | AUC-ROC=0.7568  AUC-PR=0.3580  TPR@2%=0.4138
  FPR target   Actual FPR   TPR        Threshold 
  --------------------------------------------
  0.5%         0.0051       0.2414     0.9951    
  1%           0.0103       0.3448     0.9411    
  2%           0.0226       0.4138     0.3158    
  5%           0.0381       0.5172     0.0517    
  10%          0.1029       0.5517     0.0017    

  Epoch  15/30 (unfrozen, 210.7s) | loss=0.0039/7.2314 | AUC-ROC=0.7462  AUC-PR=0.3750  TPR@2%=0.4138
  FPR target   Actual FPR   TPR        Threshold 
  --------------------------------------------
  0.5%         0.0051       0.3103     0.9743    
  1%           0.0103       0.3793     0.7298    
  2%           0.0134       0.4138     0.4645    
  5%           0.0514       0.5172     0.0061    
  10%          0.1039       0.5517     0.0004    

  Epoch  16/30 (unfrozen, 226.3s) | loss=0.0009/6.6440 | AUC-ROC=0.7572  AUC-PR=0.3615  TPR@2%=0.4138
  FPR target   Actual FPR   TPR        Threshold 
  --------------------------------------------
  0.5%         0.0051       0.3103     0.9947    
  1%           0.0113       0.3448     0.9336    
  2%           0.0154       0.4138     0.7402    
  5%           0.0638       0.5517     0.0063    
  10%          0.1008       0.5517     0.0009    

  Early stopping at epoch 16 (patience=7)

  Best TPR@2%FPR: 0.4483  (AUC-ROC: 0.7847)
  Checkpoint: /root/iris/src/01-dinov3/checkpoints/front_exterior_logo/vitl16_518_finetune_best.pt

  --- Best checkpoint metrics ---
  AUC-ROC: 0.7846778771108274
  AUC-PR:  0.3829268813172569
  Target FPR   Actual FPR   TPR        Threshold 
  --------------------------------------------
  0.5%         0.0051       0.3793     0.9999    
  1%           0.0134       0.4138     0.9981    
  2%           0.0216       0.4483     0.9948    
  5%           0.0473       0.5172     0.9307    
  10%          0.0967       0.6207     0.4330    
  Youden best: threshold=0.4330  TPR=0.6207  FPR=0.0967


--- Finetune: vitl16 @ 714 ---

============================================================
[front_exterior_logo | vitl16 @ 714 | finetune]
============================================================
[front_exterior_logo/train] 9759 labeled rows, 5005 with images
  Authentic (0): 4858  |  Not-authentic (1): 147  |  Ratio: 33.0:1
  Loaded val split from /root/iris/src/01-dinov3/val_splits/front_exterior_logo_split.json  (train=4004, val=1001)
  Train: 4004 (118 pos) | Val: 1001 (29 pos)
  pos_weight: 32.9
`torch_dtype` is deprecated! Use `dtype` instead!
Loading weights:   0%|          | 0/415 [00:00<?, ?it/s]Loading weights: 100%|██████████| 415/415 [00:00<00:00, 29328.82it/s]

  Epoch   1/30 (frozen, 136.5s) | loss=1.8240/2.1690 | AUC-ROC=0.6969  AUC-PR=0.0911  TPR@2%=0.0345 << BEST
  FPR target   Actual FPR   TPR        Threshold 
  --------------------------------------------
  0.5%         0.0000       0.0345     0.9979    
  1%           0.0000       0.0345     0.9979    
  2%           0.0288       0.0345     0.9945    
  5%           0.0494       0.0690     0.9931    
  10%          0.1008       0.2414     0.9880    

  Epoch   2/30 (frozen, 111.1s) | loss=1.1983/1.9534 | AUC-ROC=0.7098  AUC-PR=0.1014  TPR@2%=0.0690 << BEST
  FPR target   Actual FPR   TPR        Threshold 
  --------------------------------------------
  0.5%         0.0000       0.0345     0.9991    
  1%           0.0144       0.0690     0.9968    
  2%           0.0206       0.0690     0.9960    
  5%           0.0535       0.0690     0.9935    
  10%          0.1019       0.3793     0.9857    

  Epoch   3/30 (frozen, 114.7s) | loss=0.9258/1.8770 | AUC-ROC=0.7271  AUC-PR=0.1201  TPR@2%=0.1034 << BEST
  FPR target   Actual FPR   TPR        Threshold 
  --------------------------------------------
  0.5%         0.0041       0.0690     0.9987    
  1%           0.0123       0.1034     0.9971    
  2%           0.0195       0.1034     0.9963    
  5%           0.0494       0.1034     0.9941    
  10%          0.1070       0.3103     0.9833    

  Epoch   4/30 (frozen, 144.8s) | loss=0.7933/1.9490 | AUC-ROC=0.7230  AUC-PR=0.1568  TPR@2%=0.1034
  FPR target   Actual FPR   TPR        Threshold 
  --------------------------------------------
  0.5%         0.0051       0.1034     0.9987    
  1%           0.0051       0.1034     0.9987    
  2%           0.0195       0.1034     0.9964    
  5%           0.0484       0.2759     0.9916    
  10%          0.0998       0.3448     0.9803    

  Epoch   5/30 (frozen, 148.6s) | loss=0.7524/2.0784 | AUC-ROC=0.7191  AUC-PR=0.1586  TPR@2%=0.1379 << BEST
  FPR target   Actual FPR   TPR        Threshold 
  --------------------------------------------
  0.5%         0.0062       0.1034     0.9993    
  1%           0.0062       0.1034     0.9993    
  2%           0.0206       0.1379     0.9977    
  5%           0.0556       0.2759     0.9919    
  10%          0.0967       0.4138     0.9831    

  >> Unfreezing backbone at epoch 6

  Epoch   6/30 (unfrozen, 192.7s) | loss=0.5007/2.9753 | AUC-ROC=0.7314  AUC-PR=0.1314  TPR@2%=0.1034
  FPR target   Actual FPR   TPR        Threshold 
  --------------------------------------------
  0.5%         0.0000       0.0345     1.0000    
  1%           0.0144       0.0690     0.9997    
  2%           0.0195       0.1034     0.9993    
  5%           0.0566       0.3448     0.9935    
  10%          0.1008       0.4828     0.9494    

  Epoch   7/30 (unfrozen, 199.9s) | loss=0.3413/2.9701 | AUC-ROC=0.7814  AUC-PR=0.2430  TPR@2%=0.3448 << BEST
  FPR target   Actual FPR   TPR        Threshold 
  --------------------------------------------
  0.5%         0.0051       0.1724     0.9995    
  1%           0.0103       0.3448     0.9957    
  2%           0.0103       0.3448     0.9957    
  5%           0.0576       0.4828     0.8890    
  10%          0.0977       0.4828     0.4575    

  Epoch   8/30 (unfrozen, 188.1s) | loss=0.0983/3.7904 | AUC-ROC=0.7746  AUC-PR=0.2084  TPR@2%=0.2759
  FPR target   Actual FPR   TPR        Threshold 
  --------------------------------------------
  0.5%         0.0041       0.1034     1.0000    
  1%           0.0134       0.2069     0.9999    
  2%           0.0226       0.2759     0.9971    
  5%           0.0391       0.4828     0.9663    
  10%          0.1039       0.5517     0.1981    

  Epoch   9/30 (unfrozen, 229.6s) | loss=0.1339/3.7444 | AUC-ROC=0.7485  AUC-PR=0.1811  TPR@2%=0.2069
  FPR target   Actual FPR   TPR        Threshold 
  --------------------------------------------
  0.5%         0.0051       0.0345     1.0000    
  1%           0.0093       0.1034     1.0000    
  2%           0.0206       0.2069     0.9999    
  5%           0.0432       0.4828     0.9878    
  10%          0.1029       0.5517     0.6894    

  Epoch  10/30 (unfrozen, 239.3s) | loss=0.0820/4.0071 | AUC-ROC=0.8015  AUC-PR=0.2160  TPR@2%=0.3103
  FPR target   Actual FPR   TPR        Threshold 
  --------------------------------------------
  0.5%         0.0041       0.1034     1.0000    
  1%           0.0062       0.1724     1.0000    
  2%           0.0185       0.3103     0.9995    
  5%           0.0545       0.5172     0.5442    
  10%          0.0916       0.5862     0.1148    

  Epoch  11/30 (unfrozen, 237.7s) | loss=0.1713/5.6907 | AUC-ROC=0.7415  AUC-PR=0.2281  TPR@2%=0.4828 << BEST
  FPR target   Actual FPR   TPR        Threshold 
  --------------------------------------------
  0.5%         0.0041       0.0690     1.0000    
  1%           0.0093       0.2414     0.9997    
  2%           0.0206       0.4828     0.9584    
  5%           0.0422       0.4828     0.4932    
  10%          0.0885       0.5517     0.0332    

  Epoch  12/30 (unfrozen, 194.4s) | loss=0.1049/5.2109 | AUC-ROC=0.7681  AUC-PR=0.3146  TPR@2%=0.4828 << BEST
  FPR target   Actual FPR   TPR        Threshold 
  --------------------------------------------
  0.5%         0.0062       0.2414     0.9980    
  1%           0.0093       0.4138     0.9693    
  2%           0.0206       0.4828     0.7866    
  5%           0.0422       0.5172     0.2974    
  10%          0.0864       0.5172     0.0340    

  Epoch  13/30 (unfrozen, 216.2s) | loss=0.0380/5.2142 | AUC-ROC=0.7856  AUC-PR=0.2775  TPR@2%=0.4483
  FPR target   Actual FPR   TPR        Threshold 
  --------------------------------------------
  0.5%         0.0051       0.1724     0.9992    
  1%           0.0093       0.4138     0.9048    
  2%           0.0113       0.4483     0.8347    
  5%           0.0463       0.4828     0.1232    
  10%          0.1008       0.5172     0.0099    

  Epoch  14/30 (unfrozen, 221.8s) | loss=0.0302/5.6758 | AUC-ROC=0.7708  AUC-PR=0.3266  TPR@2%=0.4828 << BEST
  FPR target   Actual FPR   TPR        Threshold 
  --------------------------------------------
  0.5%         0.0041       0.2069     0.9999    
  1%           0.0103       0.4483     0.9517    
  2%           0.0113       0.4828     0.9267    
  5%           0.0514       0.5172     0.1097    
  10%          0.1029       0.5517     0.0057    

  Epoch  15/30 (unfrozen, 200.9s) | loss=0.1065/5.3603 | AUC-ROC=0.8077  AUC-PR=0.3613  TPR@2%=0.3793
  FPR target   Actual FPR   TPR        Threshold 
  --------------------------------------------
  0.5%         0.0010       0.2069     0.9985    
  1%           0.0103       0.2759     0.8453    
  2%           0.0175       0.3793     0.4253    
  5%           0.0288       0.5517     0.1595    
  10%          0.1070       0.6207     0.0031    

  Epoch  16/30 (unfrozen, 208.6s) | loss=0.0166/5.5992 | AUC-ROC=0.7912  AUC-PR=0.3873  TPR@2%=0.4828 << BEST
  FPR target   Actual FPR   TPR        Threshold 
  --------------------------------------------
  0.5%         0.0051       0.2414     0.9920    
  1%           0.0103       0.3448     0.8973    
  2%           0.0195       0.4828     0.3522    
  5%           0.0391       0.5172     0.0849    
  10%          0.1008       0.5862     0.0033    

  Epoch  17/30 (unfrozen, 201.1s) | loss=0.0216/6.3599 | AUC-ROC=0.7709  AUC-PR=0.3080  TPR@2%=0.4138
  FPR target   Actual FPR   TPR        Threshold 
  --------------------------------------------
  0.5%         0.0041       0.3103     0.9800    
  1%           0.0082       0.3793     0.8848    
  2%           0.0216       0.4138     0.2225    
  5%           0.0494       0.4828     0.0138    
  10%          0.1008       0.5862     0.0013    
