============================================================
RESUME: front  |  GPU 1  |  Sat Mar 21 22:43:03 UTC 2026
============================================================

>>> ML classifier sweep
Device: cuda

============================================================
[front | convnext_base @ 518 | xgb, svm, catboost, lgbm]
============================================================
[front/train] 9759 labeled rows, 9627 with images
  Authentic (0): 9321  |  Not-authentic (1): 306  |  Ratio: 30.5:1
  Loaded val split from /root/iris/src/01-dinov3/val_splits/front_split.json  (train=7701, val=1926)
  Train: 7701 (245 pos) | Val: 1926 (61 pos)
/root/.venv/lib/python3.12/site-packages/xgboost/core.py:751: UserWarning: [22:44:02] WARNING: /__w/xgboost/xgboost/src/common/error_msg.cc:62: Falling back to prediction using DMatrix due to mismatched devices. This might lead to higher memory usage and slower performance. XGBoost is running on: cuda:0, while the input data is on: cpu.
Potential solutions:
- Use a data structure that matches the device ordinal in the booster.
- Set the device for booster before call to inplace_predict.

This warning will only be shown once.

  return func(**kwargs)
  [XGB     ] fit=2.6s | AUC-ROC=0.7471 AUC-PR=0.2542 TPR@2%FPR=0.2295
  [SVM     ] fit=44.6s | AUC-ROC=0.7349 AUC-PR=0.2133 TPR@2%FPR=0.2787
Default metric period is 5 because AUC is/are not implemented for GPU
  [CATBOOST] fit=14.1s | AUC-ROC=0.7457 AUC-PR=0.2244 TPR@2%FPR=0.2295
